#-----------------------------------------------------------
# Vivado v2025.2 (64-bit)
# SW Build 6299465 on Fri Nov 14 12:34:56 MST 2025
# IP Build 6300035 on Fri Nov 14 10:48:45 MST 2025
# SharedData Build 6298862 on Thu Nov 13 04:50:51 MST 2025
# Start of session at: Wed Apr 29 17:36:32 2026
# Process ID         : 84199
# Current directory  : /home/himash-ruwanga/Desktop/stream_processing_final
# Command line       : vivado -mode batch -source scripts/create_project.tcl
# Log file           : /home/himash-ruwanga/Desktop/stream_processing_final/vivado.log
# Journal file       : /home/himash-ruwanga/Desktop/stream_processing_final/vivado.jou
# Running On         : himash-ruwanga-GF63-Thin-10SCSR
# Platform           : Ubuntu
# Operating System   : Ubuntu 24.04.3 LTS
# Processor Detail   : Intel(R) Core(TM) i5-10500H CPU @ 2.50GHz
# CPU Frequency      : 3300.005 MHz
# CPU Physical cores : 6
# CPU Logical cores  : 12
# Host memory        : 16580 MB
# Swap memory        : 4294 MB
# Total Virtual      : 20875 MB
# Available Virtual  : 15461 MB
#-----------------------------------------------------------
source scripts/create_project.tcl
# set project_name "stream_processing_final"
# set project_dir "./vivado_project"
# set top_module "stream_processing_top"
# set target_device "xc7z020clg484-1"
# puts "=========================================="
==========================================
# puts "Creating Vivado Project"
Creating Vivado Project
# puts "=========================================="
==========================================
# puts "Project: $project_name"
Project: stream_processing_final
# puts "Target:  $target_device"
Target:  xc7z020clg484-1
# puts "=========================================="
==========================================
# create_project $project_name $project_dir -part $target_device -force
# set_property target_language Verilog [current_project]
# set_property simulator_language Mixed [current_project]
# puts "\nAdding RTL source files..."

Adding RTL source files...
# set rtl_files [list \
#     "../rtl/mac_stage.v" \
#     "../rtl/mac_array.v" \
#     "../rtl/mac_array_stage_with_bram.v" \
#     "../rtl/nn_layer_control_unit.v" \
#     "../rtl/streaming_row_buffer.v" \
#     "../rtl/streaming_nn_layer_stage.v" \
#     "../rtl/streaming_nn_pipeline.v" \
#     "../rtl/streaming_nn_system.v" \
#     "../rtl/runtime_resource_manager.v" \
#     "../rtl/dynamic_interconnect.v" \
#     "../rtl/reconfigurable_nn_accelerator.v" \
#     "../rtl/stream_processing_top.v" \
# ]
# foreach file $rtl_files {
#     if {[file exists $file]} {
#         add_files -fileset sources_1 $file
#         puts "  Added: $file"
#     } else {
#         puts "  WARNING: File not found: $file"
#     }
# }
  WARNING: File not found: ../rtl/mac_stage.v
  WARNING: File not found: ../rtl/mac_array.v
  WARNING: File not found: ../rtl/mac_array_stage_with_bram.v
  WARNING: File not found: ../rtl/nn_layer_control_unit.v
  WARNING: File not found: ../rtl/streaming_row_buffer.v
  WARNING: File not found: ../rtl/streaming_nn_layer_stage.v
  WARNING: File not found: ../rtl/streaming_nn_pipeline.v
  WARNING: File not found: ../rtl/streaming_nn_system.v
  WARNING: File not found: ../rtl/runtime_resource_manager.v
  WARNING: File not found: ../rtl/dynamic_interconnect.v
  WARNING: File not found: ../rtl/reconfigurable_nn_accelerator.v
  WARNING: File not found: ../rtl/stream_processing_top.v
# puts "\nAdding testbench files..."

Adding testbench files...
# set tb_files [list \
#     "../tb/tb_streaming_nn_system.v" \
# ]
# foreach file $tb_files {
#     if {[file exists $file]} {
#         add_files -fileset sim_1 $file
#         puts "  Added: $file"
#     } else {
#         puts "  WARNING: File not found: $file"
#     }
# }
  WARNING: File not found: ../tb/tb_streaming_nn_system.v
# puts "\nAdding constraint files..."

Adding constraint files...
# if {[file exists "../constraints/timing_constraints.xdc"]} {
#     add_files -fileset constrs_1 "../constraints/timing_constraints.xdc"
#     puts "  Added: timing_constraints.xdc"
# }
# if {[file exists "../constraints/pin_constraints.xdc"]} {
#     add_files -fileset constrs_1 "../constraints/pin_constraints.xdc"
#     puts "  Added: pin_constraints.xdc"
# }
# set_property top $top_module [current_fileset]
# set_property top tb_streaming_nn_system [get_filesets sim_1]
# update_compile_order -fileset sources_1
CRITICAL WARNING: [filemgmt 20-742] The top module "stream_processing_top" specified for this project can not be validated. The current project is using automatic hierarchy update mode, and hence a new suitable replacement top will be automatically selected. If this is not desired, please change the hierarchy update mode to one of the manual compile order modes first, and then set top to any desired value.
Resolution: To switch to manual update order go to the Sources view, right-click on any node in the hierarchy and in the context menu select: 'Hierarchy Update' option 'No Update' or run the following Tcl Command: set_property source_mgmt_mode None [current_project] (which is the Manual Compile Order mode).
CRITICAL WARNING: [filemgmt 20-730] Could not find a top module in the fileset sources_1.
Resolution: With the gui up, review the source files in the Sources window. Use Add Sources to add any needed sources. If the files are disabled, enable them. You can also select the file and choose Set Used In from the pop-up menu. Review if they are being used at the proper points of the flow.
# update_compile_order -fileset sim_1
CRITICAL WARNING: [filemgmt 20-742] The top module "tb_streaming_nn_system" specified for this project can not be validated. The current project is using automatic hierarchy update mode, and hence a new suitable replacement top will be automatically selected. If this is not desired, please change the hierarchy update mode to one of the manual compile order modes first, and then set top to any desired value.
Resolution: To switch to manual update order go to the Sources view, right-click on any node in the hierarchy and in the context menu select: 'Hierarchy Update' option 'No Update' or run the following Tcl Command: set_property source_mgmt_mode None [current_project] (which is the Manual Compile Order mode).
CRITICAL WARNING: [filemgmt 20-730] Could not find a top module in the fileset sim_1.
Resolution: With the gui up, review the source files in the Sources window. Use Add Sources to add any needed sources. If the files are disabled, enable them. You can also select the file and choose Set Used In from the pop-up menu. Review if they are being used at the proper points of the flow.
# puts "\n=========================================="

==========================================
# puts "Project Configuration"
Project Configuration
# puts "=========================================="
==========================================
# set_property strategy "Flow_PerfOptimized_high" [get_runs synth_1]
# set_property STEPS.SYNTH_DESIGN.ARGS.DIRECTIVE "PerformanceOptimized" [get_runs synth_1]
# set_property STEPS.SYNTH_DESIGN.ARGS.RETIMING true [get_runs synth_1]
WARNING: [Common 17-599] Property 'STEPS.SYNTH_DESIGN.ARGS.RETIMING' is deprecated for object type 'run'. Please use '-global_retiming' instead.
# set_property strategy "Performance_ExplorePostRoutePhysOpt" [get_runs impl_1]
# set_property STEPS.OPT_DESIGN.ARGS.DIRECTIVE "ExploreWithRemap" [get_runs impl_1]
# set_property STEPS.PLACE_DESIGN.ARGS.DIRECTIVE "ExtraPostPlacementOpt" [get_runs impl_1]
# set_property STEPS.ROUTE_DESIGN.ARGS.DIRECTIVE "AlternateCLBRouting" [get_runs impl_1]
# puts "Synthesis strategy: Flow_PerfOptimized_high"
Synthesis strategy: Flow_PerfOptimized_high
# puts "Implementation strategy: Performance_ExplorePostRoutePhysOpt"
Implementation strategy: Performance_ExplorePostRoutePhysOpt
# puts "\n=========================================="

==========================================
# puts "Optional: Create Block Design"
Optional: Create Block Design
# puts "=========================================="
==========================================
# puts "Skipping block design creation."
Skipping block design creation.
# puts "For PS+PL design, run: source scripts/create_bd.tcl"
For PS+PL design, run: source scripts/create_bd.tcl
# puts "\n=========================================="

==========================================
# puts "Project Created Successfully!"
Project Created Successfully!
# puts "=========================================="
==========================================
# puts "Location: [get_property DIRECTORY [current_project]]"
Location: /home/himash-ruwanga/Desktop/stream_processing_final/vivado_project
# puts ""

# puts "Next steps:"
Next steps:
# puts "  1. Review design hierarchy"
  1. Review design hierarchy
# puts "  2. Run synthesis:      launch_runs synth_1 -jobs 8"
  2. Run synthesis:      launch_runs synth_1 -jobs 8
# puts "  3. Run implementation: launch_runs impl_1 -jobs 8"
  3. Run implementation: launch_runs impl_1 -jobs 8
# puts "  4. Generate bitstream: launch_runs impl_1 -to_step write_bitstream -jobs 8"
  4. Generate bitstream: launch_runs impl_1 -to_step write_bitstream -jobs 8
# puts ""

# puts "GUI mode:"
GUI mode:
# puts "  Open Vivado GUI and load project: $project_dir/${project_name}.xpr"
  Open Vivado GUI and load project: ./vivado_project/stream_processing_final.xpr
# puts "=========================================="
==========================================
# save_project_as $project_name $project_dir -force
ERROR: [Coretcl 2-101] Project '/home/himash-ruwanga/Desktop/stream_processing_final/vivado_project/stream_processing_final.xpr' is already open.
INFO: [Common 17-206] Exiting Vivado at Wed Apr 29 17:36:39 2026...
