#-----------------------------------------------------------
# Vivado v2025.2 (64-bit)
# SW Build 6299465 on Fri Nov 14 12:34:56 MST 2025
# IP Build 6300035 on Fri Nov 14 10:48:45 MST 2025
# SharedData Build 6298862 on Thu Nov 13 04:50:51 MST 2025
# Start of session at: Mon May 25 17:00:07 2026
# Process ID         : 22203
# Current directory  : /home/himash-ruwanga/Desktop/atlas-dev_v2/dnn_opt
# Command line       : vivado -mode batch -source scripts/vivado_start.tcl
# Log file           : /home/himash-ruwanga/Desktop/atlas-dev_v2/dnn_opt/vivado.log
# Journal file       : /home/himash-ruwanga/Desktop/atlas-dev_v2/dnn_opt/vivado.jou
# Running On         : himash-ruwanga-GF63-Thin-10SCSR
# Platform           : Ubuntu
# Operating System   : Ubuntu 24.04.3 LTS
# Processor Detail   : Intel(R) Core(TM) i5-10500H CPU @ 2.50GHz
# CPU Frequency      : 4258.156 MHz
# CPU Physical cores : 6
# CPU Logical cores  : 12
# Host memory        : 16578 MB
# Swap memory        : 4294 MB
# Total Virtual      : 20873 MB
# Available Virtual  : 17831 MB
#-----------------------------------------------------------
source scripts/vivado_start.tcl
# set ::tcl_interactive 0
# set PROJECT_NAME  "dnn_zedboard"
# set PROJECT_DIR   "build/dnn_zedboard"
# set FPGA_PART     "xc7z020clg484-1"
# set TOP_MODULE    "zedboard_top"
# set RTL_FILES {
#     rtl_stubs/dynamic_interconnect.v
#     rtl_stubs/mac_array.v
#     rtl_stubs/mac_array_stage_with_bram.v
#     rtl_stubs/mac_stage.v
#     rtl_stubs/nn_layer_control_unit.v
#     rtl_stubs/reconfigurable_nn_accelerator.v
#     rtl_stubs/runtime_resource_manager.v
#     rtl_stubs/streaming_nn_layer_stage.v
#     rtl_stubs/streaming_nn_pipeline.v
#     rtl_stubs/streaming_nn_system.v
#     rtl_stubs/streaming_row_buffer.v
#     rtl_stubs/stream_processing_top.v
# }
# set INCLUDE_DIRS {
#     sim
# }
# set XDC_FILE "xdc/zedboard.xdc"
# set REPORT_DIR "build/dnn_zedboard/reports"
# proc banner {msg} {
#     puts ""
#     puts "============================================================"
#     puts "  $msg"
#     puts "============================================================"
# }
# proc require {condition message} {
#     if {![uplevel 1 [list expr $condition]]} {
#         puts ""
#         puts "ERROR: $message"
#         puts "       Fix the issue above and re-run this script."
#         puts ""
#         exit 1
#     }
# }
# proc safe_run {cmd description} {
#     puts "  -> $description..."
#     if {[catch {uplevel 1 $cmd} err]} {
#         puts ""
#         puts "ERROR during: $description"
#         puts "Details: $err"
#         puts ""
#         puts "TIP: Open the project in the GUI to see the full error:"
#         puts "     vivado build/dnn_zedboard/dnn_zedboard.xpr"
#         exit 1
#     }
# }
# banner "Step 0: Pre-flight checks"

============================================================
  Step 0: Pre-flight checks
============================================================
# foreach f $RTL_FILES {
#     if {![file exists $f]} {
#         puts "ERROR: RTL file not found: $f"
#         puts ""
#         puts "Make sure you are running this script from the dnn_opt directory:"
#         puts "   cd dnn_opt"
#         puts "   vivado -mode batch -source scripts/vivado_start.tcl"
#         exit 1
#     }
#     puts "  OK  $f"
# }
  OK  rtl_stubs/dynamic_interconnect.v
  OK  rtl_stubs/mac_array.v
  OK  rtl_stubs/mac_array_stage_with_bram.v
  OK  rtl_stubs/mac_stage.v
  OK  rtl_stubs/nn_layer_control_unit.v
  OK  rtl_stubs/reconfigurable_nn_accelerator.v
  OK  rtl_stubs/runtime_resource_manager.v
  OK  rtl_stubs/streaming_nn_layer_stage.v
  OK  rtl_stubs/streaming_nn_pipeline.v
  OK  rtl_stubs/streaming_nn_system.v
  OK  rtl_stubs/streaming_row_buffer.v
  OK  rtl_stubs/stream_processing_top.v
# if {![file exists $XDC_FILE]} {
#     puts "ERROR: Constraints file not found: $XDC_FILE"
#     exit 1
# }
# puts "  OK  $XDC_FILE"
  OK  xdc/zedboard.xdc
# if {![file exists "sim/dnn_config.vh"]} {
#     puts ""
#     puts "ERROR: sim/dnn_config.vh not found."
#     puts "       Run the optimizer first:"
#     puts "         python3 dnn_optimizer.py --dnn lenet5 --area-budget 180 \\"
#     puts "             --power-budget 2000 --objective latency \\"
#     puts "             --out-header sim/dnn_config.vh -v"
#     exit 1
# }
# puts "  OK  sim/dnn_config.vh"
  OK  sim/dnn_config.vh
# puts ""

# puts "  All pre-flight checks passed."
  All pre-flight checks passed.
# banner "Step 1: Creating Vivado project"

============================================================
  Step 1: Creating Vivado project
============================================================
# file mkdir $PROJECT_DIR
# file mkdir $REPORT_DIR
# puts "  -> Creating project: $PROJECT_DIR/$PROJECT_NAME.xpr"
  -> Creating project: build/dnn_zedboard/dnn_zedboard.xpr
# create_project -force $PROJECT_NAME $PROJECT_DIR -part $FPGA_PART
create_project: Time (s): cpu = 00:00:07 ; elapsed = 00:00:05 . Memory (MB): peak = 1600.762 ; gain = 64.059 ; free physical = 9581 ; free virtual = 16562
# set_property target_language Verilog [current_project]
# set_property default_lib work [current_project]
# puts "  -> Project created: $PROJECT_DIR/$PROJECT_NAME.xpr"
  -> Project created: build/dnn_zedboard/dnn_zedboard.xpr
# puts ""

# puts "  TIP: You can open this project in the Vivado GUI at any time:"
  TIP: You can open this project in the Vivado GUI at any time:
# puts "       vivado $PROJECT_DIR/$PROJECT_NAME.xpr"
       vivado build/dnn_zedboard/dnn_zedboard.xpr
# banner "Step 2: Adding source files"

============================================================
  Step 2: Adding source files
============================================================
# foreach f $RTL_FILES {
#     puts "  Adding: $f"
#     add_files -norecurse $f
# }
  Adding: rtl_stubs/dynamic_interconnect.v
  Adding: rtl_stubs/mac_array.v
  Adding: rtl_stubs/mac_array_stage_with_bram.v
  Adding: rtl_stubs/mac_stage.v
  Adding: rtl_stubs/nn_layer_control_unit.v
  Adding: rtl_stubs/reconfigurable_nn_accelerator.v
  Adding: rtl_stubs/runtime_resource_manager.v
  Adding: rtl_stubs/streaming_nn_layer_stage.v
  Adding: rtl_stubs/streaming_nn_pipeline.v
  Adding: rtl_stubs/streaming_nn_system.v
  Adding: rtl_stubs/streaming_row_buffer.v
  Adding: rtl_stubs/stream_processing_top.v
# set_property file_type SystemVerilog [get_files reconfigurable_nn_accelerator.v]
# set_property file_type SystemVerilog [get_files stream_processing_top.v]
# foreach d $INCLUDE_DIRS {
#     puts "  Adding include dir: $d"
# }
  Adding include dir: sim
# set_property include_dirs $INCLUDE_DIRS [current_fileset]
# puts "  Adding constraints: $XDC_FILE"
  Adding constraints: xdc/zedboard.xdc
# add_files -fileset constrs_1 -norecurse $XDC_FILE
# set_property top $TOP_MODULE [current_fileset]
# puts ""

# puts "  [llength $RTL_FILES] source file(s) added."
  12 source file(s) added.
# puts "  Top module: $TOP_MODULE"
  Top module: zedboard_top
# banner {Step 3: Synthesis  (RTL -> gates)  ~2-5 minutes}

============================================================
  Step 3: Synthesis  (RTL -> gates)  ~2-5 minutes
============================================================
# puts "  This converts your SystemVerilog into a gate-level netlist."
  This converts your SystemVerilog into a gate-level netlist.
# puts "  Watch for any CRITICAL WARNING messages — they usually indicate"
  Watch for any CRITICAL WARNING messages — they usually indicate
# puts "  real problems in your RTL."
  real problems in your RTL.
# puts ""

# safe_run {
#     synth_design \
#         -top      $TOP_MODULE  \
#         -part     $FPGA_PART   \
#         -flatten_hierarchy rebuilt
# } "Running synthesis"
  -> Running synthesis...
Command: synth_design -top zedboard_top -part xc7z020clg484-1 -flatten_hierarchy rebuilt
Starting synth_design
Attempting to get a license for feature 'Synthesis' and/or device 'xc7z020'
INFO: [Common 17-349] Got license for feature 'Synthesis' and/or device 'xc7z020'
INFO: [Device 21-403] Loading part xc7z020clg484-1
INFO: [Synth 8-7079] Multithreading enabled for synth_design using a maximum of 7 processes.
INFO: [Synth 8-7078] Launching helper process for spawning children vivado processes
INFO: [Synth 8-7075] Helper process launched with PID 22360
---------------------------------------------------------------------------------
Starting RTL Elaboration : Time (s): cpu = 00:00:03 ; elapsed = 00:00:06 . Memory (MB): peak = 2243.809 ; gain = 480.188 ; free physical = 8542 ; free virtual = 15621
---------------------------------------------------------------------------------
WARNING: [Synth 8-9400] empty statement in sequential block [/home/himash-ruwanga/Desktop/atlas-dev_v2/dnn_opt/rtl_stubs/mac_array_stage_with_bram.v:69]
WARNING: [Synth 8-6901] identifier 'mac_psum' is used before its declaration [/home/himash-ruwanga/Desktop/atlas-dev_v2/dnn_opt/rtl_stubs/mac_array_stage_with_bram.v:49]
ERROR: [Synth 8-439] module 'zedboard_top' not found
---------------------------------------------------------------------------------
Finished RTL Elaboration : Time (s): cpu = 00:00:05 ; elapsed = 00:00:07 . Memory (MB): peak = 2330.777 ; gain = 567.156 ; free physical = 8438 ; free virtual = 15524
---------------------------------------------------------------------------------
RTL Elaboration failed
INFO: [Common 17-83] Releasing license: Synthesis
6 Infos, 2 Warnings, 0 Critical Warnings and 2 Errors encountered.
synth_design failed
synth_design: Time (s): cpu = 00:00:09 ; elapsed = 00:00:35 . Memory (MB): peak = 2330.785 ; gain = 730.023 ; free physical = 8437 ; free virtual = 15524
INFO: [Common 17-2834] synth_design peak Physical Memory [PSS] (MB): overall = 1962.825; main = 1615.148; forked = 347.677
INFO: [Common 17-2834] synth_design peak Virtual Memory [VSS] (MB): overall = 3324.980; main = 2330.781; forked = 994.199

ERROR during: Running synthesis
Details: ERROR: [Common 17-69] Command failed: Synthesis failed - please see the console or run log file for details


TIP: Open the project in the GUI to see the full error:
     vivado build/dnn_zedboard/dnn_zedboard.xpr
INFO: [Common 17-206] Exiting Vivado at Mon May 25 17:01:02 2026...
