#-----------------------------------------------------------
# Vivado v2025.2 (64-bit)
# SW Build 6299465 on Fri Nov 14 12:34:56 MST 2025
# IP Build 6300035 on Fri Nov 14 10:48:45 MST 2025
# SharedData Build 6298862 on Thu Nov 13 04:50:51 MST 2025
# Start of session at: Mon May 25 13:21:23 2026
# Process ID         : 21523
# Current directory  : /home/himash-ruwanga/Desktop/atlas-dev_v2/dnn_opt
# Command line       : vivado -mode batch -source scripts/vivado_start.tcl
# Log file           : /home/himash-ruwanga/Desktop/atlas-dev_v2/dnn_opt/vivado.log
# Journal file       : /home/himash-ruwanga/Desktop/atlas-dev_v2/dnn_opt/vivado.jou
# Running On         : himash-ruwanga-GF63-Thin-10SCSR
# Platform           : Ubuntu
# Operating System   : Ubuntu 24.04.3 LTS
# Processor Detail   : Intel(R) Core(TM) i5-10500H CPU @ 2.50GHz
# CPU Frequency      : 4201.089 MHz
# CPU Physical cores : 6
# CPU Logical cores  : 12
# Host memory        : 16578 MB
# Swap memory        : 4294 MB
# Total Virtual      : 20873 MB
# Available Virtual  : 15672 MB
#-----------------------------------------------------------
source scripts/vivado_start.tcl
# set ::tcl_interactive 0
# set PROJECT_NAME  "dnn_zedboard"
# set PROJECT_DIR   "build/dnn_zedboard"
# set FPGA_PART     "xc7z020clg484-1"
# set TOP_MODULE    "zedboard_top"
# set RTL_FILES {
#     rtl_stubs/dynamic_interconnect.v
#     rtl_stubs/mac_array.v
#     rtl_stubs/mac_array_stage_with_bram.v
#     rtl_stubs/mac_stage.v
#     rtl_stubs/nn_layer_control_unit.v
#     rtl_stubs/reconfigurable_nn_accelerator.v
#     rtl_stubs/runtime_resource_manager.v
#     rtl_stubs/streaming_nn_layer_stage.v
#     rtl_stubs/streaming_nn_pipeline.v
#     rtl_stubs/streaming_nn_system.v
#     rtl_stubs/streaming_row_buffer.v
#     rtl_stubs/stream_processing_top.v
# }
# set INCLUDE_DIRS {
#     sim
# }
# set XDC_FILE "xdc/zedboard.xdc"
# set REPORT_DIR "build/dnn_zedboard/reports"
# proc banner {msg} {
#     puts ""
#     puts "============================================================"
#     puts "  $msg"
#     puts "============================================================"
# }
# proc require {condition message} {
#     if {![uplevel 1 [list expr $condition]]} {
#         puts ""
#         puts "ERROR: $message"
#         puts "       Fix the issue above and re-run this script."
#         puts ""
#         exit 1
#     }
# }
# proc safe_run {cmd description} {
#     puts "  -> $description..."
#     if {[catch {uplevel 1 $cmd} err]} {
#         puts ""
#         puts "ERROR during: $description"
#         puts "Details: $err"
#         puts ""
#         puts "TIP: Open the project in the GUI to see the full error:"
#         puts "     vivado build/dnn_zedboard/dnn_zedboard.xpr"
#         exit 1
#     }
# }
# banner "Step 0: Pre-flight checks"

============================================================
  Step 0: Pre-flight checks
============================================================
# foreach f $RTL_FILES {
#     if {![file exists $f]} {
#         puts "ERROR: RTL file not found: $f"
#         puts ""
#         puts "Make sure you are running this script from the dnn_opt directory:"
#         puts "   cd dnn_opt"
#         puts "   vivado -mode batch -source scripts/vivado_start.tcl"
#         exit 1
#     }
#     puts "  OK  $f"
# }
ERROR: RTL file not found: rtl_stubs/dynamic_interconnect.v

Make sure you are running this script from the dnn_opt directory:
   cd dnn_opt
   vivado -mode batch -source scripts/vivado_start.tcl
INFO: [Common 17-206] Exiting Vivado at Mon May 25 13:21:25 2026...
