Copyright 1986-2022 Xilinx, Inc. All Rights Reserved. Copyright 2022-2025 Advanced Micro Devices, Inc. All Rights Reserved.
--------------------------------------------------------------------------------------------------------------------------------------------------------------------------------
| Tool Version : Vivado v.2025.2 (lin64) Build 6299465 Fri Nov 14 12:34:56 MST 2025
| Date         : Tue Jul  7 16:53:27 2026
| Host         : chathupa-Nitro-AN515-55 running 64-bit Ubuntu 24.04.3 LTS
| Command      : report_methodology -file system_wrapper_methodology_drc_routed.rpt -pb system_wrapper_methodology_drc_routed.pb -rpx system_wrapper_methodology_drc_routed.rpx
| Design       : system_wrapper
| Device       : xc7z020clg484-1
| Speed File   : -1
| Design State : Fully Routed
--------------------------------------------------------------------------------------------------------------------------------------------------------------------------------

Report Methodology

Table of Contents
-----------------
1. REPORT SUMMARY
2. REPORT DETAILS

1. REPORT SUMMARY
-----------------
            Netlist: netlist
          Floorplan: design_1
      Design limits: <entire design considered>
             Max checks: <unlimited>
             Checks found: 115
+-----------+----------+------------------------------+--------+
| Rule      | Severity | Description                  | Checks |
+-----------+----------+------------------------------+--------+
| LUTAR-1   | Warning  | LUT drives async reset alert | 3      |
| TIMING-16 | Warning  | Large setup violation        | 112    |
+-----------+----------+------------------------------+--------+

2. REPORT DETAILS
-----------------
LUTAR-1#1 Warning
LUT drives async reset alert  
LUT cell system_i/axi_ic_mem/s00_couplers/auto_pc/inst/gen_axi4_axi3.axi3_conv_inst/USE_READ.USE_SPLIT_R.read_addr_inst/USE_R_CHANNEL.cmd_queue/inst/fifo_gen_inst/inst_fifo_gen/gconvfifo.rf/grf.rf/rstblk/gpregsm1.curr_fwft_state[1]_i_2, with 2 or more inputs, drives asynchronous preset/clear pin(s) system_i/axi_ic_mem/s00_couplers/auto_pc/inst/gen_axi4_axi3.axi3_conv_inst/USE_READ.USE_SPLIT_R.read_addr_inst/USE_R_CHANNEL.cmd_queue/inst/fifo_gen_inst/inst_fifo_gen/gconvfifo.rf/grf.rf/gntv_or_sync_fifo.gl0.rd/rpntr/gc0.count_reg[2]/CLR,
system_i/axi_ic_mem/s00_couplers/auto_pc/inst/gen_axi4_axi3.axi3_conv_inst/USE_READ.USE_SPLIT_R.read_addr_inst/USE_R_CHANNEL.cmd_queue/inst/fifo_gen_inst/inst_fifo_gen/gconvfifo.rf/grf.rf/gntv_or_sync_fifo.gl0.rd/rpntr/gc0.count_reg[3]/CLR,
system_i/axi_ic_mem/s00_couplers/auto_pc/inst/gen_axi4_axi3.axi3_conv_inst/USE_READ.USE_SPLIT_R.read_addr_inst/USE_R_CHANNEL.cmd_queue/inst/fifo_gen_inst/inst_fifo_gen/gconvfifo.rf/grf.rf/gntv_or_sync_fifo.gl0.rd/rpntr/gc0.count_reg[4]/CLR,
system_i/axi_ic_mem/s00_couplers/auto_pc/inst/gen_axi4_axi3.axi3_conv_inst/USE_READ.USE_SPLIT_R.read_addr_inst/USE_R_CHANNEL.cmd_queue/inst/fifo_gen_inst/inst_fifo_gen/gconvfifo.rf/grf.rf/gntv_or_sync_fifo.gl0.wr/gwss.wsts/ram_full_fb_i_reg/CLR,
system_i/axi_ic_mem/s00_couplers/auto_pc/inst/gen_axi4_axi3.axi3_conv_inst/USE_READ.USE_SPLIT_R.read_addr_inst/USE_R_CHANNEL.cmd_queue/inst/fifo_gen_inst/inst_fifo_gen/gconvfifo.rf/grf.rf/gntv_or_sync_fifo.gl0.wr/gwss.wsts/ram_full_i_reg/CLR,
system_i/axi_ic_mem/s00_couplers/auto_pc/inst/gen_axi4_axi3.axi3_conv_inst/USE_READ.USE_SPLIT_R.read_addr_inst/USE_R_CHANNEL.cmd_queue/inst/fifo_gen_inst/inst_fifo_gen/gconvfifo.rf/grf.rf/gntv_or_sync_fifo.gl0.wr/wpntr/gcc0.gc0.count_d1_reg[0]/CLR,
system_i/axi_ic_mem/s00_couplers/auto_pc/inst/gen_axi4_axi3.axi3_conv_inst/USE_READ.USE_SPLIT_R.read_addr_inst/USE_R_CHANNEL.cmd_queue/inst/fifo_gen_inst/inst_fifo_gen/gconvfifo.rf/grf.rf/gntv_or_sync_fifo.gl0.wr/wpntr/gcc0.gc0.count_d1_reg[1]/CLR,
system_i/axi_ic_mem/s00_couplers/auto_pc/inst/gen_axi4_axi3.axi3_conv_inst/USE_READ.USE_SPLIT_R.read_addr_inst/USE_R_CHANNEL.cmd_queue/inst/fifo_gen_inst/inst_fifo_gen/gconvfifo.rf/grf.rf/gntv_or_sync_fifo.gl0.wr/wpntr/gcc0.gc0.count_d1_reg[2]/CLR,
system_i/axi_ic_mem/s00_couplers/auto_pc/inst/gen_axi4_axi3.axi3_conv_inst/USE_READ.USE_SPLIT_R.read_addr_inst/USE_R_CHANNEL.cmd_queue/inst/fifo_gen_inst/inst_fifo_gen/gconvfifo.rf/grf.rf/gntv_or_sync_fifo.gl0.wr/wpntr/gcc0.gc0.count_d1_reg[3]/CLR,
system_i/axi_ic_mem/s00_couplers/auto_pc/inst/gen_axi4_axi3.axi3_conv_inst/USE_READ.USE_SPLIT_R.read_addr_inst/USE_R_CHANNEL.cmd_queue/inst/fifo_gen_inst/inst_fifo_gen/gconvfifo.rf/grf.rf/gntv_or_sync_fifo.gl0.wr/wpntr/gcc0.gc0.count_d1_reg[4]/CLR,
system_i/axi_ic_mem/s00_couplers/auto_pc/inst/gen_axi4_axi3.axi3_conv_inst/USE_READ.USE_SPLIT_R.read_addr_inst/USE_R_CHANNEL.cmd_queue/inst/fifo_gen_inst/inst_fifo_gen/gconvfifo.rf/grf.rf/gntv_or_sync_fifo.gl0.wr/wpntr/gcc0.gc0.count_reg[0]/PRE,
system_i/axi_ic_mem/s00_couplers/auto_pc/inst/gen_axi4_axi3.axi3_conv_inst/USE_READ.USE_SPLIT_R.read_addr_inst/USE_R_CHANNEL.cmd_queue/inst/fifo_gen_inst/inst_fifo_gen/gconvfifo.rf/grf.rf/gntv_or_sync_fifo.gl0.wr/wpntr/gcc0.gc0.count_reg[1]/CLR,
system_i/axi_ic_mem/s00_couplers/auto_pc/inst/gen_axi4_axi3.axi3_conv_inst/USE_READ.USE_SPLIT_R.read_addr_inst/USE_R_CHANNEL.cmd_queue/inst/fifo_gen_inst/inst_fifo_gen/gconvfifo.rf/grf.rf/gntv_or_sync_fifo.gl0.wr/wpntr/gcc0.gc0.count_reg[2]/CLR,
system_i/axi_ic_mem/s00_couplers/auto_pc/inst/gen_axi4_axi3.axi3_conv_inst/USE_READ.USE_SPLIT_R.read_addr_inst/USE_R_CHANNEL.cmd_queue/inst/fifo_gen_inst/inst_fifo_gen/gconvfifo.rf/grf.rf/gntv_or_sync_fifo.gl0.wr/wpntr/gcc0.gc0.count_reg[3]/CLR,
system_i/axi_ic_mem/s00_couplers/auto_pc/inst/gen_axi4_axi3.axi3_conv_inst/USE_READ.USE_SPLIT_R.read_addr_inst/USE_R_CHANNEL.cmd_queue/inst/fifo_gen_inst/inst_fifo_gen/gconvfifo.rf/grf.rf/gntv_or_sync_fifo.gl0.wr/wpntr/gcc0.gc0.count_reg[4]/CLR
 (the first 15 of 32 listed). The LUT may glitch and trigger an unexpected reset, even if it is a properly timed path.
Related violations: <none>

LUTAR-1#2 Warning
LUT drives async reset alert  
LUT cell system_i/axi_ic_mem/s00_couplers/auto_pc/inst/gen_axi4_axi3.axi3_conv_inst/USE_WRITE.write_addr_inst/USE_BURSTS.cmd_queue/inst/fifo_gen_inst/inst_fifo_gen/gconvfifo.rf/grf.rf/rstblk/gpregsm1.curr_fwft_state[1]_i_2, with 2 or more inputs, drives asynchronous preset/clear pin(s) system_i/axi_ic_mem/s00_couplers/auto_pc/inst/gen_axi4_axi3.axi3_conv_inst/USE_WRITE.write_addr_inst/USE_BURSTS.cmd_queue/inst/fifo_gen_inst/inst_fifo_gen/gconvfifo.rf/grf.rf/gntv_or_sync_fifo.gl0.rd/rpntr/gc0.count_reg[2]/CLR,
system_i/axi_ic_mem/s00_couplers/auto_pc/inst/gen_axi4_axi3.axi3_conv_inst/USE_WRITE.write_addr_inst/USE_BURSTS.cmd_queue/inst/fifo_gen_inst/inst_fifo_gen/gconvfifo.rf/grf.rf/gntv_or_sync_fifo.gl0.rd/rpntr/gc0.count_reg[3]/CLR,
system_i/axi_ic_mem/s00_couplers/auto_pc/inst/gen_axi4_axi3.axi3_conv_inst/USE_WRITE.write_addr_inst/USE_BURSTS.cmd_queue/inst/fifo_gen_inst/inst_fifo_gen/gconvfifo.rf/grf.rf/gntv_or_sync_fifo.gl0.rd/rpntr/gc0.count_reg[4]/CLR,
system_i/axi_ic_mem/s00_couplers/auto_pc/inst/gen_axi4_axi3.axi3_conv_inst/USE_WRITE.write_addr_inst/USE_BURSTS.cmd_queue/inst/fifo_gen_inst/inst_fifo_gen/gconvfifo.rf/grf.rf/gntv_or_sync_fifo.gl0.wr/gwss.wsts/ram_full_fb_i_reg/CLR,
system_i/axi_ic_mem/s00_couplers/auto_pc/inst/gen_axi4_axi3.axi3_conv_inst/USE_WRITE.write_addr_inst/USE_BURSTS.cmd_queue/inst/fifo_gen_inst/inst_fifo_gen/gconvfifo.rf/grf.rf/gntv_or_sync_fifo.gl0.wr/gwss.wsts/ram_full_i_reg/CLR,
system_i/axi_ic_mem/s00_couplers/auto_pc/inst/gen_axi4_axi3.axi3_conv_inst/USE_WRITE.write_addr_inst/USE_BURSTS.cmd_queue/inst/fifo_gen_inst/inst_fifo_gen/gconvfifo.rf/grf.rf/gntv_or_sync_fifo.gl0.wr/wpntr/gcc0.gc0.count_d1_reg[0]/CLR,
system_i/axi_ic_mem/s00_couplers/auto_pc/inst/gen_axi4_axi3.axi3_conv_inst/USE_WRITE.write_addr_inst/USE_BURSTS.cmd_queue/inst/fifo_gen_inst/inst_fifo_gen/gconvfifo.rf/grf.rf/gntv_or_sync_fifo.gl0.wr/wpntr/gcc0.gc0.count_d1_reg[1]/CLR,
system_i/axi_ic_mem/s00_couplers/auto_pc/inst/gen_axi4_axi3.axi3_conv_inst/USE_WRITE.write_addr_inst/USE_BURSTS.cmd_queue/inst/fifo_gen_inst/inst_fifo_gen/gconvfifo.rf/grf.rf/gntv_or_sync_fifo.gl0.wr/wpntr/gcc0.gc0.count_d1_reg[2]/CLR,
system_i/axi_ic_mem/s00_couplers/auto_pc/inst/gen_axi4_axi3.axi3_conv_inst/USE_WRITE.write_addr_inst/USE_BURSTS.cmd_queue/inst/fifo_gen_inst/inst_fifo_gen/gconvfifo.rf/grf.rf/gntv_or_sync_fifo.gl0.wr/wpntr/gcc0.gc0.count_d1_reg[3]/CLR,
system_i/axi_ic_mem/s00_couplers/auto_pc/inst/gen_axi4_axi3.axi3_conv_inst/USE_WRITE.write_addr_inst/USE_BURSTS.cmd_queue/inst/fifo_gen_inst/inst_fifo_gen/gconvfifo.rf/grf.rf/gntv_or_sync_fifo.gl0.wr/wpntr/gcc0.gc0.count_d1_reg[4]/CLR,
system_i/axi_ic_mem/s00_couplers/auto_pc/inst/gen_axi4_axi3.axi3_conv_inst/USE_WRITE.write_addr_inst/USE_BURSTS.cmd_queue/inst/fifo_gen_inst/inst_fifo_gen/gconvfifo.rf/grf.rf/gntv_or_sync_fifo.gl0.wr/wpntr/gcc0.gc0.count_reg[0]/PRE,
system_i/axi_ic_mem/s00_couplers/auto_pc/inst/gen_axi4_axi3.axi3_conv_inst/USE_WRITE.write_addr_inst/USE_BURSTS.cmd_queue/inst/fifo_gen_inst/inst_fifo_gen/gconvfifo.rf/grf.rf/gntv_or_sync_fifo.gl0.wr/wpntr/gcc0.gc0.count_reg[1]/CLR,
system_i/axi_ic_mem/s00_couplers/auto_pc/inst/gen_axi4_axi3.axi3_conv_inst/USE_WRITE.write_addr_inst/USE_BURSTS.cmd_queue/inst/fifo_gen_inst/inst_fifo_gen/gconvfifo.rf/grf.rf/gntv_or_sync_fifo.gl0.wr/wpntr/gcc0.gc0.count_reg[2]/CLR,
system_i/axi_ic_mem/s00_couplers/auto_pc/inst/gen_axi4_axi3.axi3_conv_inst/USE_WRITE.write_addr_inst/USE_BURSTS.cmd_queue/inst/fifo_gen_inst/inst_fifo_gen/gconvfifo.rf/grf.rf/gntv_or_sync_fifo.gl0.wr/wpntr/gcc0.gc0.count_reg[3]/CLR,
system_i/axi_ic_mem/s00_couplers/auto_pc/inst/gen_axi4_axi3.axi3_conv_inst/USE_WRITE.write_addr_inst/USE_BURSTS.cmd_queue/inst/fifo_gen_inst/inst_fifo_gen/gconvfifo.rf/grf.rf/gntv_or_sync_fifo.gl0.wr/wpntr/gcc0.gc0.count_reg[4]/CLR
 (the first 15 of 32 listed). The LUT may glitch and trigger an unexpected reset, even if it is a properly timed path.
Related violations: <none>

LUTAR-1#3 Warning
LUT drives async reset alert  
LUT cell system_i/axi_ic_mem/s00_couplers/auto_pc/inst/gen_axi4_axi3.axi3_conv_inst/USE_WRITE.write_addr_inst/USE_B_CHANNEL.cmd_b_queue/inst/fifo_gen_inst/inst_fifo_gen/gconvfifo.rf/grf.rf/rstblk/gpregsm1.curr_fwft_state[1]_i_2, with 2 or more inputs, drives asynchronous preset/clear pin(s) system_i/axi_ic_mem/s00_couplers/auto_pc/inst/gen_axi4_axi3.axi3_conv_inst/USE_WRITE.write_addr_inst/USE_B_CHANNEL.cmd_b_queue/inst/fifo_gen_inst/inst_fifo_gen/gconvfifo.rf/grf.rf/gntv_or_sync_fifo.gl0.rd/rpntr/gc0.count_reg[2]/CLR,
system_i/axi_ic_mem/s00_couplers/auto_pc/inst/gen_axi4_axi3.axi3_conv_inst/USE_WRITE.write_addr_inst/USE_B_CHANNEL.cmd_b_queue/inst/fifo_gen_inst/inst_fifo_gen/gconvfifo.rf/grf.rf/gntv_or_sync_fifo.gl0.rd/rpntr/gc0.count_reg[3]/CLR,
system_i/axi_ic_mem/s00_couplers/auto_pc/inst/gen_axi4_axi3.axi3_conv_inst/USE_WRITE.write_addr_inst/USE_B_CHANNEL.cmd_b_queue/inst/fifo_gen_inst/inst_fifo_gen/gconvfifo.rf/grf.rf/gntv_or_sync_fifo.gl0.rd/rpntr/gc0.count_reg[4]/CLR,
system_i/axi_ic_mem/s00_couplers/auto_pc/inst/gen_axi4_axi3.axi3_conv_inst/USE_WRITE.write_addr_inst/USE_B_CHANNEL.cmd_b_queue/inst/fifo_gen_inst/inst_fifo_gen/gconvfifo.rf/grf.rf/gntv_or_sync_fifo.gl0.wr/gwss.wsts/ram_full_fb_i_reg/CLR,
system_i/axi_ic_mem/s00_couplers/auto_pc/inst/gen_axi4_axi3.axi3_conv_inst/USE_WRITE.write_addr_inst/USE_B_CHANNEL.cmd_b_queue/inst/fifo_gen_inst/inst_fifo_gen/gconvfifo.rf/grf.rf/gntv_or_sync_fifo.gl0.wr/gwss.wsts/ram_full_i_reg/CLR,
system_i/axi_ic_mem/s00_couplers/auto_pc/inst/gen_axi4_axi3.axi3_conv_inst/USE_WRITE.write_addr_inst/USE_B_CHANNEL.cmd_b_queue/inst/fifo_gen_inst/inst_fifo_gen/gconvfifo.rf/grf.rf/gntv_or_sync_fifo.gl0.wr/wpntr/gcc0.gc0.count_d1_reg[0]/CLR,
system_i/axi_ic_mem/s00_couplers/auto_pc/inst/gen_axi4_axi3.axi3_conv_inst/USE_WRITE.write_addr_inst/USE_B_CHANNEL.cmd_b_queue/inst/fifo_gen_inst/inst_fifo_gen/gconvfifo.rf/grf.rf/gntv_or_sync_fifo.gl0.wr/wpntr/gcc0.gc0.count_d1_reg[1]/CLR,
system_i/axi_ic_mem/s00_couplers/auto_pc/inst/gen_axi4_axi3.axi3_conv_inst/USE_WRITE.write_addr_inst/USE_B_CHANNEL.cmd_b_queue/inst/fifo_gen_inst/inst_fifo_gen/gconvfifo.rf/grf.rf/gntv_or_sync_fifo.gl0.wr/wpntr/gcc0.gc0.count_d1_reg[2]/CLR,
system_i/axi_ic_mem/s00_couplers/auto_pc/inst/gen_axi4_axi3.axi3_conv_inst/USE_WRITE.write_addr_inst/USE_B_CHANNEL.cmd_b_queue/inst/fifo_gen_inst/inst_fifo_gen/gconvfifo.rf/grf.rf/gntv_or_sync_fifo.gl0.wr/wpntr/gcc0.gc0.count_d1_reg[3]/CLR,
system_i/axi_ic_mem/s00_couplers/auto_pc/inst/gen_axi4_axi3.axi3_conv_inst/USE_WRITE.write_addr_inst/USE_B_CHANNEL.cmd_b_queue/inst/fifo_gen_inst/inst_fifo_gen/gconvfifo.rf/grf.rf/gntv_or_sync_fifo.gl0.wr/wpntr/gcc0.gc0.count_d1_reg[4]/CLR,
system_i/axi_ic_mem/s00_couplers/auto_pc/inst/gen_axi4_axi3.axi3_conv_inst/USE_WRITE.write_addr_inst/USE_B_CHANNEL.cmd_b_queue/inst/fifo_gen_inst/inst_fifo_gen/gconvfifo.rf/grf.rf/gntv_or_sync_fifo.gl0.wr/wpntr/gcc0.gc0.count_reg[0]/PRE,
system_i/axi_ic_mem/s00_couplers/auto_pc/inst/gen_axi4_axi3.axi3_conv_inst/USE_WRITE.write_addr_inst/USE_B_CHANNEL.cmd_b_queue/inst/fifo_gen_inst/inst_fifo_gen/gconvfifo.rf/grf.rf/gntv_or_sync_fifo.gl0.wr/wpntr/gcc0.gc0.count_reg[1]/CLR,
system_i/axi_ic_mem/s00_couplers/auto_pc/inst/gen_axi4_axi3.axi3_conv_inst/USE_WRITE.write_addr_inst/USE_B_CHANNEL.cmd_b_queue/inst/fifo_gen_inst/inst_fifo_gen/gconvfifo.rf/grf.rf/gntv_or_sync_fifo.gl0.wr/wpntr/gcc0.gc0.count_reg[2]/CLR,
system_i/axi_ic_mem/s00_couplers/auto_pc/inst/gen_axi4_axi3.axi3_conv_inst/USE_WRITE.write_addr_inst/USE_B_CHANNEL.cmd_b_queue/inst/fifo_gen_inst/inst_fifo_gen/gconvfifo.rf/grf.rf/gntv_or_sync_fifo.gl0.wr/wpntr/gcc0.gc0.count_reg[3]/CLR,
system_i/axi_ic_mem/s00_couplers/auto_pc/inst/gen_axi4_axi3.axi3_conv_inst/USE_WRITE.write_addr_inst/USE_B_CHANNEL.cmd_b_queue/inst/fifo_gen_inst/inst_fifo_gen/gconvfifo.rf/grf.rf/gntv_or_sync_fifo.gl0.wr/wpntr/gcc0.gc0.count_reg[4]/CLR
 (the first 15 of 32 listed). The LUT may glitch and trigger an unexpected reset, even if it is a properly timed path.
Related violations: <none>

TIMING-16#1 Warning
Large setup violation  
There is a large setup violation of -1.136 ns between system_i/accel/inst/u_accel/FIXED_MODE.nn_core/pipeline/layer_0/control_unit/row_cnt_reg[1]/C (clocked by clk_fpga_0) and system_i/accel/inst/u_accel/FIXED_MODE.nn_core/pipeline/layer_0/control_unit/act_raddr_reg[6]/D (clocked by clk_fpga_0). Large setup violations at the end of those stages might be difficult to fix during the post-placement implementation flow and could be the result of non-optimal XDC constraints or non-optimal design architecture
Related violations: <none>

TIMING-16#2 Warning
Large setup violation  
There is a large setup violation of -1.201 ns between system_i/accel/inst/u_accel/FIXED_MODE.nn_core/pipeline/layer_0/control_unit/row_cnt_reg[1]/C (clocked by clk_fpga_0) and system_i/accel/inst/u_accel/FIXED_MODE.nn_core/pipeline/layer_0/control_unit/act_raddr_reg[7]/D (clocked by clk_fpga_0). Large setup violations at the end of those stages might be difficult to fix during the post-placement implementation flow and could be the result of non-optimal XDC constraints or non-optimal design architecture
Related violations: <none>

TIMING-16#3 Warning
Large setup violation  
There is a large setup violation of -1.211 ns between system_i/accel/inst/u_accel/FIXED_MODE.nn_core/pipeline/layer_3/act_mem_reg/CLKBWRCLK (clocked by clk_fpga_0) and system_i/accel/inst/u_accel/FIXED_MODE.nn_core/pipeline/layer_3/acc_reg[17]/D (clocked by clk_fpga_0). Large setup violations at the end of those stages might be difficult to fix during the post-placement implementation flow and could be the result of non-optimal XDC constraints or non-optimal design architecture
Related violations: <none>

TIMING-16#4 Warning
Large setup violation  
There is a large setup violation of -1.310 ns between system_i/accel/inst/u_accel/FIXED_MODE.nn_core/pipeline/layer_0/control_unit/row_cnt_reg[1]/C (clocked by clk_fpga_0) and system_i/accel/inst/u_accel/FIXED_MODE.nn_core/pipeline/layer_0/control_unit/act_raddr_reg[8]/D (clocked by clk_fpga_0). Large setup violations at the end of those stages might be difficult to fix during the post-placement implementation flow and could be the result of non-optimal XDC constraints or non-optimal design architecture
Related violations: <none>

TIMING-16#5 Warning
Large setup violation  
There is a large setup violation of -1.414 ns between system_i/accel/inst/u_accel/FIXED_MODE.nn_core/pipeline/layer_0/control_unit/row_cnt_reg[1]/C (clocked by clk_fpga_0) and system_i/accel/inst/u_accel/FIXED_MODE.nn_core/pipeline/layer_0/control_unit/act_raddr_reg[9]/D (clocked by clk_fpga_0). Large setup violations at the end of those stages might be difficult to fix during the post-placement implementation flow and could be the result of non-optimal XDC constraints or non-optimal design architecture
Related violations: <none>

TIMING-16#6 Warning
Large setup violation  
There is a large setup violation of -1.636 ns between system_i/accel/inst/u_accel/FIXED_MODE.nn_core/pipeline/layer_3/act_mem_reg/CLKBWRCLK (clocked by clk_fpga_0) and system_i/accel/inst/u_accel/FIXED_MODE.nn_core/pipeline/layer_3/acc_reg[18]/D (clocked by clk_fpga_0). Large setup violations at the end of those stages might be difficult to fix during the post-placement implementation flow and could be the result of non-optimal XDC constraints or non-optimal design architecture
Related violations: <none>

TIMING-16#7 Warning
Large setup violation  
There is a large setup violation of -1.836 ns between system_i/accel/inst/u_accel/FIXED_MODE.nn_core/pipeline/layer_3/act_mem_reg/CLKBWRCLK (clocked by clk_fpga_0) and system_i/accel/inst/u_accel/FIXED_MODE.nn_core/pipeline/layer_3/acc_reg[19]/D (clocked by clk_fpga_0). Large setup violations at the end of those stages might be difficult to fix during the post-placement implementation flow and could be the result of non-optimal XDC constraints or non-optimal design architecture
Related violations: <none>

TIMING-16#8 Warning
Large setup violation  
There is a large setup violation of -2.025 ns between system_i/accel/inst/u_accel/FIXED_MODE.nn_core/pipeline/layer_3/act_mem_reg/CLKBWRCLK (clocked by clk_fpga_0) and system_i/accel/inst/u_accel/FIXED_MODE.nn_core/pipeline/layer_3/commit_val_reg[17]/D (clocked by clk_fpga_0). Large setup violations at the end of those stages might be difficult to fix during the post-placement implementation flow and could be the result of non-optimal XDC constraints or non-optimal design architecture
Related violations: <none>

TIMING-16#9 Warning
Large setup violation  
There is a large setup violation of -2.183 ns between system_i/accel/inst/u_accel/FIXED_MODE.nn_core/pipeline/layer_3/act_mem_reg/CLKBWRCLK (clocked by clk_fpga_0) and system_i/accel/inst/u_accel/FIXED_MODE.nn_core/pipeline/layer_3/commit_val_reg[18]/D (clocked by clk_fpga_0). Large setup violations at the end of those stages might be difficult to fix during the post-placement implementation flow and could be the result of non-optimal XDC constraints or non-optimal design architecture
Related violations: <none>

TIMING-16#10 Warning
Large setup violation  
There is a large setup violation of -2.191 ns between system_i/accel/inst/u_accel/FIXED_MODE.nn_core/pipeline/layer_3/act_mem_reg/CLKBWRCLK (clocked by clk_fpga_0) and system_i/accel/inst/u_accel/FIXED_MODE.nn_core/pipeline/layer_3/acc_reg[20]/D (clocked by clk_fpga_0). Large setup violations at the end of those stages might be difficult to fix during the post-placement implementation flow and could be the result of non-optimal XDC constraints or non-optimal design architecture
Related violations: <none>

TIMING-16#11 Warning
Large setup violation  
There is a large setup violation of -2.212 ns between system_i/accel/inst/u_accel/FIXED_MODE.nn_core/pipeline/layer_3/act_mem_reg/CLKBWRCLK (clocked by clk_fpga_0) and system_i/accel/inst/u_accel/FIXED_MODE.nn_core/pipeline/layer_3/acc_reg[22]/D (clocked by clk_fpga_0). Large setup violations at the end of those stages might be difficult to fix during the post-placement implementation flow and could be the result of non-optimal XDC constraints or non-optimal design architecture
Related violations: <none>

TIMING-16#12 Warning
Large setup violation  
There is a large setup violation of -2.285 ns between system_i/accel/inst/u_accel/FIXED_MODE.nn_core/pipeline/layer_3/act_mem_reg/CLKBWRCLK (clocked by clk_fpga_0) and system_i/accel/inst/u_accel/FIXED_MODE.nn_core/pipeline/layer_3/acc_reg[23]/D (clocked by clk_fpga_0). Large setup violations at the end of those stages might be difficult to fix during the post-placement implementation flow and could be the result of non-optimal XDC constraints or non-optimal design architecture
Related violations: <none>

TIMING-16#13 Warning
Large setup violation  
There is a large setup violation of -2.304 ns between system_i/accel/inst/u_accel/FIXED_MODE.nn_core/pipeline/layer_3/act_mem_reg/CLKBWRCLK (clocked by clk_fpga_0) and system_i/accel/inst/u_accel/FIXED_MODE.nn_core/pipeline/layer_3/acc_reg[21]/D (clocked by clk_fpga_0). Large setup violations at the end of those stages might be difficult to fix during the post-placement implementation flow and could be the result of non-optimal XDC constraints or non-optimal design architecture
Related violations: <none>

TIMING-16#14 Warning
Large setup violation  
There is a large setup violation of -2.473 ns between system_i/accel/inst/u_accel/FIXED_MODE.nn_core/pipeline/layer_3/act_mem_reg/CLKBWRCLK (clocked by clk_fpga_0) and system_i/accel/inst/u_accel/FIXED_MODE.nn_core/pipeline/layer_3/commit_val_reg[19]/D (clocked by clk_fpga_0). Large setup violations at the end of those stages might be difficult to fix during the post-placement implementation flow and could be the result of non-optimal XDC constraints or non-optimal design architecture
Related violations: <none>

TIMING-16#15 Warning
Large setup violation  
There is a large setup violation of -2.487 ns between system_i/accel/inst/u_accel/FIXED_MODE.nn_core/pipeline/layer_3/act_mem_reg/CLKBWRCLK (clocked by clk_fpga_0) and system_i/accel/inst/u_accel/FIXED_MODE.nn_core/pipeline/layer_3/acc_reg[24]/D (clocked by clk_fpga_0). Large setup violations at the end of those stages might be difficult to fix during the post-placement implementation flow and could be the result of non-optimal XDC constraints or non-optimal design architecture
Related violations: <none>

TIMING-16#16 Warning
Large setup violation  
There is a large setup violation of -2.508 ns between system_i/accel/inst/u_accel/FIXED_MODE.nn_core/pipeline/layer_3/act_mem_reg/CLKBWRCLK (clocked by clk_fpga_0) and system_i/accel/inst/u_accel/FIXED_MODE.nn_core/pipeline/layer_3/acc_reg[26]/D (clocked by clk_fpga_0). Large setup violations at the end of those stages might be difficult to fix during the post-placement implementation flow and could be the result of non-optimal XDC constraints or non-optimal design architecture
Related violations: <none>

TIMING-16#17 Warning
Large setup violation  
There is a large setup violation of -2.581 ns between system_i/accel/inst/u_accel/FIXED_MODE.nn_core/pipeline/layer_3/act_mem_reg/CLKBWRCLK (clocked by clk_fpga_0) and system_i/accel/inst/u_accel/FIXED_MODE.nn_core/pipeline/layer_3/acc_reg[27]/D (clocked by clk_fpga_0). Large setup violations at the end of those stages might be difficult to fix during the post-placement implementation flow and could be the result of non-optimal XDC constraints or non-optimal design architecture
Related violations: <none>

TIMING-16#18 Warning
Large setup violation  
There is a large setup violation of -2.600 ns between system_i/accel/inst/u_accel/FIXED_MODE.nn_core/pipeline/layer_3/act_mem_reg/CLKBWRCLK (clocked by clk_fpga_0) and system_i/accel/inst/u_accel/FIXED_MODE.nn_core/pipeline/layer_3/acc_reg[25]/D (clocked by clk_fpga_0). Large setup violations at the end of those stages might be difficult to fix during the post-placement implementation flow and could be the result of non-optimal XDC constraints or non-optimal design architecture
Related violations: <none>

TIMING-16#19 Warning
Large setup violation  
There is a large setup violation of -2.600 ns between system_i/accel/inst/u_accel/FIXED_MODE.nn_core/pipeline/layer_3/act_mem_reg/CLKBWRCLK (clocked by clk_fpga_0) and system_i/accel/inst/u_accel/FIXED_MODE.nn_core/pipeline/layer_3/acc_reg[28]/D (clocked by clk_fpga_0). Large setup violations at the end of those stages might be difficult to fix during the post-placement implementation flow and could be the result of non-optimal XDC constraints or non-optimal design architecture
Related violations: <none>

TIMING-16#20 Warning
Large setup violation  
There is a large setup violation of -2.621 ns between system_i/accel/inst/u_accel/FIXED_MODE.nn_core/pipeline/layer_3/act_mem_reg/CLKBWRCLK (clocked by clk_fpga_0) and system_i/accel/inst/u_accel/FIXED_MODE.nn_core/pipeline/layer_3/acc_reg[30]/D (clocked by clk_fpga_0). Large setup violations at the end of those stages might be difficult to fix during the post-placement implementation flow and could be the result of non-optimal XDC constraints or non-optimal design architecture
Related violations: <none>

TIMING-16#21 Warning
Large setup violation  
There is a large setup violation of -2.694 ns between system_i/accel/inst/u_accel/FIXED_MODE.nn_core/pipeline/layer_3/act_mem_reg/CLKBWRCLK (clocked by clk_fpga_0) and system_i/accel/inst/u_accel/FIXED_MODE.nn_core/pipeline/layer_3/acc_reg[31]/D (clocked by clk_fpga_0). Large setup violations at the end of those stages might be difficult to fix during the post-placement implementation flow and could be the result of non-optimal XDC constraints or non-optimal design architecture
Related violations: <none>

TIMING-16#22 Warning
Large setup violation  
There is a large setup violation of -2.713 ns between system_i/accel/inst/u_accel/FIXED_MODE.nn_core/pipeline/layer_3/act_mem_reg/CLKBWRCLK (clocked by clk_fpga_0) and system_i/accel/inst/u_accel/FIXED_MODE.nn_core/pipeline/layer_3/acc_reg[29]/D (clocked by clk_fpga_0). Large setup violations at the end of those stages might be difficult to fix during the post-placement implementation flow and could be the result of non-optimal XDC constraints or non-optimal design architecture
Related violations: <none>

TIMING-16#23 Warning
Large setup violation  
There is a large setup violation of -2.752 ns between system_i/accel/inst/u_accel/FIXED_MODE.nn_core/pipeline/layer_3/act_mem_reg/CLKBWRCLK (clocked by clk_fpga_0) and system_i/accel/inst/u_accel/FIXED_MODE.nn_core/pipeline/layer_3/commit_val_reg[20]/D (clocked by clk_fpga_0). Large setup violations at the end of those stages might be difficult to fix during the post-placement implementation flow and could be the result of non-optimal XDC constraints or non-optimal design architecture
Related violations: <none>

TIMING-16#24 Warning
Large setup violation  
There is a large setup violation of -2.779 ns between system_i/accel/inst/u_accel/FIXED_MODE.nn_core/pipeline/layer_3/act_mem_reg/CLKBWRCLK (clocked by clk_fpga_0) and system_i/accel/inst/u_accel/FIXED_MODE.nn_core/pipeline/layer_3/commit_val_reg[22]/D (clocked by clk_fpga_0). Large setup violations at the end of those stages might be difficult to fix during the post-placement implementation flow and could be the result of non-optimal XDC constraints or non-optimal design architecture
Related violations: <none>

TIMING-16#25 Warning
Large setup violation  
There is a large setup violation of -2.799 ns between system_i/accel/inst/u_accel/FIXED_MODE.nn_core/pipeline/layer_0/control_unit/ch_out_cnt_reg[2]/C (clocked by clk_fpga_0) and system_i/accel/inst/u_accel/FIXED_MODE.nn_core/pipeline/layer_0/control_unit/out_waddr0__0/PCIN[0] (clocked by clk_fpga_0). Large setup violations at the end of those stages might be difficult to fix during the post-placement implementation flow and could be the result of non-optimal XDC constraints or non-optimal design architecture
Related violations: <none>

TIMING-16#26 Warning
Large setup violation  
There is a large setup violation of -2.799 ns between system_i/accel/inst/u_accel/FIXED_MODE.nn_core/pipeline/layer_0/control_unit/ch_out_cnt_reg[2]/C (clocked by clk_fpga_0) and system_i/accel/inst/u_accel/FIXED_MODE.nn_core/pipeline/layer_0/control_unit/out_waddr0__0/PCIN[10] (clocked by clk_fpga_0). Large setup violations at the end of those stages might be difficult to fix during the post-placement implementation flow and could be the result of non-optimal XDC constraints or non-optimal design architecture
Related violations: <none>

TIMING-16#27 Warning
Large setup violation  
There is a large setup violation of -2.799 ns between system_i/accel/inst/u_accel/FIXED_MODE.nn_core/pipeline/layer_0/control_unit/ch_out_cnt_reg[2]/C (clocked by clk_fpga_0) and system_i/accel/inst/u_accel/FIXED_MODE.nn_core/pipeline/layer_0/control_unit/out_waddr0__0/PCIN[11] (clocked by clk_fpga_0). Large setup violations at the end of those stages might be difficult to fix during the post-placement implementation flow and could be the result of non-optimal XDC constraints or non-optimal design architecture
Related violations: <none>

TIMING-16#28 Warning
Large setup violation  
There is a large setup violation of -2.799 ns between system_i/accel/inst/u_accel/FIXED_MODE.nn_core/pipeline/layer_0/control_unit/ch_out_cnt_reg[2]/C (clocked by clk_fpga_0) and system_i/accel/inst/u_accel/FIXED_MODE.nn_core/pipeline/layer_0/control_unit/out_waddr0__0/PCIN[12] (clocked by clk_fpga_0). Large setup violations at the end of those stages might be difficult to fix during the post-placement implementation flow and could be the result of non-optimal XDC constraints or non-optimal design architecture
Related violations: <none>

TIMING-16#29 Warning
Large setup violation  
There is a large setup violation of -2.799 ns between system_i/accel/inst/u_accel/FIXED_MODE.nn_core/pipeline/layer_0/control_unit/ch_out_cnt_reg[2]/C (clocked by clk_fpga_0) and system_i/accel/inst/u_accel/FIXED_MODE.nn_core/pipeline/layer_0/control_unit/out_waddr0__0/PCIN[13] (clocked by clk_fpga_0). Large setup violations at the end of those stages might be difficult to fix during the post-placement implementation flow and could be the result of non-optimal XDC constraints or non-optimal design architecture
Related violations: <none>

TIMING-16#30 Warning
Large setup violation  
There is a large setup violation of -2.799 ns between system_i/accel/inst/u_accel/FIXED_MODE.nn_core/pipeline/layer_0/control_unit/ch_out_cnt_reg[2]/C (clocked by clk_fpga_0) and system_i/accel/inst/u_accel/FIXED_MODE.nn_core/pipeline/layer_0/control_unit/out_waddr0__0/PCIN[14] (clocked by clk_fpga_0). Large setup violations at the end of those stages might be difficult to fix during the post-placement implementation flow and could be the result of non-optimal XDC constraints or non-optimal design architecture
Related violations: <none>

TIMING-16#31 Warning
Large setup violation  
There is a large setup violation of -2.799 ns between system_i/accel/inst/u_accel/FIXED_MODE.nn_core/pipeline/layer_0/control_unit/ch_out_cnt_reg[2]/C (clocked by clk_fpga_0) and system_i/accel/inst/u_accel/FIXED_MODE.nn_core/pipeline/layer_0/control_unit/out_waddr0__0/PCIN[15] (clocked by clk_fpga_0). Large setup violations at the end of those stages might be difficult to fix during the post-placement implementation flow and could be the result of non-optimal XDC constraints or non-optimal design architecture
Related violations: <none>

TIMING-16#32 Warning
Large setup violation  
There is a large setup violation of -2.799 ns between system_i/accel/inst/u_accel/FIXED_MODE.nn_core/pipeline/layer_0/control_unit/ch_out_cnt_reg[2]/C (clocked by clk_fpga_0) and system_i/accel/inst/u_accel/FIXED_MODE.nn_core/pipeline/layer_0/control_unit/out_waddr0__0/PCIN[16] (clocked by clk_fpga_0). Large setup violations at the end of those stages might be difficult to fix during the post-placement implementation flow and could be the result of non-optimal XDC constraints or non-optimal design architecture
Related violations: <none>

TIMING-16#33 Warning
Large setup violation  
There is a large setup violation of -2.799 ns between system_i/accel/inst/u_accel/FIXED_MODE.nn_core/pipeline/layer_0/control_unit/ch_out_cnt_reg[2]/C (clocked by clk_fpga_0) and system_i/accel/inst/u_accel/FIXED_MODE.nn_core/pipeline/layer_0/control_unit/out_waddr0__0/PCIN[17] (clocked by clk_fpga_0). Large setup violations at the end of those stages might be difficult to fix during the post-placement implementation flow and could be the result of non-optimal XDC constraints or non-optimal design architecture
Related violations: <none>

TIMING-16#34 Warning
Large setup violation  
There is a large setup violation of -2.799 ns between system_i/accel/inst/u_accel/FIXED_MODE.nn_core/pipeline/layer_0/control_unit/ch_out_cnt_reg[2]/C (clocked by clk_fpga_0) and system_i/accel/inst/u_accel/FIXED_MODE.nn_core/pipeline/layer_0/control_unit/out_waddr0__0/PCIN[18] (clocked by clk_fpga_0). Large setup violations at the end of those stages might be difficult to fix during the post-placement implementation flow and could be the result of non-optimal XDC constraints or non-optimal design architecture
Related violations: <none>

TIMING-16#35 Warning
Large setup violation  
There is a large setup violation of -2.799 ns between system_i/accel/inst/u_accel/FIXED_MODE.nn_core/pipeline/layer_0/control_unit/ch_out_cnt_reg[2]/C (clocked by clk_fpga_0) and system_i/accel/inst/u_accel/FIXED_MODE.nn_core/pipeline/layer_0/control_unit/out_waddr0__0/PCIN[19] (clocked by clk_fpga_0). Large setup violations at the end of those stages might be difficult to fix during the post-placement implementation flow and could be the result of non-optimal XDC constraints or non-optimal design architecture
Related violations: <none>

TIMING-16#36 Warning
Large setup violation  
There is a large setup violation of -2.799 ns between system_i/accel/inst/u_accel/FIXED_MODE.nn_core/pipeline/layer_0/control_unit/ch_out_cnt_reg[2]/C (clocked by clk_fpga_0) and system_i/accel/inst/u_accel/FIXED_MODE.nn_core/pipeline/layer_0/control_unit/out_waddr0__0/PCIN[1] (clocked by clk_fpga_0). Large setup violations at the end of those stages might be difficult to fix during the post-placement implementation flow and could be the result of non-optimal XDC constraints or non-optimal design architecture
Related violations: <none>

TIMING-16#37 Warning
Large setup violation  
There is a large setup violation of -2.799 ns between system_i/accel/inst/u_accel/FIXED_MODE.nn_core/pipeline/layer_0/control_unit/ch_out_cnt_reg[2]/C (clocked by clk_fpga_0) and system_i/accel/inst/u_accel/FIXED_MODE.nn_core/pipeline/layer_0/control_unit/out_waddr0__0/PCIN[20] (clocked by clk_fpga_0). Large setup violations at the end of those stages might be difficult to fix during the post-placement implementation flow and could be the result of non-optimal XDC constraints or non-optimal design architecture
Related violations: <none>

TIMING-16#38 Warning
Large setup violation  
There is a large setup violation of -2.799 ns between system_i/accel/inst/u_accel/FIXED_MODE.nn_core/pipeline/layer_0/control_unit/ch_out_cnt_reg[2]/C (clocked by clk_fpga_0) and system_i/accel/inst/u_accel/FIXED_MODE.nn_core/pipeline/layer_0/control_unit/out_waddr0__0/PCIN[21] (clocked by clk_fpga_0). Large setup violations at the end of those stages might be difficult to fix during the post-placement implementation flow and could be the result of non-optimal XDC constraints or non-optimal design architecture
Related violations: <none>

TIMING-16#39 Warning
Large setup violation  
There is a large setup violation of -2.799 ns between system_i/accel/inst/u_accel/FIXED_MODE.nn_core/pipeline/layer_0/control_unit/ch_out_cnt_reg[2]/C (clocked by clk_fpga_0) and system_i/accel/inst/u_accel/FIXED_MODE.nn_core/pipeline/layer_0/control_unit/out_waddr0__0/PCIN[22] (clocked by clk_fpga_0). Large setup violations at the end of those stages might be difficult to fix during the post-placement implementation flow and could be the result of non-optimal XDC constraints or non-optimal design architecture
Related violations: <none>

TIMING-16#40 Warning
Large setup violation  
There is a large setup violation of -2.799 ns between system_i/accel/inst/u_accel/FIXED_MODE.nn_core/pipeline/layer_0/control_unit/ch_out_cnt_reg[2]/C (clocked by clk_fpga_0) and system_i/accel/inst/u_accel/FIXED_MODE.nn_core/pipeline/layer_0/control_unit/out_waddr0__0/PCIN[23] (clocked by clk_fpga_0). Large setup violations at the end of those stages might be difficult to fix during the post-placement implementation flow and could be the result of non-optimal XDC constraints or non-optimal design architecture
Related violations: <none>

TIMING-16#41 Warning
Large setup violation  
There is a large setup violation of -2.799 ns between system_i/accel/inst/u_accel/FIXED_MODE.nn_core/pipeline/layer_0/control_unit/ch_out_cnt_reg[2]/C (clocked by clk_fpga_0) and system_i/accel/inst/u_accel/FIXED_MODE.nn_core/pipeline/layer_0/control_unit/out_waddr0__0/PCIN[24] (clocked by clk_fpga_0). Large setup violations at the end of those stages might be difficult to fix during the post-placement implementation flow and could be the result of non-optimal XDC constraints or non-optimal design architecture
Related violations: <none>

TIMING-16#42 Warning
Large setup violation  
There is a large setup violation of -2.799 ns between system_i/accel/inst/u_accel/FIXED_MODE.nn_core/pipeline/layer_0/control_unit/ch_out_cnt_reg[2]/C (clocked by clk_fpga_0) and system_i/accel/inst/u_accel/FIXED_MODE.nn_core/pipeline/layer_0/control_unit/out_waddr0__0/PCIN[25] (clocked by clk_fpga_0). Large setup violations at the end of those stages might be difficult to fix during the post-placement implementation flow and could be the result of non-optimal XDC constraints or non-optimal design architecture
Related violations: <none>

TIMING-16#43 Warning
Large setup violation  
There is a large setup violation of -2.799 ns between system_i/accel/inst/u_accel/FIXED_MODE.nn_core/pipeline/layer_0/control_unit/ch_out_cnt_reg[2]/C (clocked by clk_fpga_0) and system_i/accel/inst/u_accel/FIXED_MODE.nn_core/pipeline/layer_0/control_unit/out_waddr0__0/PCIN[26] (clocked by clk_fpga_0). Large setup violations at the end of those stages might be difficult to fix during the post-placement implementation flow and could be the result of non-optimal XDC constraints or non-optimal design architecture
Related violations: <none>

TIMING-16#44 Warning
Large setup violation  
There is a large setup violation of -2.799 ns between system_i/accel/inst/u_accel/FIXED_MODE.nn_core/pipeline/layer_0/control_unit/ch_out_cnt_reg[2]/C (clocked by clk_fpga_0) and system_i/accel/inst/u_accel/FIXED_MODE.nn_core/pipeline/layer_0/control_unit/out_waddr0__0/PCIN[27] (clocked by clk_fpga_0). Large setup violations at the end of those stages might be difficult to fix during the post-placement implementation flow and could be the result of non-optimal XDC constraints or non-optimal design architecture
Related violations: <none>

TIMING-16#45 Warning
Large setup violation  
There is a large setup violation of -2.799 ns between system_i/accel/inst/u_accel/FIXED_MODE.nn_core/pipeline/layer_0/control_unit/ch_out_cnt_reg[2]/C (clocked by clk_fpga_0) and system_i/accel/inst/u_accel/FIXED_MODE.nn_core/pipeline/layer_0/control_unit/out_waddr0__0/PCIN[28] (clocked by clk_fpga_0). Large setup violations at the end of those stages might be difficult to fix during the post-placement implementation flow and could be the result of non-optimal XDC constraints or non-optimal design architecture
Related violations: <none>

TIMING-16#46 Warning
Large setup violation  
There is a large setup violation of -2.799 ns between system_i/accel/inst/u_accel/FIXED_MODE.nn_core/pipeline/layer_0/control_unit/ch_out_cnt_reg[2]/C (clocked by clk_fpga_0) and system_i/accel/inst/u_accel/FIXED_MODE.nn_core/pipeline/layer_0/control_unit/out_waddr0__0/PCIN[29] (clocked by clk_fpga_0). Large setup violations at the end of those stages might be difficult to fix during the post-placement implementation flow and could be the result of non-optimal XDC constraints or non-optimal design architecture
Related violations: <none>

TIMING-16#47 Warning
Large setup violation  
There is a large setup violation of -2.799 ns between system_i/accel/inst/u_accel/FIXED_MODE.nn_core/pipeline/layer_0/control_unit/ch_out_cnt_reg[2]/C (clocked by clk_fpga_0) and system_i/accel/inst/u_accel/FIXED_MODE.nn_core/pipeline/layer_0/control_unit/out_waddr0__0/PCIN[2] (clocked by clk_fpga_0). Large setup violations at the end of those stages might be difficult to fix during the post-placement implementation flow and could be the result of non-optimal XDC constraints or non-optimal design architecture
Related violations: <none>

TIMING-16#48 Warning
Large setup violation  
There is a large setup violation of -2.799 ns between system_i/accel/inst/u_accel/FIXED_MODE.nn_core/pipeline/layer_0/control_unit/ch_out_cnt_reg[2]/C (clocked by clk_fpga_0) and system_i/accel/inst/u_accel/FIXED_MODE.nn_core/pipeline/layer_0/control_unit/out_waddr0__0/PCIN[30] (clocked by clk_fpga_0). Large setup violations at the end of those stages might be difficult to fix during the post-placement implementation flow and could be the result of non-optimal XDC constraints or non-optimal design architecture
Related violations: <none>

TIMING-16#49 Warning
Large setup violation  
There is a large setup violation of -2.799 ns between system_i/accel/inst/u_accel/FIXED_MODE.nn_core/pipeline/layer_0/control_unit/ch_out_cnt_reg[2]/C (clocked by clk_fpga_0) and system_i/accel/inst/u_accel/FIXED_MODE.nn_core/pipeline/layer_0/control_unit/out_waddr0__0/PCIN[31] (clocked by clk_fpga_0). Large setup violations at the end of those stages might be difficult to fix during the post-placement implementation flow and could be the result of non-optimal XDC constraints or non-optimal design architecture
Related violations: <none>

TIMING-16#50 Warning
Large setup violation  
There is a large setup violation of -2.799 ns between system_i/accel/inst/u_accel/FIXED_MODE.nn_core/pipeline/layer_0/control_unit/ch_out_cnt_reg[2]/C (clocked by clk_fpga_0) and system_i/accel/inst/u_accel/FIXED_MODE.nn_core/pipeline/layer_0/control_unit/out_waddr0__0/PCIN[32] (clocked by clk_fpga_0). Large setup violations at the end of those stages might be difficult to fix during the post-placement implementation flow and could be the result of non-optimal XDC constraints or non-optimal design architecture
Related violations: <none>

TIMING-16#51 Warning
Large setup violation  
There is a large setup violation of -2.799 ns between system_i/accel/inst/u_accel/FIXED_MODE.nn_core/pipeline/layer_0/control_unit/ch_out_cnt_reg[2]/C (clocked by clk_fpga_0) and system_i/accel/inst/u_accel/FIXED_MODE.nn_core/pipeline/layer_0/control_unit/out_waddr0__0/PCIN[33] (clocked by clk_fpga_0). Large setup violations at the end of those stages might be difficult to fix during the post-placement implementation flow and could be the result of non-optimal XDC constraints or non-optimal design architecture
Related violations: <none>

TIMING-16#52 Warning
Large setup violation  
There is a large setup violation of -2.799 ns between system_i/accel/inst/u_accel/FIXED_MODE.nn_core/pipeline/layer_0/control_unit/ch_out_cnt_reg[2]/C (clocked by clk_fpga_0) and system_i/accel/inst/u_accel/FIXED_MODE.nn_core/pipeline/layer_0/control_unit/out_waddr0__0/PCIN[34] (clocked by clk_fpga_0). Large setup violations at the end of those stages might be difficult to fix during the post-placement implementation flow and could be the result of non-optimal XDC constraints or non-optimal design architecture
Related violations: <none>

TIMING-16#53 Warning
Large setup violation  
There is a large setup violation of -2.799 ns between system_i/accel/inst/u_accel/FIXED_MODE.nn_core/pipeline/layer_0/control_unit/ch_out_cnt_reg[2]/C (clocked by clk_fpga_0) and system_i/accel/inst/u_accel/FIXED_MODE.nn_core/pipeline/layer_0/control_unit/out_waddr0__0/PCIN[35] (clocked by clk_fpga_0). Large setup violations at the end of those stages might be difficult to fix during the post-placement implementation flow and could be the result of non-optimal XDC constraints or non-optimal design architecture
Related violations: <none>

TIMING-16#54 Warning
Large setup violation  
There is a large setup violation of -2.799 ns between system_i/accel/inst/u_accel/FIXED_MODE.nn_core/pipeline/layer_0/control_unit/ch_out_cnt_reg[2]/C (clocked by clk_fpga_0) and system_i/accel/inst/u_accel/FIXED_MODE.nn_core/pipeline/layer_0/control_unit/out_waddr0__0/PCIN[36] (clocked by clk_fpga_0). Large setup violations at the end of those stages might be difficult to fix during the post-placement implementation flow and could be the result of non-optimal XDC constraints or non-optimal design architecture
Related violations: <none>

TIMING-16#55 Warning
Large setup violation  
There is a large setup violation of -2.799 ns between system_i/accel/inst/u_accel/FIXED_MODE.nn_core/pipeline/layer_0/control_unit/ch_out_cnt_reg[2]/C (clocked by clk_fpga_0) and system_i/accel/inst/u_accel/FIXED_MODE.nn_core/pipeline/layer_0/control_unit/out_waddr0__0/PCIN[37] (clocked by clk_fpga_0). Large setup violations at the end of those stages might be difficult to fix during the post-placement implementation flow and could be the result of non-optimal XDC constraints or non-optimal design architecture
Related violations: <none>

TIMING-16#56 Warning
Large setup violation  
There is a large setup violation of -2.799 ns between system_i/accel/inst/u_accel/FIXED_MODE.nn_core/pipeline/layer_0/control_unit/ch_out_cnt_reg[2]/C (clocked by clk_fpga_0) and system_i/accel/inst/u_accel/FIXED_MODE.nn_core/pipeline/layer_0/control_unit/out_waddr0__0/PCIN[38] (clocked by clk_fpga_0). Large setup violations at the end of those stages might be difficult to fix during the post-placement implementation flow and could be the result of non-optimal XDC constraints or non-optimal design architecture
Related violations: <none>

TIMING-16#57 Warning
Large setup violation  
There is a large setup violation of -2.799 ns between system_i/accel/inst/u_accel/FIXED_MODE.nn_core/pipeline/layer_0/control_unit/ch_out_cnt_reg[2]/C (clocked by clk_fpga_0) and system_i/accel/inst/u_accel/FIXED_MODE.nn_core/pipeline/layer_0/control_unit/out_waddr0__0/PCIN[39] (clocked by clk_fpga_0). Large setup violations at the end of those stages might be difficult to fix during the post-placement implementation flow and could be the result of non-optimal XDC constraints or non-optimal design architecture
Related violations: <none>

TIMING-16#58 Warning
Large setup violation  
There is a large setup violation of -2.799 ns between system_i/accel/inst/u_accel/FIXED_MODE.nn_core/pipeline/layer_0/control_unit/ch_out_cnt_reg[2]/C (clocked by clk_fpga_0) and system_i/accel/inst/u_accel/FIXED_MODE.nn_core/pipeline/layer_0/control_unit/out_waddr0__0/PCIN[3] (clocked by clk_fpga_0). Large setup violations at the end of those stages might be difficult to fix during the post-placement implementation flow and could be the result of non-optimal XDC constraints or non-optimal design architecture
Related violations: <none>

TIMING-16#59 Warning
Large setup violation  
There is a large setup violation of -2.799 ns between system_i/accel/inst/u_accel/FIXED_MODE.nn_core/pipeline/layer_0/control_unit/ch_out_cnt_reg[2]/C (clocked by clk_fpga_0) and system_i/accel/inst/u_accel/FIXED_MODE.nn_core/pipeline/layer_0/control_unit/out_waddr0__0/PCIN[40] (clocked by clk_fpga_0). Large setup violations at the end of those stages might be difficult to fix during the post-placement implementation flow and could be the result of non-optimal XDC constraints or non-optimal design architecture
Related violations: <none>

TIMING-16#60 Warning
Large setup violation  
There is a large setup violation of -2.799 ns between system_i/accel/inst/u_accel/FIXED_MODE.nn_core/pipeline/layer_0/control_unit/ch_out_cnt_reg[2]/C (clocked by clk_fpga_0) and system_i/accel/inst/u_accel/FIXED_MODE.nn_core/pipeline/layer_0/control_unit/out_waddr0__0/PCIN[41] (clocked by clk_fpga_0). Large setup violations at the end of those stages might be difficult to fix during the post-placement implementation flow and could be the result of non-optimal XDC constraints or non-optimal design architecture
Related violations: <none>

TIMING-16#61 Warning
Large setup violation  
There is a large setup violation of -2.799 ns between system_i/accel/inst/u_accel/FIXED_MODE.nn_core/pipeline/layer_0/control_unit/ch_out_cnt_reg[2]/C (clocked by clk_fpga_0) and system_i/accel/inst/u_accel/FIXED_MODE.nn_core/pipeline/layer_0/control_unit/out_waddr0__0/PCIN[42] (clocked by clk_fpga_0). Large setup violations at the end of those stages might be difficult to fix during the post-placement implementation flow and could be the result of non-optimal XDC constraints or non-optimal design architecture
Related violations: <none>

TIMING-16#62 Warning
Large setup violation  
There is a large setup violation of -2.799 ns between system_i/accel/inst/u_accel/FIXED_MODE.nn_core/pipeline/layer_0/control_unit/ch_out_cnt_reg[2]/C (clocked by clk_fpga_0) and system_i/accel/inst/u_accel/FIXED_MODE.nn_core/pipeline/layer_0/control_unit/out_waddr0__0/PCIN[43] (clocked by clk_fpga_0). Large setup violations at the end of those stages might be difficult to fix during the post-placement implementation flow and could be the result of non-optimal XDC constraints or non-optimal design architecture
Related violations: <none>

TIMING-16#63 Warning
Large setup violation  
There is a large setup violation of -2.799 ns between system_i/accel/inst/u_accel/FIXED_MODE.nn_core/pipeline/layer_0/control_unit/ch_out_cnt_reg[2]/C (clocked by clk_fpga_0) and system_i/accel/inst/u_accel/FIXED_MODE.nn_core/pipeline/layer_0/control_unit/out_waddr0__0/PCIN[44] (clocked by clk_fpga_0). Large setup violations at the end of those stages might be difficult to fix during the post-placement implementation flow and could be the result of non-optimal XDC constraints or non-optimal design architecture
Related violations: <none>

TIMING-16#64 Warning
Large setup violation  
There is a large setup violation of -2.799 ns between system_i/accel/inst/u_accel/FIXED_MODE.nn_core/pipeline/layer_0/control_unit/ch_out_cnt_reg[2]/C (clocked by clk_fpga_0) and system_i/accel/inst/u_accel/FIXED_MODE.nn_core/pipeline/layer_0/control_unit/out_waddr0__0/PCIN[45] (clocked by clk_fpga_0). Large setup violations at the end of those stages might be difficult to fix during the post-placement implementation flow and could be the result of non-optimal XDC constraints or non-optimal design architecture
Related violations: <none>

TIMING-16#65 Warning
Large setup violation  
There is a large setup violation of -2.799 ns between system_i/accel/inst/u_accel/FIXED_MODE.nn_core/pipeline/layer_0/control_unit/ch_out_cnt_reg[2]/C (clocked by clk_fpga_0) and system_i/accel/inst/u_accel/FIXED_MODE.nn_core/pipeline/layer_0/control_unit/out_waddr0__0/PCIN[46] (clocked by clk_fpga_0). Large setup violations at the end of those stages might be difficult to fix during the post-placement implementation flow and could be the result of non-optimal XDC constraints or non-optimal design architecture
Related violations: <none>

TIMING-16#66 Warning
Large setup violation  
There is a large setup violation of -2.799 ns between system_i/accel/inst/u_accel/FIXED_MODE.nn_core/pipeline/layer_0/control_unit/ch_out_cnt_reg[2]/C (clocked by clk_fpga_0) and system_i/accel/inst/u_accel/FIXED_MODE.nn_core/pipeline/layer_0/control_unit/out_waddr0__0/PCIN[47] (clocked by clk_fpga_0). Large setup violations at the end of those stages might be difficult to fix during the post-placement implementation flow and could be the result of non-optimal XDC constraints or non-optimal design architecture
Related violations: <none>

TIMING-16#67 Warning
Large setup violation  
There is a large setup violation of -2.799 ns between system_i/accel/inst/u_accel/FIXED_MODE.nn_core/pipeline/layer_0/control_unit/ch_out_cnt_reg[2]/C (clocked by clk_fpga_0) and system_i/accel/inst/u_accel/FIXED_MODE.nn_core/pipeline/layer_0/control_unit/out_waddr0__0/PCIN[4] (clocked by clk_fpga_0). Large setup violations at the end of those stages might be difficult to fix during the post-placement implementation flow and could be the result of non-optimal XDC constraints or non-optimal design architecture
Related violations: <none>

TIMING-16#68 Warning
Large setup violation  
There is a large setup violation of -2.799 ns between system_i/accel/inst/u_accel/FIXED_MODE.nn_core/pipeline/layer_0/control_unit/ch_out_cnt_reg[2]/C (clocked by clk_fpga_0) and system_i/accel/inst/u_accel/FIXED_MODE.nn_core/pipeline/layer_0/control_unit/out_waddr0__0/PCIN[5] (clocked by clk_fpga_0). Large setup violations at the end of those stages might be difficult to fix during the post-placement implementation flow and could be the result of non-optimal XDC constraints or non-optimal design architecture
Related violations: <none>

TIMING-16#69 Warning
Large setup violation  
There is a large setup violation of -2.799 ns between system_i/accel/inst/u_accel/FIXED_MODE.nn_core/pipeline/layer_0/control_unit/ch_out_cnt_reg[2]/C (clocked by clk_fpga_0) and system_i/accel/inst/u_accel/FIXED_MODE.nn_core/pipeline/layer_0/control_unit/out_waddr0__0/PCIN[6] (clocked by clk_fpga_0). Large setup violations at the end of those stages might be difficult to fix during the post-placement implementation flow and could be the result of non-optimal XDC constraints or non-optimal design architecture
Related violations: <none>

TIMING-16#70 Warning
Large setup violation  
There is a large setup violation of -2.799 ns between system_i/accel/inst/u_accel/FIXED_MODE.nn_core/pipeline/layer_0/control_unit/ch_out_cnt_reg[2]/C (clocked by clk_fpga_0) and system_i/accel/inst/u_accel/FIXED_MODE.nn_core/pipeline/layer_0/control_unit/out_waddr0__0/PCIN[7] (clocked by clk_fpga_0). Large setup violations at the end of those stages might be difficult to fix during the post-placement implementation flow and could be the result of non-optimal XDC constraints or non-optimal design architecture
Related violations: <none>

TIMING-16#71 Warning
Large setup violation  
There is a large setup violation of -2.799 ns between system_i/accel/inst/u_accel/FIXED_MODE.nn_core/pipeline/layer_0/control_unit/ch_out_cnt_reg[2]/C (clocked by clk_fpga_0) and system_i/accel/inst/u_accel/FIXED_MODE.nn_core/pipeline/layer_0/control_unit/out_waddr0__0/PCIN[8] (clocked by clk_fpga_0). Large setup violations at the end of those stages might be difficult to fix during the post-placement implementation flow and could be the result of non-optimal XDC constraints or non-optimal design architecture
Related violations: <none>

TIMING-16#72 Warning
Large setup violation  
There is a large setup violation of -2.799 ns between system_i/accel/inst/u_accel/FIXED_MODE.nn_core/pipeline/layer_0/control_unit/ch_out_cnt_reg[2]/C (clocked by clk_fpga_0) and system_i/accel/inst/u_accel/FIXED_MODE.nn_core/pipeline/layer_0/control_unit/out_waddr0__0/PCIN[9] (clocked by clk_fpga_0). Large setup violations at the end of those stages might be difficult to fix during the post-placement implementation flow and could be the result of non-optimal XDC constraints or non-optimal design architecture
Related violations: <none>

TIMING-16#73 Warning
Large setup violation  
There is a large setup violation of -2.856 ns between system_i/accel/inst/u_accel/FIXED_MODE.nn_core/pipeline/layer_3/act_mem_reg/CLKBWRCLK (clocked by clk_fpga_0) and system_i/accel/inst/u_accel/FIXED_MODE.nn_core/pipeline/layer_3/commit_val_reg[23]/D (clocked by clk_fpga_0). Large setup violations at the end of those stages might be difficult to fix during the post-placement implementation flow and could be the result of non-optimal XDC constraints or non-optimal design architecture
Related violations: <none>

TIMING-16#74 Warning
Large setup violation  
There is a large setup violation of -2.870 ns between system_i/accel/inst/u_accel/FIXED_MODE.nn_core/pipeline/layer_3/act_mem_reg/CLKBWRCLK (clocked by clk_fpga_0) and system_i/accel/inst/u_accel/FIXED_MODE.nn_core/pipeline/layer_3/commit_val_reg[21]/D (clocked by clk_fpga_0). Large setup violations at the end of those stages might be difficult to fix during the post-placement implementation flow and could be the result of non-optimal XDC constraints or non-optimal design architecture
Related violations: <none>

TIMING-16#75 Warning
Large setup violation  
There is a large setup violation of -3.086 ns between system_i/accel/inst/u_accel/FIXED_MODE.nn_core/pipeline/layer_3/act_mem_reg/CLKBWRCLK (clocked by clk_fpga_0) and system_i/accel/inst/u_accel/FIXED_MODE.nn_core/pipeline/layer_3/commit_val_reg[24]/D (clocked by clk_fpga_0). Large setup violations at the end of those stages might be difficult to fix during the post-placement implementation flow and could be the result of non-optimal XDC constraints or non-optimal design architecture
Related violations: <none>

TIMING-16#76 Warning
Large setup violation  
There is a large setup violation of -3.147 ns between system_i/accel/inst/u_accel/FIXED_MODE.nn_core/pipeline/layer_3/act_mem_reg/CLKBWRCLK (clocked by clk_fpga_0) and system_i/accel/inst/u_accel/FIXED_MODE.nn_core/pipeline/layer_3/commit_val_reg[28]/D (clocked by clk_fpga_0). Large setup violations at the end of those stages might be difficult to fix during the post-placement implementation flow and could be the result of non-optimal XDC constraints or non-optimal design architecture
Related violations: <none>

TIMING-16#77 Warning
Large setup violation  
There is a large setup violation of -3.166 ns between system_i/accel/inst/u_accel/FIXED_MODE.nn_core/pipeline/layer_3/act_mem_reg/CLKBWRCLK (clocked by clk_fpga_0) and system_i/accel/inst/u_accel/FIXED_MODE.nn_core/pipeline/layer_3/commit_val_reg[25]/D (clocked by clk_fpga_0). Large setup violations at the end of those stages might be difficult to fix during the post-placement implementation flow and could be the result of non-optimal XDC constraints or non-optimal design architecture
Related violations: <none>

TIMING-16#78 Warning
Large setup violation  
There is a large setup violation of -3.188 ns between system_i/accel/inst/u_accel/FIXED_MODE.nn_core/pipeline/layer_3/act_mem_reg/CLKBWRCLK (clocked by clk_fpga_0) and system_i/accel/inst/u_accel/FIXED_MODE.nn_core/pipeline/layer_3/commit_val_reg[30]/D (clocked by clk_fpga_0). Large setup violations at the end of those stages might be difficult to fix during the post-placement implementation flow and could be the result of non-optimal XDC constraints or non-optimal design architecture
Related violations: <none>

TIMING-16#79 Warning
Large setup violation  
There is a large setup violation of -3.195 ns between system_i/accel/inst/u_accel/FIXED_MODE.nn_core/pipeline/layer_3/act_mem_reg/CLKBWRCLK (clocked by clk_fpga_0) and system_i/accel/inst/u_accel/FIXED_MODE.nn_core/pipeline/layer_3/commit_val_reg[26]/D (clocked by clk_fpga_0). Large setup violations at the end of those stages might be difficult to fix during the post-placement implementation flow and could be the result of non-optimal XDC constraints or non-optimal design architecture
Related violations: <none>

TIMING-16#80 Warning
Large setup violation  
There is a large setup violation of -3.201 ns between system_i/accel/inst/u_accel/FIXED_MODE.nn_core/pipeline/layer_2/control_unit/ch_in_cnt_reg[1]/C (clocked by clk_fpga_0) and system_i/accel/inst/u_accel/FIXED_MODE.nn_core/pipeline/layer_2/control_unit/act_raddr_reg[0]/D (clocked by clk_fpga_0). Large setup violations at the end of those stages might be difficult to fix during the post-placement implementation flow and could be the result of non-optimal XDC constraints or non-optimal design architecture
Related violations: <none>

TIMING-16#81 Warning
Large setup violation  
There is a large setup violation of -3.274 ns between system_i/accel/inst/u_accel/FIXED_MODE.nn_core/pipeline/layer_3/act_mem_reg/CLKBWRCLK (clocked by clk_fpga_0) and system_i/accel/inst/u_accel/FIXED_MODE.nn_core/pipeline/layer_3/commit_val_reg[29]/D (clocked by clk_fpga_0). Large setup violations at the end of those stages might be difficult to fix during the post-placement implementation flow and could be the result of non-optimal XDC constraints or non-optimal design architecture
Related violations: <none>

TIMING-16#82 Warning
Large setup violation  
There is a large setup violation of -3.275 ns between system_i/accel/inst/u_accel/FIXED_MODE.nn_core/pipeline/layer_3/act_mem_reg/CLKBWRCLK (clocked by clk_fpga_0) and system_i/accel/inst/u_accel/FIXED_MODE.nn_core/pipeline/layer_3/commit_val_reg[27]/D (clocked by clk_fpga_0). Large setup violations at the end of those stages might be difficult to fix during the post-placement implementation flow and could be the result of non-optimal XDC constraints or non-optimal design architecture
Related violations: <none>

TIMING-16#83 Warning
Large setup violation  
There is a large setup violation of -3.304 ns between system_i/accel/inst/u_accel/FIXED_MODE.nn_core/pipeline/layer_1/control_unit/ch_in_cnt_reg[3]/C (clocked by clk_fpga_0) and system_i/accel/inst/u_accel/FIXED_MODE.nn_core/pipeline/layer_1/control_unit/act_raddr_reg[0]/D (clocked by clk_fpga_0). Large setup violations at the end of those stages might be difficult to fix during the post-placement implementation flow and could be the result of non-optimal XDC constraints or non-optimal design architecture
Related violations: <none>

TIMING-16#84 Warning
Large setup violation  
There is a large setup violation of -3.311 ns between system_i/accel/inst/u_accel/FIXED_MODE.nn_core/pipeline/layer_0/control_unit/ch_out_cnt_reg[0]_replica/C (clocked by clk_fpga_0) and system_i/accel/inst/u_accel/FIXED_MODE.nn_core/pipeline/layer_0/control_unit/wgt_raddr_reg[0]/D (clocked by clk_fpga_0). Large setup violations at the end of those stages might be difficult to fix during the post-placement implementation flow and could be the result of non-optimal XDC constraints or non-optimal design architecture
Related violations: <none>

TIMING-16#85 Warning
Large setup violation  
There is a large setup violation of -3.378 ns between system_i/accel/inst/u_accel/FIXED_MODE.nn_core/pipeline/layer_2/control_unit/ch_in_cnt_reg[1]/C (clocked by clk_fpga_0) and system_i/accel/inst/u_accel/FIXED_MODE.nn_core/pipeline/layer_2/control_unit/act_raddr_reg[1]/D (clocked by clk_fpga_0). Large setup violations at the end of those stages might be difficult to fix during the post-placement implementation flow and could be the result of non-optimal XDC constraints or non-optimal design architecture
Related violations: <none>

TIMING-16#86 Warning
Large setup violation  
There is a large setup violation of -3.403 ns between system_i/accel/inst/u_accel/FIXED_MODE.nn_core/pipeline/layer_3/act_mem_reg/CLKBWRCLK (clocked by clk_fpga_0) and system_i/accel/inst/u_accel/FIXED_MODE.nn_core/pipeline/layer_3/commit_val_reg[31]/D (clocked by clk_fpga_0). Large setup violations at the end of those stages might be difficult to fix during the post-placement implementation flow and could be the result of non-optimal XDC constraints or non-optimal design architecture
Related violations: <none>

TIMING-16#87 Warning
Large setup violation  
There is a large setup violation of -3.481 ns between system_i/accel/inst/u_accel/FIXED_MODE.nn_core/pipeline/layer_1/control_unit/ch_in_cnt_reg[3]/C (clocked by clk_fpga_0) and system_i/accel/inst/u_accel/FIXED_MODE.nn_core/pipeline/layer_1/control_unit/act_raddr_reg[1]/D (clocked by clk_fpga_0). Large setup violations at the end of those stages might be difficult to fix during the post-placement implementation flow and could be the result of non-optimal XDC constraints or non-optimal design architecture
Related violations: <none>

TIMING-16#88 Warning
Large setup violation  
There is a large setup violation of -3.486 ns between system_i/accel/inst/u_accel/FIXED_MODE.nn_core/pipeline/layer_0/control_unit/ch_out_cnt_reg[0]_replica/C (clocked by clk_fpga_0) and system_i/accel/inst/u_accel/FIXED_MODE.nn_core/pipeline/layer_0/control_unit/wgt_raddr_reg[1]/D (clocked by clk_fpga_0). Large setup violations at the end of those stages might be difficult to fix during the post-placement implementation flow and could be the result of non-optimal XDC constraints or non-optimal design architecture
Related violations: <none>

TIMING-16#89 Warning
Large setup violation  
There is a large setup violation of -3.530 ns between system_i/accel/inst/u_accel/FIXED_MODE.nn_core/pipeline/layer_2/control_unit/ch_in_cnt_reg[1]/C (clocked by clk_fpga_0) and system_i/accel/inst/u_accel/FIXED_MODE.nn_core/pipeline/layer_2/control_unit/act_raddr_reg[2]/D (clocked by clk_fpga_0). Large setup violations at the end of those stages might be difficult to fix during the post-placement implementation flow and could be the result of non-optimal XDC constraints or non-optimal design architecture
Related violations: <none>

TIMING-16#90 Warning
Large setup violation  
There is a large setup violation of -3.590 ns between system_i/accel/inst/u_accel/FIXED_MODE.nn_core/pipeline/layer_2/control_unit/ch_in_cnt_reg[1]/C (clocked by clk_fpga_0) and system_i/accel/inst/u_accel/FIXED_MODE.nn_core/pipeline/layer_2/control_unit/act_raddr_reg[3]/D (clocked by clk_fpga_0). Large setup violations at the end of those stages might be difficult to fix during the post-placement implementation flow and could be the result of non-optimal XDC constraints or non-optimal design architecture
Related violations: <none>

TIMING-16#91 Warning
Large setup violation  
There is a large setup violation of -3.633 ns between system_i/accel/inst/u_accel/FIXED_MODE.nn_core/pipeline/layer_1/control_unit/ch_in_cnt_reg[3]/C (clocked by clk_fpga_0) and system_i/accel/inst/u_accel/FIXED_MODE.nn_core/pipeline/layer_1/control_unit/act_raddr_reg[2]/D (clocked by clk_fpga_0). Large setup violations at the end of those stages might be difficult to fix during the post-placement implementation flow and could be the result of non-optimal XDC constraints or non-optimal design architecture
Related violations: <none>

TIMING-16#92 Warning
Large setup violation  
There is a large setup violation of -3.693 ns between system_i/accel/inst/u_accel/FIXED_MODE.nn_core/pipeline/layer_1/control_unit/ch_in_cnt_reg[3]/C (clocked by clk_fpga_0) and system_i/accel/inst/u_accel/FIXED_MODE.nn_core/pipeline/layer_1/control_unit/act_raddr_reg[3]/D (clocked by clk_fpga_0). Large setup violations at the end of those stages might be difficult to fix during the post-placement implementation flow and could be the result of non-optimal XDC constraints or non-optimal design architecture
Related violations: <none>

TIMING-16#93 Warning
Large setup violation  
There is a large setup violation of -3.723 ns between system_i/accel/inst/u_accel/FIXED_MODE.nn_core/pipeline/layer_2/control_unit/ch_in_cnt_reg[1]/C (clocked by clk_fpga_0) and system_i/accel/inst/u_accel/FIXED_MODE.nn_core/pipeline/layer_2/control_unit/act_raddr_reg[4]/D (clocked by clk_fpga_0). Large setup violations at the end of those stages might be difficult to fix during the post-placement implementation flow and could be the result of non-optimal XDC constraints or non-optimal design architecture
Related violations: <none>

TIMING-16#94 Warning
Large setup violation  
There is a large setup violation of -3.739 ns between system_i/accel/inst/u_accel/FIXED_MODE.nn_core/pipeline/layer_2/control_unit/ch_in_cnt_reg[1]/C (clocked by clk_fpga_0) and system_i/accel/inst/u_accel/FIXED_MODE.nn_core/pipeline/layer_2/control_unit/act_raddr_reg[6]/D (clocked by clk_fpga_0). Large setup violations at the end of those stages might be difficult to fix during the post-placement implementation flow and could be the result of non-optimal XDC constraints or non-optimal design architecture
Related violations: <none>

TIMING-16#95 Warning
Large setup violation  
There is a large setup violation of -3.759 ns between system_i/accel/inst/u_accel/FIXED_MODE.nn_core/pipeline/layer_0/control_unit/ch_out_cnt_reg[0]_replica/C (clocked by clk_fpga_0) and system_i/accel/inst/u_accel/FIXED_MODE.nn_core/pipeline/layer_0/control_unit/wgt_raddr_reg[2]/D (clocked by clk_fpga_0). Large setup violations at the end of those stages might be difficult to fix during the post-placement implementation flow and could be the result of non-optimal XDC constraints or non-optimal design architecture
Related violations: <none>

TIMING-16#96 Warning
Large setup violation  
There is a large setup violation of -3.813 ns between system_i/accel/inst/u_accel/FIXED_MODE.nn_core/pipeline/layer_2/control_unit/ch_in_cnt_reg[1]/C (clocked by clk_fpga_0) and system_i/accel/inst/u_accel/FIXED_MODE.nn_core/pipeline/layer_2/control_unit/act_raddr_reg[7]/D (clocked by clk_fpga_0). Large setup violations at the end of those stages might be difficult to fix during the post-placement implementation flow and could be the result of non-optimal XDC constraints or non-optimal design architecture
Related violations: <none>

TIMING-16#97 Warning
Large setup violation  
There is a large setup violation of -3.824 ns between system_i/accel/inst/u_accel/FIXED_MODE.nn_core/pipeline/layer_0/control_unit/ch_out_cnt_reg[0]_replica/C (clocked by clk_fpga_0) and system_i/accel/inst/u_accel/FIXED_MODE.nn_core/pipeline/layer_0/control_unit/wgt_raddr_reg[3]/D (clocked by clk_fpga_0). Large setup violations at the end of those stages might be difficult to fix during the post-placement implementation flow and could be the result of non-optimal XDC constraints or non-optimal design architecture
Related violations: <none>

TIMING-16#98 Warning
Large setup violation  
There is a large setup violation of -3.827 ns between system_i/accel/inst/u_accel/FIXED_MODE.nn_core/pipeline/layer_1/control_unit/ch_in_cnt_reg[3]/C (clocked by clk_fpga_0) and system_i/accel/inst/u_accel/FIXED_MODE.nn_core/pipeline/layer_1/control_unit/act_raddr_reg[4]/D (clocked by clk_fpga_0). Large setup violations at the end of those stages might be difficult to fix during the post-placement implementation flow and could be the result of non-optimal XDC constraints or non-optimal design architecture
Related violations: <none>

TIMING-16#99 Warning
Large setup violation  
There is a large setup violation of -3.834 ns between system_i/accel/inst/u_accel/FIXED_MODE.nn_core/pipeline/layer_2/control_unit/ch_in_cnt_reg[1]/C (clocked by clk_fpga_0) and system_i/accel/inst/u_accel/FIXED_MODE.nn_core/pipeline/layer_2/control_unit/act_raddr_reg[5]/D (clocked by clk_fpga_0). Large setup violations at the end of those stages might be difficult to fix during the post-placement implementation flow and could be the result of non-optimal XDC constraints or non-optimal design architecture
Related violations: <none>

TIMING-16#100 Warning
Large setup violation  
There is a large setup violation of -3.836 ns between system_i/accel/inst/u_accel/FIXED_MODE.nn_core/pipeline/layer_2/control_unit/ch_in_cnt_reg[1]/C (clocked by clk_fpga_0) and system_i/accel/inst/u_accel/FIXED_MODE.nn_core/pipeline/layer_2/control_unit/act_raddr_reg[8]/D (clocked by clk_fpga_0). Large setup violations at the end of those stages might be difficult to fix during the post-placement implementation flow and could be the result of non-optimal XDC constraints or non-optimal design architecture
Related violations: <none>

TIMING-16#101 Warning
Large setup violation  
There is a large setup violation of -3.843 ns between system_i/accel/inst/u_accel/FIXED_MODE.nn_core/pipeline/layer_1/control_unit/ch_in_cnt_reg[3]/C (clocked by clk_fpga_0) and system_i/accel/inst/u_accel/FIXED_MODE.nn_core/pipeline/layer_1/control_unit/act_raddr_reg[6]/D (clocked by clk_fpga_0). Large setup violations at the end of those stages might be difficult to fix during the post-placement implementation flow and could be the result of non-optimal XDC constraints or non-optimal design architecture
Related violations: <none>

TIMING-16#102 Warning
Large setup violation  
There is a large setup violation of -3.917 ns between system_i/accel/inst/u_accel/FIXED_MODE.nn_core/pipeline/layer_1/control_unit/ch_in_cnt_reg[3]/C (clocked by clk_fpga_0) and system_i/accel/inst/u_accel/FIXED_MODE.nn_core/pipeline/layer_1/control_unit/act_raddr_reg[7]/D (clocked by clk_fpga_0). Large setup violations at the end of those stages might be difficult to fix during the post-placement implementation flow and could be the result of non-optimal XDC constraints or non-optimal design architecture
Related violations: <none>

TIMING-16#103 Warning
Large setup violation  
There is a large setup violation of -3.934 ns between system_i/accel/inst/u_accel/FIXED_MODE.nn_core/pipeline/layer_0/control_unit/ch_out_cnt_reg[0]_replica/C (clocked by clk_fpga_0) and system_i/accel/inst/u_accel/FIXED_MODE.nn_core/pipeline/layer_0/control_unit/wgt_raddr_reg[4]/D (clocked by clk_fpga_0). Large setup violations at the end of those stages might be difficult to fix during the post-placement implementation flow and could be the result of non-optimal XDC constraints or non-optimal design architecture
Related violations: <none>

TIMING-16#104 Warning
Large setup violation  
There is a large setup violation of -3.938 ns between system_i/accel/inst/u_accel/FIXED_MODE.nn_core/pipeline/layer_1/control_unit/ch_in_cnt_reg[3]/C (clocked by clk_fpga_0) and system_i/accel/inst/u_accel/FIXED_MODE.nn_core/pipeline/layer_1/control_unit/act_raddr_reg[5]/D (clocked by clk_fpga_0). Large setup violations at the end of those stages might be difficult to fix during the post-placement implementation flow and could be the result of non-optimal XDC constraints or non-optimal design architecture
Related violations: <none>

TIMING-16#105 Warning
Large setup violation  
There is a large setup violation of -3.943 ns between system_i/accel/inst/u_accel/FIXED_MODE.nn_core/pipeline/layer_1/control_unit/ch_in_cnt_reg[3]/C (clocked by clk_fpga_0) and system_i/accel/inst/u_accel/FIXED_MODE.nn_core/pipeline/layer_1/control_unit/act_raddr_reg[8]/D (clocked by clk_fpga_0). Large setup violations at the end of those stages might be difficult to fix during the post-placement implementation flow and could be the result of non-optimal XDC constraints or non-optimal design architecture
Related violations: <none>

TIMING-16#106 Warning
Large setup violation  
There is a large setup violation of -3.947 ns between system_i/accel/inst/u_accel/FIXED_MODE.nn_core/pipeline/layer_2/control_unit/ch_in_cnt_reg[1]/C (clocked by clk_fpga_0) and system_i/accel/inst/u_accel/FIXED_MODE.nn_core/pipeline/layer_2/control_unit/act_raddr_reg[9]/D (clocked by clk_fpga_0). Large setup violations at the end of those stages might be difficult to fix during the post-placement implementation flow and could be the result of non-optimal XDC constraints or non-optimal design architecture
Related violations: <none>

TIMING-16#107 Warning
Large setup violation  
There is a large setup violation of -3.954 ns between system_i/accel/inst/u_accel/FIXED_MODE.nn_core/pipeline/layer_0/control_unit/ch_out_cnt_reg[0]_replica/C (clocked by clk_fpga_0) and system_i/accel/inst/u_accel/FIXED_MODE.nn_core/pipeline/layer_0/control_unit/wgt_raddr_reg[6]/D (clocked by clk_fpga_0). Large setup violations at the end of those stages might be difficult to fix during the post-placement implementation flow and could be the result of non-optimal XDC constraints or non-optimal design architecture
Related violations: <none>

TIMING-16#108 Warning
Large setup violation  
There is a large setup violation of -4.030 ns between system_i/accel/inst/u_accel/FIXED_MODE.nn_core/pipeline/layer_0/control_unit/ch_out_cnt_reg[0]_replica/C (clocked by clk_fpga_0) and system_i/accel/inst/u_accel/FIXED_MODE.nn_core/pipeline/layer_0/control_unit/wgt_raddr_reg[7]/D (clocked by clk_fpga_0). Large setup violations at the end of those stages might be difficult to fix during the post-placement implementation flow and could be the result of non-optimal XDC constraints or non-optimal design architecture
Related violations: <none>

TIMING-16#109 Warning
Large setup violation  
There is a large setup violation of -4.038 ns between system_i/accel/inst/u_accel/FIXED_MODE.nn_core/pipeline/layer_0/control_unit/ch_out_cnt_reg[0]_replica/C (clocked by clk_fpga_0) and system_i/accel/inst/u_accel/FIXED_MODE.nn_core/pipeline/layer_0/control_unit/wgt_raddr_reg[5]/D (clocked by clk_fpga_0). Large setup violations at the end of those stages might be difficult to fix during the post-placement implementation flow and could be the result of non-optimal XDC constraints or non-optimal design architecture
Related violations: <none>

TIMING-16#110 Warning
Large setup violation  
There is a large setup violation of -4.052 ns between system_i/accel/inst/u_accel/FIXED_MODE.nn_core/pipeline/layer_0/control_unit/ch_out_cnt_reg[0]_replica/C (clocked by clk_fpga_0) and system_i/accel/inst/u_accel/FIXED_MODE.nn_core/pipeline/layer_0/control_unit/wgt_raddr_reg[8]/D (clocked by clk_fpga_0). Large setup violations at the end of those stages might be difficult to fix during the post-placement implementation flow and could be the result of non-optimal XDC constraints or non-optimal design architecture
Related violations: <none>

TIMING-16#111 Warning
Large setup violation  
There is a large setup violation of -4.054 ns between system_i/accel/inst/u_accel/FIXED_MODE.nn_core/pipeline/layer_1/control_unit/ch_in_cnt_reg[3]/C (clocked by clk_fpga_0) and system_i/accel/inst/u_accel/FIXED_MODE.nn_core/pipeline/layer_1/control_unit/act_raddr_reg[9]/D (clocked by clk_fpga_0). Large setup violations at the end of those stages might be difficult to fix during the post-placement implementation flow and could be the result of non-optimal XDC constraints or non-optimal design architecture
Related violations: <none>

TIMING-16#112 Warning
Large setup violation  
There is a large setup violation of -4.156 ns between system_i/accel/inst/u_accel/FIXED_MODE.nn_core/pipeline/layer_0/control_unit/ch_out_cnt_reg[0]_replica/C (clocked by clk_fpga_0) and system_i/accel/inst/u_accel/FIXED_MODE.nn_core/pipeline/layer_0/control_unit/wgt_raddr_reg[9]/D (clocked by clk_fpga_0). Large setup violations at the end of those stages might be difficult to fix during the post-placement implementation flow and could be the result of non-optimal XDC constraints or non-optimal design architecture
Related violations: <none>


