
*** Running vivado
    with args -log system_axi_ic_vid_imp_auto_pc_0.vds -m64 -product Vivado -mode batch -messageDb vivado.pb -notrace -source system_axi_ic_vid_imp_auto_pc_0.tcl


****** Vivado v2025.2 (64-bit)
  **** SW Build 6299465 on Fri Nov 14 12:34:56 MST 2025
  **** IP Build 6300035 on Fri Nov 14 10:48:45 MST 2025
  **** SharedData Build 6298862 on Thu Nov 13 04:50:51 MST 2025
  **** Start of session at: Wed Jul  8 16:38:03 2026
    ** Copyright 1986-2022 Xilinx, Inc. All Rights Reserved.
    ** Copyright 2022-2025 Advanced Micro Devices, Inc. All Rights Reserved.

source system_axi_ic_vid_imp_auto_pc_0.tcl -notrace
create_project: Time (s): cpu = 00:00:13 ; elapsed = 00:00:08 . Memory (MB): peak = 1589.430 ; gain = 102.059 ; free physical = 4274 ; free virtual = 12306
Command: synth_design -top system_axi_ic_vid_imp_auto_pc_0 -part xc7z020clg484-1 -incremental_mode off -mode out_of_context
Starting synth_design
Attempting to get a license for feature 'Synthesis' and/or device 'xc7z020'
INFO: [Common 17-349] Got license for feature 'Synthesis' and/or device 'xc7z020'
INFO: [Device 21-403] Loading part xc7z020clg484-1
INFO: [Synth 8-7079] Multithreading enabled for synth_design using a maximum of 7 processes.
INFO: [Synth 8-7078] Launching helper process for spawning children vivado processes
INFO: [Synth 8-7075] Helper process launched with PID 136498
---------------------------------------------------------------------------------
Starting RTL Elaboration : Time (s): cpu = 00:00:08 ; elapsed = 00:00:09 . Memory (MB): peak = 2308.039 ; gain = 482.188 ; free physical = 555 ; free virtual = 8607
---------------------------------------------------------------------------------
INFO: [Synth 8-6157] synthesizing module 'system_axi_ic_vid_imp_auto_pc_0' [/home/chathupa/Desktop/dnn_opt/build/dnn_zynq_hdmi/dnn_zynq_hdmi.gen/sources_1/bd/system/ip/system_axi_ic_vid_imp_auto_pc_0/synth/system_axi_ic_vid_imp_auto_pc_0.v:53]
INFO: [Synth 8-6157] synthesizing module 'axi_protocol_converter_v2_1_37_axi_protocol_converter' [/home/chathupa/Desktop/dnn_opt/build/dnn_zynq_hdmi/dnn_zynq_hdmi.gen/sources_1/bd/system/ipshared/d98a/hdl/axi_protocol_converter_v2_1_vl_rfs.v:5285]
INFO: [Synth 8-6157] synthesizing module 'axi_protocol_converter_v2_1_37_axi3_conv' [/home/chathupa/Desktop/dnn_opt/build/dnn_zynq_hdmi/dnn_zynq_hdmi.gen/sources_1/bd/system/ipshared/d98a/hdl/axi_protocol_converter_v2_1_vl_rfs.v:951]
INFO: [Synth 8-6157] synthesizing module 'axi_protocol_converter_v2_1_37_a_axi3_conv' [/home/chathupa/Desktop/dnn_opt/build/dnn_zynq_hdmi/dnn_zynq_hdmi.gen/sources_1/bd/system/ipshared/d98a/hdl/axi_protocol_converter_v2_1_vl_rfs.v:60]
INFO: [Synth 8-6157] synthesizing module 'axi_data_fifo_v2_1_36_axic_fifo' [/home/chathupa/Desktop/dnn_opt/build/dnn_zynq_hdmi/dnn_zynq_hdmi.gen/sources_1/bd/system/ipshared/fb46/hdl/axi_data_fifo_v2_1_vl_rfs.v:62]
INFO: [Synth 8-6157] synthesizing module 'axi_data_fifo_v2_1_36_fifo_gen' [/home/chathupa/Desktop/dnn_opt/build/dnn_zynq_hdmi/dnn_zynq_hdmi.gen/sources_1/bd/system/ipshared/fb46/hdl/axi_data_fifo_v2_1_vl_rfs.v:165]
INFO: [Synth 8-6157] synthesizing module 'xpm_cdc_async_rst' [/home/chathupa/Desktop/AMD/2025.2/data/ip/xpm/xpm_cdc/hdl/xpm_cdc.sv:1175]
INFO: [Synth 8-6155] done synthesizing module 'xpm_cdc_async_rst' (0#1) [/home/chathupa/Desktop/AMD/2025.2/data/ip/xpm/xpm_cdc/hdl/xpm_cdc.sv:1175]
INFO: [Synth 8-6155] done synthesizing module 'axi_data_fifo_v2_1_36_fifo_gen' (0#1) [/home/chathupa/Desktop/dnn_opt/build/dnn_zynq_hdmi/dnn_zynq_hdmi.gen/sources_1/bd/system/ipshared/fb46/hdl/axi_data_fifo_v2_1_vl_rfs.v:165]
INFO: [Synth 8-6155] done synthesizing module 'axi_data_fifo_v2_1_36_axic_fifo' (0#1) [/home/chathupa/Desktop/dnn_opt/build/dnn_zynq_hdmi/dnn_zynq_hdmi.gen/sources_1/bd/system/ipshared/fb46/hdl/axi_data_fifo_v2_1_vl_rfs.v:62]
INFO: [Synth 8-6155] done synthesizing module 'axi_protocol_converter_v2_1_37_a_axi3_conv' (0#1) [/home/chathupa/Desktop/dnn_opt/build/dnn_zynq_hdmi/dnn_zynq_hdmi.gen/sources_1/bd/system/ipshared/d98a/hdl/axi_protocol_converter_v2_1_vl_rfs.v:60]
INFO: [Synth 8-6157] synthesizing module 'axi_protocol_converter_v2_1_37_r_axi3_conv' [/home/chathupa/Desktop/dnn_opt/build/dnn_zynq_hdmi/dnn_zynq_hdmi.gen/sources_1/bd/system/ipshared/d98a/hdl/axi_protocol_converter_v2_1_vl_rfs.v:1784]
INFO: [Synth 8-6155] done synthesizing module 'axi_protocol_converter_v2_1_37_r_axi3_conv' (0#1) [/home/chathupa/Desktop/dnn_opt/build/dnn_zynq_hdmi/dnn_zynq_hdmi.gen/sources_1/bd/system/ipshared/d98a/hdl/axi_protocol_converter_v2_1_vl_rfs.v:1784]
INFO: [Synth 8-6155] done synthesizing module 'axi_protocol_converter_v2_1_37_axi3_conv' (0#1) [/home/chathupa/Desktop/dnn_opt/build/dnn_zynq_hdmi/dnn_zynq_hdmi.gen/sources_1/bd/system/ipshared/d98a/hdl/axi_protocol_converter_v2_1_vl_rfs.v:951]
INFO: [Synth 8-6155] done synthesizing module 'axi_protocol_converter_v2_1_37_axi_protocol_converter' (0#1) [/home/chathupa/Desktop/dnn_opt/build/dnn_zynq_hdmi/dnn_zynq_hdmi.gen/sources_1/bd/system/ipshared/d98a/hdl/axi_protocol_converter_v2_1_vl_rfs.v:5285]
INFO: [Synth 8-6155] done synthesizing module 'system_axi_ic_vid_imp_auto_pc_0' (0#1) [/home/chathupa/Desktop/dnn_opt/build/dnn_zynq_hdmi/dnn_zynq_hdmi.gen/sources_1/bd/system/ip/system_axi_ic_vid_imp_auto_pc_0/synth/system_axi_ic_vid_imp_auto_pc_0.v:53]
INFO: [Synth 8-6014] Unused sequential element NO_B_CHANNEL.cmd_b_depth_reg was removed.  [/home/chathupa/Desktop/dnn_opt/build/dnn_zynq_hdmi/dnn_zynq_hdmi.gen/sources_1/bd/system/ipshared/d98a/hdl/axi_protocol_converter_v2_1_vl_rfs.v:852]
INFO: [Synth 8-6014] Unused sequential element S_AXI_AUSER_Q_reg was removed.  [/home/chathupa/Desktop/dnn_opt/build/dnn_zynq_hdmi/dnn_zynq_hdmi.gen/sources_1/bd/system/ipshared/d98a/hdl/axi_protocol_converter_v2_1_vl_rfs.v:280]
INFO: [Synth 8-6014] Unused sequential element cmd_b_push_block_reg was removed.  [/home/chathupa/Desktop/dnn_opt/build/dnn_zynq_hdmi/dnn_zynq_hdmi.gen/sources_1/bd/system/ipshared/d98a/hdl/axi_protocol_converter_v2_1_vl_rfs.v:636]
INFO: [Synth 8-3848] Net M_AXI_WID in module/entity axi_protocol_converter_v2_1_37_axi3_conv does not have driver. [/home/chathupa/Desktop/dnn_opt/build/dnn_zynq_hdmi/dnn_zynq_hdmi.gen/sources_1/bd/system/ipshared/d98a/hdl/axi_protocol_converter_v2_1_vl_rfs.v:1054]
INFO: [Synth 8-7129] Port ACLK in module axi_protocol_converter_v2_1_37_r_axi3_conv is either unconnected or has no load
INFO: [Synth 8-7129] Port ARESET in module axi_protocol_converter_v2_1_37_r_axi3_conv is either unconnected or has no load
INFO: [Synth 8-7129] Port ALMOST_FULL_I in module output_blk is either unconnected or has no load
INFO: [Synth 8-7129] Port PROG_FULL_I in module output_blk is either unconnected or has no load
INFO: [Synth 8-7129] Port ALMOST_EMPTY_I in module output_blk is either unconnected or has no load
INFO: [Synth 8-7129] Port PROG_EMPTY_I in module output_blk is either unconnected or has no load
INFO: [Synth 8-7129] Port WR_ACK_I in module output_blk is either unconnected or has no load
INFO: [Synth 8-7129] Port VALID_I in module output_blk is either unconnected or has no load
INFO: [Synth 8-7129] Port OVERFLOW_I in module output_blk is either unconnected or has no load
INFO: [Synth 8-7129] Port UNDERFLOW_I in module output_blk is either unconnected or has no load
INFO: [Synth 8-7129] Port DATA_COUNT_I[5] in module output_blk is either unconnected or has no load
INFO: [Synth 8-7129] Port DATA_COUNT_I[4] in module output_blk is either unconnected or has no load
INFO: [Synth 8-7129] Port DATA_COUNT_I[3] in module output_blk is either unconnected or has no load
INFO: [Synth 8-7129] Port DATA_COUNT_I[2] in module output_blk is either unconnected or has no load
INFO: [Synth 8-7129] Port DATA_COUNT_I[1] in module output_blk is either unconnected or has no load
INFO: [Synth 8-7129] Port DATA_COUNT_I[0] in module output_blk is either unconnected or has no load
INFO: [Synth 8-7129] Port WR_DATA_COUNT_I[5] in module output_blk is either unconnected or has no load
INFO: [Synth 8-7129] Port WR_DATA_COUNT_I[4] in module output_blk is either unconnected or has no load
INFO: [Synth 8-7129] Port WR_DATA_COUNT_I[3] in module output_blk is either unconnected or has no load
INFO: [Synth 8-7129] Port WR_DATA_COUNT_I[2] in module output_blk is either unconnected or has no load
INFO: [Synth 8-7129] Port WR_DATA_COUNT_I[1] in module output_blk is either unconnected or has no load
INFO: [Synth 8-7129] Port WR_DATA_COUNT_I[0] in module output_blk is either unconnected or has no load
INFO: [Synth 8-7129] Port RD_DATA_COUNT_I[5] in module output_blk is either unconnected or has no load
INFO: [Synth 8-7129] Port RD_DATA_COUNT_I[4] in module output_blk is either unconnected or has no load
INFO: [Synth 8-7129] Port RD_DATA_COUNT_I[3] in module output_blk is either unconnected or has no load
INFO: [Synth 8-7129] Port RD_DATA_COUNT_I[2] in module output_blk is either unconnected or has no load
INFO: [Synth 8-7129] Port RD_DATA_COUNT_I[1] in module output_blk is either unconnected or has no load
INFO: [Synth 8-7129] Port RD_DATA_COUNT_I[0] in module output_blk is either unconnected or has no load
INFO: [Synth 8-7129] Port SBITERR_I in module output_blk is either unconnected or has no load
INFO: [Synth 8-7129] Port DBITERR_I in module output_blk is either unconnected or has no load
INFO: [Synth 8-7129] Port SRST_FULL_FF in module wr_status_flags_ss is either unconnected or has no load
INFO: [Synth 8-7129] Port WR_RST in module wr_status_flags_ss is either unconnected or has no load
INFO: [Synth 8-7129] Port SRST in module wr_status_flags_ss is either unconnected or has no load
INFO: [Synth 8-7129] Port SAFETY_CKT_WR_RST in module wr_status_flags_ss is either unconnected or has no load
INFO: [Synth 8-7129] Port WR_PNTR_PLUS2[4] in module wr_status_flags_ss is either unconnected or has no load
INFO: [Synth 8-7129] Port WR_PNTR_PLUS2[3] in module wr_status_flags_ss is either unconnected or has no load
INFO: [Synth 8-7129] Port WR_PNTR_PLUS2[2] in module wr_status_flags_ss is either unconnected or has no load
INFO: [Synth 8-7129] Port WR_PNTR_PLUS2[1] in module wr_status_flags_ss is either unconnected or has no load
INFO: [Synth 8-7129] Port WR_PNTR_PLUS2[0] in module wr_status_flags_ss is either unconnected or has no load
INFO: [Synth 8-7129] Port WR_PNTR_PLUS3[4] in module wr_status_flags_ss is either unconnected or has no load
INFO: [Synth 8-7129] Port WR_PNTR_PLUS3[3] in module wr_status_flags_ss is either unconnected or has no load
INFO: [Synth 8-7129] Port WR_PNTR_PLUS3[2] in module wr_status_flags_ss is either unconnected or has no load
INFO: [Synth 8-7129] Port WR_PNTR_PLUS3[1] in module wr_status_flags_ss is either unconnected or has no load
INFO: [Synth 8-7129] Port WR_PNTR_PLUS3[0] in module wr_status_flags_ss is either unconnected or has no load
INFO: [Synth 8-7129] Port SRST in module wr_bin_cntr is either unconnected or has no load
INFO: [Synth 8-7129] Port WR_EN_INTO_LOGIC in module wr_logic is either unconnected or has no load
INFO: [Synth 8-7129] Port WR_RST_INTO_LOGIC in module wr_logic is either unconnected or has no load
INFO: [Synth 8-7129] Port RD_EN in module wr_logic is either unconnected or has no load
INFO: [Synth 8-7129] Port WR_RST_BUSY in module wr_logic is either unconnected or has no load
INFO: [Synth 8-7129] Port EMPTY in module wr_logic is either unconnected or has no load
INFO: [Synth 8-7129] Port ALMOST_EMPTY in module wr_logic is either unconnected or has no load
INFO: [Synth 8-7129] Port PROG_FULL_THRESH[4] in module wr_logic is either unconnected or has no load
INFO: [Synth 8-7129] Port PROG_FULL_THRESH[3] in module wr_logic is either unconnected or has no load
INFO: [Synth 8-7129] Port PROG_FULL_THRESH[2] in module wr_logic is either unconnected or has no load
INFO: [Synth 8-7129] Port PROG_FULL_THRESH[1] in module wr_logic is either unconnected or has no load
INFO: [Synth 8-7129] Port PROG_FULL_THRESH[0] in module wr_logic is either unconnected or has no load
INFO: [Synth 8-7129] Port PROG_FULL_THRESH_ASSERT[4] in module wr_logic is either unconnected or has no load
INFO: [Synth 8-7129] Port PROG_FULL_THRESH_ASSERT[3] in module wr_logic is either unconnected or has no load
INFO: [Synth 8-7129] Port PROG_FULL_THRESH_ASSERT[2] in module wr_logic is either unconnected or has no load
INFO: [Synth 8-7129] Port PROG_FULL_THRESH_ASSERT[1] in module wr_logic is either unconnected or has no load
INFO: [Synth 8-7129] Port PROG_FULL_THRESH_ASSERT[0] in module wr_logic is either unconnected or has no load
INFO: [Synth 8-7129] Port PROG_FULL_THRESH_NEGATE[4] in module wr_logic is either unconnected or has no load
INFO: [Synth 8-7129] Port PROG_FULL_THRESH_NEGATE[3] in module wr_logic is either unconnected or has no load
INFO: [Synth 8-7129] Port PROG_FULL_THRESH_NEGATE[2] in module wr_logic is either unconnected or has no load
INFO: [Synth 8-7129] Port PROG_FULL_THRESH_NEGATE[1] in module wr_logic is either unconnected or has no load
INFO: [Synth 8-7129] Port PROG_FULL_THRESH_NEGATE[0] in module wr_logic is either unconnected or has no load
INFO: [Synth 8-7129] Port SRST in module rd_fwft is either unconnected or has no load
INFO: [Synth 8-7129] Port SAFETY_CKT_RD_RST in module rd_fwft is either unconnected or has no load
INFO: [Synth 8-7129] Port RAM_ALMOST_EMPTY in module rd_fwft is either unconnected or has no load
INFO: [Synth 8-7129] Port SRST in module rd_status_flags_ss is either unconnected or has no load
INFO: [Synth 8-7129] Port SAFETY_CKT_RD_RST in module rd_status_flags_ss is either unconnected or has no load
INFO: [Synth 8-7129] Port RD_PNTR_PLUS2[4] in module rd_status_flags_ss is either unconnected or has no load
INFO: [Synth 8-7129] Port RD_PNTR_PLUS2[3] in module rd_status_flags_ss is either unconnected or has no load
INFO: [Synth 8-7129] Port RD_PNTR_PLUS2[2] in module rd_status_flags_ss is either unconnected or has no load
INFO: [Synth 8-7129] Port RD_PNTR_PLUS2[1] in module rd_status_flags_ss is either unconnected or has no load
INFO: [Synth 8-7129] Port RD_PNTR_PLUS2[0] in module rd_status_flags_ss is either unconnected or has no load
INFO: [Synth 8-7129] Port SRST in module rd_bin_cntr is either unconnected or has no load
INFO: [Synth 8-7129] Port RD_EN_INTO_LOGIC in module rd_logic is either unconnected or has no load
INFO: [Synth 8-7129] Port RD_RST_INTO_LOGIC in module rd_logic is either unconnected or has no load
INFO: [Synth 8-7129] Port RD_RST_BUSY in module rd_logic is either unconnected or has no load
INFO: [Synth 8-7129] Port RST_FULL_FF in module rd_logic is either unconnected or has no load
INFO: [Synth 8-7129] Port ALMOST_FULL_FB in module rd_logic is either unconnected or has no load
INFO: [Synth 8-7129] Port FULL in module rd_logic is either unconnected or has no load
INFO: [Synth 8-7129] Port WR_PNTR_PLUS1_RD[4] in module rd_logic is either unconnected or has no load
INFO: [Synth 8-7129] Port WR_PNTR_PLUS1_RD[3] in module rd_logic is either unconnected or has no load
INFO: [Synth 8-7129] Port WR_PNTR_PLUS1_RD[2] in module rd_logic is either unconnected or has no load
INFO: [Synth 8-7129] Port WR_PNTR_PLUS1_RD[1] in module rd_logic is either unconnected or has no load
INFO: [Synth 8-7129] Port WR_PNTR_PLUS1_RD[0] in module rd_logic is either unconnected or has no load
INFO: [Synth 8-7129] Port PROG_EMPTY_THRESH[4] in module rd_logic is either unconnected or has no load
INFO: [Synth 8-7129] Port PROG_EMPTY_THRESH[3] in module rd_logic is either unconnected or has no load
INFO: [Synth 8-7129] Port PROG_EMPTY_THRESH[2] in module rd_logic is either unconnected or has no load
INFO: [Synth 8-7129] Port PROG_EMPTY_THRESH[1] in module rd_logic is either unconnected or has no load
INFO: [Synth 8-7129] Port PROG_EMPTY_THRESH[0] in module rd_logic is either unconnected or has no load
INFO: [Synth 8-7129] Port PROG_EMPTY_THRESH_ASSERT[4] in module rd_logic is either unconnected or has no load
INFO: [Synth 8-7129] Port PROG_EMPTY_THRESH_ASSERT[3] in module rd_logic is either unconnected or has no load
INFO: [Synth 8-7129] Port PROG_EMPTY_THRESH_ASSERT[2] in module rd_logic is either unconnected or has no load
INFO: [Synth 8-7129] Port PROG_EMPTY_THRESH_ASSERT[1] in module rd_logic is either unconnected or has no load
INFO: [Synth 8-7129] Port PROG_EMPTY_THRESH_ASSERT[0] in module rd_logic is either unconnected or has no load
INFO: [Synth 8-7129] Port PROG_EMPTY_THRESH_NEGATE[4] in module rd_logic is either unconnected or has no load
INFO: [Synth 8-7129] Port PROG_EMPTY_THRESH_NEGATE[3] in module rd_logic is either unconnected or has no load
INFO: [Common 17-14] Message 'Synth 8-7129' appears 100 times and further instances of the messages will be disabled. Use the Tcl command set_msg_config to change the current settings.
---------------------------------------------------------------------------------
Finished RTL Elaboration : Time (s): cpu = 00:00:14 ; elapsed = 00:00:16 . Memory (MB): peak = 2514.977 ; gain = 689.125 ; free physical = 178 ; free virtual = 7703
---------------------------------------------------------------------------------
---------------------------------------------------------------------------------
Start Handling Custom Attributes
---------------------------------------------------------------------------------
---------------------------------------------------------------------------------
Finished Handling Custom Attributes : Time (s): cpu = 00:00:14 ; elapsed = 00:00:16 . Memory (MB): peak = 2514.977 ; gain = 689.125 ; free physical = 221 ; free virtual = 7642
---------------------------------------------------------------------------------
---------------------------------------------------------------------------------
Finished RTL Optimization Phase 1 : Time (s): cpu = 00:00:14 ; elapsed = 00:00:16 . Memory (MB): peak = 2514.977 ; gain = 689.125 ; free physical = 221 ; free virtual = 7642
---------------------------------------------------------------------------------
Netlist sorting complete. Time (s): cpu = 00:00:00.02 ; elapsed = 00:00:00.02 . Memory (MB): peak = 2514.977 ; gain = 0.000 ; free physical = 247 ; free virtual = 7558
INFO: [Project 1-570] Preparing netlist for logic optimization

Processing XDC Constraints
Initializing timing engine
Parsing XDC File [/home/chathupa/Desktop/dnn_opt/build/dnn_zynq_hdmi/dnn_zynq_hdmi.gen/sources_1/bd/system/ip/system_axi_ic_vid_imp_auto_pc_0/system_axi_ic_vid_imp_auto_pc_0_ooc.xdc] for cell 'inst'
Finished Parsing XDC File [/home/chathupa/Desktop/dnn_opt/build/dnn_zynq_hdmi/dnn_zynq_hdmi.gen/sources_1/bd/system/ip/system_axi_ic_vid_imp_auto_pc_0/system_axi_ic_vid_imp_auto_pc_0_ooc.xdc] for cell 'inst'
Parsing XDC File [/home/chathupa/Desktop/dnn_opt/build/dnn_zynq_hdmi/dnn_zynq_hdmi.runs/system_axi_ic_vid_imp_auto_pc_0_synth_1/dont_touch.xdc]
Finished Parsing XDC File [/home/chathupa/Desktop/dnn_opt/build/dnn_zynq_hdmi/dnn_zynq_hdmi.runs/system_axi_ic_vid_imp_auto_pc_0_synth_1/dont_touch.xdc]
INFO: [Project 1-1714] 1 XPM XDC files have been applied to the design.
Completed Processing XDC Constraints

Netlist sorting complete. Time (s): cpu = 00:00:00 ; elapsed = 00:00:00 . Memory (MB): peak = 2557.965 ; gain = 0.000 ; free physical = 1002 ; free virtual = 7928
INFO: [Project 1-111] Unisim Transformation Summary:
No Unisim elements were transformed.

Constraint Validation Runtime : Time (s): cpu = 00:00:00.03 ; elapsed = 00:00:00.04 . Memory (MB): peak = 2558.000 ; gain = 0.000 ; free physical = 998 ; free virtual = 7929
INFO: [Designutils 20-5008] Incremental synthesis strategy off
---------------------------------------------------------------------------------
Finished Constraint Validation : Time (s): cpu = 00:00:24 ; elapsed = 00:00:32 . Memory (MB): peak = 2558.000 ; gain = 732.148 ; free physical = 334 ; free virtual = 7727
---------------------------------------------------------------------------------
---------------------------------------------------------------------------------
Start Loading Part and Timing Information
---------------------------------------------------------------------------------
Loading part: xc7z020clg484-1
---------------------------------------------------------------------------------
Finished Loading Part and Timing Information : Time (s): cpu = 00:00:24 ; elapsed = 00:00:32 . Memory (MB): peak = 2565.969 ; gain = 740.117 ; free physical = 334 ; free virtual = 7727
---------------------------------------------------------------------------------
---------------------------------------------------------------------------------
Start Applying 'set_property' XDC Constraints
---------------------------------------------------------------------------------
---------------------------------------------------------------------------------
Finished applying 'set_property' XDC Constraints : Time (s): cpu = 00:00:24 ; elapsed = 00:00:32 . Memory (MB): peak = 2565.969 ; gain = 740.117 ; free physical = 334 ; free virtual = 7727
---------------------------------------------------------------------------------
INFO: [Synth 8-802] inferred FSM for state register 'gpregsm1.curr_fwft_state_reg' in module 'rd_fwft'
INFO: [Synth 8-6159] Found Keep on FSM register 'gpregsm1.curr_fwft_state_reg' in module 'rd_fwft', re-encoding will not be performed
---------------------------------------------------------------------------------------------------
                   State |                     New Encoding |                Previous Encoding 
---------------------------------------------------------------------------------------------------
                 invalid |                               00 |                               00
            stage1_valid |                               10 |                               10
       both_stages_valid |                               11 |                               11
            stage2_valid |                               01 |                               01
---------------------------------------------------------------------------------------------------
---------------------------------------------------------------------------------
Finished RTL Optimization Phase 2 : Time (s): cpu = 00:00:25 ; elapsed = 00:00:32 . Memory (MB): peak = 2565.969 ; gain = 740.117 ; free physical = 1964 ; free virtual = 9367
---------------------------------------------------------------------------------
---------------------------------------------------------------------------------
Start RTL Component Statistics 
---------------------------------------------------------------------------------
---------------------------------------------------------------------------------
Finished RTL Component Statistics 
---------------------------------------------------------------------------------
---------------------------------------------------------------------------------
Start Part Resource Summary
---------------------------------------------------------------------------------
Part Resources:
DSPs: 220 (col length:60)
BRAMs: 280 (col length: RAMB18 60 RAMB36 30)
---------------------------------------------------------------------------------
Finished Part Resource Summary
---------------------------------------------------------------------------------
---------------------------------------------------------------------------------
Start Cross Boundary and Area Optimization
---------------------------------------------------------------------------------
---------------------------------------------------------------------------------
Finished Cross Boundary and Area Optimization : Time (s): cpu = 00:00:27 ; elapsed = 00:00:35 . Memory (MB): peak = 2565.969 ; gain = 740.117 ; free physical = 1882 ; free virtual = 9289
---------------------------------------------------------------------------------
---------------------------------------------------------------------------------
Start Applying XDC Timing Constraints
---------------------------------------------------------------------------------
---------------------------------------------------------------------------------
Finished Applying XDC Timing Constraints : Time (s): cpu = 00:00:34 ; elapsed = 00:00:42 . Memory (MB): peak = 2586.969 ; gain = 761.117 ; free physical = 1305 ; free virtual = 8737
---------------------------------------------------------------------------------
---------------------------------------------------------------------------------
Start Timing Optimization
---------------------------------------------------------------------------------
---------------------------------------------------------------------------------
Finished Timing Optimization : Time (s): cpu = 00:00:34 ; elapsed = 00:00:43 . Memory (MB): peak = 2611.000 ; gain = 785.148 ; free physical = 1303 ; free virtual = 8734
---------------------------------------------------------------------------------
---------------------------------------------------------------------------------
Start Technology Mapping
---------------------------------------------------------------------------------
---------------------------------------------------------------------------------
Finished Technology Mapping : Time (s): cpu = 00:00:34 ; elapsed = 00:00:43 . Memory (MB): peak = 2619.008 ; gain = 793.156 ; free physical = 1282 ; free virtual = 8714
---------------------------------------------------------------------------------
---------------------------------------------------------------------------------
Start IO Insertion
---------------------------------------------------------------------------------
---------------------------------------------------------------------------------
Start Flattening Before IO Insertion
---------------------------------------------------------------------------------
---------------------------------------------------------------------------------
Finished Flattening Before IO Insertion
---------------------------------------------------------------------------------
---------------------------------------------------------------------------------
Start Final Netlist Cleanup
---------------------------------------------------------------------------------
---------------------------------------------------------------------------------
Finished Final Netlist Cleanup
---------------------------------------------------------------------------------
---------------------------------------------------------------------------------
Finished IO Insertion : Time (s): cpu = 00:00:39 ; elapsed = 00:00:48 . Memory (MB): peak = 2786.820 ; gain = 960.969 ; free physical = 822 ; free virtual = 8273
---------------------------------------------------------------------------------
---------------------------------------------------------------------------------
Start Renaming Generated Instances
---------------------------------------------------------------------------------
---------------------------------------------------------------------------------
Finished Renaming Generated Instances : Time (s): cpu = 00:00:39 ; elapsed = 00:00:48 . Memory (MB): peak = 2786.820 ; gain = 960.969 ; free physical = 822 ; free virtual = 8273
---------------------------------------------------------------------------------
---------------------------------------------------------------------------------
Start Rebuilding User Hierarchy
---------------------------------------------------------------------------------
---------------------------------------------------------------------------------
Finished Rebuilding User Hierarchy : Time (s): cpu = 00:00:39 ; elapsed = 00:00:48 . Memory (MB): peak = 2786.820 ; gain = 960.969 ; free physical = 806 ; free virtual = 8257
---------------------------------------------------------------------------------
---------------------------------------------------------------------------------
Start Renaming Generated Ports
---------------------------------------------------------------------------------
---------------------------------------------------------------------------------
Finished Renaming Generated Ports : Time (s): cpu = 00:00:39 ; elapsed = 00:00:48 . Memory (MB): peak = 2786.820 ; gain = 960.969 ; free physical = 806 ; free virtual = 8257
---------------------------------------------------------------------------------
---------------------------------------------------------------------------------
Start Handling Custom Attributes
---------------------------------------------------------------------------------
---------------------------------------------------------------------------------
Finished Handling Custom Attributes : Time (s): cpu = 00:00:39 ; elapsed = 00:00:48 . Memory (MB): peak = 2786.820 ; gain = 960.969 ; free physical = 805 ; free virtual = 8257
---------------------------------------------------------------------------------
---------------------------------------------------------------------------------
Start Renaming Generated Nets
---------------------------------------------------------------------------------
---------------------------------------------------------------------------------
Finished Renaming Generated Nets : Time (s): cpu = 00:00:39 ; elapsed = 00:00:48 . Memory (MB): peak = 2786.820 ; gain = 960.969 ; free physical = 804 ; free virtual = 8255
---------------------------------------------------------------------------------
---------------------------------------------------------------------------------
Start Writing Synthesis Report
---------------------------------------------------------------------------------

Report BlackBoxes: 
+-+--------------+----------+
| |BlackBox name |Instances |
+-+--------------+----------+
+-+--------------+----------+

Report Cell Usage: 
+------+---------+------+
|      |Cell     |Count |
+------+---------+------+
|1     |CARRY4   |     8|
|2     |LUT1     |    17|
|3     |LUT2     |    22|
|4     |LUT3     |    20|
|5     |LUT4     |    25|
|6     |LUT5     |    75|
|7     |LUT6     |    31|
|8     |RAM32X1D |     1|
|9     |FDCE     |    23|
|10    |FDPE     |    11|
|11    |FDRE     |   153|
+------+---------+------+
---------------------------------------------------------------------------------
Finished Writing Synthesis Report : Time (s): cpu = 00:00:39 ; elapsed = 00:00:48 . Memory (MB): peak = 2786.820 ; gain = 960.969 ; free physical = 804 ; free virtual = 8255
---------------------------------------------------------------------------------
Synthesis finished with 0 errors, 0 critical warnings and 0 warnings.
Synthesis Optimization Runtime : Time (s): cpu = 00:00:37 ; elapsed = 00:00:45 . Memory (MB): peak = 2786.820 ; gain = 917.945 ; free physical = 772 ; free virtual = 8225
Synthesis Optimization Complete : Time (s): cpu = 00:00:39 ; elapsed = 00:00:48 . Memory (MB): peak = 2786.828 ; gain = 960.969 ; free physical = 772 ; free virtual = 8226
INFO: [Project 1-571] Translating synthesized netlist
Netlist sorting complete. Time (s): cpu = 00:00:00.01 ; elapsed = 00:00:00 . Memory (MB): peak = 2786.828 ; gain = 0.000 ; free physical = 769 ; free virtual = 8222
INFO: [Netlist 29-17] Analyzing 9 Unisim elements for replacement
INFO: [Netlist 29-28] Unisim Transformation completed in 0 CPU seconds
INFO: [Project 1-570] Preparing netlist for logic optimization
INFO: [Opt 31-138] Pushed 0 inverter(s) to 0 load pin(s).
Netlist sorting complete. Time (s): cpu = 00:00:00 ; elapsed = 00:00:00 . Memory (MB): peak = 2842.848 ; gain = 0.000 ; free physical = 866 ; free virtual = 8315
INFO: [Project 1-111] Unisim Transformation Summary:
  A total of 1 instances were transformed.
  RAM32X1D => RAM32X1D (RAMD32(x2)): 1 instance 

Synth Design complete | Checksum: deb730e4
INFO: [Common 17-83] Releasing license: Synthesis
139 Infos, 0 Warnings, 0 Critical Warnings and 0 Errors encountered.
synth_design completed successfully
synth_design: Time (s): cpu = 00:00:49 ; elapsed = 00:00:53 . Memory (MB): peak = 2842.883 ; gain = 1220.875 ; free physical = 837 ; free virtual = 8285
INFO: [Common 17-2834] synth_design peak Physical Memory [PSS] (MB): overall = 1748.665; main = 1748.665; forked = 211.327
INFO: [Common 17-2834] synth_design peak Virtual Memory [VSS] (MB): overall = 3552.496; main = 2842.852; forked = 986.523
Write ShapeDB Complete: Time (s): cpu = 00:00:00 ; elapsed = 00:00:00 . Memory (MB): peak = 2866.859 ; gain = 0.000 ; free physical = 840 ; free virtual = 8287
INFO: [Common 17-1381] The checkpoint '/home/chathupa/Desktop/dnn_opt/build/dnn_zynq_hdmi/dnn_zynq_hdmi.runs/system_axi_ic_vid_imp_auto_pc_0_synth_1/system_axi_ic_vid_imp_auto_pc_0.dcp' has been generated.
INFO: [Coretcl 2-1648] Added synthesis output to IP cache for IP system_axi_ic_vid_imp_auto_pc_0, cache-ID = 7898891101d8b19b
INFO: [Coretcl 2-1174] Renamed 20 cell refs.
Write ShapeDB Complete: Time (s): cpu = 00:00:00 ; elapsed = 00:00:00 . Memory (MB): peak = 2866.859 ; gain = 0.000 ; free physical = 756 ; free virtual = 8204
INFO: [Common 17-1381] The checkpoint '/home/chathupa/Desktop/dnn_opt/build/dnn_zynq_hdmi/dnn_zynq_hdmi.runs/system_axi_ic_vid_imp_auto_pc_0_synth_1/system_axi_ic_vid_imp_auto_pc_0.dcp' has been generated.
INFO: [Vivado 12-24828] Executing command : report_utilization -file system_axi_ic_vid_imp_auto_pc_0_utilization_synth.rpt -pb system_axi_ic_vid_imp_auto_pc_0_utilization_synth.pb
INFO: [Common 17-206] Exiting Vivado at Wed Jul  8 16:39:17 2026...
