
*** Running vivado
    with args -log system_wrapper.vds -m64 -product Vivado -mode batch -messageDb vivado.pb -notrace -source system_wrapper.tcl


****** Vivado v2025.2 (64-bit)
  **** SW Build 6299465 on Fri Nov 14 12:34:56 MST 2025
  **** IP Build 6300035 on Fri Nov 14 10:48:45 MST 2025
  **** SharedData Build 6298862 on Thu Nov 13 04:50:51 MST 2025
  **** Start of session at: Wed Jul  8 09:43:44 2026
    ** Copyright 1986-2022 Xilinx, Inc. All Rights Reserved.
    ** Copyright 2022-2025 Advanced Micro Devices, Inc. All Rights Reserved.

source system_wrapper.tcl -notrace
INFO: [IP_Flow 19-234] Refreshing IP repositories
INFO: [IP_Flow 19-1704] No user IP repositories specified
INFO: [IP_Flow 19-2313] Loaded Vivado IP repository '/home/chathupa/Desktop/AMD/2025.2/data/ip'.
Command: synth_design -top system_wrapper -part xc7z020clg484-1
Starting synth_design
Attempting to get a license for feature 'Synthesis' and/or device 'xc7z020'
INFO: [Common 17-349] Got license for feature 'Synthesis' and/or device 'xc7z020'
INFO: [Device 21-403] Loading part xc7z020clg484-1
INFO: [Synth 8-7079] Multithreading enabled for synth_design using a maximum of 7 processes.
INFO: [Synth 8-7078] Launching helper process for spawning children vivado processes
INFO: [Synth 8-7075] Helper process launched with PID 27637
---------------------------------------------------------------------------------
Starting RTL Elaboration : Time (s): cpu = 00:00:04 ; elapsed = 00:00:04 . Memory (MB): peak = 2311.660 ; gain = 480.242 ; free physical = 3224 ; free virtual = 14183
---------------------------------------------------------------------------------
INFO: [Synth 8-6157] synthesizing module 'system_wrapper' [/home/chathupa/Desktop/dnn_opt/build/dnn_zynq_yolo/dnn_zynq_yolo.gen/sources_1/bd/system/hdl/system_wrapper.v:13]
INFO: [Synth 8-6157] synthesizing module 'system' [/home/chathupa/Desktop/dnn_opt/build/dnn_zynq_yolo/dnn_zynq_yolo.gen/sources_1/bd/system/synth/system.v:574]
INFO: [Synth 8-6157] synthesizing module 'system_accel_0' [/home/chathupa/Desktop/dnn_opt/build/dnn_zynq_yolo/dnn_zynq_yolo.runs/synth_1/.Xil/Vivado-27357-chathupa-Nitro-AN515-55/realtime/system_accel_0_stub.v:6]
INFO: [Synth 8-6155] done synthesizing module 'system_accel_0' (0#1) [/home/chathupa/Desktop/dnn_opt/build/dnn_zynq_yolo/dnn_zynq_yolo.runs/synth_1/.Xil/Vivado-27357-chathupa-Nitro-AN515-55/realtime/system_accel_0_stub.v:6]
WARNING: [Synth 8-7071] port 'm_axi_hp_wid' of module 'system_accel_0' is unconnected for instance 'accel' [/home/chathupa/Desktop/dnn_opt/build/dnn_zynq_yolo/dnn_zynq_yolo.gen/sources_1/bd/system/synth/system.v:818]
WARNING: [Synth 8-7023] instance 'accel' of module 'system_accel_0' has 61 connections declared, but only 60 given [/home/chathupa/Desktop/dnn_opt/build/dnn_zynq_yolo/dnn_zynq_yolo.gen/sources_1/bd/system/synth/system.v:818]
INFO: [Synth 8-6157] synthesizing module 'system_axi_ic_ctrl_0' [/home/chathupa/Desktop/dnn_opt/build/dnn_zynq_yolo/dnn_zynq_yolo.gen/sources_1/bd/system/synth/system.v:1221]
INFO: [Synth 8-6157] synthesizing module 's00_couplers_imp_61HG22' [/home/chathupa/Desktop/dnn_opt/build/dnn_zynq_yolo/dnn_zynq_yolo.gen/sources_1/bd/system/synth/system.v:13]
INFO: [Synth 8-6155] done synthesizing module 's00_couplers_imp_61HG22' (0#1) [/home/chathupa/Desktop/dnn_opt/build/dnn_zynq_yolo/dnn_zynq_yolo.gen/sources_1/bd/system/synth/system.v:13]
INFO: [Synth 8-6155] done synthesizing module 'system_axi_ic_ctrl_0' (0#1) [/home/chathupa/Desktop/dnn_opt/build/dnn_zynq_yolo/dnn_zynq_yolo.gen/sources_1/bd/system/synth/system.v:1221]
INFO: [Synth 8-6157] synthesizing module 'system_axi_ic_mem_0' [/home/chathupa/Desktop/dnn_opt/build/dnn_zynq_yolo/dnn_zynq_yolo.gen/sources_1/bd/system/synth/system.v:1551]
INFO: [Synth 8-6157] synthesizing module 's00_couplers_imp_PTFNND' [/home/chathupa/Desktop/dnn_opt/build/dnn_zynq_yolo/dnn_zynq_yolo.gen/sources_1/bd/system/synth/system.v:254]
INFO: [Synth 8-6157] synthesizing module 'system_axi_ic_mem_imp_auto_pc_0' [/home/chathupa/Desktop/dnn_opt/build/dnn_zynq_yolo/dnn_zynq_yolo.runs/synth_1/.Xil/Vivado-27357-chathupa-Nitro-AN515-55/realtime/system_axi_ic_mem_imp_auto_pc_0_stub.v:6]
INFO: [Synth 8-6155] done synthesizing module 'system_axi_ic_mem_imp_auto_pc_0' (0#1) [/home/chathupa/Desktop/dnn_opt/build/dnn_zynq_yolo/dnn_zynq_yolo.runs/synth_1/.Xil/Vivado-27357-chathupa-Nitro-AN515-55/realtime/system_axi_ic_mem_imp_auto_pc_0_stub.v:6]
INFO: [Synth 8-6155] done synthesizing module 's00_couplers_imp_PTFNND' (0#1) [/home/chathupa/Desktop/dnn_opt/build/dnn_zynq_yolo/dnn_zynq_yolo.gen/sources_1/bd/system/synth/system.v:254]
INFO: [Synth 8-6155] done synthesizing module 'system_axi_ic_mem_0' (0#1) [/home/chathupa/Desktop/dnn_opt/build/dnn_zynq_yolo/dnn_zynq_yolo.gen/sources_1/bd/system/synth/system.v:1551]
INFO: [Synth 8-6157] synthesizing module 'system_axi_pc_ctrl_0' [/home/chathupa/Desktop/dnn_opt/build/dnn_zynq_yolo/dnn_zynq_yolo.runs/synth_1/.Xil/Vivado-27357-chathupa-Nitro-AN515-55/realtime/system_axi_pc_ctrl_0_stub.v:6]
INFO: [Synth 8-6155] done synthesizing module 'system_axi_pc_ctrl_0' (0#1) [/home/chathupa/Desktop/dnn_opt/build/dnn_zynq_yolo/dnn_zynq_yolo.runs/synth_1/.Xil/Vivado-27357-chathupa-Nitro-AN515-55/realtime/system_axi_pc_ctrl_0_stub.v:6]
INFO: [Synth 8-6157] synthesizing module 'system_ps7_0' [/home/chathupa/Desktop/dnn_opt/build/dnn_zynq_yolo/dnn_zynq_yolo.runs/synth_1/.Xil/Vivado-27357-chathupa-Nitro-AN515-55/realtime/system_ps7_0_stub.v:6]
INFO: [Synth 8-6155] done synthesizing module 'system_ps7_0' (0#1) [/home/chathupa/Desktop/dnn_opt/build/dnn_zynq_yolo/dnn_zynq_yolo.runs/synth_1/.Xil/Vivado-27357-chathupa-Nitro-AN515-55/realtime/system_ps7_0_stub.v:6]
WARNING: [Synth 8-7071] port 'ENET0_MDIO_MDC' of module 'system_ps7_0' is unconnected for instance 'ps7' [/home/chathupa/Desktop/dnn_opt/build/dnn_zynq_yolo/dnn_zynq_yolo.gen/sources_1/bd/system/synth/system.v:1104]
WARNING: [Synth 8-7071] port 'ENET0_MDIO_O' of module 'system_ps7_0' is unconnected for instance 'ps7' [/home/chathupa/Desktop/dnn_opt/build/dnn_zynq_yolo/dnn_zynq_yolo.gen/sources_1/bd/system/synth/system.v:1104]
WARNING: [Synth 8-7071] port 'ENET0_MDIO_T' of module 'system_ps7_0' is unconnected for instance 'ps7' [/home/chathupa/Desktop/dnn_opt/build/dnn_zynq_yolo/dnn_zynq_yolo.gen/sources_1/bd/system/synth/system.v:1104]
WARNING: [Synth 8-7071] port 'TTC0_WAVE0_OUT' of module 'system_ps7_0' is unconnected for instance 'ps7' [/home/chathupa/Desktop/dnn_opt/build/dnn_zynq_yolo/dnn_zynq_yolo.gen/sources_1/bd/system/synth/system.v:1104]
WARNING: [Synth 8-7071] port 'TTC0_WAVE1_OUT' of module 'system_ps7_0' is unconnected for instance 'ps7' [/home/chathupa/Desktop/dnn_opt/build/dnn_zynq_yolo/dnn_zynq_yolo.gen/sources_1/bd/system/synth/system.v:1104]
WARNING: [Synth 8-7071] port 'TTC0_WAVE2_OUT' of module 'system_ps7_0' is unconnected for instance 'ps7' [/home/chathupa/Desktop/dnn_opt/build/dnn_zynq_yolo/dnn_zynq_yolo.gen/sources_1/bd/system/synth/system.v:1104]
WARNING: [Synth 8-7071] port 'USB0_PORT_INDCTL' of module 'system_ps7_0' is unconnected for instance 'ps7' [/home/chathupa/Desktop/dnn_opt/build/dnn_zynq_yolo/dnn_zynq_yolo.gen/sources_1/bd/system/synth/system.v:1104]
WARNING: [Synth 8-7071] port 'USB0_VBUS_PWRSELECT' of module 'system_ps7_0' is unconnected for instance 'ps7' [/home/chathupa/Desktop/dnn_opt/build/dnn_zynq_yolo/dnn_zynq_yolo.gen/sources_1/bd/system/synth/system.v:1104]
WARNING: [Synth 8-7071] port 'S_AXI_HP0_RCOUNT' of module 'system_ps7_0' is unconnected for instance 'ps7' [/home/chathupa/Desktop/dnn_opt/build/dnn_zynq_yolo/dnn_zynq_yolo.gen/sources_1/bd/system/synth/system.v:1104]
WARNING: [Synth 8-7071] port 'S_AXI_HP0_WCOUNT' of module 'system_ps7_0' is unconnected for instance 'ps7' [/home/chathupa/Desktop/dnn_opt/build/dnn_zynq_yolo/dnn_zynq_yolo.gen/sources_1/bd/system/synth/system.v:1104]
WARNING: [Synth 8-7071] port 'S_AXI_HP0_RACOUNT' of module 'system_ps7_0' is unconnected for instance 'ps7' [/home/chathupa/Desktop/dnn_opt/build/dnn_zynq_yolo/dnn_zynq_yolo.gen/sources_1/bd/system/synth/system.v:1104]
WARNING: [Synth 8-7071] port 'S_AXI_HP0_WACOUNT' of module 'system_ps7_0' is unconnected for instance 'ps7' [/home/chathupa/Desktop/dnn_opt/build/dnn_zynq_yolo/dnn_zynq_yolo.gen/sources_1/bd/system/synth/system.v:1104]
WARNING: [Synth 8-7023] instance 'ps7' of module 'system_ps7_0' has 119 connections declared, but only 107 given [/home/chathupa/Desktop/dnn_opt/build/dnn_zynq_yolo/dnn_zynq_yolo.gen/sources_1/bd/system/synth/system.v:1104]
INFO: [Synth 8-6157] synthesizing module 'system_rst_sys_0' [/home/chathupa/Desktop/dnn_opt/build/dnn_zynq_yolo/dnn_zynq_yolo.runs/synth_1/.Xil/Vivado-27357-chathupa-Nitro-AN515-55/realtime/system_rst_sys_0_stub.v:6]
INFO: [Synth 8-6155] done synthesizing module 'system_rst_sys_0' (0#1) [/home/chathupa/Desktop/dnn_opt/build/dnn_zynq_yolo/dnn_zynq_yolo.runs/synth_1/.Xil/Vivado-27357-chathupa-Nitro-AN515-55/realtime/system_rst_sys_0_stub.v:6]
WARNING: [Synth 8-7071] port 'mb_reset' of module 'system_rst_sys_0' is unconnected for instance 'rst_sys' [/home/chathupa/Desktop/dnn_opt/build/dnn_zynq_yolo/dnn_zynq_yolo.gen/sources_1/bd/system/synth/system.v:1212]
WARNING: [Synth 8-7071] port 'bus_struct_reset' of module 'system_rst_sys_0' is unconnected for instance 'rst_sys' [/home/chathupa/Desktop/dnn_opt/build/dnn_zynq_yolo/dnn_zynq_yolo.gen/sources_1/bd/system/synth/system.v:1212]
WARNING: [Synth 8-7071] port 'peripheral_reset' of module 'system_rst_sys_0' is unconnected for instance 'rst_sys' [/home/chathupa/Desktop/dnn_opt/build/dnn_zynq_yolo/dnn_zynq_yolo.gen/sources_1/bd/system/synth/system.v:1212]
WARNING: [Synth 8-7071] port 'interconnect_aresetn' of module 'system_rst_sys_0' is unconnected for instance 'rst_sys' [/home/chathupa/Desktop/dnn_opt/build/dnn_zynq_yolo/dnn_zynq_yolo.gen/sources_1/bd/system/synth/system.v:1212]
WARNING: [Synth 8-7023] instance 'rst_sys' of module 'system_rst_sys_0' has 10 connections declared, but only 6 given [/home/chathupa/Desktop/dnn_opt/build/dnn_zynq_yolo/dnn_zynq_yolo.gen/sources_1/bd/system/synth/system.v:1212]
INFO: [Synth 8-6155] done synthesizing module 'system' (0#1) [/home/chathupa/Desktop/dnn_opt/build/dnn_zynq_yolo/dnn_zynq_yolo.gen/sources_1/bd/system/synth/system.v:574]
INFO: [Synth 8-6155] done synthesizing module 'system_wrapper' (0#1) [/home/chathupa/Desktop/dnn_opt/build/dnn_zynq_yolo/dnn_zynq_yolo.gen/sources_1/bd/system/hdl/system_wrapper.v:13]
WARNING: [Synth 8-7129] Port M_ACLK in module s00_couplers_imp_PTFNND is either unconnected or has no load
WARNING: [Synth 8-7129] Port M_ARESETN in module s00_couplers_imp_PTFNND is either unconnected or has no load
WARNING: [Synth 8-7129] Port S_AXI_arlock[1] in module s00_couplers_imp_PTFNND is either unconnected or has no load
WARNING: [Synth 8-7129] Port S_AXI_awlock[1] in module s00_couplers_imp_PTFNND is either unconnected or has no load
WARNING: [Synth 8-7129] Port ACLK in module system_axi_ic_mem_0 is either unconnected or has no load
WARNING: [Synth 8-7129] Port ARESETN in module system_axi_ic_mem_0 is either unconnected or has no load
WARNING: [Synth 8-7129] Port M_ACLK in module s00_couplers_imp_61HG22 is either unconnected or has no load
WARNING: [Synth 8-7129] Port M_ARESETN in module s00_couplers_imp_61HG22 is either unconnected or has no load
WARNING: [Synth 8-7129] Port S_ACLK in module s00_couplers_imp_61HG22 is either unconnected or has no load
WARNING: [Synth 8-7129] Port S_ARESETN in module s00_couplers_imp_61HG22 is either unconnected or has no load
WARNING: [Synth 8-7129] Port ACLK in module system_axi_ic_ctrl_0 is either unconnected or has no load
WARNING: [Synth 8-7129] Port ARESETN in module system_axi_ic_ctrl_0 is either unconnected or has no load
---------------------------------------------------------------------------------
Finished RTL Elaboration : Time (s): cpu = 00:00:05 ; elapsed = 00:00:06 . Memory (MB): peak = 2404.598 ; gain = 573.180 ; free physical = 3144 ; free virtual = 14104
---------------------------------------------------------------------------------
---------------------------------------------------------------------------------
Start Handling Custom Attributes
---------------------------------------------------------------------------------
---------------------------------------------------------------------------------
Finished Handling Custom Attributes : Time (s): cpu = 00:00:05 ; elapsed = 00:00:06 . Memory (MB): peak = 2404.598 ; gain = 573.180 ; free physical = 3144 ; free virtual = 14104
---------------------------------------------------------------------------------
---------------------------------------------------------------------------------
Finished RTL Optimization Phase 1 : Time (s): cpu = 00:00:05 ; elapsed = 00:00:06 . Memory (MB): peak = 2404.598 ; gain = 573.180 ; free physical = 3144 ; free virtual = 14104
---------------------------------------------------------------------------------
Netlist sorting complete. Time (s): cpu = 00:00:00.01 ; elapsed = 00:00:00.01 . Memory (MB): peak = 2404.598 ; gain = 0.000 ; free physical = 3144 ; free virtual = 14104
INFO: [Project 1-570] Preparing netlist for logic optimization

Processing XDC Constraints
Initializing timing engine
Parsing XDC File [/home/chathupa/Desktop/dnn_opt/build/dnn_zynq_yolo/dnn_zynq_yolo.gen/sources_1/bd/system/ip/system_ps7_0/system_ps7_0/system_ps7_0_in_context.xdc] for cell 'system_i/ps7'
Finished Parsing XDC File [/home/chathupa/Desktop/dnn_opt/build/dnn_zynq_yolo/dnn_zynq_yolo.gen/sources_1/bd/system/ip/system_ps7_0/system_ps7_0/system_ps7_0_in_context.xdc] for cell 'system_i/ps7'
Parsing XDC File [/home/chathupa/Desktop/dnn_opt/build/dnn_zynq_yolo/dnn_zynq_yolo.gen/sources_1/bd/system/ip/system_accel_0/system_accel_0/system_accel_0_in_context.xdc] for cell 'system_i/accel'
Finished Parsing XDC File [/home/chathupa/Desktop/dnn_opt/build/dnn_zynq_yolo/dnn_zynq_yolo.gen/sources_1/bd/system/ip/system_accel_0/system_accel_0/system_accel_0_in_context.xdc] for cell 'system_i/accel'
Parsing XDC File [/home/chathupa/Desktop/dnn_opt/build/dnn_zynq_yolo/dnn_zynq_yolo.gen/sources_1/bd/system/ip/system_axi_ic_mem_imp_auto_pc_0/system_axi_ic_mem_imp_auto_pc_0/system_axi_ic_mem_imp_auto_pc_0_in_context.xdc] for cell 'system_i/axi_ic_mem/s00_couplers/auto_pc'
Finished Parsing XDC File [/home/chathupa/Desktop/dnn_opt/build/dnn_zynq_yolo/dnn_zynq_yolo.gen/sources_1/bd/system/ip/system_axi_ic_mem_imp_auto_pc_0/system_axi_ic_mem_imp_auto_pc_0/system_axi_ic_mem_imp_auto_pc_0_in_context.xdc] for cell 'system_i/axi_ic_mem/s00_couplers/auto_pc'
Parsing XDC File [/home/chathupa/Desktop/dnn_opt/build/dnn_zynq_yolo/dnn_zynq_yolo.gen/sources_1/bd/system/ip/system_axi_pc_ctrl_0/system_axi_pc_ctrl_0/system_axi_pc_ctrl_0_in_context.xdc] for cell 'system_i/axi_pc_ctrl'
Finished Parsing XDC File [/home/chathupa/Desktop/dnn_opt/build/dnn_zynq_yolo/dnn_zynq_yolo.gen/sources_1/bd/system/ip/system_axi_pc_ctrl_0/system_axi_pc_ctrl_0/system_axi_pc_ctrl_0_in_context.xdc] for cell 'system_i/axi_pc_ctrl'
Parsing XDC File [/home/chathupa/Desktop/dnn_opt/build/dnn_zynq_yolo/dnn_zynq_yolo.gen/sources_1/bd/system/ip/system_rst_sys_0/system_rst_sys_0/system_rst_sys_0_in_context.xdc] for cell 'system_i/rst_sys'
Finished Parsing XDC File [/home/chathupa/Desktop/dnn_opt/build/dnn_zynq_yolo/dnn_zynq_yolo.gen/sources_1/bd/system/ip/system_rst_sys_0/system_rst_sys_0/system_rst_sys_0_in_context.xdc] for cell 'system_i/rst_sys'
Parsing XDC File [/home/chathupa/Desktop/dnn_opt/xdc/zedboard_ps.xdc]
Finished Parsing XDC File [/home/chathupa/Desktop/dnn_opt/xdc/zedboard_ps.xdc]
INFO: [Project 1-236] Implementation specific constraints were found while reading constraint file [/home/chathupa/Desktop/dnn_opt/xdc/zedboard_ps.xdc]. These constraints will be ignored for synthesis but will be used in implementation. Impacted constraints are listed in the file [.Xil/system_wrapper_propImpl.xdc].
Resolution: To avoid this warning, move constraints listed in [.Xil/system_wrapper_propImpl.xdc] to another XDC file and exclude this new file from synthesis with the used_in_synthesis property (File Properties dialog in GUI) and re-run elaboration/synthesis.
Parsing XDC File [/home/chathupa/Desktop/dnn_opt/build/dnn_zynq_yolo/dnn_zynq_yolo.runs/synth_1/dont_touch.xdc]
Finished Parsing XDC File [/home/chathupa/Desktop/dnn_opt/build/dnn_zynq_yolo/dnn_zynq_yolo.runs/synth_1/dont_touch.xdc]
Completed Processing XDC Constraints

Netlist sorting complete. Time (s): cpu = 00:00:00 ; elapsed = 00:00:00 . Memory (MB): peak = 2452.250 ; gain = 0.000 ; free physical = 3145 ; free virtual = 14110
INFO: [Project 1-111] Unisim Transformation Summary:
No Unisim elements were transformed.

Constraint Validation Runtime : Time (s): cpu = 00:00:00 ; elapsed = 00:00:00 . Memory (MB): peak = 2452.285 ; gain = 0.000 ; free physical = 3145 ; free virtual = 14110
---------------------------------------------------------------------------------
Finished Constraint Validation : Time (s): cpu = 00:00:12 ; elapsed = 00:00:12 . Memory (MB): peak = 2452.285 ; gain = 620.867 ; free physical = 3197 ; free virtual = 14162
---------------------------------------------------------------------------------
---------------------------------------------------------------------------------
Start Loading Part and Timing Information
---------------------------------------------------------------------------------
Loading part: xc7z020clg484-1
---------------------------------------------------------------------------------
Finished Loading Part and Timing Information : Time (s): cpu = 00:00:12 ; elapsed = 00:00:12 . Memory (MB): peak = 2460.254 ; gain = 628.836 ; free physical = 3197 ; free virtual = 14162
---------------------------------------------------------------------------------
---------------------------------------------------------------------------------
Start Applying 'set_property' XDC Constraints
---------------------------------------------------------------------------------
---------------------------------------------------------------------------------
Finished applying 'set_property' XDC Constraints : Time (s): cpu = 00:00:12 ; elapsed = 00:00:13 . Memory (MB): peak = 2460.254 ; gain = 628.836 ; free physical = 3196 ; free virtual = 14162
---------------------------------------------------------------------------------
---------------------------------------------------------------------------------
Finished RTL Optimization Phase 2 : Time (s): cpu = 00:00:13 ; elapsed = 00:00:13 . Memory (MB): peak = 2460.254 ; gain = 628.836 ; free physical = 3196 ; free virtual = 14163
---------------------------------------------------------------------------------
---------------------------------------------------------------------------------
Start RTL Component Statistics 
---------------------------------------------------------------------------------
Detailed RTL Component Info : 
---------------------------------------------------------------------------------
Finished RTL Component Statistics 
---------------------------------------------------------------------------------
---------------------------------------------------------------------------------
Start Part Resource Summary
---------------------------------------------------------------------------------
Part Resources:
DSPs: 220 (col length:60)
BRAMs: 280 (col length: RAMB18 60 RAMB36 30)
---------------------------------------------------------------------------------
Finished Part Resource Summary
---------------------------------------------------------------------------------
---------------------------------------------------------------------------------
Start Cross Boundary and Area Optimization
---------------------------------------------------------------------------------
WARNING: [Synth 8-7129] Port ACLK in module system_axi_ic_mem_0 is either unconnected or has no load
WARNING: [Synth 8-7129] Port ARESETN in module system_axi_ic_mem_0 is either unconnected or has no load
WARNING: [Synth 8-7129] Port M00_ACLK in module system_axi_ic_mem_0 is either unconnected or has no load
WARNING: [Synth 8-7129] Port M00_ARESETN in module system_axi_ic_mem_0 is either unconnected or has no load
WARNING: [Synth 8-7129] Port S00_AXI_arlock[1] in module system_axi_ic_mem_0 is either unconnected or has no load
WARNING: [Synth 8-7129] Port S00_AXI_awlock[1] in module system_axi_ic_mem_0 is either unconnected or has no load
WARNING: [Synth 8-7129] Port ACLK in module system_axi_ic_ctrl_0 is either unconnected or has no load
WARNING: [Synth 8-7129] Port ARESETN in module system_axi_ic_ctrl_0 is either unconnected or has no load
WARNING: [Synth 8-7129] Port M00_ACLK in module system_axi_ic_ctrl_0 is either unconnected or has no load
WARNING: [Synth 8-7129] Port M00_ARESETN in module system_axi_ic_ctrl_0 is either unconnected or has no load
WARNING: [Synth 8-7129] Port S00_ACLK in module system_axi_ic_ctrl_0 is either unconnected or has no load
WARNING: [Synth 8-7129] Port S00_ARESETN in module system_axi_ic_ctrl_0 is either unconnected or has no load
---------------------------------------------------------------------------------
Finished Cross Boundary and Area Optimization : Time (s): cpu = 00:00:14 ; elapsed = 00:00:14 . Memory (MB): peak = 2460.254 ; gain = 628.836 ; free physical = 3218 ; free virtual = 14184
---------------------------------------------------------------------------------
---------------------------------------------------------------------------------
Start Applying XDC Timing Constraints
---------------------------------------------------------------------------------
---------------------------------------------------------------------------------
Finished Applying XDC Timing Constraints : Time (s): cpu = 00:00:18 ; elapsed = 00:00:19 . Memory (MB): peak = 2574.254 ; gain = 742.836 ; free physical = 3121 ; free virtual = 14086
---------------------------------------------------------------------------------
---------------------------------------------------------------------------------
Start Timing Optimization
---------------------------------------------------------------------------------
---------------------------------------------------------------------------------
Finished Timing Optimization : Time (s): cpu = 00:00:18 ; elapsed = 00:00:19 . Memory (MB): peak = 2575.254 ; gain = 743.836 ; free physical = 3121 ; free virtual = 14086
---------------------------------------------------------------------------------
---------------------------------------------------------------------------------
Start Technology Mapping
---------------------------------------------------------------------------------
---------------------------------------------------------------------------------
Finished Technology Mapping : Time (s): cpu = 00:00:18 ; elapsed = 00:00:19 . Memory (MB): peak = 2585.270 ; gain = 753.852 ; free physical = 3113 ; free virtual = 14078
---------------------------------------------------------------------------------
---------------------------------------------------------------------------------
Start IO Insertion
---------------------------------------------------------------------------------
---------------------------------------------------------------------------------
Start Flattening Before IO Insertion
---------------------------------------------------------------------------------
---------------------------------------------------------------------------------
Finished Flattening Before IO Insertion
---------------------------------------------------------------------------------
---------------------------------------------------------------------------------
Start Final Netlist Cleanup
---------------------------------------------------------------------------------
---------------------------------------------------------------------------------
Finished Final Netlist Cleanup
---------------------------------------------------------------------------------
---------------------------------------------------------------------------------
Finished IO Insertion : Time (s): cpu = 00:00:22 ; elapsed = 00:00:22 . Memory (MB): peak = 2771.082 ; gain = 939.664 ; free physical = 2966 ; free virtual = 13937
---------------------------------------------------------------------------------
---------------------------------------------------------------------------------
Start Renaming Generated Instances
---------------------------------------------------------------------------------
---------------------------------------------------------------------------------
Finished Renaming Generated Instances : Time (s): cpu = 00:00:22 ; elapsed = 00:00:22 . Memory (MB): peak = 2771.082 ; gain = 939.664 ; free physical = 2966 ; free virtual = 13937
---------------------------------------------------------------------------------
---------------------------------------------------------------------------------
Start Rebuilding User Hierarchy
---------------------------------------------------------------------------------
---------------------------------------------------------------------------------
Finished Rebuilding User Hierarchy : Time (s): cpu = 00:00:22 ; elapsed = 00:00:22 . Memory (MB): peak = 2771.082 ; gain = 939.664 ; free physical = 2966 ; free virtual = 13937
---------------------------------------------------------------------------------
---------------------------------------------------------------------------------
Start Renaming Generated Ports
---------------------------------------------------------------------------------
---------------------------------------------------------------------------------
Finished Renaming Generated Ports : Time (s): cpu = 00:00:22 ; elapsed = 00:00:22 . Memory (MB): peak = 2771.082 ; gain = 939.664 ; free physical = 2966 ; free virtual = 13937
---------------------------------------------------------------------------------
---------------------------------------------------------------------------------
Start Handling Custom Attributes
---------------------------------------------------------------------------------
---------------------------------------------------------------------------------
Finished Handling Custom Attributes : Time (s): cpu = 00:00:22 ; elapsed = 00:00:22 . Memory (MB): peak = 2771.082 ; gain = 939.664 ; free physical = 2966 ; free virtual = 13937
---------------------------------------------------------------------------------
---------------------------------------------------------------------------------
Start Renaming Generated Nets
---------------------------------------------------------------------------------
---------------------------------------------------------------------------------
Finished Renaming Generated Nets : Time (s): cpu = 00:00:22 ; elapsed = 00:00:22 . Memory (MB): peak = 2771.082 ; gain = 939.664 ; free physical = 2966 ; free virtual = 13937
---------------------------------------------------------------------------------
---------------------------------------------------------------------------------
Start Writing Synthesis Report
---------------------------------------------------------------------------------

Report BlackBoxes: 
+------+--------------------------------+----------+
|      |BlackBox name                   |Instances |
+------+--------------------------------+----------+
|1     |system_accel_0                  |         1|
|2     |system_axi_ic_mem_imp_auto_pc_0 |         1|
|3     |system_axi_pc_ctrl_0            |         1|
|4     |system_ps7_0                    |         1|
|5     |system_rst_sys_0                |         1|
+------+--------------------------------+----------+

Report Cell Usage: 
+------+------------------------------+------+
|      |Cell                          |Count |
+------+------------------------------+------+
|1     |system_accel                  |     1|
|2     |system_axi_ic_mem_imp_auto_pc |     1|
|3     |system_axi_pc_ctrl            |     1|
|4     |system_ps7                    |     1|
|5     |system_rst_sys                |     1|
|6     |OBUF                          |     4|
+------+------------------------------+------+
---------------------------------------------------------------------------------
Finished Writing Synthesis Report : Time (s): cpu = 00:00:22 ; elapsed = 00:00:23 . Memory (MB): peak = 2771.082 ; gain = 939.664 ; free physical = 2966 ; free virtual = 13937
---------------------------------------------------------------------------------
Synthesis finished with 0 errors, 0 critical warnings and 12 warnings.
Synthesis Optimization Runtime : Time (s): cpu = 00:00:20 ; elapsed = 00:00:21 . Memory (MB): peak = 2771.082 ; gain = 891.977 ; free physical = 2966 ; free virtual = 13937
Synthesis Optimization Complete : Time (s): cpu = 00:00:22 ; elapsed = 00:00:23 . Memory (MB): peak = 2771.090 ; gain = 939.664 ; free physical = 2966 ; free virtual = 13937
INFO: [Project 1-571] Translating synthesized netlist
Netlist sorting complete. Time (s): cpu = 00:00:00.01 ; elapsed = 00:00:00.01 . Memory (MB): peak = 2771.090 ; gain = 0.000 ; free physical = 2966 ; free virtual = 13937
INFO: [Project 1-570] Preparing netlist for logic optimization
INFO: [Opt 31-138] Pushed 0 inverter(s) to 0 load pin(s).
Netlist sorting complete. Time (s): cpu = 00:00:00 ; elapsed = 00:00:00 . Memory (MB): peak = 2771.090 ; gain = 0.000 ; free physical = 3151 ; free virtual = 14116
INFO: [Project 1-111] Unisim Transformation Summary:
No Unisim elements were transformed.

Synth Design complete | Checksum: 583b40b9
INFO: [Common 17-83] Releasing license: Synthesis
38 Infos, 44 Warnings, 0 Critical Warnings and 0 Errors encountered.
synth_design completed successfully
synth_design: Time (s): cpu = 00:00:32 ; elapsed = 00:00:30 . Memory (MB): peak = 2771.117 ; gain = 1150.449 ; free physical = 3153 ; free virtual = 14119
INFO: [Common 17-2834] synth_design peak Physical Memory [PSS] (MB): overall = 2033.767; main = 1911.946; forked = 283.290
INFO: [Common 17-2834] synth_design peak Virtual Memory [VSS] (MB): overall = 3631.797; main = 2771.086; forked = 986.523
Write ShapeDB Complete: Time (s): cpu = 00:00:00 ; elapsed = 00:00:00 . Memory (MB): peak = 2795.094 ; gain = 0.000 ; free physical = 3153 ; free virtual = 14119
INFO: [Common 17-1381] The checkpoint '/home/chathupa/Desktop/dnn_opt/build/dnn_zynq_yolo/dnn_zynq_yolo.runs/synth_1/system_wrapper.dcp' has been generated.
INFO: [Vivado 12-24828] Executing command : report_utilization -file system_wrapper_utilization_synth.rpt -pb system_wrapper_utilization_synth.pb
INFO: [Common 17-206] Exiting Vivado at Wed Jul  8 09:44:24 2026...
