Copyright 1986-2022 Xilinx, Inc. All Rights Reserved. Copyright 2022-2025 Advanced Micro Devices, Inc. All Rights Reserved.
---------------------------------------------------------------------------------------------------------------------------------------------
| Tool Version : Vivado v.2025.2 (lin64) Build 6299465 Fri Nov 14 12:34:56 MST 2025
| Date         : Fri May 22 11:00:21 2026
| Host         : chathupa-Nitro-AN515-55 running 64-bit Ubuntu 24.04.3 LTS
| Command      : report_timing_summary -file build/dnn_zedboard/reports/timing_synth.rpt
| Design       : zedboard_top
| Device       : 7z020-clg484
| Speed File   : -1  PRODUCTION 1.12 2019-11-22
| Design State : Synthesized
---------------------------------------------------------------------------------------------------------------------------------------------

Timing Summary Report

------------------------------------------------------------------------------------------------
| Timer Settings
| --------------
------------------------------------------------------------------------------------------------

  Enable Multi Corner Analysis               :  Yes
  Enable Pessimism Removal                   :  Yes
  Pessimism Removal Resolution               :  Nearest Common Node
  Enable Input Delay Default Clock           :  No
  Enable Preset / Clear Arcs                 :  No
  Disable Flight Delays                      :  No
  Ignore I/O Paths                           :  No
  Timing Early Launch at Borrowing Latches   :  No
  Borrow Time for Max Delay Exceptions       :  Yes
  Merge Timing Exceptions                    :  Yes
  Inter-SLR Compensation                     :  Conservative

  Corner  Analyze    Analyze    
  Name    Max Paths  Min Paths  
  ------  ---------  ---------  
  Slow    Yes        Yes        
  Fast    Yes        Yes        


------------------------------------------------------------------------------------------------
| Report Methodology
| ------------------
------------------------------------------------------------------------------------------------

No report available as report_methodology has not been run prior. Run report_methodology on the current design for the summary of methodology violations.



check_timing report

Table of Contents
-----------------
1. checking no_clock (0)
2. checking constant_clock (0)
3. checking pulse_width_clock (0)
4. checking unconstrained_internal_endpoints (0)
5. checking no_input_delay (2)
6. checking no_output_delay (7)
7. checking multiple_clock (0)
8. checking generated_clocks (0)
9. checking loops (0)
10. checking partial_input_delay (0)
11. checking partial_output_delay (0)
12. checking latch_loops (0)

1. checking no_clock (0)
------------------------
 There are 0 register/latch pins with no clock.


2. checking constant_clock (0)
------------------------------
 There are 0 register/latch pins with constant_clock.


3. checking pulse_width_clock (0)
---------------------------------
 There are 0 register/latch pins which need pulse_width check


4. checking unconstrained_internal_endpoints (0)
------------------------------------------------
 There are 0 pins that are not constrained for maximum delay.

 There are 0 pins that are not constrained for maximum delay due to constant clock.


5. checking no_input_delay (2)
------------------------------
 There are 0 input ports with no input delay specified.

 There are 2 input ports with no input delay but user has a false path constraint. (MEDIUM)


6. checking no_output_delay (7)
-------------------------------
 There are 0 ports with no output delay specified.

 There are 7 ports with no output delay but user has a false path constraint (MEDIUM)

 There are 0 ports with no output delay but with a timing clock defined on it or propagating through it


7. checking multiple_clock (0)
------------------------------
 There are 0 register/latch pins with multiple clocks.


8. checking generated_clocks (0)
--------------------------------
 There are 0 generated clocks that are not connected to a clock source.


9. checking loops (0)
---------------------
 There are 0 combinational loops in the design.


10. checking partial_input_delay (0)
------------------------------------
 There are 0 input ports with partial input delay specified.


11. checking partial_output_delay (0)
-------------------------------------
 There are 0 ports with partial output delay specified.


12. checking latch_loops (0)
----------------------------
 There are 0 combinational latch loops in the design through latch input



------------------------------------------------------------------------------------------------
| Design Timing Summary
| ---------------------
------------------------------------------------------------------------------------------------

    WNS(ns)      TNS(ns)  TNS Failing Endpoints  TNS Total Endpoints      WHS(ns)      THS(ns)  THS Failing Endpoints  THS Total Endpoints     WPWS(ns)     TPWS(ns)  TPWS Failing Endpoints  TPWS Total Endpoints  
    -------      -------  ---------------------  -------------------      -------      -------  ---------------------  -------------------     --------     --------  ----------------------  --------------------  
      5.141        0.000                      0                  919        0.087        0.000                      0                  919        4.500        0.000                       0                   344  


All user specified timing constraints are met.


------------------------------------------------------------------------------------------------
| Clock Summary
| -------------
------------------------------------------------------------------------------------------------

Clock        Waveform(ns)       Period(ns)      Frequency(MHz)
-----        ------------       ----------      --------------
sys_clk_pin  {0.000 5.000}      10.000          100.000         


------------------------------------------------------------------------------------------------
| Intra Clock Table
| -----------------
------------------------------------------------------------------------------------------------

Clock             WNS(ns)      TNS(ns)  TNS Failing Endpoints  TNS Total Endpoints      WHS(ns)      THS(ns)  THS Failing Endpoints  THS Total Endpoints     WPWS(ns)     TPWS(ns)  TPWS Failing Endpoints  TPWS Total Endpoints  
-----             -------      -------  ---------------------  -------------------      -------      -------  ---------------------  -------------------     --------     --------  ----------------------  --------------------  
sys_clk_pin         5.141        0.000                      0                  919        0.087        0.000                      0                  919        4.500        0.000                       0                   344  


------------------------------------------------------------------------------------------------
| Inter Clock Table
| -----------------
------------------------------------------------------------------------------------------------

From Clock    To Clock          WNS(ns)      TNS(ns)  TNS Failing Endpoints  TNS Total Endpoints      WHS(ns)      THS(ns)  THS Failing Endpoints  THS Total Endpoints  
----------    --------          -------      -------  ---------------------  -------------------      -------      -------  ---------------------  -------------------  


------------------------------------------------------------------------------------------------
| Other Path Groups Table
| -----------------------
------------------------------------------------------------------------------------------------

Path Group    From Clock    To Clock          WNS(ns)      TNS(ns)  TNS Failing Endpoints  TNS Total Endpoints      WHS(ns)      THS(ns)  THS Failing Endpoints  THS Total Endpoints  
----------    ----------    --------          -------      -------  ---------------------  -------------------      -------      -------  ---------------------  -------------------  


------------------------------------------------------------------------------------------------
| Timing Details
| --------------
------------------------------------------------------------------------------------------------


---------------------------------------------------------------------------------------------------
From Clock:  sys_clk_pin
  To Clock:  sys_clk_pin

Setup :            0  Failing Endpoints,  Worst Slack        5.141ns,  Total Violation        0.000ns
Hold  :            0  Failing Endpoints,  Worst Slack        0.087ns,  Total Violation        0.000ns
PW    :            0  Failing Endpoints,  Worst Slack        4.500ns,  Total Violation        0.000ns
---------------------------------------------------------------------------------------------------


Max Delay Paths
--------------------------------------------------------------------------------------
Slack (MET) :             5.141ns  (required time - arrival time)
  Source:                 u_dut/pipeline/layer_2/control_unit/kc_cnt_reg[2]/C
                            (rising edge-triggered cell FDRE clocked by sys_clk_pin  {rise@0.000ns fall@5.000ns period=10.000ns})
  Destination:            u_dut/pipeline/layer_2/control_unit/ch_out_cnt_reg[0]/CE
                            (rising edge-triggered cell FDRE clocked by sys_clk_pin  {rise@0.000ns fall@5.000ns period=10.000ns})
  Path Group:             sys_clk_pin
  Path Type:              Setup (Max at Slow Process Corner)
  Requirement:            10.000ns  (sys_clk_pin rise@10.000ns - sys_clk_pin rise@0.000ns)
  Data Path Delay:        4.277ns  (logic 1.849ns (43.231%)  route 2.428ns (56.769%))
  Logic Levels:           4  (CARRY4=1 LUT2=1 LUT5=2)
  Clock Path Skew:        -0.145ns (DCD - SCD + CPR)
    Destination Clock Delay (DCD):    2.709ns = ( 12.709 - 10.000 ) 
    Source Clock Delay      (SCD):    2.975ns
    Clock Pessimism Removal (CPR):    0.121ns
  Clock Uncertainty:      0.235ns  ((TSJ^2 + TIJ^2)^1/2 + DJ) / 2 + PE + UU
    Total System Jitter     (TSJ):    0.071ns
    Total Input Jitter      (TIJ):    0.000ns
    Discrete Jitter          (DJ):    0.000ns
    Phase Error              (PE):    0.000ns
    User Uncertainty         (UU):    0.200ns

    Location             Delay type                Incr(ns)  Path(ns)    Netlist Resource(s)
  -------------------------------------------------------------------    -------------------
                         (clock sys_clk_pin rise edge)
                                                      0.000     0.000 r  
    Y9                                                0.000     0.000 r  clk (IN)
                         net (fo=0)                   0.000     0.000    clk
    Y9                   IBUF (Prop_ibuf_I_O)         1.490     1.490 r  clk_IBUF_inst/O
                         net (fo=1, unplaced)         0.800     2.290    clk_IBUF
                         BUFG (Prop_bufg_I_O)         0.101     2.391 r  clk_IBUF_BUFG_inst/O
                         net (fo=343, unplaced)       0.584     2.975    u_dut/pipeline/layer_2/control_unit/CLK
                         FDRE                                         r  u_dut/pipeline/layer_2/control_unit/kc_cnt_reg[2]/C
  -------------------------------------------------------------------    -------------------
                         FDRE (Prop_fdre_C_Q)         0.478     3.453 f  u_dut/pipeline/layer_2/control_unit/kc_cnt_reg[2]/Q
                         net (fo=6, unplaced)         0.502     3.955    u_dut/pipeline/layer_2/control_unit/kc_cnt[2]
                         LUT2 (Prop_lut2_I0_O)        0.321     4.276 r  u_dut/pipeline/layer_2/control_unit/row_cnt[7]_i_20__0/O
                         net (fo=1, unplaced)         0.000     4.276    u_dut/pipeline/layer_2/control_unit/row_cnt[7]_i_20__0_n_0
                         CARRY4 (Prop_carry4_DI[0]_CO[2])
                                                      0.616     4.892 f  u_dut/pipeline/layer_2/control_unit/row_cnt_reg[7]_i_6/CO[2]
                         net (fo=13, unplaced)        0.955     5.847    u_dut/pipeline/layer_2/control_unit/row_cnt_reg[7]_i_6_n_1
                         LUT5 (Prop_lut5_I1_O)        0.310     6.157 r  u_dut/pipeline/layer_2/control_unit/ch_out_cnt[7]_i_4/O
                         net (fo=2, unplaced)         0.460     6.617    u_dut/pipeline/layer_2/control_unit/ch_out_cnt[7]_i_4_n_0
                         LUT5 (Prop_lut5_I4_O)        0.124     6.741 r  u_dut/pipeline/layer_2/control_unit/ch_out_cnt[7]_i_1__0/O
                         net (fo=8, unplaced)         0.511     7.252    u_dut/pipeline/layer_2/control_unit/ch_out_cnt0
                         FDRE                                         r  u_dut/pipeline/layer_2/control_unit/ch_out_cnt_reg[0]/CE
  -------------------------------------------------------------------    -------------------

                         (clock sys_clk_pin rise edge)
                                                     10.000    10.000 r  
    Y9                                                0.000    10.000 r  clk (IN)
                         net (fo=0)                   0.000    10.000    clk
    Y9                   IBUF (Prop_ibuf_I_O)         1.420    11.420 r  clk_IBUF_inst/O
                         net (fo=1, unplaced)         0.760    12.179    clk_IBUF
                         BUFG (Prop_bufg_I_O)         0.091    12.270 r  clk_IBUF_BUFG_inst/O
                         net (fo=343, unplaced)       0.439    12.709    u_dut/pipeline/layer_2/control_unit/CLK
                         FDRE                                         r  u_dut/pipeline/layer_2/control_unit/ch_out_cnt_reg[0]/C
                         clock pessimism              0.121    12.830    
                         clock uncertainty           -0.235    12.595    
                         FDRE (Setup_fdre_C_CE)      -0.202    12.393    u_dut/pipeline/layer_2/control_unit/ch_out_cnt_reg[0]
  -------------------------------------------------------------------
                         required time                         12.393    
                         arrival time                          -7.252    
  -------------------------------------------------------------------
                         slack                                  5.141    





Min Delay Paths
--------------------------------------------------------------------------------------
Slack (MET) :             0.087ns  (arrival time - required time)
  Source:                 u_dut/pipeline/layer_0/control_unit/busy_reg/C
                            (rising edge-triggered cell FDRE clocked by sys_clk_pin  {rise@0.000ns fall@5.000ns period=10.000ns})
  Destination:            u_dut/pipeline/layer_0/control_unit/busy_reg/D
                            (rising edge-triggered cell FDRE clocked by sys_clk_pin  {rise@0.000ns fall@5.000ns period=10.000ns})
  Path Group:             sys_clk_pin
  Path Type:              Hold (Min at Fast Process Corner)
  Requirement:            0.000ns  (sys_clk_pin rise@0.000ns - sys_clk_pin rise@0.000ns)
  Data Path Delay:        0.381ns  (logic 0.245ns (64.350%)  route 0.136ns (35.650%))
  Logic Levels:           1  (LUT4=1)
  Clock Path Skew:        0.145ns (DCD - SCD - CPR)
    Destination Clock Delay (DCD):    1.089ns
    Source Clock Delay      (SCD):    0.735ns
    Clock Pessimism Removal (CPR):    0.209ns
  Clock Uncertainty:      0.050ns  ((TSJ^2 + TIJ^2)^1/2 + DJ) / 2 + PE + UU
    Total System Jitter     (TSJ):    0.000ns
    Total Input Jitter      (TIJ):    0.000ns
    Discrete Jitter          (DJ):    0.000ns
    Phase Error              (PE):    0.000ns
    User Uncertainty         (UU):    0.050ns

    Location             Delay type                Incr(ns)  Path(ns)    Netlist Resource(s)
  -------------------------------------------------------------------    -------------------
                         (clock sys_clk_pin rise edge)
                                                      0.000     0.000 r  
    Y9                                                0.000     0.000 r  clk (IN)
                         net (fo=0)                   0.000     0.000    clk
    Y9                   IBUF (Prop_ibuf_I_O)         0.258     0.258 r  clk_IBUF_inst/O
                         net (fo=1, unplaced)         0.337     0.595    clk_IBUF
                         BUFG (Prop_bufg_I_O)         0.026     0.621 r  clk_IBUF_BUFG_inst/O
                         net (fo=343, unplaced)       0.114     0.735    u_dut/pipeline/layer_0/control_unit/CLK
                         FDRE                                         r  u_dut/pipeline/layer_0/control_unit/busy_reg/C
  -------------------------------------------------------------------    -------------------
                         FDRE (Prop_fdre_C_Q)         0.147     0.882 r  u_dut/pipeline/layer_0/control_unit/busy_reg/Q
                         net (fo=2, unplaced)         0.136     1.018    u_dut/pipeline/layer_0/control_unit/busy_reg_n_0
                         LUT4 (Prop_lut4_I3_O)        0.098     1.116 r  u_dut/pipeline/layer_0/control_unit/busy_i_1/O
                         net (fo=1, unplaced)         0.000     1.116    u_dut/pipeline/layer_0/control_unit/busy_i_1_n_0
                         FDRE                                         r  u_dut/pipeline/layer_0/control_unit/busy_reg/D
  -------------------------------------------------------------------    -------------------

                         (clock sys_clk_pin rise edge)
                                                      0.000     0.000 r  
    Y9                                                0.000     0.000 r  clk (IN)
                         net (fo=0)                   0.000     0.000    clk
    Y9                   IBUF (Prop_ibuf_I_O)         0.446     0.446 r  clk_IBUF_inst/O
                         net (fo=1, unplaced)         0.355     0.801    clk_IBUF
                         BUFG (Prop_bufg_I_O)         0.029     0.830 r  clk_IBUF_BUFG_inst/O
                         net (fo=343, unplaced)       0.259     1.089    u_dut/pipeline/layer_0/control_unit/CLK
                         FDRE                                         r  u_dut/pipeline/layer_0/control_unit/busy_reg/C
                         clock pessimism             -0.209     0.880    
                         clock uncertainty            0.050     0.930    
                         FDRE (Hold_fdre_C_D)         0.099     1.029    u_dut/pipeline/layer_0/control_unit/busy_reg
  -------------------------------------------------------------------
                         required time                         -1.029    
                         arrival time                           1.116    
  -------------------------------------------------------------------
                         slack                                  0.087    





Pulse Width Checks
--------------------------------------------------------------------------------------
Clock Name:         sys_clk_pin
Waveform(ns):       { 0.000 5.000 }
Period(ns):         10.000
Sources:            { clk }

Check Type        Corner  Lib Pin  Reference Pin  Required(ns)  Actual(ns)  Slack(ns)  Location  Pin
Min Period        n/a     BUFG/I   n/a            2.155         10.000      7.845                clk_IBUF_BUFG_inst/I
Low Pulse Width   Slow    FDRE/C   n/a            0.500         5.000       4.500                heartbeat_cnt_reg[0]/C
High Pulse Width  Slow    FDRE/C   n/a            0.500         5.000       4.500                heartbeat_cnt_reg[0]/C



