Copyright 1986-2022 Xilinx, Inc. All Rights Reserved. Copyright 2022-2025 Advanced Micro Devices, Inc. All Rights Reserved.
---------------------------------------------------------------------------------------------------------------------------------------------
| Tool Version : Vivado v.2025.2 (lin64) Build 6299465 Fri Nov 14 12:34:56 MST 2025
| Date         : Mon May 25 17:11:35 2026
| Host         : himash-ruwanga-GF63-Thin-10SCSR running 64-bit Ubuntu 24.04.3 LTS
| Command      : report_timing -hold -nworst 10 -file build/dnn_zedboard/reports/timing_hold_worst10.rpt
| Design       : zedboard_top
| Device       : 7z020-clg484
| Speed File   : -1  PRODUCTION 1.12 2019-11-22
| Design State : Routed
---------------------------------------------------------------------------------------------------------------------------------------------

Timing Report

Slack (MET) :             0.093ns  (arrival time - required time)
  Source:                 u_dut/pipeline/layer_3/control_unit/row_cnt_reg[4]/C
                            (rising edge-triggered cell FDRE clocked by sys_clk_pin  {rise@0.000ns fall@5.000ns period=10.000ns})
  Destination:            u_dut/pipeline/layer_3/control_unit/row_cnt_reg[5]/D
                            (rising edge-triggered cell FDRE clocked by sys_clk_pin  {rise@0.000ns fall@5.000ns period=10.000ns})
  Path Group:             sys_clk_pin
  Path Type:              Hold (Min at Fast Process Corner)
  Requirement:            0.000ns  (sys_clk_pin rise@0.000ns - sys_clk_pin rise@0.000ns)
  Data Path Delay:        0.276ns  (logic 0.186ns (67.282%)  route 0.090ns (32.718%))
  Logic Levels:           1  (LUT6=1)
  Clock Path Skew:        0.013ns (DCD - SCD - CPR)
    Destination Clock Delay (DCD):    2.075ns
    Source Clock Delay      (SCD):    1.558ns
    Clock Pessimism Removal (CPR):    0.504ns
  Clock Uncertainty:      0.050ns  ((TSJ^2 + TIJ^2)^1/2 + DJ) / 2 + PE + UU
    Total System Jitter     (TSJ):    0.000ns
    Total Input Jitter      (TIJ):    0.000ns
    Discrete Jitter          (DJ):    0.000ns
    Phase Error              (PE):    0.000ns
    User Uncertainty         (UU):    0.050ns

    Location             Delay type                Incr(ns)  Path(ns)    Netlist Resource(s)
  -------------------------------------------------------------------    -------------------
                         (clock sys_clk_pin rise edge)
                                                      0.000     0.000 r  
    Y9                                                0.000     0.000 r  clk (IN)
                         net (fo=0)                   0.000     0.000    clk
    Y9                   IBUF (Prop_ibuf_I_O)         0.258     0.258 r  clk_IBUF_inst/O
                         net (fo=1, routed)           0.663     0.921    clk_IBUF
    BUFGCTRL_X0Y0        BUFG (Prop_bufg_I_O)         0.026     0.947 r  clk_IBUF_BUFG_inst/O
                         net (fo=343, routed)         0.611     1.558    u_dut/pipeline/layer_3/control_unit/CLK
    SLICE_X95Y43         FDRE                                         r  u_dut/pipeline/layer_3/control_unit/row_cnt_reg[4]/C
  -------------------------------------------------------------------    -------------------
    SLICE_X95Y43         FDRE (Prop_fdre_C_Q)         0.141     1.699 r  u_dut/pipeline/layer_3/control_unit/row_cnt_reg[4]/Q
                         net (fo=4, routed)           0.090     1.789    u_dut/pipeline/layer_3/control_unit/row_cnt[4]
    SLICE_X94Y43         LUT6 (Prop_lut6_I0_O)        0.045     1.834 r  u_dut/pipeline/layer_3/control_unit/row_cnt[5]_i_1__2/O
                         net (fo=1, routed)           0.000     1.834    u_dut/pipeline/layer_3/control_unit/row_cnt[5]_i_1__2_n_0
    SLICE_X94Y43         FDRE                                         r  u_dut/pipeline/layer_3/control_unit/row_cnt_reg[5]/D
  -------------------------------------------------------------------    -------------------

                         (clock sys_clk_pin rise edge)
                                                      0.000     0.000 r  
    Y9                                                0.000     0.000 r  clk (IN)
                         net (fo=0)                   0.000     0.000    clk
    Y9                   IBUF (Prop_ibuf_I_O)         0.446     0.446 r  clk_IBUF_inst/O
                         net (fo=1, routed)           0.719     1.165    clk_IBUF
    BUFGCTRL_X0Y0        BUFG (Prop_bufg_I_O)         0.029     1.194 r  clk_IBUF_BUFG_inst/O
                         net (fo=343, routed)         0.881     2.075    u_dut/pipeline/layer_3/control_unit/CLK
    SLICE_X94Y43         FDRE                                         r  u_dut/pipeline/layer_3/control_unit/row_cnt_reg[5]/C
                         clock pessimism             -0.504     1.571    
                         clock uncertainty            0.050     1.621    
    SLICE_X94Y43         FDRE (Hold_fdre_C_D)         0.120     1.741    u_dut/pipeline/layer_3/control_unit/row_cnt_reg[5]
  -------------------------------------------------------------------
                         required time                         -1.741    
                         arrival time                           1.834    
  -------------------------------------------------------------------
                         slack                                  0.093    

Slack (MET) :             0.093ns  (arrival time - required time)
  Source:                 u_dut/pipeline/layer_3/control_unit/row_cnt_reg[4]/C
                            (rising edge-triggered cell FDRE clocked by sys_clk_pin  {rise@0.000ns fall@5.000ns period=10.000ns})
  Destination:            u_dut/pipeline/layer_3/control_unit/row_cnt_reg[5]/D
                            (rising edge-triggered cell FDRE clocked by sys_clk_pin  {rise@0.000ns fall@5.000ns period=10.000ns})
  Path Group:             sys_clk_pin
  Path Type:              Hold (Min at Fast Process Corner)
  Requirement:            0.000ns  (sys_clk_pin rise@0.000ns - sys_clk_pin rise@0.000ns)
  Data Path Delay:        0.276ns  (logic 0.186ns (67.282%)  route 0.090ns (32.718%))
  Logic Levels:           1  (LUT6=1)
  Clock Path Skew:        0.013ns (DCD - SCD - CPR)
    Destination Clock Delay (DCD):    2.075ns
    Source Clock Delay      (SCD):    1.558ns
    Clock Pessimism Removal (CPR):    0.504ns
  Clock Uncertainty:      0.050ns  ((TSJ^2 + TIJ^2)^1/2 + DJ) / 2 + PE + UU
    Total System Jitter     (TSJ):    0.000ns
    Total Input Jitter      (TIJ):    0.000ns
    Discrete Jitter          (DJ):    0.000ns
    Phase Error              (PE):    0.000ns
    User Uncertainty         (UU):    0.050ns

    Location             Delay type                Incr(ns)  Path(ns)    Netlist Resource(s)
  -------------------------------------------------------------------    -------------------
                         (clock sys_clk_pin rise edge)
                                                      0.000     0.000 r  
    Y9                                                0.000     0.000 r  clk (IN)
                         net (fo=0)                   0.000     0.000    clk
    Y9                   IBUF (Prop_ibuf_I_O)         0.258     0.258 r  clk_IBUF_inst/O
                         net (fo=1, routed)           0.663     0.921    clk_IBUF
    BUFGCTRL_X0Y0        BUFG (Prop_bufg_I_O)         0.026     0.947 r  clk_IBUF_BUFG_inst/O
                         net (fo=343, routed)         0.611     1.558    u_dut/pipeline/layer_3/control_unit/CLK
    SLICE_X95Y43         FDRE                                         r  u_dut/pipeline/layer_3/control_unit/row_cnt_reg[4]/C
  -------------------------------------------------------------------    -------------------
    SLICE_X95Y43         FDRE (Prop_fdre_C_Q)         0.141     1.699 f  u_dut/pipeline/layer_3/control_unit/row_cnt_reg[4]/Q
                         net (fo=4, routed)           0.090     1.789    u_dut/pipeline/layer_3/control_unit/row_cnt[4]
    SLICE_X94Y43         LUT6 (Prop_lut6_I0_O)        0.045     1.834 r  u_dut/pipeline/layer_3/control_unit/row_cnt[5]_i_1__2/O
                         net (fo=1, routed)           0.000     1.834    u_dut/pipeline/layer_3/control_unit/row_cnt[5]_i_1__2_n_0
    SLICE_X94Y43         FDRE                                         r  u_dut/pipeline/layer_3/control_unit/row_cnt_reg[5]/D
  -------------------------------------------------------------------    -------------------

                         (clock sys_clk_pin rise edge)
                                                      0.000     0.000 r  
    Y9                                                0.000     0.000 r  clk (IN)
                         net (fo=0)                   0.000     0.000    clk
    Y9                   IBUF (Prop_ibuf_I_O)         0.446     0.446 r  clk_IBUF_inst/O
                         net (fo=1, routed)           0.719     1.165    clk_IBUF
    BUFGCTRL_X0Y0        BUFG (Prop_bufg_I_O)         0.029     1.194 r  clk_IBUF_BUFG_inst/O
                         net (fo=343, routed)         0.881     2.075    u_dut/pipeline/layer_3/control_unit/CLK
    SLICE_X94Y43         FDRE                                         r  u_dut/pipeline/layer_3/control_unit/row_cnt_reg[5]/C
                         clock pessimism             -0.504     1.571    
                         clock uncertainty            0.050     1.621    
    SLICE_X94Y43         FDRE (Hold_fdre_C_D)         0.120     1.741    u_dut/pipeline/layer_3/control_unit/row_cnt_reg[5]
  -------------------------------------------------------------------
                         required time                         -1.741    
                         arrival time                           1.834    
  -------------------------------------------------------------------
                         slack                                  0.093    

Slack (MET) :             0.093ns  (arrival time - required time)
  Source:                 u_dut/pipeline/layer_3/control_unit/row_cnt_reg[4]/C
                            (rising edge-triggered cell FDRE clocked by sys_clk_pin  {rise@0.000ns fall@5.000ns period=10.000ns})
  Destination:            u_dut/pipeline/layer_3/control_unit/row_cnt_reg[5]/D
                            (rising edge-triggered cell FDRE clocked by sys_clk_pin  {rise@0.000ns fall@5.000ns period=10.000ns})
  Path Group:             sys_clk_pin
  Path Type:              Hold (Min at Fast Process Corner)
  Requirement:            0.000ns  (sys_clk_pin rise@0.000ns - sys_clk_pin rise@0.000ns)
  Data Path Delay:        0.276ns  (logic 0.186ns (67.282%)  route 0.090ns (32.718%))
  Logic Levels:           1  (LUT6=1)
  Clock Path Skew:        0.013ns (DCD - SCD - CPR)
    Destination Clock Delay (DCD):    2.075ns
    Source Clock Delay      (SCD):    1.558ns
    Clock Pessimism Removal (CPR):    0.504ns
  Clock Uncertainty:      0.050ns  ((TSJ^2 + TIJ^2)^1/2 + DJ) / 2 + PE + UU
    Total System Jitter     (TSJ):    0.000ns
    Total Input Jitter      (TIJ):    0.000ns
    Discrete Jitter          (DJ):    0.000ns
    Phase Error              (PE):    0.000ns
    User Uncertainty         (UU):    0.050ns

    Location             Delay type                Incr(ns)  Path(ns)    Netlist Resource(s)
  -------------------------------------------------------------------    -------------------
                         (clock sys_clk_pin rise edge)
                                                      0.000     0.000 r  
    Y9                                                0.000     0.000 r  clk (IN)
                         net (fo=0)                   0.000     0.000    clk
    Y9                   IBUF (Prop_ibuf_I_O)         0.258     0.258 r  clk_IBUF_inst/O
                         net (fo=1, routed)           0.663     0.921    clk_IBUF
    BUFGCTRL_X0Y0        BUFG (Prop_bufg_I_O)         0.026     0.947 r  clk_IBUF_BUFG_inst/O
                         net (fo=343, routed)         0.611     1.558    u_dut/pipeline/layer_3/control_unit/CLK
    SLICE_X95Y43         FDRE                                         r  u_dut/pipeline/layer_3/control_unit/row_cnt_reg[4]/C
  -------------------------------------------------------------------    -------------------
    SLICE_X95Y43         FDRE (Prop_fdre_C_Q)         0.141     1.699 r  u_dut/pipeline/layer_3/control_unit/row_cnt_reg[4]/Q
                         net (fo=4, routed)           0.090     1.789    u_dut/pipeline/layer_3/control_unit/row_cnt[4]
    SLICE_X94Y43         LUT6 (Prop_lut6_I0_O)        0.045     1.834 f  u_dut/pipeline/layer_3/control_unit/row_cnt[5]_i_1__2/O
                         net (fo=1, routed)           0.000     1.834    u_dut/pipeline/layer_3/control_unit/row_cnt[5]_i_1__2_n_0
    SLICE_X94Y43         FDRE                                         f  u_dut/pipeline/layer_3/control_unit/row_cnt_reg[5]/D
  -------------------------------------------------------------------    -------------------

                         (clock sys_clk_pin rise edge)
                                                      0.000     0.000 r  
    Y9                                                0.000     0.000 r  clk (IN)
                         net (fo=0)                   0.000     0.000    clk
    Y9                   IBUF (Prop_ibuf_I_O)         0.446     0.446 r  clk_IBUF_inst/O
                         net (fo=1, routed)           0.719     1.165    clk_IBUF
    BUFGCTRL_X0Y0        BUFG (Prop_bufg_I_O)         0.029     1.194 r  clk_IBUF_BUFG_inst/O
                         net (fo=343, routed)         0.881     2.075    u_dut/pipeline/layer_3/control_unit/CLK
    SLICE_X94Y43         FDRE                                         r  u_dut/pipeline/layer_3/control_unit/row_cnt_reg[5]/C
                         clock pessimism             -0.504     1.571    
                         clock uncertainty            0.050     1.621    
    SLICE_X94Y43         FDRE (Hold_fdre_C_D)         0.120     1.741    u_dut/pipeline/layer_3/control_unit/row_cnt_reg[5]
  -------------------------------------------------------------------
                         required time                         -1.741    
                         arrival time                           1.834    
  -------------------------------------------------------------------
                         slack                                  0.093    

Slack (MET) :             0.093ns  (arrival time - required time)
  Source:                 u_dut/pipeline/layer_3/control_unit/row_cnt_reg[4]/C
                            (rising edge-triggered cell FDRE clocked by sys_clk_pin  {rise@0.000ns fall@5.000ns period=10.000ns})
  Destination:            u_dut/pipeline/layer_3/control_unit/row_cnt_reg[5]/D
                            (rising edge-triggered cell FDRE clocked by sys_clk_pin  {rise@0.000ns fall@5.000ns period=10.000ns})
  Path Group:             sys_clk_pin
  Path Type:              Hold (Min at Fast Process Corner)
  Requirement:            0.000ns  (sys_clk_pin rise@0.000ns - sys_clk_pin rise@0.000ns)
  Data Path Delay:        0.276ns  (logic 0.186ns (67.282%)  route 0.090ns (32.718%))
  Logic Levels:           1  (LUT6=1)
  Clock Path Skew:        0.013ns (DCD - SCD - CPR)
    Destination Clock Delay (DCD):    2.075ns
    Source Clock Delay      (SCD):    1.558ns
    Clock Pessimism Removal (CPR):    0.504ns
  Clock Uncertainty:      0.050ns  ((TSJ^2 + TIJ^2)^1/2 + DJ) / 2 + PE + UU
    Total System Jitter     (TSJ):    0.000ns
    Total Input Jitter      (TIJ):    0.000ns
    Discrete Jitter          (DJ):    0.000ns
    Phase Error              (PE):    0.000ns
    User Uncertainty         (UU):    0.050ns

    Location             Delay type                Incr(ns)  Path(ns)    Netlist Resource(s)
  -------------------------------------------------------------------    -------------------
                         (clock sys_clk_pin rise edge)
                                                      0.000     0.000 r  
    Y9                                                0.000     0.000 r  clk (IN)
                         net (fo=0)                   0.000     0.000    clk
    Y9                   IBUF (Prop_ibuf_I_O)         0.258     0.258 r  clk_IBUF_inst/O
                         net (fo=1, routed)           0.663     0.921    clk_IBUF
    BUFGCTRL_X0Y0        BUFG (Prop_bufg_I_O)         0.026     0.947 r  clk_IBUF_BUFG_inst/O
                         net (fo=343, routed)         0.611     1.558    u_dut/pipeline/layer_3/control_unit/CLK
    SLICE_X95Y43         FDRE                                         r  u_dut/pipeline/layer_3/control_unit/row_cnt_reg[4]/C
  -------------------------------------------------------------------    -------------------
    SLICE_X95Y43         FDRE (Prop_fdre_C_Q)         0.141     1.699 f  u_dut/pipeline/layer_3/control_unit/row_cnt_reg[4]/Q
                         net (fo=4, routed)           0.090     1.789    u_dut/pipeline/layer_3/control_unit/row_cnt[4]
    SLICE_X94Y43         LUT6 (Prop_lut6_I0_O)        0.045     1.834 f  u_dut/pipeline/layer_3/control_unit/row_cnt[5]_i_1__2/O
                         net (fo=1, routed)           0.000     1.834    u_dut/pipeline/layer_3/control_unit/row_cnt[5]_i_1__2_n_0
    SLICE_X94Y43         FDRE                                         f  u_dut/pipeline/layer_3/control_unit/row_cnt_reg[5]/D
  -------------------------------------------------------------------    -------------------

                         (clock sys_clk_pin rise edge)
                                                      0.000     0.000 r  
    Y9                                                0.000     0.000 r  clk (IN)
                         net (fo=0)                   0.000     0.000    clk
    Y9                   IBUF (Prop_ibuf_I_O)         0.446     0.446 r  clk_IBUF_inst/O
                         net (fo=1, routed)           0.719     1.165    clk_IBUF
    BUFGCTRL_X0Y0        BUFG (Prop_bufg_I_O)         0.029     1.194 r  clk_IBUF_BUFG_inst/O
                         net (fo=343, routed)         0.881     2.075    u_dut/pipeline/layer_3/control_unit/CLK
    SLICE_X94Y43         FDRE                                         r  u_dut/pipeline/layer_3/control_unit/row_cnt_reg[5]/C
                         clock pessimism             -0.504     1.571    
                         clock uncertainty            0.050     1.621    
    SLICE_X94Y43         FDRE (Hold_fdre_C_D)         0.120     1.741    u_dut/pipeline/layer_3/control_unit/row_cnt_reg[5]
  -------------------------------------------------------------------
                         required time                         -1.741    
                         arrival time                           1.834    
  -------------------------------------------------------------------
                         slack                                  0.093    

Slack (MET) :             0.102ns  (arrival time - required time)
  Source:                 u_dut/pipeline/layer_3/control_unit/col_cnt_reg[3]/C
                            (rising edge-triggered cell FDRE clocked by sys_clk_pin  {rise@0.000ns fall@5.000ns period=10.000ns})
  Destination:            u_dut/pipeline/layer_3/control_unit/col_cnt_reg[5]/D
                            (rising edge-triggered cell FDRE clocked by sys_clk_pin  {rise@0.000ns fall@5.000ns period=10.000ns})
  Path Group:             sys_clk_pin
  Path Type:              Hold (Min at Fast Process Corner)
  Requirement:            0.000ns  (sys_clk_pin rise@0.000ns - sys_clk_pin rise@0.000ns)
  Data Path Delay:        0.286ns  (logic 0.186ns (65.137%)  route 0.100ns (34.863%))
  Logic Levels:           1  (LUT6=1)
  Clock Path Skew:        0.013ns (DCD - SCD - CPR)
    Destination Clock Delay (DCD):    2.074ns
    Source Clock Delay      (SCD):    1.557ns
    Clock Pessimism Removal (CPR):    0.504ns
  Clock Uncertainty:      0.050ns  ((TSJ^2 + TIJ^2)^1/2 + DJ) / 2 + PE + UU
    Total System Jitter     (TSJ):    0.000ns
    Total Input Jitter      (TIJ):    0.000ns
    Discrete Jitter          (DJ):    0.000ns
    Phase Error              (PE):    0.000ns
    User Uncertainty         (UU):    0.050ns

    Location             Delay type                Incr(ns)  Path(ns)    Netlist Resource(s)
  -------------------------------------------------------------------    -------------------
                         (clock sys_clk_pin rise edge)
                                                      0.000     0.000 r  
    Y9                                                0.000     0.000 r  clk (IN)
                         net (fo=0)                   0.000     0.000    clk
    Y9                   IBUF (Prop_ibuf_I_O)         0.258     0.258 r  clk_IBUF_inst/O
                         net (fo=1, routed)           0.663     0.921    clk_IBUF
    BUFGCTRL_X0Y0        BUFG (Prop_bufg_I_O)         0.026     0.947 r  clk_IBUF_BUFG_inst/O
                         net (fo=343, routed)         0.610     1.557    u_dut/pipeline/layer_3/control_unit/CLK
    SLICE_X95Y50         FDRE                                         r  u_dut/pipeline/layer_3/control_unit/col_cnt_reg[3]/C
  -------------------------------------------------------------------    -------------------
    SLICE_X95Y50         FDRE (Prop_fdre_C_Q)         0.141     1.698 r  u_dut/pipeline/layer_3/control_unit/col_cnt_reg[3]/Q
                         net (fo=5, routed)           0.100     1.797    u_dut/pipeline/layer_3/control_unit/col_cnt[3]
    SLICE_X94Y50         LUT6 (Prop_lut6_I1_O)        0.045     1.842 r  u_dut/pipeline/layer_3/control_unit/col_cnt[5]_i_1__2/O
                         net (fo=1, routed)           0.000     1.842    u_dut/pipeline/layer_3/control_unit/col_cnt[5]_i_1__2_n_0
    SLICE_X94Y50         FDRE                                         r  u_dut/pipeline/layer_3/control_unit/col_cnt_reg[5]/D
  -------------------------------------------------------------------    -------------------

                         (clock sys_clk_pin rise edge)
                                                      0.000     0.000 r  
    Y9                                                0.000     0.000 r  clk (IN)
                         net (fo=0)                   0.000     0.000    clk
    Y9                   IBUF (Prop_ibuf_I_O)         0.446     0.446 r  clk_IBUF_inst/O
                         net (fo=1, routed)           0.719     1.165    clk_IBUF
    BUFGCTRL_X0Y0        BUFG (Prop_bufg_I_O)         0.029     1.194 r  clk_IBUF_BUFG_inst/O
                         net (fo=343, routed)         0.880     2.074    u_dut/pipeline/layer_3/control_unit/CLK
    SLICE_X94Y50         FDRE                                         r  u_dut/pipeline/layer_3/control_unit/col_cnt_reg[5]/C
                         clock pessimism             -0.504     1.570    
                         clock uncertainty            0.050     1.620    
    SLICE_X94Y50         FDRE (Hold_fdre_C_D)         0.121     1.741    u_dut/pipeline/layer_3/control_unit/col_cnt_reg[5]
  -------------------------------------------------------------------
                         required time                         -1.741    
                         arrival time                           1.842    
  -------------------------------------------------------------------
                         slack                                  0.102    

Slack (MET) :             0.102ns  (arrival time - required time)
  Source:                 u_dut/pipeline/layer_3/control_unit/col_cnt_reg[3]/C
                            (rising edge-triggered cell FDRE clocked by sys_clk_pin  {rise@0.000ns fall@5.000ns period=10.000ns})
  Destination:            u_dut/pipeline/layer_3/control_unit/col_cnt_reg[5]/D
                            (rising edge-triggered cell FDRE clocked by sys_clk_pin  {rise@0.000ns fall@5.000ns period=10.000ns})
  Path Group:             sys_clk_pin
  Path Type:              Hold (Min at Fast Process Corner)
  Requirement:            0.000ns  (sys_clk_pin rise@0.000ns - sys_clk_pin rise@0.000ns)
  Data Path Delay:        0.286ns  (logic 0.186ns (65.137%)  route 0.100ns (34.863%))
  Logic Levels:           1  (LUT6=1)
  Clock Path Skew:        0.013ns (DCD - SCD - CPR)
    Destination Clock Delay (DCD):    2.074ns
    Source Clock Delay      (SCD):    1.557ns
    Clock Pessimism Removal (CPR):    0.504ns
  Clock Uncertainty:      0.050ns  ((TSJ^2 + TIJ^2)^1/2 + DJ) / 2 + PE + UU
    Total System Jitter     (TSJ):    0.000ns
    Total Input Jitter      (TIJ):    0.000ns
    Discrete Jitter          (DJ):    0.000ns
    Phase Error              (PE):    0.000ns
    User Uncertainty         (UU):    0.050ns

    Location             Delay type                Incr(ns)  Path(ns)    Netlist Resource(s)
  -------------------------------------------------------------------    -------------------
                         (clock sys_clk_pin rise edge)
                                                      0.000     0.000 r  
    Y9                                                0.000     0.000 r  clk (IN)
                         net (fo=0)                   0.000     0.000    clk
    Y9                   IBUF (Prop_ibuf_I_O)         0.258     0.258 r  clk_IBUF_inst/O
                         net (fo=1, routed)           0.663     0.921    clk_IBUF
    BUFGCTRL_X0Y0        BUFG (Prop_bufg_I_O)         0.026     0.947 r  clk_IBUF_BUFG_inst/O
                         net (fo=343, routed)         0.610     1.557    u_dut/pipeline/layer_3/control_unit/CLK
    SLICE_X95Y50         FDRE                                         r  u_dut/pipeline/layer_3/control_unit/col_cnt_reg[3]/C
  -------------------------------------------------------------------    -------------------
    SLICE_X95Y50         FDRE (Prop_fdre_C_Q)         0.141     1.698 f  u_dut/pipeline/layer_3/control_unit/col_cnt_reg[3]/Q
                         net (fo=5, routed)           0.100     1.797    u_dut/pipeline/layer_3/control_unit/col_cnt[3]
    SLICE_X94Y50         LUT6 (Prop_lut6_I1_O)        0.045     1.842 r  u_dut/pipeline/layer_3/control_unit/col_cnt[5]_i_1__2/O
                         net (fo=1, routed)           0.000     1.842    u_dut/pipeline/layer_3/control_unit/col_cnt[5]_i_1__2_n_0
    SLICE_X94Y50         FDRE                                         r  u_dut/pipeline/layer_3/control_unit/col_cnt_reg[5]/D
  -------------------------------------------------------------------    -------------------

                         (clock sys_clk_pin rise edge)
                                                      0.000     0.000 r  
    Y9                                                0.000     0.000 r  clk (IN)
                         net (fo=0)                   0.000     0.000    clk
    Y9                   IBUF (Prop_ibuf_I_O)         0.446     0.446 r  clk_IBUF_inst/O
                         net (fo=1, routed)           0.719     1.165    clk_IBUF
    BUFGCTRL_X0Y0        BUFG (Prop_bufg_I_O)         0.029     1.194 r  clk_IBUF_BUFG_inst/O
                         net (fo=343, routed)         0.880     2.074    u_dut/pipeline/layer_3/control_unit/CLK
    SLICE_X94Y50         FDRE                                         r  u_dut/pipeline/layer_3/control_unit/col_cnt_reg[5]/C
                         clock pessimism             -0.504     1.570    
                         clock uncertainty            0.050     1.620    
    SLICE_X94Y50         FDRE (Hold_fdre_C_D)         0.121     1.741    u_dut/pipeline/layer_3/control_unit/col_cnt_reg[5]
  -------------------------------------------------------------------
                         required time                         -1.741    
                         arrival time                           1.842    
  -------------------------------------------------------------------
                         slack                                  0.102    

Slack (MET) :             0.102ns  (arrival time - required time)
  Source:                 u_dut/pipeline/layer_3/control_unit/col_cnt_reg[3]/C
                            (rising edge-triggered cell FDRE clocked by sys_clk_pin  {rise@0.000ns fall@5.000ns period=10.000ns})
  Destination:            u_dut/pipeline/layer_3/control_unit/col_cnt_reg[5]/D
                            (rising edge-triggered cell FDRE clocked by sys_clk_pin  {rise@0.000ns fall@5.000ns period=10.000ns})
  Path Group:             sys_clk_pin
  Path Type:              Hold (Min at Fast Process Corner)
  Requirement:            0.000ns  (sys_clk_pin rise@0.000ns - sys_clk_pin rise@0.000ns)
  Data Path Delay:        0.286ns  (logic 0.186ns (65.137%)  route 0.100ns (34.863%))
  Logic Levels:           1  (LUT6=1)
  Clock Path Skew:        0.013ns (DCD - SCD - CPR)
    Destination Clock Delay (DCD):    2.074ns
    Source Clock Delay      (SCD):    1.557ns
    Clock Pessimism Removal (CPR):    0.504ns
  Clock Uncertainty:      0.050ns  ((TSJ^2 + TIJ^2)^1/2 + DJ) / 2 + PE + UU
    Total System Jitter     (TSJ):    0.000ns
    Total Input Jitter      (TIJ):    0.000ns
    Discrete Jitter          (DJ):    0.000ns
    Phase Error              (PE):    0.000ns
    User Uncertainty         (UU):    0.050ns

    Location             Delay type                Incr(ns)  Path(ns)    Netlist Resource(s)
  -------------------------------------------------------------------    -------------------
                         (clock sys_clk_pin rise edge)
                                                      0.000     0.000 r  
    Y9                                                0.000     0.000 r  clk (IN)
                         net (fo=0)                   0.000     0.000    clk
    Y9                   IBUF (Prop_ibuf_I_O)         0.258     0.258 r  clk_IBUF_inst/O
                         net (fo=1, routed)           0.663     0.921    clk_IBUF
    BUFGCTRL_X0Y0        BUFG (Prop_bufg_I_O)         0.026     0.947 r  clk_IBUF_BUFG_inst/O
                         net (fo=343, routed)         0.610     1.557    u_dut/pipeline/layer_3/control_unit/CLK
    SLICE_X95Y50         FDRE                                         r  u_dut/pipeline/layer_3/control_unit/col_cnt_reg[3]/C
  -------------------------------------------------------------------    -------------------
    SLICE_X95Y50         FDRE (Prop_fdre_C_Q)         0.141     1.698 r  u_dut/pipeline/layer_3/control_unit/col_cnt_reg[3]/Q
                         net (fo=5, routed)           0.100     1.797    u_dut/pipeline/layer_3/control_unit/col_cnt[3]
    SLICE_X94Y50         LUT6 (Prop_lut6_I1_O)        0.045     1.842 f  u_dut/pipeline/layer_3/control_unit/col_cnt[5]_i_1__2/O
                         net (fo=1, routed)           0.000     1.842    u_dut/pipeline/layer_3/control_unit/col_cnt[5]_i_1__2_n_0
    SLICE_X94Y50         FDRE                                         f  u_dut/pipeline/layer_3/control_unit/col_cnt_reg[5]/D
  -------------------------------------------------------------------    -------------------

                         (clock sys_clk_pin rise edge)
                                                      0.000     0.000 r  
    Y9                                                0.000     0.000 r  clk (IN)
                         net (fo=0)                   0.000     0.000    clk
    Y9                   IBUF (Prop_ibuf_I_O)         0.446     0.446 r  clk_IBUF_inst/O
                         net (fo=1, routed)           0.719     1.165    clk_IBUF
    BUFGCTRL_X0Y0        BUFG (Prop_bufg_I_O)         0.029     1.194 r  clk_IBUF_BUFG_inst/O
                         net (fo=343, routed)         0.880     2.074    u_dut/pipeline/layer_3/control_unit/CLK
    SLICE_X94Y50         FDRE                                         r  u_dut/pipeline/layer_3/control_unit/col_cnt_reg[5]/C
                         clock pessimism             -0.504     1.570    
                         clock uncertainty            0.050     1.620    
    SLICE_X94Y50         FDRE (Hold_fdre_C_D)         0.121     1.741    u_dut/pipeline/layer_3/control_unit/col_cnt_reg[5]
  -------------------------------------------------------------------
                         required time                         -1.741    
                         arrival time                           1.842    
  -------------------------------------------------------------------
                         slack                                  0.102    

Slack (MET) :             0.102ns  (arrival time - required time)
  Source:                 u_dut/pipeline/layer_3/control_unit/col_cnt_reg[3]/C
                            (rising edge-triggered cell FDRE clocked by sys_clk_pin  {rise@0.000ns fall@5.000ns period=10.000ns})
  Destination:            u_dut/pipeline/layer_3/control_unit/col_cnt_reg[5]/D
                            (rising edge-triggered cell FDRE clocked by sys_clk_pin  {rise@0.000ns fall@5.000ns period=10.000ns})
  Path Group:             sys_clk_pin
  Path Type:              Hold (Min at Fast Process Corner)
  Requirement:            0.000ns  (sys_clk_pin rise@0.000ns - sys_clk_pin rise@0.000ns)
  Data Path Delay:        0.286ns  (logic 0.186ns (65.137%)  route 0.100ns (34.863%))
  Logic Levels:           1  (LUT6=1)
  Clock Path Skew:        0.013ns (DCD - SCD - CPR)
    Destination Clock Delay (DCD):    2.074ns
    Source Clock Delay      (SCD):    1.557ns
    Clock Pessimism Removal (CPR):    0.504ns
  Clock Uncertainty:      0.050ns  ((TSJ^2 + TIJ^2)^1/2 + DJ) / 2 + PE + UU
    Total System Jitter     (TSJ):    0.000ns
    Total Input Jitter      (TIJ):    0.000ns
    Discrete Jitter          (DJ):    0.000ns
    Phase Error              (PE):    0.000ns
    User Uncertainty         (UU):    0.050ns

    Location             Delay type                Incr(ns)  Path(ns)    Netlist Resource(s)
  -------------------------------------------------------------------    -------------------
                         (clock sys_clk_pin rise edge)
                                                      0.000     0.000 r  
    Y9                                                0.000     0.000 r  clk (IN)
                         net (fo=0)                   0.000     0.000    clk
    Y9                   IBUF (Prop_ibuf_I_O)         0.258     0.258 r  clk_IBUF_inst/O
                         net (fo=1, routed)           0.663     0.921    clk_IBUF
    BUFGCTRL_X0Y0        BUFG (Prop_bufg_I_O)         0.026     0.947 r  clk_IBUF_BUFG_inst/O
                         net (fo=343, routed)         0.610     1.557    u_dut/pipeline/layer_3/control_unit/CLK
    SLICE_X95Y50         FDRE                                         r  u_dut/pipeline/layer_3/control_unit/col_cnt_reg[3]/C
  -------------------------------------------------------------------    -------------------
    SLICE_X95Y50         FDRE (Prop_fdre_C_Q)         0.141     1.698 f  u_dut/pipeline/layer_3/control_unit/col_cnt_reg[3]/Q
                         net (fo=5, routed)           0.100     1.797    u_dut/pipeline/layer_3/control_unit/col_cnt[3]
    SLICE_X94Y50         LUT6 (Prop_lut6_I1_O)        0.045     1.842 f  u_dut/pipeline/layer_3/control_unit/col_cnt[5]_i_1__2/O
                         net (fo=1, routed)           0.000     1.842    u_dut/pipeline/layer_3/control_unit/col_cnt[5]_i_1__2_n_0
    SLICE_X94Y50         FDRE                                         f  u_dut/pipeline/layer_3/control_unit/col_cnt_reg[5]/D
  -------------------------------------------------------------------    -------------------

                         (clock sys_clk_pin rise edge)
                                                      0.000     0.000 r  
    Y9                                                0.000     0.000 r  clk (IN)
                         net (fo=0)                   0.000     0.000    clk
    Y9                   IBUF (Prop_ibuf_I_O)         0.446     0.446 r  clk_IBUF_inst/O
                         net (fo=1, routed)           0.719     1.165    clk_IBUF
    BUFGCTRL_X0Y0        BUFG (Prop_bufg_I_O)         0.029     1.194 r  clk_IBUF_BUFG_inst/O
                         net (fo=343, routed)         0.880     2.074    u_dut/pipeline/layer_3/control_unit/CLK
    SLICE_X94Y50         FDRE                                         r  u_dut/pipeline/layer_3/control_unit/col_cnt_reg[5]/C
                         clock pessimism             -0.504     1.570    
                         clock uncertainty            0.050     1.620    
    SLICE_X94Y50         FDRE (Hold_fdre_C_D)         0.121     1.741    u_dut/pipeline/layer_3/control_unit/col_cnt_reg[5]
  -------------------------------------------------------------------
                         required time                         -1.741    
                         arrival time                           1.842    
  -------------------------------------------------------------------
                         slack                                  0.102    

Slack (MET) :             0.105ns  (arrival time - required time)
  Source:                 u_dut/pipeline/layer_3/control_unit/col_cnt_reg[3]/C
                            (rising edge-triggered cell FDRE clocked by sys_clk_pin  {rise@0.000ns fall@5.000ns period=10.000ns})
  Destination:            u_dut/pipeline/layer_3/control_unit/col_cnt_reg[4]/D
                            (rising edge-triggered cell FDRE clocked by sys_clk_pin  {rise@0.000ns fall@5.000ns period=10.000ns})
  Path Group:             sys_clk_pin
  Path Type:              Hold (Min at Fast Process Corner)
  Requirement:            0.000ns  (sys_clk_pin rise@0.000ns - sys_clk_pin rise@0.000ns)
  Data Path Delay:        0.288ns  (logic 0.186ns (64.684%)  route 0.102ns (35.316%))
  Logic Levels:           1  (LUT6=1)
  Clock Path Skew:        0.013ns (DCD - SCD - CPR)
    Destination Clock Delay (DCD):    2.074ns
    Source Clock Delay      (SCD):    1.557ns
    Clock Pessimism Removal (CPR):    0.504ns
  Clock Uncertainty:      0.050ns  ((TSJ^2 + TIJ^2)^1/2 + DJ) / 2 + PE + UU
    Total System Jitter     (TSJ):    0.000ns
    Total Input Jitter      (TIJ):    0.000ns
    Discrete Jitter          (DJ):    0.000ns
    Phase Error              (PE):    0.000ns
    User Uncertainty         (UU):    0.050ns

    Location             Delay type                Incr(ns)  Path(ns)    Netlist Resource(s)
  -------------------------------------------------------------------    -------------------
                         (clock sys_clk_pin rise edge)
                                                      0.000     0.000 r  
    Y9                                                0.000     0.000 r  clk (IN)
                         net (fo=0)                   0.000     0.000    clk
    Y9                   IBUF (Prop_ibuf_I_O)         0.258     0.258 r  clk_IBUF_inst/O
                         net (fo=1, routed)           0.663     0.921    clk_IBUF
    BUFGCTRL_X0Y0        BUFG (Prop_bufg_I_O)         0.026     0.947 r  clk_IBUF_BUFG_inst/O
                         net (fo=343, routed)         0.610     1.557    u_dut/pipeline/layer_3/control_unit/CLK
    SLICE_X95Y50         FDRE                                         r  u_dut/pipeline/layer_3/control_unit/col_cnt_reg[3]/C
  -------------------------------------------------------------------    -------------------
    SLICE_X95Y50         FDRE (Prop_fdre_C_Q)         0.141     1.698 r  u_dut/pipeline/layer_3/control_unit/col_cnt_reg[3]/Q
                         net (fo=5, routed)           0.102     1.799    u_dut/pipeline/layer_3/control_unit/col_cnt[3]
    SLICE_X94Y50         LUT6 (Prop_lut6_I3_O)        0.045     1.844 r  u_dut/pipeline/layer_3/control_unit/col_cnt[4]_i_1__2/O
                         net (fo=1, routed)           0.000     1.844    u_dut/pipeline/layer_3/control_unit/col_cnt[4]_i_1__2_n_0
    SLICE_X94Y50         FDRE                                         r  u_dut/pipeline/layer_3/control_unit/col_cnt_reg[4]/D
  -------------------------------------------------------------------    -------------------

                         (clock sys_clk_pin rise edge)
                                                      0.000     0.000 r  
    Y9                                                0.000     0.000 r  clk (IN)
                         net (fo=0)                   0.000     0.000    clk
    Y9                   IBUF (Prop_ibuf_I_O)         0.446     0.446 r  clk_IBUF_inst/O
                         net (fo=1, routed)           0.719     1.165    clk_IBUF
    BUFGCTRL_X0Y0        BUFG (Prop_bufg_I_O)         0.029     1.194 r  clk_IBUF_BUFG_inst/O
                         net (fo=343, routed)         0.880     2.074    u_dut/pipeline/layer_3/control_unit/CLK
    SLICE_X94Y50         FDRE                                         r  u_dut/pipeline/layer_3/control_unit/col_cnt_reg[4]/C
                         clock pessimism             -0.504     1.570    
                         clock uncertainty            0.050     1.620    
    SLICE_X94Y50         FDRE (Hold_fdre_C_D)         0.120     1.740    u_dut/pipeline/layer_3/control_unit/col_cnt_reg[4]
  -------------------------------------------------------------------
                         required time                         -1.740    
                         arrival time                           1.844    
  -------------------------------------------------------------------
                         slack                                  0.105    

Slack (MET) :             0.105ns  (arrival time - required time)
  Source:                 u_dut/pipeline/layer_3/control_unit/col_cnt_reg[3]/C
                            (rising edge-triggered cell FDRE clocked by sys_clk_pin  {rise@0.000ns fall@5.000ns period=10.000ns})
  Destination:            u_dut/pipeline/layer_3/control_unit/col_cnt_reg[4]/D
                            (rising edge-triggered cell FDRE clocked by sys_clk_pin  {rise@0.000ns fall@5.000ns period=10.000ns})
  Path Group:             sys_clk_pin
  Path Type:              Hold (Min at Fast Process Corner)
  Requirement:            0.000ns  (sys_clk_pin rise@0.000ns - sys_clk_pin rise@0.000ns)
  Data Path Delay:        0.288ns  (logic 0.186ns (64.684%)  route 0.102ns (35.316%))
  Logic Levels:           1  (LUT6=1)
  Clock Path Skew:        0.013ns (DCD - SCD - CPR)
    Destination Clock Delay (DCD):    2.074ns
    Source Clock Delay      (SCD):    1.557ns
    Clock Pessimism Removal (CPR):    0.504ns
  Clock Uncertainty:      0.050ns  ((TSJ^2 + TIJ^2)^1/2 + DJ) / 2 + PE + UU
    Total System Jitter     (TSJ):    0.000ns
    Total Input Jitter      (TIJ):    0.000ns
    Discrete Jitter          (DJ):    0.000ns
    Phase Error              (PE):    0.000ns
    User Uncertainty         (UU):    0.050ns

    Location             Delay type                Incr(ns)  Path(ns)    Netlist Resource(s)
  -------------------------------------------------------------------    -------------------
                         (clock sys_clk_pin rise edge)
                                                      0.000     0.000 r  
    Y9                                                0.000     0.000 r  clk (IN)
                         net (fo=0)                   0.000     0.000    clk
    Y9                   IBUF (Prop_ibuf_I_O)         0.258     0.258 r  clk_IBUF_inst/O
                         net (fo=1, routed)           0.663     0.921    clk_IBUF
    BUFGCTRL_X0Y0        BUFG (Prop_bufg_I_O)         0.026     0.947 r  clk_IBUF_BUFG_inst/O
                         net (fo=343, routed)         0.610     1.557    u_dut/pipeline/layer_3/control_unit/CLK
    SLICE_X95Y50         FDRE                                         r  u_dut/pipeline/layer_3/control_unit/col_cnt_reg[3]/C
  -------------------------------------------------------------------    -------------------
    SLICE_X95Y50         FDRE (Prop_fdre_C_Q)         0.141     1.698 f  u_dut/pipeline/layer_3/control_unit/col_cnt_reg[3]/Q
                         net (fo=5, routed)           0.102     1.799    u_dut/pipeline/layer_3/control_unit/col_cnt[3]
    SLICE_X94Y50         LUT6 (Prop_lut6_I3_O)        0.045     1.844 r  u_dut/pipeline/layer_3/control_unit/col_cnt[4]_i_1__2/O
                         net (fo=1, routed)           0.000     1.844    u_dut/pipeline/layer_3/control_unit/col_cnt[4]_i_1__2_n_0
    SLICE_X94Y50         FDRE                                         r  u_dut/pipeline/layer_3/control_unit/col_cnt_reg[4]/D
  -------------------------------------------------------------------    -------------------

                         (clock sys_clk_pin rise edge)
                                                      0.000     0.000 r  
    Y9                                                0.000     0.000 r  clk (IN)
                         net (fo=0)                   0.000     0.000    clk
    Y9                   IBUF (Prop_ibuf_I_O)         0.446     0.446 r  clk_IBUF_inst/O
                         net (fo=1, routed)           0.719     1.165    clk_IBUF
    BUFGCTRL_X0Y0        BUFG (Prop_bufg_I_O)         0.029     1.194 r  clk_IBUF_BUFG_inst/O
                         net (fo=343, routed)         0.880     2.074    u_dut/pipeline/layer_3/control_unit/CLK
    SLICE_X94Y50         FDRE                                         r  u_dut/pipeline/layer_3/control_unit/col_cnt_reg[4]/C
                         clock pessimism             -0.504     1.570    
                         clock uncertainty            0.050     1.620    
    SLICE_X94Y50         FDRE (Hold_fdre_C_D)         0.120     1.740    u_dut/pipeline/layer_3/control_unit/col_cnt_reg[4]
  -------------------------------------------------------------------
                         required time                         -1.740    
                         arrival time                           1.844    
  -------------------------------------------------------------------
                         slack                                  0.105    




