Copyright 1986-2022 Xilinx, Inc. All Rights Reserved. Copyright 2022-2025 Advanced Micro Devices, Inc. All Rights Reserved.
---------------------------------------------------------------------------------------------------------------------------------------------
| Tool Version : Vivado v.2025.2 (lin64) Build 6299465 Fri Nov 14 12:34:56 MST 2025
| Date         : Mon May 25 17:11:35 2026
| Host         : himash-ruwanga-GF63-Thin-10SCSR running 64-bit Ubuntu 24.04.3 LTS
| Command      : report_timing_summary -warn_on_violation -file build/dnn_zedboard/reports/timing_summary.rpt
| Design       : zedboard_top
| Device       : 7z020-clg484
| Speed File   : -1  PRODUCTION 1.12 2019-11-22
| Design State : Routed
---------------------------------------------------------------------------------------------------------------------------------------------

Timing Summary Report

------------------------------------------------------------------------------------------------
| Timer Settings
| --------------
------------------------------------------------------------------------------------------------

  Enable Multi Corner Analysis               :  Yes
  Enable Pessimism Removal                   :  Yes
  Pessimism Removal Resolution               :  Nearest Common Node
  Enable Input Delay Default Clock           :  No
  Enable Preset / Clear Arcs                 :  No
  Disable Flight Delays                      :  No
  Ignore I/O Paths                           :  No
  Timing Early Launch at Borrowing Latches   :  No
  Borrow Time for Max Delay Exceptions       :  Yes
  Merge Timing Exceptions                    :  Yes
  Inter-SLR Compensation                     :  Conservative

  Corner  Analyze    Analyze    
  Name    Max Paths  Min Paths  
  ------  ---------  ---------  
  Slow    Yes        Yes        
  Fast    Yes        Yes        


------------------------------------------------------------------------------------------------
| Report Methodology
| ------------------
------------------------------------------------------------------------------------------------

No report available as report_methodology has not been run prior. Run report_methodology on the current design for the summary of methodology violations.



check_timing report

Table of Contents
-----------------
1. checking no_clock (0)
2. checking constant_clock (0)
3. checking pulse_width_clock (0)
4. checking unconstrained_internal_endpoints (0)
5. checking no_input_delay (2)
6. checking no_output_delay (7)
7. checking multiple_clock (0)
8. checking generated_clocks (0)
9. checking loops (0)
10. checking partial_input_delay (0)
11. checking partial_output_delay (0)
12. checking latch_loops (0)

1. checking no_clock (0)
------------------------
 There are 0 register/latch pins with no clock.


2. checking constant_clock (0)
------------------------------
 There are 0 register/latch pins with constant_clock.


3. checking pulse_width_clock (0)
---------------------------------
 There are 0 register/latch pins which need pulse_width check


4. checking unconstrained_internal_endpoints (0)
------------------------------------------------
 There are 0 pins that are not constrained for maximum delay.

 There are 0 pins that are not constrained for maximum delay due to constant clock.


5. checking no_input_delay (2)
------------------------------
 There are 0 input ports with no input delay specified.

 There are 2 input ports with no input delay but user has a false path constraint. (MEDIUM)


6. checking no_output_delay (7)
-------------------------------
 There are 0 ports with no output delay specified.

 There are 7 ports with no output delay but user has a false path constraint (MEDIUM)

 There are 0 ports with no output delay but with a timing clock defined on it or propagating through it


7. checking multiple_clock (0)
------------------------------
 There are 0 register/latch pins with multiple clocks.


8. checking generated_clocks (0)
--------------------------------
 There are 0 generated clocks that are not connected to a clock source.


9. checking loops (0)
---------------------
 There are 0 combinational loops in the design.


10. checking partial_input_delay (0)
------------------------------------
 There are 0 input ports with partial input delay specified.


11. checking partial_output_delay (0)
-------------------------------------
 There are 0 ports with partial output delay specified.


12. checking latch_loops (0)
----------------------------
 There are 0 combinational latch loops in the design through latch input



------------------------------------------------------------------------------------------------
| Design Timing Summary
| ---------------------
------------------------------------------------------------------------------------------------

    WNS(ns)      TNS(ns)  TNS Failing Endpoints  TNS Total Endpoints      WHS(ns)      THS(ns)  THS Failing Endpoints  THS Total Endpoints     WPWS(ns)     TPWS(ns)  TPWS Failing Endpoints  TPWS Total Endpoints  
    -------      -------  ---------------------  -------------------      -------      -------  ---------------------  -------------------     --------     --------  ----------------------  --------------------  
      4.562        0.000                      0                  919        0.093        0.000                      0                  919        4.500        0.000                       0                   344  


All user specified timing constraints are met.


------------------------------------------------------------------------------------------------
| Clock Summary
| -------------
------------------------------------------------------------------------------------------------

Clock        Waveform(ns)       Period(ns)      Frequency(MHz)
-----        ------------       ----------      --------------
sys_clk_pin  {0.000 5.000}      10.000          100.000         


------------------------------------------------------------------------------------------------
| Intra Clock Table
| -----------------
------------------------------------------------------------------------------------------------

Clock             WNS(ns)      TNS(ns)  TNS Failing Endpoints  TNS Total Endpoints      WHS(ns)      THS(ns)  THS Failing Endpoints  THS Total Endpoints     WPWS(ns)     TPWS(ns)  TPWS Failing Endpoints  TPWS Total Endpoints  
-----             -------      -------  ---------------------  -------------------      -------      -------  ---------------------  -------------------     --------     --------  ----------------------  --------------------  
sys_clk_pin         4.562        0.000                      0                  919        0.093        0.000                      0                  919        4.500        0.000                       0                   344  


------------------------------------------------------------------------------------------------
| Inter Clock Table
| -----------------
------------------------------------------------------------------------------------------------

From Clock    To Clock          WNS(ns)      TNS(ns)  TNS Failing Endpoints  TNS Total Endpoints      WHS(ns)      THS(ns)  THS Failing Endpoints  THS Total Endpoints  
----------    --------          -------      -------  ---------------------  -------------------      -------      -------  ---------------------  -------------------  


------------------------------------------------------------------------------------------------
| Other Path Groups Table
| -----------------------
------------------------------------------------------------------------------------------------

Path Group    From Clock    To Clock          WNS(ns)      TNS(ns)  TNS Failing Endpoints  TNS Total Endpoints      WHS(ns)      THS(ns)  THS Failing Endpoints  THS Total Endpoints  
----------    ----------    --------          -------      -------  ---------------------  -------------------      -------      -------  ---------------------  -------------------  


------------------------------------------------------------------------------------------------
| Timing Details
| --------------
------------------------------------------------------------------------------------------------


---------------------------------------------------------------------------------------------------
From Clock:  sys_clk_pin
  To Clock:  sys_clk_pin

Setup :            0  Failing Endpoints,  Worst Slack        4.562ns,  Total Violation        0.000ns
Hold  :            0  Failing Endpoints,  Worst Slack        0.093ns,  Total Violation        0.000ns
PW    :            0  Failing Endpoints,  Worst Slack        4.500ns,  Total Violation        0.000ns
---------------------------------------------------------------------------------------------------


Max Delay Paths
--------------------------------------------------------------------------------------
Slack (MET) :             4.562ns  (required time - arrival time)
  Source:                 u_dut/pipeline/layer_2/control_unit/col_cnt_reg[2]/C
                            (rising edge-triggered cell FDRE clocked by sys_clk_pin  {rise@0.000ns fall@5.000ns period=10.000ns})
  Destination:            u_dut/pipeline/layer_2/control_unit/ch_out_cnt_reg[2]/CE
                            (rising edge-triggered cell FDRE clocked by sys_clk_pin  {rise@0.000ns fall@5.000ns period=10.000ns})
  Path Group:             sys_clk_pin
  Path Type:              Setup (Max at Slow Process Corner)
  Requirement:            10.000ns  (sys_clk_pin rise@10.000ns - sys_clk_pin rise@0.000ns)
  Data Path Delay:        4.929ns  (logic 1.801ns (36.538%)  route 3.128ns (63.462%))
  Logic Levels:           4  (CARRY4=1 LUT2=1 LUT5=2)
  Clock Path Skew:        -0.069ns (DCD - SCD + CPR)
    Destination Clock Delay (DCD):    5.166ns = ( 15.166 - 10.000 ) 
    Source Clock Delay      (SCD):    5.629ns
    Clock Pessimism Removal (CPR):    0.394ns
  Clock Uncertainty:      0.235ns  ((TSJ^2 + TIJ^2)^1/2 + DJ) / 2 + PE + UU
    Total System Jitter     (TSJ):    0.071ns
    Total Input Jitter      (TIJ):    0.000ns
    Discrete Jitter          (DJ):    0.000ns
    Phase Error              (PE):    0.000ns
    User Uncertainty         (UU):    0.200ns

    Location             Delay type                Incr(ns)  Path(ns)    Netlist Resource(s)
  -------------------------------------------------------------------    -------------------
                         (clock sys_clk_pin rise edge)
                                                      0.000     0.000 r  
    Y9                                                0.000     0.000 r  clk (IN)
                         net (fo=0)                   0.000     0.000    clk
    Y9                   IBUF (Prop_ibuf_I_O)         1.490     1.490 r  clk_IBUF_inst/O
                         net (fo=1, routed)           2.171     3.661    clk_IBUF
    BUFGCTRL_X0Y0        BUFG (Prop_bufg_I_O)         0.101     3.762 r  clk_IBUF_BUFG_inst/O
                         net (fo=343, routed)         1.867     5.629    u_dut/pipeline/layer_2/control_unit/CLK
    SLICE_X112Y58        FDRE                                         r  u_dut/pipeline/layer_2/control_unit/col_cnt_reg[2]/C
  -------------------------------------------------------------------    -------------------
    SLICE_X112Y58        FDRE (Prop_fdre_C_Q)         0.478     6.107 r  u_dut/pipeline/layer_2/control_unit/col_cnt_reg[2]/Q
                         net (fo=7, routed)           0.837     6.945    u_dut/pipeline/layer_2/control_unit/col_cnt[2]
    SLICE_X111Y59        LUT2 (Prop_lut2_I0_O)        0.295     7.240 r  u_dut/pipeline/layer_2/control_unit/row_cnt[7]_i_28__0/O
                         net (fo=1, routed)           0.000     7.240    u_dut/pipeline/layer_2/control_unit/row_cnt[7]_i_28__0_n_0
    SLICE_X111Y59        CARRY4 (Prop_carry4_S[1]_CO[3])
                                                      0.550     7.790 f  u_dut/pipeline/layer_2/control_unit/row_cnt_reg[7]_i_7/CO[3]
                         net (fo=10, routed)          1.336     9.126    u_dut/pipeline/layer_2/control_unit/row_cnt_reg[7]_i_7_n_0
    SLICE_X110Y54        LUT5 (Prop_lut5_I0_O)        0.152     9.278 r  u_dut/pipeline/layer_2/control_unit/ch_out_cnt[7]_i_4/O
                         net (fo=2, routed)           0.315     9.593    u_dut/pipeline/layer_2/control_unit/ch_out_cnt[7]_i_4_n_0
    SLICE_X109Y54        LUT5 (Prop_lut5_I4_O)        0.326     9.919 r  u_dut/pipeline/layer_2/control_unit/ch_out_cnt[7]_i_1__0/O
                         net (fo=8, routed)           0.639    10.558    u_dut/pipeline/layer_2/control_unit/ch_out_cnt0
    SLICE_X107Y59        FDRE                                         r  u_dut/pipeline/layer_2/control_unit/ch_out_cnt_reg[2]/CE
  -------------------------------------------------------------------    -------------------

                         (clock sys_clk_pin rise edge)
                                                     10.000    10.000 r  
    Y9                                                0.000    10.000 r  clk (IN)
                         net (fo=0)                   0.000    10.000    clk
    Y9                   IBUF (Prop_ibuf_I_O)         1.420    11.420 r  clk_IBUF_inst/O
                         net (fo=1, routed)           1.972    13.392    clk_IBUF
    BUFGCTRL_X0Y0        BUFG (Prop_bufg_I_O)         0.091    13.483 r  clk_IBUF_BUFG_inst/O
                         net (fo=343, routed)         1.684    15.166    u_dut/pipeline/layer_2/control_unit/CLK
    SLICE_X107Y59        FDRE                                         r  u_dut/pipeline/layer_2/control_unit/ch_out_cnt_reg[2]/C
                         clock pessimism              0.394    15.560    
                         clock uncertainty           -0.235    15.325    
    SLICE_X107Y59        FDRE (Setup_fdre_C_CE)      -0.205    15.120    u_dut/pipeline/layer_2/control_unit/ch_out_cnt_reg[2]
  -------------------------------------------------------------------
                         required time                         15.120    
                         arrival time                         -10.558    
  -------------------------------------------------------------------
                         slack                                  4.562    





Min Delay Paths
--------------------------------------------------------------------------------------
Slack (MET) :             0.093ns  (arrival time - required time)
  Source:                 u_dut/pipeline/layer_3/control_unit/row_cnt_reg[4]/C
                            (rising edge-triggered cell FDRE clocked by sys_clk_pin  {rise@0.000ns fall@5.000ns period=10.000ns})
  Destination:            u_dut/pipeline/layer_3/control_unit/row_cnt_reg[5]/D
                            (rising edge-triggered cell FDRE clocked by sys_clk_pin  {rise@0.000ns fall@5.000ns period=10.000ns})
  Path Group:             sys_clk_pin
  Path Type:              Hold (Min at Fast Process Corner)
  Requirement:            0.000ns  (sys_clk_pin rise@0.000ns - sys_clk_pin rise@0.000ns)
  Data Path Delay:        0.276ns  (logic 0.186ns (67.282%)  route 0.090ns (32.718%))
  Logic Levels:           1  (LUT6=1)
  Clock Path Skew:        0.013ns (DCD - SCD - CPR)
    Destination Clock Delay (DCD):    2.075ns
    Source Clock Delay      (SCD):    1.558ns
    Clock Pessimism Removal (CPR):    0.504ns
  Clock Uncertainty:      0.050ns  ((TSJ^2 + TIJ^2)^1/2 + DJ) / 2 + PE + UU
    Total System Jitter     (TSJ):    0.000ns
    Total Input Jitter      (TIJ):    0.000ns
    Discrete Jitter          (DJ):    0.000ns
    Phase Error              (PE):    0.000ns
    User Uncertainty         (UU):    0.050ns

    Location             Delay type                Incr(ns)  Path(ns)    Netlist Resource(s)
  -------------------------------------------------------------------    -------------------
                         (clock sys_clk_pin rise edge)
                                                      0.000     0.000 r  
    Y9                                                0.000     0.000 r  clk (IN)
                         net (fo=0)                   0.000     0.000    clk
    Y9                   IBUF (Prop_ibuf_I_O)         0.258     0.258 r  clk_IBUF_inst/O
                         net (fo=1, routed)           0.663     0.921    clk_IBUF
    BUFGCTRL_X0Y0        BUFG (Prop_bufg_I_O)         0.026     0.947 r  clk_IBUF_BUFG_inst/O
                         net (fo=343, routed)         0.611     1.558    u_dut/pipeline/layer_3/control_unit/CLK
    SLICE_X95Y43         FDRE                                         r  u_dut/pipeline/layer_3/control_unit/row_cnt_reg[4]/C
  -------------------------------------------------------------------    -------------------
    SLICE_X95Y43         FDRE (Prop_fdre_C_Q)         0.141     1.699 r  u_dut/pipeline/layer_3/control_unit/row_cnt_reg[4]/Q
                         net (fo=4, routed)           0.090     1.789    u_dut/pipeline/layer_3/control_unit/row_cnt[4]
    SLICE_X94Y43         LUT6 (Prop_lut6_I0_O)        0.045     1.834 r  u_dut/pipeline/layer_3/control_unit/row_cnt[5]_i_1__2/O
                         net (fo=1, routed)           0.000     1.834    u_dut/pipeline/layer_3/control_unit/row_cnt[5]_i_1__2_n_0
    SLICE_X94Y43         FDRE                                         r  u_dut/pipeline/layer_3/control_unit/row_cnt_reg[5]/D
  -------------------------------------------------------------------    -------------------

                         (clock sys_clk_pin rise edge)
                                                      0.000     0.000 r  
    Y9                                                0.000     0.000 r  clk (IN)
                         net (fo=0)                   0.000     0.000    clk
    Y9                   IBUF (Prop_ibuf_I_O)         0.446     0.446 r  clk_IBUF_inst/O
                         net (fo=1, routed)           0.719     1.165    clk_IBUF
    BUFGCTRL_X0Y0        BUFG (Prop_bufg_I_O)         0.029     1.194 r  clk_IBUF_BUFG_inst/O
                         net (fo=343, routed)         0.881     2.075    u_dut/pipeline/layer_3/control_unit/CLK
    SLICE_X94Y43         FDRE                                         r  u_dut/pipeline/layer_3/control_unit/row_cnt_reg[5]/C
                         clock pessimism             -0.504     1.571    
                         clock uncertainty            0.050     1.621    
    SLICE_X94Y43         FDRE (Hold_fdre_C_D)         0.120     1.741    u_dut/pipeline/layer_3/control_unit/row_cnt_reg[5]
  -------------------------------------------------------------------
                         required time                         -1.741    
                         arrival time                           1.834    
  -------------------------------------------------------------------
                         slack                                  0.093    





Pulse Width Checks
--------------------------------------------------------------------------------------
Clock Name:         sys_clk_pin
Waveform(ns):       { 0.000 5.000 }
Period(ns):         10.000
Sources:            { clk }

Check Type        Corner  Lib Pin  Reference Pin  Required(ns)  Actual(ns)  Slack(ns)  Location       Pin
Min Period        n/a     BUFG/I   n/a            2.155         10.000      7.845      BUFGCTRL_X0Y0  clk_IBUF_BUFG_inst/I
Low Pulse Width   Slow    FDRE/C   n/a            0.500         5.000       4.500      SLICE_X113Y38  heartbeat_cnt_reg[0]/C
High Pulse Width  Slow    FDRE/C   n/a            0.500         5.000       4.500      SLICE_X113Y38  heartbeat_cnt_reg[0]/C



