Copyright 1986-2022 Xilinx, Inc. All Rights Reserved. Copyright 2022-2025 Advanced Micro Devices, Inc. All Rights Reserved.
---------------------------------------------------------------------------------------------------------------------------------------------
| Tool Version : Vivado v.2025.2 (lin64) Build 6299465 Fri Nov 14 12:34:56 MST 2025
| Date         : Mon May 25 17:11:35 2026
| Host         : himash-ruwanga-GF63-Thin-10SCSR running 64-bit Ubuntu 24.04.3 LTS
| Command      : report_timing -setup -nworst 10 -path_type full_clock_expanded -file build/dnn_zedboard/reports/timing_setup_worst10.rpt
| Design       : zedboard_top
| Device       : 7z020-clg484
| Speed File   : -1  PRODUCTION 1.12 2019-11-22
| Design State : Routed
---------------------------------------------------------------------------------------------------------------------------------------------

Timing Report

Slack (MET) :             4.562ns  (required time - arrival time)
  Source:                 u_dut/pipeline/layer_2/control_unit/col_cnt_reg[2]/C
                            (rising edge-triggered cell FDRE clocked by sys_clk_pin  {rise@0.000ns fall@5.000ns period=10.000ns})
  Destination:            u_dut/pipeline/layer_2/control_unit/ch_out_cnt_reg[2]/CE
                            (rising edge-triggered cell FDRE clocked by sys_clk_pin  {rise@0.000ns fall@5.000ns period=10.000ns})
  Path Group:             sys_clk_pin
  Path Type:              Setup (Max at Slow Process Corner)
  Requirement:            10.000ns  (sys_clk_pin rise@10.000ns - sys_clk_pin rise@0.000ns)
  Data Path Delay:        4.929ns  (logic 1.801ns (36.538%)  route 3.128ns (63.462%))
  Logic Levels:           4  (CARRY4=1 LUT2=1 LUT5=2)
  Clock Path Skew:        -0.069ns (DCD - SCD + CPR)
    Destination Clock Delay (DCD):    5.166ns = ( 15.166 - 10.000 ) 
    Source Clock Delay      (SCD):    5.629ns
    Clock Pessimism Removal (CPR):    0.394ns
  Clock Uncertainty:      0.235ns  ((TSJ^2 + TIJ^2)^1/2 + DJ) / 2 + PE + UU
    Total System Jitter     (TSJ):    0.071ns
    Total Input Jitter      (TIJ):    0.000ns
    Discrete Jitter          (DJ):    0.000ns
    Phase Error              (PE):    0.000ns
    User Uncertainty         (UU):    0.200ns

    Location             Delay type                Incr(ns)  Path(ns)    Netlist Resource(s)
  -------------------------------------------------------------------    -------------------
                         (clock sys_clk_pin rise edge)
                                                      0.000     0.000 r  
    Y9                                                0.000     0.000 r  clk (IN)
                         net (fo=0)                   0.000     0.000    clk
    Y9                   IBUF (Prop_ibuf_I_O)         1.490     1.490 r  clk_IBUF_inst/O
                         net (fo=1, routed)           2.171     3.661    clk_IBUF
    BUFGCTRL_X0Y0        BUFG (Prop_bufg_I_O)         0.101     3.762 r  clk_IBUF_BUFG_inst/O
                         net (fo=343, routed)         1.867     5.629    u_dut/pipeline/layer_2/control_unit/CLK
    SLICE_X112Y58        FDRE                                         r  u_dut/pipeline/layer_2/control_unit/col_cnt_reg[2]/C
  -------------------------------------------------------------------    -------------------
    SLICE_X112Y58        FDRE (Prop_fdre_C_Q)         0.478     6.107 r  u_dut/pipeline/layer_2/control_unit/col_cnt_reg[2]/Q
                         net (fo=7, routed)           0.837     6.945    u_dut/pipeline/layer_2/control_unit/col_cnt[2]
    SLICE_X111Y59        LUT2 (Prop_lut2_I0_O)        0.295     7.240 r  u_dut/pipeline/layer_2/control_unit/row_cnt[7]_i_28__0/O
                         net (fo=1, routed)           0.000     7.240    u_dut/pipeline/layer_2/control_unit/row_cnt[7]_i_28__0_n_0
    SLICE_X111Y59        CARRY4 (Prop_carry4_S[1]_CO[3])
                                                      0.550     7.790 f  u_dut/pipeline/layer_2/control_unit/row_cnt_reg[7]_i_7/CO[3]
                         net (fo=10, routed)          1.336     9.126    u_dut/pipeline/layer_2/control_unit/row_cnt_reg[7]_i_7_n_0
    SLICE_X110Y54        LUT5 (Prop_lut5_I0_O)        0.152     9.278 r  u_dut/pipeline/layer_2/control_unit/ch_out_cnt[7]_i_4/O
                         net (fo=2, routed)           0.315     9.593    u_dut/pipeline/layer_2/control_unit/ch_out_cnt[7]_i_4_n_0
    SLICE_X109Y54        LUT5 (Prop_lut5_I4_O)        0.326     9.919 r  u_dut/pipeline/layer_2/control_unit/ch_out_cnt[7]_i_1__0/O
                         net (fo=8, routed)           0.639    10.558    u_dut/pipeline/layer_2/control_unit/ch_out_cnt0
    SLICE_X107Y59        FDRE                                         r  u_dut/pipeline/layer_2/control_unit/ch_out_cnt_reg[2]/CE
  -------------------------------------------------------------------    -------------------

                         (clock sys_clk_pin rise edge)
                                                     10.000    10.000 r  
    Y9                                                0.000    10.000 r  clk (IN)
                         net (fo=0)                   0.000    10.000    clk
    Y9                   IBUF (Prop_ibuf_I_O)         1.420    11.420 r  clk_IBUF_inst/O
                         net (fo=1, routed)           1.972    13.392    clk_IBUF
    BUFGCTRL_X0Y0        BUFG (Prop_bufg_I_O)         0.091    13.483 r  clk_IBUF_BUFG_inst/O
                         net (fo=343, routed)         1.684    15.166    u_dut/pipeline/layer_2/control_unit/CLK
    SLICE_X107Y59        FDRE                                         r  u_dut/pipeline/layer_2/control_unit/ch_out_cnt_reg[2]/C
                         clock pessimism              0.394    15.560    
                         clock uncertainty           -0.235    15.325    
    SLICE_X107Y59        FDRE (Setup_fdre_C_CE)      -0.205    15.120    u_dut/pipeline/layer_2/control_unit/ch_out_cnt_reg[2]
  -------------------------------------------------------------------
                         required time                         15.120    
                         arrival time                         -10.558    
  -------------------------------------------------------------------
                         slack                                  4.562    

Slack (MET) :             4.562ns  (required time - arrival time)
  Source:                 u_dut/pipeline/layer_2/control_unit/col_cnt_reg[2]/C
                            (rising edge-triggered cell FDRE clocked by sys_clk_pin  {rise@0.000ns fall@5.000ns period=10.000ns})
  Destination:            u_dut/pipeline/layer_2/control_unit/ch_out_cnt_reg[2]/CE
                            (rising edge-triggered cell FDRE clocked by sys_clk_pin  {rise@0.000ns fall@5.000ns period=10.000ns})
  Path Group:             sys_clk_pin
  Path Type:              Setup (Max at Slow Process Corner)
  Requirement:            10.000ns  (sys_clk_pin rise@10.000ns - sys_clk_pin rise@0.000ns)
  Data Path Delay:        4.929ns  (logic 1.801ns (36.538%)  route 3.128ns (63.462%))
  Logic Levels:           4  (CARRY4=1 LUT2=1 LUT5=2)
  Clock Path Skew:        -0.069ns (DCD - SCD + CPR)
    Destination Clock Delay (DCD):    5.166ns = ( 15.166 - 10.000 ) 
    Source Clock Delay      (SCD):    5.629ns
    Clock Pessimism Removal (CPR):    0.394ns
  Clock Uncertainty:      0.235ns  ((TSJ^2 + TIJ^2)^1/2 + DJ) / 2 + PE + UU
    Total System Jitter     (TSJ):    0.071ns
    Total Input Jitter      (TIJ):    0.000ns
    Discrete Jitter          (DJ):    0.000ns
    Phase Error              (PE):    0.000ns
    User Uncertainty         (UU):    0.200ns

    Location             Delay type                Incr(ns)  Path(ns)    Netlist Resource(s)
  -------------------------------------------------------------------    -------------------
                         (clock sys_clk_pin rise edge)
                                                      0.000     0.000 r  
    Y9                                                0.000     0.000 r  clk (IN)
                         net (fo=0)                   0.000     0.000    clk
    Y9                   IBUF (Prop_ibuf_I_O)         1.490     1.490 r  clk_IBUF_inst/O
                         net (fo=1, routed)           2.171     3.661    clk_IBUF
    BUFGCTRL_X0Y0        BUFG (Prop_bufg_I_O)         0.101     3.762 r  clk_IBUF_BUFG_inst/O
                         net (fo=343, routed)         1.867     5.629    u_dut/pipeline/layer_2/control_unit/CLK
    SLICE_X112Y58        FDRE                                         r  u_dut/pipeline/layer_2/control_unit/col_cnt_reg[2]/C
  -------------------------------------------------------------------    -------------------
    SLICE_X112Y58        FDRE (Prop_fdre_C_Q)         0.478     6.107 f  u_dut/pipeline/layer_2/control_unit/col_cnt_reg[2]/Q
                         net (fo=7, routed)           0.837     6.945    u_dut/pipeline/layer_2/control_unit/col_cnt[2]
    SLICE_X111Y59        LUT2 (Prop_lut2_I0_O)        0.295     7.240 f  u_dut/pipeline/layer_2/control_unit/row_cnt[7]_i_28__0/O
                         net (fo=1, routed)           0.000     7.240    u_dut/pipeline/layer_2/control_unit/row_cnt[7]_i_28__0_n_0
    SLICE_X111Y59        CARRY4 (Prop_carry4_S[1]_CO[3])
                                                      0.550     7.790 f  u_dut/pipeline/layer_2/control_unit/row_cnt_reg[7]_i_7/CO[3]
                         net (fo=10, routed)          1.336     9.126    u_dut/pipeline/layer_2/control_unit/row_cnt_reg[7]_i_7_n_0
    SLICE_X110Y54        LUT5 (Prop_lut5_I0_O)        0.152     9.278 r  u_dut/pipeline/layer_2/control_unit/ch_out_cnt[7]_i_4/O
                         net (fo=2, routed)           0.315     9.593    u_dut/pipeline/layer_2/control_unit/ch_out_cnt[7]_i_4_n_0
    SLICE_X109Y54        LUT5 (Prop_lut5_I4_O)        0.326     9.919 r  u_dut/pipeline/layer_2/control_unit/ch_out_cnt[7]_i_1__0/O
                         net (fo=8, routed)           0.639    10.558    u_dut/pipeline/layer_2/control_unit/ch_out_cnt0
    SLICE_X107Y59        FDRE                                         r  u_dut/pipeline/layer_2/control_unit/ch_out_cnt_reg[2]/CE
  -------------------------------------------------------------------    -------------------

                         (clock sys_clk_pin rise edge)
                                                     10.000    10.000 r  
    Y9                                                0.000    10.000 r  clk (IN)
                         net (fo=0)                   0.000    10.000    clk
    Y9                   IBUF (Prop_ibuf_I_O)         1.420    11.420 r  clk_IBUF_inst/O
                         net (fo=1, routed)           1.972    13.392    clk_IBUF
    BUFGCTRL_X0Y0        BUFG (Prop_bufg_I_O)         0.091    13.483 r  clk_IBUF_BUFG_inst/O
                         net (fo=343, routed)         1.684    15.166    u_dut/pipeline/layer_2/control_unit/CLK
    SLICE_X107Y59        FDRE                                         r  u_dut/pipeline/layer_2/control_unit/ch_out_cnt_reg[2]/C
                         clock pessimism              0.394    15.560    
                         clock uncertainty           -0.235    15.325    
    SLICE_X107Y59        FDRE (Setup_fdre_C_CE)      -0.205    15.120    u_dut/pipeline/layer_2/control_unit/ch_out_cnt_reg[2]
  -------------------------------------------------------------------
                         required time                         15.120    
                         arrival time                         -10.558    
  -------------------------------------------------------------------
                         slack                                  4.562    

Slack (MET) :             4.562ns  (required time - arrival time)
  Source:                 u_dut/pipeline/layer_2/control_unit/col_cnt_reg[2]/C
                            (rising edge-triggered cell FDRE clocked by sys_clk_pin  {rise@0.000ns fall@5.000ns period=10.000ns})
  Destination:            u_dut/pipeline/layer_2/control_unit/ch_out_cnt_reg[2]/CE
                            (rising edge-triggered cell FDRE clocked by sys_clk_pin  {rise@0.000ns fall@5.000ns period=10.000ns})
  Path Group:             sys_clk_pin
  Path Type:              Setup (Max at Slow Process Corner)
  Requirement:            10.000ns  (sys_clk_pin rise@10.000ns - sys_clk_pin rise@0.000ns)
  Data Path Delay:        4.929ns  (logic 1.801ns (36.538%)  route 3.128ns (63.462%))
  Logic Levels:           4  (CARRY4=1 LUT2=1 LUT5=2)
  Clock Path Skew:        -0.069ns (DCD - SCD + CPR)
    Destination Clock Delay (DCD):    5.166ns = ( 15.166 - 10.000 ) 
    Source Clock Delay      (SCD):    5.629ns
    Clock Pessimism Removal (CPR):    0.394ns
  Clock Uncertainty:      0.235ns  ((TSJ^2 + TIJ^2)^1/2 + DJ) / 2 + PE + UU
    Total System Jitter     (TSJ):    0.071ns
    Total Input Jitter      (TIJ):    0.000ns
    Discrete Jitter          (DJ):    0.000ns
    Phase Error              (PE):    0.000ns
    User Uncertainty         (UU):    0.200ns

    Location             Delay type                Incr(ns)  Path(ns)    Netlist Resource(s)
  -------------------------------------------------------------------    -------------------
                         (clock sys_clk_pin rise edge)
                                                      0.000     0.000 r  
    Y9                                                0.000     0.000 r  clk (IN)
                         net (fo=0)                   0.000     0.000    clk
    Y9                   IBUF (Prop_ibuf_I_O)         1.490     1.490 r  clk_IBUF_inst/O
                         net (fo=1, routed)           2.171     3.661    clk_IBUF
    BUFGCTRL_X0Y0        BUFG (Prop_bufg_I_O)         0.101     3.762 r  clk_IBUF_BUFG_inst/O
                         net (fo=343, routed)         1.867     5.629    u_dut/pipeline/layer_2/control_unit/CLK
    SLICE_X112Y58        FDRE                                         r  u_dut/pipeline/layer_2/control_unit/col_cnt_reg[2]/C
  -------------------------------------------------------------------    -------------------
    SLICE_X112Y58        FDRE (Prop_fdre_C_Q)         0.478     6.107 r  u_dut/pipeline/layer_2/control_unit/col_cnt_reg[2]/Q
                         net (fo=7, routed)           0.837     6.945    u_dut/pipeline/layer_2/control_unit/col_cnt[2]
    SLICE_X111Y59        LUT2 (Prop_lut2_I0_O)        0.295     7.240 r  u_dut/pipeline/layer_2/control_unit/row_cnt[7]_i_28__0/O
                         net (fo=1, routed)           0.000     7.240    u_dut/pipeline/layer_2/control_unit/row_cnt[7]_i_28__0_n_0
    SLICE_X111Y59        CARRY4 (Prop_carry4_S[1]_CO[3])
                                                      0.550     7.790 r  u_dut/pipeline/layer_2/control_unit/row_cnt_reg[7]_i_7/CO[3]
                         net (fo=10, routed)          1.336     9.126    u_dut/pipeline/layer_2/control_unit/row_cnt_reg[7]_i_7_n_0
    SLICE_X110Y54        LUT5 (Prop_lut5_I0_O)        0.152     9.278 f  u_dut/pipeline/layer_2/control_unit/ch_out_cnt[7]_i_4/O
                         net (fo=2, routed)           0.315     9.593    u_dut/pipeline/layer_2/control_unit/ch_out_cnt[7]_i_4_n_0
    SLICE_X109Y54        LUT5 (Prop_lut5_I4_O)        0.326     9.919 f  u_dut/pipeline/layer_2/control_unit/ch_out_cnt[7]_i_1__0/O
                         net (fo=8, routed)           0.639    10.558    u_dut/pipeline/layer_2/control_unit/ch_out_cnt0
    SLICE_X107Y59        FDRE                                         f  u_dut/pipeline/layer_2/control_unit/ch_out_cnt_reg[2]/CE
  -------------------------------------------------------------------    -------------------

                         (clock sys_clk_pin rise edge)
                                                     10.000    10.000 r  
    Y9                                                0.000    10.000 r  clk (IN)
                         net (fo=0)                   0.000    10.000    clk
    Y9                   IBUF (Prop_ibuf_I_O)         1.420    11.420 r  clk_IBUF_inst/O
                         net (fo=1, routed)           1.972    13.392    clk_IBUF
    BUFGCTRL_X0Y0        BUFG (Prop_bufg_I_O)         0.091    13.483 r  clk_IBUF_BUFG_inst/O
                         net (fo=343, routed)         1.684    15.166    u_dut/pipeline/layer_2/control_unit/CLK
    SLICE_X107Y59        FDRE                                         r  u_dut/pipeline/layer_2/control_unit/ch_out_cnt_reg[2]/C
                         clock pessimism              0.394    15.560    
                         clock uncertainty           -0.235    15.325    
    SLICE_X107Y59        FDRE (Setup_fdre_C_CE)      -0.205    15.120    u_dut/pipeline/layer_2/control_unit/ch_out_cnt_reg[2]
  -------------------------------------------------------------------
                         required time                         15.120    
                         arrival time                         -10.558    
  -------------------------------------------------------------------
                         slack                                  4.562    

Slack (MET) :             4.562ns  (required time - arrival time)
  Source:                 u_dut/pipeline/layer_2/control_unit/col_cnt_reg[2]/C
                            (rising edge-triggered cell FDRE clocked by sys_clk_pin  {rise@0.000ns fall@5.000ns period=10.000ns})
  Destination:            u_dut/pipeline/layer_2/control_unit/ch_out_cnt_reg[2]/CE
                            (rising edge-triggered cell FDRE clocked by sys_clk_pin  {rise@0.000ns fall@5.000ns period=10.000ns})
  Path Group:             sys_clk_pin
  Path Type:              Setup (Max at Slow Process Corner)
  Requirement:            10.000ns  (sys_clk_pin rise@10.000ns - sys_clk_pin rise@0.000ns)
  Data Path Delay:        4.929ns  (logic 1.801ns (36.538%)  route 3.128ns (63.462%))
  Logic Levels:           4  (CARRY4=1 LUT2=1 LUT5=2)
  Clock Path Skew:        -0.069ns (DCD - SCD + CPR)
    Destination Clock Delay (DCD):    5.166ns = ( 15.166 - 10.000 ) 
    Source Clock Delay      (SCD):    5.629ns
    Clock Pessimism Removal (CPR):    0.394ns
  Clock Uncertainty:      0.235ns  ((TSJ^2 + TIJ^2)^1/2 + DJ) / 2 + PE + UU
    Total System Jitter     (TSJ):    0.071ns
    Total Input Jitter      (TIJ):    0.000ns
    Discrete Jitter          (DJ):    0.000ns
    Phase Error              (PE):    0.000ns
    User Uncertainty         (UU):    0.200ns

    Location             Delay type                Incr(ns)  Path(ns)    Netlist Resource(s)
  -------------------------------------------------------------------    -------------------
                         (clock sys_clk_pin rise edge)
                                                      0.000     0.000 r  
    Y9                                                0.000     0.000 r  clk (IN)
                         net (fo=0)                   0.000     0.000    clk
    Y9                   IBUF (Prop_ibuf_I_O)         1.490     1.490 r  clk_IBUF_inst/O
                         net (fo=1, routed)           2.171     3.661    clk_IBUF
    BUFGCTRL_X0Y0        BUFG (Prop_bufg_I_O)         0.101     3.762 r  clk_IBUF_BUFG_inst/O
                         net (fo=343, routed)         1.867     5.629    u_dut/pipeline/layer_2/control_unit/CLK
    SLICE_X112Y58        FDRE                                         r  u_dut/pipeline/layer_2/control_unit/col_cnt_reg[2]/C
  -------------------------------------------------------------------    -------------------
    SLICE_X112Y58        FDRE (Prop_fdre_C_Q)         0.478     6.107 f  u_dut/pipeline/layer_2/control_unit/col_cnt_reg[2]/Q
                         net (fo=7, routed)           0.837     6.945    u_dut/pipeline/layer_2/control_unit/col_cnt[2]
    SLICE_X111Y59        LUT2 (Prop_lut2_I0_O)        0.295     7.240 f  u_dut/pipeline/layer_2/control_unit/row_cnt[7]_i_28__0/O
                         net (fo=1, routed)           0.000     7.240    u_dut/pipeline/layer_2/control_unit/row_cnt[7]_i_28__0_n_0
    SLICE_X111Y59        CARRY4 (Prop_carry4_S[1]_CO[3])
                                                      0.550     7.790 r  u_dut/pipeline/layer_2/control_unit/row_cnt_reg[7]_i_7/CO[3]
                         net (fo=10, routed)          1.336     9.126    u_dut/pipeline/layer_2/control_unit/row_cnt_reg[7]_i_7_n_0
    SLICE_X110Y54        LUT5 (Prop_lut5_I0_O)        0.152     9.278 f  u_dut/pipeline/layer_2/control_unit/ch_out_cnt[7]_i_4/O
                         net (fo=2, routed)           0.315     9.593    u_dut/pipeline/layer_2/control_unit/ch_out_cnt[7]_i_4_n_0
    SLICE_X109Y54        LUT5 (Prop_lut5_I4_O)        0.326     9.919 f  u_dut/pipeline/layer_2/control_unit/ch_out_cnt[7]_i_1__0/O
                         net (fo=8, routed)           0.639    10.558    u_dut/pipeline/layer_2/control_unit/ch_out_cnt0
    SLICE_X107Y59        FDRE                                         f  u_dut/pipeline/layer_2/control_unit/ch_out_cnt_reg[2]/CE
  -------------------------------------------------------------------    -------------------

                         (clock sys_clk_pin rise edge)
                                                     10.000    10.000 r  
    Y9                                                0.000    10.000 r  clk (IN)
                         net (fo=0)                   0.000    10.000    clk
    Y9                   IBUF (Prop_ibuf_I_O)         1.420    11.420 r  clk_IBUF_inst/O
                         net (fo=1, routed)           1.972    13.392    clk_IBUF
    BUFGCTRL_X0Y0        BUFG (Prop_bufg_I_O)         0.091    13.483 r  clk_IBUF_BUFG_inst/O
                         net (fo=343, routed)         1.684    15.166    u_dut/pipeline/layer_2/control_unit/CLK
    SLICE_X107Y59        FDRE                                         r  u_dut/pipeline/layer_2/control_unit/ch_out_cnt_reg[2]/C
                         clock pessimism              0.394    15.560    
                         clock uncertainty           -0.235    15.325    
    SLICE_X107Y59        FDRE (Setup_fdre_C_CE)      -0.205    15.120    u_dut/pipeline/layer_2/control_unit/ch_out_cnt_reg[2]
  -------------------------------------------------------------------
                         required time                         15.120    
                         arrival time                         -10.558    
  -------------------------------------------------------------------
                         slack                                  4.562    

Slack (MET) :             4.562ns  (required time - arrival time)
  Source:                 u_dut/pipeline/layer_2/control_unit/col_cnt_reg[2]/C
                            (rising edge-triggered cell FDRE clocked by sys_clk_pin  {rise@0.000ns fall@5.000ns period=10.000ns})
  Destination:            u_dut/pipeline/layer_2/control_unit/ch_out_cnt_reg[3]/CE
                            (rising edge-triggered cell FDRE clocked by sys_clk_pin  {rise@0.000ns fall@5.000ns period=10.000ns})
  Path Group:             sys_clk_pin
  Path Type:              Setup (Max at Slow Process Corner)
  Requirement:            10.000ns  (sys_clk_pin rise@10.000ns - sys_clk_pin rise@0.000ns)
  Data Path Delay:        4.929ns  (logic 1.801ns (36.538%)  route 3.128ns (63.462%))
  Logic Levels:           4  (CARRY4=1 LUT2=1 LUT5=2)
  Clock Path Skew:        -0.069ns (DCD - SCD + CPR)
    Destination Clock Delay (DCD):    5.166ns = ( 15.166 - 10.000 ) 
    Source Clock Delay      (SCD):    5.629ns
    Clock Pessimism Removal (CPR):    0.394ns
  Clock Uncertainty:      0.235ns  ((TSJ^2 + TIJ^2)^1/2 + DJ) / 2 + PE + UU
    Total System Jitter     (TSJ):    0.071ns
    Total Input Jitter      (TIJ):    0.000ns
    Discrete Jitter          (DJ):    0.000ns
    Phase Error              (PE):    0.000ns
    User Uncertainty         (UU):    0.200ns

    Location             Delay type                Incr(ns)  Path(ns)    Netlist Resource(s)
  -------------------------------------------------------------------    -------------------
                         (clock sys_clk_pin rise edge)
                                                      0.000     0.000 r  
    Y9                                                0.000     0.000 r  clk (IN)
                         net (fo=0)                   0.000     0.000    clk
    Y9                   IBUF (Prop_ibuf_I_O)         1.490     1.490 r  clk_IBUF_inst/O
                         net (fo=1, routed)           2.171     3.661    clk_IBUF
    BUFGCTRL_X0Y0        BUFG (Prop_bufg_I_O)         0.101     3.762 r  clk_IBUF_BUFG_inst/O
                         net (fo=343, routed)         1.867     5.629    u_dut/pipeline/layer_2/control_unit/CLK
    SLICE_X112Y58        FDRE                                         r  u_dut/pipeline/layer_2/control_unit/col_cnt_reg[2]/C
  -------------------------------------------------------------------    -------------------
    SLICE_X112Y58        FDRE (Prop_fdre_C_Q)         0.478     6.107 r  u_dut/pipeline/layer_2/control_unit/col_cnt_reg[2]/Q
                         net (fo=7, routed)           0.837     6.945    u_dut/pipeline/layer_2/control_unit/col_cnt[2]
    SLICE_X111Y59        LUT2 (Prop_lut2_I0_O)        0.295     7.240 r  u_dut/pipeline/layer_2/control_unit/row_cnt[7]_i_28__0/O
                         net (fo=1, routed)           0.000     7.240    u_dut/pipeline/layer_2/control_unit/row_cnt[7]_i_28__0_n_0
    SLICE_X111Y59        CARRY4 (Prop_carry4_S[1]_CO[3])
                                                      0.550     7.790 f  u_dut/pipeline/layer_2/control_unit/row_cnt_reg[7]_i_7/CO[3]
                         net (fo=10, routed)          1.336     9.126    u_dut/pipeline/layer_2/control_unit/row_cnt_reg[7]_i_7_n_0
    SLICE_X110Y54        LUT5 (Prop_lut5_I0_O)        0.152     9.278 r  u_dut/pipeline/layer_2/control_unit/ch_out_cnt[7]_i_4/O
                         net (fo=2, routed)           0.315     9.593    u_dut/pipeline/layer_2/control_unit/ch_out_cnt[7]_i_4_n_0
    SLICE_X109Y54        LUT5 (Prop_lut5_I4_O)        0.326     9.919 r  u_dut/pipeline/layer_2/control_unit/ch_out_cnt[7]_i_1__0/O
                         net (fo=8, routed)           0.639    10.558    u_dut/pipeline/layer_2/control_unit/ch_out_cnt0
    SLICE_X107Y59        FDRE                                         r  u_dut/pipeline/layer_2/control_unit/ch_out_cnt_reg[3]/CE
  -------------------------------------------------------------------    -------------------

                         (clock sys_clk_pin rise edge)
                                                     10.000    10.000 r  
    Y9                                                0.000    10.000 r  clk (IN)
                         net (fo=0)                   0.000    10.000    clk
    Y9                   IBUF (Prop_ibuf_I_O)         1.420    11.420 r  clk_IBUF_inst/O
                         net (fo=1, routed)           1.972    13.392    clk_IBUF
    BUFGCTRL_X0Y0        BUFG (Prop_bufg_I_O)         0.091    13.483 r  clk_IBUF_BUFG_inst/O
                         net (fo=343, routed)         1.684    15.166    u_dut/pipeline/layer_2/control_unit/CLK
    SLICE_X107Y59        FDRE                                         r  u_dut/pipeline/layer_2/control_unit/ch_out_cnt_reg[3]/C
                         clock pessimism              0.394    15.560    
                         clock uncertainty           -0.235    15.325    
    SLICE_X107Y59        FDRE (Setup_fdre_C_CE)      -0.205    15.120    u_dut/pipeline/layer_2/control_unit/ch_out_cnt_reg[3]
  -------------------------------------------------------------------
                         required time                         15.120    
                         arrival time                         -10.558    
  -------------------------------------------------------------------
                         slack                                  4.562    

Slack (MET) :             4.562ns  (required time - arrival time)
  Source:                 u_dut/pipeline/layer_2/control_unit/col_cnt_reg[2]/C
                            (rising edge-triggered cell FDRE clocked by sys_clk_pin  {rise@0.000ns fall@5.000ns period=10.000ns})
  Destination:            u_dut/pipeline/layer_2/control_unit/ch_out_cnt_reg[3]/CE
                            (rising edge-triggered cell FDRE clocked by sys_clk_pin  {rise@0.000ns fall@5.000ns period=10.000ns})
  Path Group:             sys_clk_pin
  Path Type:              Setup (Max at Slow Process Corner)
  Requirement:            10.000ns  (sys_clk_pin rise@10.000ns - sys_clk_pin rise@0.000ns)
  Data Path Delay:        4.929ns  (logic 1.801ns (36.538%)  route 3.128ns (63.462%))
  Logic Levels:           4  (CARRY4=1 LUT2=1 LUT5=2)
  Clock Path Skew:        -0.069ns (DCD - SCD + CPR)
    Destination Clock Delay (DCD):    5.166ns = ( 15.166 - 10.000 ) 
    Source Clock Delay      (SCD):    5.629ns
    Clock Pessimism Removal (CPR):    0.394ns
  Clock Uncertainty:      0.235ns  ((TSJ^2 + TIJ^2)^1/2 + DJ) / 2 + PE + UU
    Total System Jitter     (TSJ):    0.071ns
    Total Input Jitter      (TIJ):    0.000ns
    Discrete Jitter          (DJ):    0.000ns
    Phase Error              (PE):    0.000ns
    User Uncertainty         (UU):    0.200ns

    Location             Delay type                Incr(ns)  Path(ns)    Netlist Resource(s)
  -------------------------------------------------------------------    -------------------
                         (clock sys_clk_pin rise edge)
                                                      0.000     0.000 r  
    Y9                                                0.000     0.000 r  clk (IN)
                         net (fo=0)                   0.000     0.000    clk
    Y9                   IBUF (Prop_ibuf_I_O)         1.490     1.490 r  clk_IBUF_inst/O
                         net (fo=1, routed)           2.171     3.661    clk_IBUF
    BUFGCTRL_X0Y0        BUFG (Prop_bufg_I_O)         0.101     3.762 r  clk_IBUF_BUFG_inst/O
                         net (fo=343, routed)         1.867     5.629    u_dut/pipeline/layer_2/control_unit/CLK
    SLICE_X112Y58        FDRE                                         r  u_dut/pipeline/layer_2/control_unit/col_cnt_reg[2]/C
  -------------------------------------------------------------------    -------------------
    SLICE_X112Y58        FDRE (Prop_fdre_C_Q)         0.478     6.107 f  u_dut/pipeline/layer_2/control_unit/col_cnt_reg[2]/Q
                         net (fo=7, routed)           0.837     6.945    u_dut/pipeline/layer_2/control_unit/col_cnt[2]
    SLICE_X111Y59        LUT2 (Prop_lut2_I0_O)        0.295     7.240 f  u_dut/pipeline/layer_2/control_unit/row_cnt[7]_i_28__0/O
                         net (fo=1, routed)           0.000     7.240    u_dut/pipeline/layer_2/control_unit/row_cnt[7]_i_28__0_n_0
    SLICE_X111Y59        CARRY4 (Prop_carry4_S[1]_CO[3])
                                                      0.550     7.790 f  u_dut/pipeline/layer_2/control_unit/row_cnt_reg[7]_i_7/CO[3]
                         net (fo=10, routed)          1.336     9.126    u_dut/pipeline/layer_2/control_unit/row_cnt_reg[7]_i_7_n_0
    SLICE_X110Y54        LUT5 (Prop_lut5_I0_O)        0.152     9.278 r  u_dut/pipeline/layer_2/control_unit/ch_out_cnt[7]_i_4/O
                         net (fo=2, routed)           0.315     9.593    u_dut/pipeline/layer_2/control_unit/ch_out_cnt[7]_i_4_n_0
    SLICE_X109Y54        LUT5 (Prop_lut5_I4_O)        0.326     9.919 r  u_dut/pipeline/layer_2/control_unit/ch_out_cnt[7]_i_1__0/O
                         net (fo=8, routed)           0.639    10.558    u_dut/pipeline/layer_2/control_unit/ch_out_cnt0
    SLICE_X107Y59        FDRE                                         r  u_dut/pipeline/layer_2/control_unit/ch_out_cnt_reg[3]/CE
  -------------------------------------------------------------------    -------------------

                         (clock sys_clk_pin rise edge)
                                                     10.000    10.000 r  
    Y9                                                0.000    10.000 r  clk (IN)
                         net (fo=0)                   0.000    10.000    clk
    Y9                   IBUF (Prop_ibuf_I_O)         1.420    11.420 r  clk_IBUF_inst/O
                         net (fo=1, routed)           1.972    13.392    clk_IBUF
    BUFGCTRL_X0Y0        BUFG (Prop_bufg_I_O)         0.091    13.483 r  clk_IBUF_BUFG_inst/O
                         net (fo=343, routed)         1.684    15.166    u_dut/pipeline/layer_2/control_unit/CLK
    SLICE_X107Y59        FDRE                                         r  u_dut/pipeline/layer_2/control_unit/ch_out_cnt_reg[3]/C
                         clock pessimism              0.394    15.560    
                         clock uncertainty           -0.235    15.325    
    SLICE_X107Y59        FDRE (Setup_fdre_C_CE)      -0.205    15.120    u_dut/pipeline/layer_2/control_unit/ch_out_cnt_reg[3]
  -------------------------------------------------------------------
                         required time                         15.120    
                         arrival time                         -10.558    
  -------------------------------------------------------------------
                         slack                                  4.562    

Slack (MET) :             4.562ns  (required time - arrival time)
  Source:                 u_dut/pipeline/layer_2/control_unit/col_cnt_reg[2]/C
                            (rising edge-triggered cell FDRE clocked by sys_clk_pin  {rise@0.000ns fall@5.000ns period=10.000ns})
  Destination:            u_dut/pipeline/layer_2/control_unit/ch_out_cnt_reg[3]/CE
                            (rising edge-triggered cell FDRE clocked by sys_clk_pin  {rise@0.000ns fall@5.000ns period=10.000ns})
  Path Group:             sys_clk_pin
  Path Type:              Setup (Max at Slow Process Corner)
  Requirement:            10.000ns  (sys_clk_pin rise@10.000ns - sys_clk_pin rise@0.000ns)
  Data Path Delay:        4.929ns  (logic 1.801ns (36.538%)  route 3.128ns (63.462%))
  Logic Levels:           4  (CARRY4=1 LUT2=1 LUT5=2)
  Clock Path Skew:        -0.069ns (DCD - SCD + CPR)
    Destination Clock Delay (DCD):    5.166ns = ( 15.166 - 10.000 ) 
    Source Clock Delay      (SCD):    5.629ns
    Clock Pessimism Removal (CPR):    0.394ns
  Clock Uncertainty:      0.235ns  ((TSJ^2 + TIJ^2)^1/2 + DJ) / 2 + PE + UU
    Total System Jitter     (TSJ):    0.071ns
    Total Input Jitter      (TIJ):    0.000ns
    Discrete Jitter          (DJ):    0.000ns
    Phase Error              (PE):    0.000ns
    User Uncertainty         (UU):    0.200ns

    Location             Delay type                Incr(ns)  Path(ns)    Netlist Resource(s)
  -------------------------------------------------------------------    -------------------
                         (clock sys_clk_pin rise edge)
                                                      0.000     0.000 r  
    Y9                                                0.000     0.000 r  clk (IN)
                         net (fo=0)                   0.000     0.000    clk
    Y9                   IBUF (Prop_ibuf_I_O)         1.490     1.490 r  clk_IBUF_inst/O
                         net (fo=1, routed)           2.171     3.661    clk_IBUF
    BUFGCTRL_X0Y0        BUFG (Prop_bufg_I_O)         0.101     3.762 r  clk_IBUF_BUFG_inst/O
                         net (fo=343, routed)         1.867     5.629    u_dut/pipeline/layer_2/control_unit/CLK
    SLICE_X112Y58        FDRE                                         r  u_dut/pipeline/layer_2/control_unit/col_cnt_reg[2]/C
  -------------------------------------------------------------------    -------------------
    SLICE_X112Y58        FDRE (Prop_fdre_C_Q)         0.478     6.107 r  u_dut/pipeline/layer_2/control_unit/col_cnt_reg[2]/Q
                         net (fo=7, routed)           0.837     6.945    u_dut/pipeline/layer_2/control_unit/col_cnt[2]
    SLICE_X111Y59        LUT2 (Prop_lut2_I0_O)        0.295     7.240 r  u_dut/pipeline/layer_2/control_unit/row_cnt[7]_i_28__0/O
                         net (fo=1, routed)           0.000     7.240    u_dut/pipeline/layer_2/control_unit/row_cnt[7]_i_28__0_n_0
    SLICE_X111Y59        CARRY4 (Prop_carry4_S[1]_CO[3])
                                                      0.550     7.790 r  u_dut/pipeline/layer_2/control_unit/row_cnt_reg[7]_i_7/CO[3]
                         net (fo=10, routed)          1.336     9.126    u_dut/pipeline/layer_2/control_unit/row_cnt_reg[7]_i_7_n_0
    SLICE_X110Y54        LUT5 (Prop_lut5_I0_O)        0.152     9.278 f  u_dut/pipeline/layer_2/control_unit/ch_out_cnt[7]_i_4/O
                         net (fo=2, routed)           0.315     9.593    u_dut/pipeline/layer_2/control_unit/ch_out_cnt[7]_i_4_n_0
    SLICE_X109Y54        LUT5 (Prop_lut5_I4_O)        0.326     9.919 f  u_dut/pipeline/layer_2/control_unit/ch_out_cnt[7]_i_1__0/O
                         net (fo=8, routed)           0.639    10.558    u_dut/pipeline/layer_2/control_unit/ch_out_cnt0
    SLICE_X107Y59        FDRE                                         f  u_dut/pipeline/layer_2/control_unit/ch_out_cnt_reg[3]/CE
  -------------------------------------------------------------------    -------------------

                         (clock sys_clk_pin rise edge)
                                                     10.000    10.000 r  
    Y9                                                0.000    10.000 r  clk (IN)
                         net (fo=0)                   0.000    10.000    clk
    Y9                   IBUF (Prop_ibuf_I_O)         1.420    11.420 r  clk_IBUF_inst/O
                         net (fo=1, routed)           1.972    13.392    clk_IBUF
    BUFGCTRL_X0Y0        BUFG (Prop_bufg_I_O)         0.091    13.483 r  clk_IBUF_BUFG_inst/O
                         net (fo=343, routed)         1.684    15.166    u_dut/pipeline/layer_2/control_unit/CLK
    SLICE_X107Y59        FDRE                                         r  u_dut/pipeline/layer_2/control_unit/ch_out_cnt_reg[3]/C
                         clock pessimism              0.394    15.560    
                         clock uncertainty           -0.235    15.325    
    SLICE_X107Y59        FDRE (Setup_fdre_C_CE)      -0.205    15.120    u_dut/pipeline/layer_2/control_unit/ch_out_cnt_reg[3]
  -------------------------------------------------------------------
                         required time                         15.120    
                         arrival time                         -10.558    
  -------------------------------------------------------------------
                         slack                                  4.562    

Slack (MET) :             4.562ns  (required time - arrival time)
  Source:                 u_dut/pipeline/layer_2/control_unit/col_cnt_reg[2]/C
                            (rising edge-triggered cell FDRE clocked by sys_clk_pin  {rise@0.000ns fall@5.000ns period=10.000ns})
  Destination:            u_dut/pipeline/layer_2/control_unit/ch_out_cnt_reg[3]/CE
                            (rising edge-triggered cell FDRE clocked by sys_clk_pin  {rise@0.000ns fall@5.000ns period=10.000ns})
  Path Group:             sys_clk_pin
  Path Type:              Setup (Max at Slow Process Corner)
  Requirement:            10.000ns  (sys_clk_pin rise@10.000ns - sys_clk_pin rise@0.000ns)
  Data Path Delay:        4.929ns  (logic 1.801ns (36.538%)  route 3.128ns (63.462%))
  Logic Levels:           4  (CARRY4=1 LUT2=1 LUT5=2)
  Clock Path Skew:        -0.069ns (DCD - SCD + CPR)
    Destination Clock Delay (DCD):    5.166ns = ( 15.166 - 10.000 ) 
    Source Clock Delay      (SCD):    5.629ns
    Clock Pessimism Removal (CPR):    0.394ns
  Clock Uncertainty:      0.235ns  ((TSJ^2 + TIJ^2)^1/2 + DJ) / 2 + PE + UU
    Total System Jitter     (TSJ):    0.071ns
    Total Input Jitter      (TIJ):    0.000ns
    Discrete Jitter          (DJ):    0.000ns
    Phase Error              (PE):    0.000ns
    User Uncertainty         (UU):    0.200ns

    Location             Delay type                Incr(ns)  Path(ns)    Netlist Resource(s)
  -------------------------------------------------------------------    -------------------
                         (clock sys_clk_pin rise edge)
                                                      0.000     0.000 r  
    Y9                                                0.000     0.000 r  clk (IN)
                         net (fo=0)                   0.000     0.000    clk
    Y9                   IBUF (Prop_ibuf_I_O)         1.490     1.490 r  clk_IBUF_inst/O
                         net (fo=1, routed)           2.171     3.661    clk_IBUF
    BUFGCTRL_X0Y0        BUFG (Prop_bufg_I_O)         0.101     3.762 r  clk_IBUF_BUFG_inst/O
                         net (fo=343, routed)         1.867     5.629    u_dut/pipeline/layer_2/control_unit/CLK
    SLICE_X112Y58        FDRE                                         r  u_dut/pipeline/layer_2/control_unit/col_cnt_reg[2]/C
  -------------------------------------------------------------------    -------------------
    SLICE_X112Y58        FDRE (Prop_fdre_C_Q)         0.478     6.107 f  u_dut/pipeline/layer_2/control_unit/col_cnt_reg[2]/Q
                         net (fo=7, routed)           0.837     6.945    u_dut/pipeline/layer_2/control_unit/col_cnt[2]
    SLICE_X111Y59        LUT2 (Prop_lut2_I0_O)        0.295     7.240 f  u_dut/pipeline/layer_2/control_unit/row_cnt[7]_i_28__0/O
                         net (fo=1, routed)           0.000     7.240    u_dut/pipeline/layer_2/control_unit/row_cnt[7]_i_28__0_n_0
    SLICE_X111Y59        CARRY4 (Prop_carry4_S[1]_CO[3])
                                                      0.550     7.790 r  u_dut/pipeline/layer_2/control_unit/row_cnt_reg[7]_i_7/CO[3]
                         net (fo=10, routed)          1.336     9.126    u_dut/pipeline/layer_2/control_unit/row_cnt_reg[7]_i_7_n_0
    SLICE_X110Y54        LUT5 (Prop_lut5_I0_O)        0.152     9.278 f  u_dut/pipeline/layer_2/control_unit/ch_out_cnt[7]_i_4/O
                         net (fo=2, routed)           0.315     9.593    u_dut/pipeline/layer_2/control_unit/ch_out_cnt[7]_i_4_n_0
    SLICE_X109Y54        LUT5 (Prop_lut5_I4_O)        0.326     9.919 f  u_dut/pipeline/layer_2/control_unit/ch_out_cnt[7]_i_1__0/O
                         net (fo=8, routed)           0.639    10.558    u_dut/pipeline/layer_2/control_unit/ch_out_cnt0
    SLICE_X107Y59        FDRE                                         f  u_dut/pipeline/layer_2/control_unit/ch_out_cnt_reg[3]/CE
  -------------------------------------------------------------------    -------------------

                         (clock sys_clk_pin rise edge)
                                                     10.000    10.000 r  
    Y9                                                0.000    10.000 r  clk (IN)
                         net (fo=0)                   0.000    10.000    clk
    Y9                   IBUF (Prop_ibuf_I_O)         1.420    11.420 r  clk_IBUF_inst/O
                         net (fo=1, routed)           1.972    13.392    clk_IBUF
    BUFGCTRL_X0Y0        BUFG (Prop_bufg_I_O)         0.091    13.483 r  clk_IBUF_BUFG_inst/O
                         net (fo=343, routed)         1.684    15.166    u_dut/pipeline/layer_2/control_unit/CLK
    SLICE_X107Y59        FDRE                                         r  u_dut/pipeline/layer_2/control_unit/ch_out_cnt_reg[3]/C
                         clock pessimism              0.394    15.560    
                         clock uncertainty           -0.235    15.325    
    SLICE_X107Y59        FDRE (Setup_fdre_C_CE)      -0.205    15.120    u_dut/pipeline/layer_2/control_unit/ch_out_cnt_reg[3]
  -------------------------------------------------------------------
                         required time                         15.120    
                         arrival time                         -10.558    
  -------------------------------------------------------------------
                         slack                                  4.562    

Slack (MET) :             4.562ns  (required time - arrival time)
  Source:                 u_dut/pipeline/layer_2/control_unit/col_cnt_reg[2]/C
                            (rising edge-triggered cell FDRE clocked by sys_clk_pin  {rise@0.000ns fall@5.000ns period=10.000ns})
  Destination:            u_dut/pipeline/layer_2/control_unit/ch_out_cnt_reg[4]/CE
                            (rising edge-triggered cell FDRE clocked by sys_clk_pin  {rise@0.000ns fall@5.000ns period=10.000ns})
  Path Group:             sys_clk_pin
  Path Type:              Setup (Max at Slow Process Corner)
  Requirement:            10.000ns  (sys_clk_pin rise@10.000ns - sys_clk_pin rise@0.000ns)
  Data Path Delay:        4.929ns  (logic 1.801ns (36.538%)  route 3.128ns (63.462%))
  Logic Levels:           4  (CARRY4=1 LUT2=1 LUT5=2)
  Clock Path Skew:        -0.069ns (DCD - SCD + CPR)
    Destination Clock Delay (DCD):    5.166ns = ( 15.166 - 10.000 ) 
    Source Clock Delay      (SCD):    5.629ns
    Clock Pessimism Removal (CPR):    0.394ns
  Clock Uncertainty:      0.235ns  ((TSJ^2 + TIJ^2)^1/2 + DJ) / 2 + PE + UU
    Total System Jitter     (TSJ):    0.071ns
    Total Input Jitter      (TIJ):    0.000ns
    Discrete Jitter          (DJ):    0.000ns
    Phase Error              (PE):    0.000ns
    User Uncertainty         (UU):    0.200ns

    Location             Delay type                Incr(ns)  Path(ns)    Netlist Resource(s)
  -------------------------------------------------------------------    -------------------
                         (clock sys_clk_pin rise edge)
                                                      0.000     0.000 r  
    Y9                                                0.000     0.000 r  clk (IN)
                         net (fo=0)                   0.000     0.000    clk
    Y9                   IBUF (Prop_ibuf_I_O)         1.490     1.490 r  clk_IBUF_inst/O
                         net (fo=1, routed)           2.171     3.661    clk_IBUF
    BUFGCTRL_X0Y0        BUFG (Prop_bufg_I_O)         0.101     3.762 r  clk_IBUF_BUFG_inst/O
                         net (fo=343, routed)         1.867     5.629    u_dut/pipeline/layer_2/control_unit/CLK
    SLICE_X112Y58        FDRE                                         r  u_dut/pipeline/layer_2/control_unit/col_cnt_reg[2]/C
  -------------------------------------------------------------------    -------------------
    SLICE_X112Y58        FDRE (Prop_fdre_C_Q)         0.478     6.107 r  u_dut/pipeline/layer_2/control_unit/col_cnt_reg[2]/Q
                         net (fo=7, routed)           0.837     6.945    u_dut/pipeline/layer_2/control_unit/col_cnt[2]
    SLICE_X111Y59        LUT2 (Prop_lut2_I0_O)        0.295     7.240 r  u_dut/pipeline/layer_2/control_unit/row_cnt[7]_i_28__0/O
                         net (fo=1, routed)           0.000     7.240    u_dut/pipeline/layer_2/control_unit/row_cnt[7]_i_28__0_n_0
    SLICE_X111Y59        CARRY4 (Prop_carry4_S[1]_CO[3])
                                                      0.550     7.790 f  u_dut/pipeline/layer_2/control_unit/row_cnt_reg[7]_i_7/CO[3]
                         net (fo=10, routed)          1.336     9.126    u_dut/pipeline/layer_2/control_unit/row_cnt_reg[7]_i_7_n_0
    SLICE_X110Y54        LUT5 (Prop_lut5_I0_O)        0.152     9.278 r  u_dut/pipeline/layer_2/control_unit/ch_out_cnt[7]_i_4/O
                         net (fo=2, routed)           0.315     9.593    u_dut/pipeline/layer_2/control_unit/ch_out_cnt[7]_i_4_n_0
    SLICE_X109Y54        LUT5 (Prop_lut5_I4_O)        0.326     9.919 r  u_dut/pipeline/layer_2/control_unit/ch_out_cnt[7]_i_1__0/O
                         net (fo=8, routed)           0.639    10.558    u_dut/pipeline/layer_2/control_unit/ch_out_cnt0
    SLICE_X107Y59        FDRE                                         r  u_dut/pipeline/layer_2/control_unit/ch_out_cnt_reg[4]/CE
  -------------------------------------------------------------------    -------------------

                         (clock sys_clk_pin rise edge)
                                                     10.000    10.000 r  
    Y9                                                0.000    10.000 r  clk (IN)
                         net (fo=0)                   0.000    10.000    clk
    Y9                   IBUF (Prop_ibuf_I_O)         1.420    11.420 r  clk_IBUF_inst/O
                         net (fo=1, routed)           1.972    13.392    clk_IBUF
    BUFGCTRL_X0Y0        BUFG (Prop_bufg_I_O)         0.091    13.483 r  clk_IBUF_BUFG_inst/O
                         net (fo=343, routed)         1.684    15.166    u_dut/pipeline/layer_2/control_unit/CLK
    SLICE_X107Y59        FDRE                                         r  u_dut/pipeline/layer_2/control_unit/ch_out_cnt_reg[4]/C
                         clock pessimism              0.394    15.560    
                         clock uncertainty           -0.235    15.325    
    SLICE_X107Y59        FDRE (Setup_fdre_C_CE)      -0.205    15.120    u_dut/pipeline/layer_2/control_unit/ch_out_cnt_reg[4]
  -------------------------------------------------------------------
                         required time                         15.120    
                         arrival time                         -10.558    
  -------------------------------------------------------------------
                         slack                                  4.562    

Slack (MET) :             4.562ns  (required time - arrival time)
  Source:                 u_dut/pipeline/layer_2/control_unit/col_cnt_reg[2]/C
                            (rising edge-triggered cell FDRE clocked by sys_clk_pin  {rise@0.000ns fall@5.000ns period=10.000ns})
  Destination:            u_dut/pipeline/layer_2/control_unit/ch_out_cnt_reg[4]/CE
                            (rising edge-triggered cell FDRE clocked by sys_clk_pin  {rise@0.000ns fall@5.000ns period=10.000ns})
  Path Group:             sys_clk_pin
  Path Type:              Setup (Max at Slow Process Corner)
  Requirement:            10.000ns  (sys_clk_pin rise@10.000ns - sys_clk_pin rise@0.000ns)
  Data Path Delay:        4.929ns  (logic 1.801ns (36.538%)  route 3.128ns (63.462%))
  Logic Levels:           4  (CARRY4=1 LUT2=1 LUT5=2)
  Clock Path Skew:        -0.069ns (DCD - SCD + CPR)
    Destination Clock Delay (DCD):    5.166ns = ( 15.166 - 10.000 ) 
    Source Clock Delay      (SCD):    5.629ns
    Clock Pessimism Removal (CPR):    0.394ns
  Clock Uncertainty:      0.235ns  ((TSJ^2 + TIJ^2)^1/2 + DJ) / 2 + PE + UU
    Total System Jitter     (TSJ):    0.071ns
    Total Input Jitter      (TIJ):    0.000ns
    Discrete Jitter          (DJ):    0.000ns
    Phase Error              (PE):    0.000ns
    User Uncertainty         (UU):    0.200ns

    Location             Delay type                Incr(ns)  Path(ns)    Netlist Resource(s)
  -------------------------------------------------------------------    -------------------
                         (clock sys_clk_pin rise edge)
                                                      0.000     0.000 r  
    Y9                                                0.000     0.000 r  clk (IN)
                         net (fo=0)                   0.000     0.000    clk
    Y9                   IBUF (Prop_ibuf_I_O)         1.490     1.490 r  clk_IBUF_inst/O
                         net (fo=1, routed)           2.171     3.661    clk_IBUF
    BUFGCTRL_X0Y0        BUFG (Prop_bufg_I_O)         0.101     3.762 r  clk_IBUF_BUFG_inst/O
                         net (fo=343, routed)         1.867     5.629    u_dut/pipeline/layer_2/control_unit/CLK
    SLICE_X112Y58        FDRE                                         r  u_dut/pipeline/layer_2/control_unit/col_cnt_reg[2]/C
  -------------------------------------------------------------------    -------------------
    SLICE_X112Y58        FDRE (Prop_fdre_C_Q)         0.478     6.107 f  u_dut/pipeline/layer_2/control_unit/col_cnt_reg[2]/Q
                         net (fo=7, routed)           0.837     6.945    u_dut/pipeline/layer_2/control_unit/col_cnt[2]
    SLICE_X111Y59        LUT2 (Prop_lut2_I0_O)        0.295     7.240 f  u_dut/pipeline/layer_2/control_unit/row_cnt[7]_i_28__0/O
                         net (fo=1, routed)           0.000     7.240    u_dut/pipeline/layer_2/control_unit/row_cnt[7]_i_28__0_n_0
    SLICE_X111Y59        CARRY4 (Prop_carry4_S[1]_CO[3])
                                                      0.550     7.790 f  u_dut/pipeline/layer_2/control_unit/row_cnt_reg[7]_i_7/CO[3]
                         net (fo=10, routed)          1.336     9.126    u_dut/pipeline/layer_2/control_unit/row_cnt_reg[7]_i_7_n_0
    SLICE_X110Y54        LUT5 (Prop_lut5_I0_O)        0.152     9.278 r  u_dut/pipeline/layer_2/control_unit/ch_out_cnt[7]_i_4/O
                         net (fo=2, routed)           0.315     9.593    u_dut/pipeline/layer_2/control_unit/ch_out_cnt[7]_i_4_n_0
    SLICE_X109Y54        LUT5 (Prop_lut5_I4_O)        0.326     9.919 r  u_dut/pipeline/layer_2/control_unit/ch_out_cnt[7]_i_1__0/O
                         net (fo=8, routed)           0.639    10.558    u_dut/pipeline/layer_2/control_unit/ch_out_cnt0
    SLICE_X107Y59        FDRE                                         r  u_dut/pipeline/layer_2/control_unit/ch_out_cnt_reg[4]/CE
  -------------------------------------------------------------------    -------------------

                         (clock sys_clk_pin rise edge)
                                                     10.000    10.000 r  
    Y9                                                0.000    10.000 r  clk (IN)
                         net (fo=0)                   0.000    10.000    clk
    Y9                   IBUF (Prop_ibuf_I_O)         1.420    11.420 r  clk_IBUF_inst/O
                         net (fo=1, routed)           1.972    13.392    clk_IBUF
    BUFGCTRL_X0Y0        BUFG (Prop_bufg_I_O)         0.091    13.483 r  clk_IBUF_BUFG_inst/O
                         net (fo=343, routed)         1.684    15.166    u_dut/pipeline/layer_2/control_unit/CLK
    SLICE_X107Y59        FDRE                                         r  u_dut/pipeline/layer_2/control_unit/ch_out_cnt_reg[4]/C
                         clock pessimism              0.394    15.560    
                         clock uncertainty           -0.235    15.325    
    SLICE_X107Y59        FDRE (Setup_fdre_C_CE)      -0.205    15.120    u_dut/pipeline/layer_2/control_unit/ch_out_cnt_reg[4]
  -------------------------------------------------------------------
                         required time                         15.120    
                         arrival time                         -10.558    
  -------------------------------------------------------------------
                         slack                                  4.562    




