
*** Running vivado
    with args -log system_wrapper.vdi -applog -m64 -product Vivado -messageDb vivado.pb -mode batch -source system_wrapper.tcl -notrace


****** Vivado v2025.2 (64-bit)
  **** SW Build 6299465 on Fri Nov 14 12:34:56 MST 2025
  **** IP Build 6300035 on Fri Nov 14 10:48:45 MST 2025
  **** SharedData Build 6298862 on Thu Nov 13 04:50:51 MST 2025
  **** Start of session at: Wed Jul  8 16:41:29 2026
    ** Copyright 1986-2022 Xilinx, Inc. All Rights Reserved.
    ** Copyright 2022-2025 Advanced Micro Devices, Inc. All Rights Reserved.

source system_wrapper.tcl -notrace
INFO: [IP_Flow 19-234] Refreshing IP repositories
INFO: [IP_Flow 19-1704] No user IP repositories specified
INFO: [IP_Flow 19-2313] Loaded Vivado IP repository '/home/chathupa/Desktop/AMD/2025.2/data/ip'.
Command: link_design -top system_wrapper -part xc7z020clg484-1
Design is defaulting to srcset: sources_1
Design is defaulting to constrset: constrs_1
INFO: [Device 21-403] Loading part xc7z020clg484-1
INFO: [Project 1-5699] Read binary netlist with skipMacroContent - 1
INFO: [Project 1-454] Reading design checkpoint '/home/chathupa/Desktop/dnn_opt/build/dnn_zynq_hdmi/dnn_zynq_hdmi.gen/sources_1/bd/system/ip/system_accel_0/system_accel_0.dcp' for cell 'system_i/accel'
INFO: [Project 1-454] Reading design checkpoint '/home/chathupa/Desktop/dnn_opt/build/dnn_zynq_hdmi/dnn_zynq_hdmi.gen/sources_1/bd/system/ip/system_axi_pc_ctrl_0/system_axi_pc_ctrl_0.dcp' for cell 'system_i/axi_pc_ctrl'
INFO: [Project 1-454] Reading design checkpoint '/home/chathupa/Desktop/dnn_opt/build/dnn_zynq_hdmi/dnn_zynq_hdmi.gen/sources_1/bd/system/ip/system_axi_pc_hdmi_0/system_axi_pc_hdmi_0.dcp' for cell 'system_i/axi_pc_hdmi'
INFO: [Project 1-454] Reading design checkpoint '/home/chathupa/Desktop/dnn_opt/build/dnn_zynq_hdmi/dnn_zynq_hdmi.gen/sources_1/bd/system/ip/system_hdmi_0/system_hdmi_0.dcp' for cell 'system_i/hdmi'
INFO: [Project 1-454] Reading design checkpoint '/home/chathupa/Desktop/dnn_opt/build/dnn_zynq_hdmi/dnn_zynq_hdmi.gen/sources_1/bd/system/ip/system_ps7_0/system_ps7_0.dcp' for cell 'system_i/ps7'
INFO: [Project 1-454] Reading design checkpoint '/home/chathupa/Desktop/dnn_opt/build/dnn_zynq_hdmi/dnn_zynq_hdmi.gen/sources_1/bd/system/ip/system_rst_sys_0/system_rst_sys_0.dcp' for cell 'system_i/rst_sys'
INFO: [Project 1-454] Reading design checkpoint '/home/chathupa/Desktop/dnn_opt/build/dnn_zynq_hdmi/dnn_zynq_hdmi.gen/sources_1/bd/system/ip/system_axi_ic_ctrl_imp_xbar_0/system_axi_ic_ctrl_imp_xbar_0.dcp' for cell 'system_i/axi_ic_ctrl/xbar'
INFO: [Project 1-454] Reading design checkpoint '/home/chathupa/Desktop/dnn_opt/build/dnn_zynq_hdmi/dnn_zynq_hdmi.gen/sources_1/bd/system/ip/system_axi_ic_ctrl_imp_auto_pc_0/system_axi_ic_ctrl_imp_auto_pc_0.dcp' for cell 'system_i/axi_ic_ctrl/s00_couplers/auto_pc'
INFO: [Project 1-454] Reading design checkpoint '/home/chathupa/Desktop/dnn_opt/build/dnn_zynq_hdmi/dnn_zynq_hdmi.gen/sources_1/bd/system/ip/system_axi_ic_mem_imp_auto_pc_0/system_axi_ic_mem_imp_auto_pc_0.dcp' for cell 'system_i/axi_ic_mem/s00_couplers/auto_pc'
INFO: [Project 1-454] Reading design checkpoint '/home/chathupa/Desktop/dnn_opt/build/dnn_zynq_hdmi/dnn_zynq_hdmi.gen/sources_1/bd/system/ip/system_axi_ic_vid_imp_auto_pc_0/system_axi_ic_vid_imp_auto_pc_0.dcp' for cell 'system_i/axi_ic_vid/s00_couplers/auto_pc'
Netlist sorting complete. Time (s): cpu = 00:00:00.08 ; elapsed = 00:00:00.09 . Memory (MB): peak = 1884.949 ; gain = 0.000 ; free physical = 7557 ; free virtual = 15024
INFO: [Netlist 29-17] Analyzing 539 Unisim elements for replacement
INFO: [Netlist 29-28] Unisim Transformation completed in 0 CPU seconds
INFO: [Project 1-479] Netlist was created with Vivado 2025.2
INFO: [Project 1-570] Preparing netlist for logic optimization
Parsing XDC File [/home/chathupa/Desktop/dnn_opt/build/dnn_zynq_hdmi/dnn_zynq_hdmi.gen/sources_1/bd/system/ip/system_ps7_0/system_ps7_0.xdc] for cell 'system_i/ps7/inst'
Finished Parsing XDC File [/home/chathupa/Desktop/dnn_opt/build/dnn_zynq_hdmi/dnn_zynq_hdmi.gen/sources_1/bd/system/ip/system_ps7_0/system_ps7_0.xdc] for cell 'system_i/ps7/inst'
Parsing XDC File [/home/chathupa/Desktop/dnn_opt/build/dnn_zynq_hdmi/dnn_zynq_hdmi.gen/sources_1/bd/system/ip/system_rst_sys_0/system_rst_sys_0_board.xdc] for cell 'system_i/rst_sys/U0'
Finished Parsing XDC File [/home/chathupa/Desktop/dnn_opt/build/dnn_zynq_hdmi/dnn_zynq_hdmi.gen/sources_1/bd/system/ip/system_rst_sys_0/system_rst_sys_0_board.xdc] for cell 'system_i/rst_sys/U0'
Parsing XDC File [/home/chathupa/Desktop/dnn_opt/xdc/zedboard_ps.xdc]
Finished Parsing XDC File [/home/chathupa/Desktop/dnn_opt/xdc/zedboard_ps.xdc]
Parsing XDC File [/home/chathupa/Desktop/dnn_opt/xdc/zedboard_hdmi.xdc]
Finished Parsing XDC File [/home/chathupa/Desktop/dnn_opt/xdc/zedboard_hdmi.xdc]
INFO: [Project 1-1714] 6 XPM XDC files have been applied to the design.
INFO: [Opt 31-138] Pushed 0 inverter(s) to 0 load pin(s).
Netlist sorting complete. Time (s): cpu = 00:00:00 ; elapsed = 00:00:00.01 . Memory (MB): peak = 2609.258 ; gain = 0.000 ; free physical = 6983 ; free virtual = 14463
INFO: [Project 1-111] Unisim Transformation Summary:
  A total of 205 instances were transformed.
  IOBUF => IOBUF (IBUF, OBUFT): 2 instances
  RAM32M => RAM32M (RAMD32(x6), RAMS32(x2)): 3 instances
  RAM32X1D => RAM32X1D (RAMD32(x2)): 2 instances
  RAM64M => RAM64M (RAMD64E(x4)): 198 instances

22 Infos, 0 Warnings, 0 Critical Warnings and 0 Errors encountered.
link_design completed successfully
link_design: Time (s): cpu = 00:00:13 ; elapsed = 00:00:13 . Memory (MB): peak = 2609.293 ; gain = 973.750 ; free physical = 6983 ; free virtual = 14463
Command: opt_design
Attempting to get a license for feature 'Implementation' and/or device 'xc7z020'
INFO: [Common 17-349] Got license for feature 'Implementation' and/or device 'xc7z020'
Running DRC as a precondition to command opt_design

Starting DRC Task
INFO: [DRC 23-27] Running DRC with 8 threads
INFO: [Project 1-461] DRC finished with 0 Errors
INFO: [Project 1-462] Please refer to the DRC report (report_drc) for more information.

Time (s): cpu = 00:00:02 ; elapsed = 00:00:00.79 . Memory (MB): peak = 2620.164 ; gain = 10.871 ; free physical = 6933 ; free virtual = 14413

Starting Cache Timing Information Task
INFO: [Timing 38-35] Done setting XDC timing constraints.
Ending Cache Timing Information Task | Checksum: 18f209cc9

Time (s): cpu = 00:00:00.98 ; elapsed = 00:00:00.36 . Memory (MB): peak = 2620.164 ; gain = 0.000 ; free physical = 6931 ; free virtual = 14412

Starting Logic Optimization Task

Phase 1 Initialization

Phase 1.1 Core Generation And Design Setup
Phase 1.1 Core Generation And Design Setup | Checksum: 18f209cc9

Time (s): cpu = 00:00:00.01 ; elapsed = 00:00:00.02 . Memory (MB): peak = 2965.977 ; gain = 0.000 ; free physical = 6555 ; free virtual = 14043

Phase 1.2 Setup Constraints And Sort Netlist
Phase 1.2 Setup Constraints And Sort Netlist | Checksum: 18f209cc9

Time (s): cpu = 00:00:00.02 ; elapsed = 00:00:00.02 . Memory (MB): peak = 2965.977 ; gain = 0.000 ; free physical = 6555 ; free virtual = 14043
Phase 1 Initialization | Checksum: 18f209cc9

Time (s): cpu = 00:00:00.02 ; elapsed = 00:00:00.02 . Memory (MB): peak = 2965.977 ; gain = 0.000 ; free physical = 6555 ; free virtual = 14043

Phase 2 Timer Update And Timing Data Collection

Phase 2.1 Detect if minReqCache needed
Phase 2.1 Detect if minReqCache needed | Checksum: 18f209cc9

Time (s): cpu = 00:00:00.03 ; elapsed = 00:00:00.03 . Memory (MB): peak = 2965.977 ; gain = 0.000 ; free physical = 6555 ; free virtual = 14043

Phase 2.2 Timer Update
Phase 2.2 Timer Update | Checksum: 18f209cc9

Time (s): cpu = 00:00:00.62 ; elapsed = 00:00:00.17 . Memory (MB): peak = 2965.977 ; gain = 0.000 ; free physical = 6555 ; free virtual = 14043

Phase 2.3 Timing Data Collection
Phase 2.3 Timing Data Collection | Checksum: 18f209cc9

Time (s): cpu = 00:00:00.63 ; elapsed = 00:00:00.18 . Memory (MB): peak = 2965.977 ; gain = 0.000 ; free physical = 6555 ; free virtual = 14043
Phase 2 Timer Update And Timing Data Collection | Checksum: 18f209cc9

Time (s): cpu = 00:00:00.63 ; elapsed = 00:00:00.18 . Memory (MB): peak = 2965.977 ; gain = 0.000 ; free physical = 6555 ; free virtual = 14043

Phase 3 Retarget
INFO: [Opt 31-1851] Number of loadless carry chains removed were: 0
INFO: [Opt 31-1834] Total Chains To Be Transformed Were: 0 AND Number of Transformed insts Created are: 0
INFO: [Opt 31-1566] Pulled 8 inverters resulting in an inversion of 45 pins
INFO: [Opt 31-138] Pushed 4 inverter(s) to 8 load pin(s).
INFO: [Opt 31-49] Retargeted 0 cell(s).
Phase 3 Retarget | Checksum: 1cb227c5c

Time (s): cpu = 00:00:00.92 ; elapsed = 00:00:00.37 . Memory (MB): peak = 2965.977 ; gain = 0.000 ; free physical = 6562 ; free virtual = 14043
Retarget | Checksum: 1cb227c5c
INFO: [Opt 31-389] Phase Retarget created 17 cells and removed 85 cells
INFO: [Opt 31-1021] In phase Retarget, 40 netlist objects are constrained preventing optimization. Please run opt_design with -debug_log to get more detail. 

Phase 4 Constant propagation
INFO: [Opt 31-138] Pushed 0 inverter(s) to 0 load pin(s).
Phase 4 Constant propagation | Checksum: 178e03ec2

Time (s): cpu = 00:00:01 ; elapsed = 00:00:00.54 . Memory (MB): peak = 2965.977 ; gain = 0.000 ; free physical = 6562 ; free virtual = 14043
Constant propagation | Checksum: 178e03ec2
INFO: [Opt 31-389] Phase Constant propagation created 77 cells and removed 742 cells
INFO: [Opt 31-1021] In phase Constant propagation, 40 netlist objects are constrained preventing optimization. Please run opt_design with -debug_log to get more detail. 

Phase 5 Sweep
INFO: [Constraints 18-11670] Building netlist checker database with flags, 0x8
Done building netlist checker database: Time (s): cpu = 00:00:00 ; elapsed = 00:00:00 . Memory (MB): peak = 2965.977 ; gain = 0.000 ; free physical = 6562 ; free virtual = 14043
INFO: [Constraints 18-11670] Building netlist checker database with flags, 0x8
Done building netlist checker database: Time (s): cpu = 00:00:00.01 ; elapsed = 00:00:00 . Memory (MB): peak = 2965.977 ; gain = 0.000 ; free physical = 6562 ; free virtual = 14043
Phase 5 Sweep | Checksum: 1ed376e75

Time (s): cpu = 00:00:01 ; elapsed = 00:00:00.92 . Memory (MB): peak = 2965.977 ; gain = 0.000 ; free physical = 6562 ; free virtual = 14043
Sweep | Checksum: 1ed376e75
INFO: [Opt 31-389] Phase Sweep created 10 cells and removed 438 cells
INFO: [Opt 31-1021] In phase Sweep, 139 netlist objects are constrained preventing optimization. Please run opt_design with -debug_log to get more detail. 

Phase 6 BUFG optimization
Phase 6 BUFG optimization | Checksum: 1ed376e75

Time (s): cpu = 00:00:02 ; elapsed = 00:00:00.99 . Memory (MB): peak = 2997.992 ; gain = 32.016 ; free physical = 6562 ; free virtual = 14043
BUFG optimization | Checksum: 1ed376e75
INFO: [Opt 31-662] Phase BUFG optimization created 0 cells of which 0 are BUFGs and removed 0 cells.

Phase 7 Shift Register Optimization
INFO: [Opt 31-1064] SRL Remap converted 0 SRLs to 0 registers and converted 0 registers of register chains to 0 SRLs
Phase 7 Shift Register Optimization | Checksum: 1ed376e75

Time (s): cpu = 00:00:02 ; elapsed = 00:00:01 . Memory (MB): peak = 2997.992 ; gain = 32.016 ; free physical = 6562 ; free virtual = 14043
Shift Register Optimization | Checksum: 1ed376e75
INFO: [Opt 31-389] Phase Shift Register Optimization created 0 cells and removed 0 cells

Phase 8 Post Processing Netlist
Phase 8 Post Processing Netlist | Checksum: 1f752094d

Time (s): cpu = 00:00:02 ; elapsed = 00:00:01 . Memory (MB): peak = 2997.992 ; gain = 32.016 ; free physical = 6562 ; free virtual = 14043
Post Processing Netlist | Checksum: 1f752094d
INFO: [Opt 31-389] Phase Post Processing Netlist created 0 cells and removed 0 cells
INFO: [Opt 31-1021] In phase Post Processing Netlist, 48 netlist objects are constrained preventing optimization. Please run opt_design with -debug_log to get more detail. 

Phase 9 Finalization

Phase 9.1 Finalizing Design Cores and Updating Shapes
Phase 9.1 Finalizing Design Cores and Updating Shapes | Checksum: 26ab789d2

Time (s): cpu = 00:00:02 ; elapsed = 00:00:01 . Memory (MB): peak = 2997.992 ; gain = 32.016 ; free physical = 6562 ; free virtual = 14043

Phase 9.2 Verifying Netlist Connectivity

Starting Connectivity Check Task

Time (s): cpu = 00:00:00.01 ; elapsed = 00:00:00.02 . Memory (MB): peak = 2997.992 ; gain = 0.000 ; free physical = 6562 ; free virtual = 14043
Phase 9.2 Verifying Netlist Connectivity | Checksum: 26ab789d2

Time (s): cpu = 00:00:02 ; elapsed = 00:00:01 . Memory (MB): peak = 2997.992 ; gain = 32.016 ; free physical = 6562 ; free virtual = 14043
Phase 9 Finalization | Checksum: 26ab789d2

Time (s): cpu = 00:00:02 ; elapsed = 00:00:01 . Memory (MB): peak = 2997.992 ; gain = 32.016 ; free physical = 6562 ; free virtual = 14043
Opt_design Change Summary
=========================


-------------------------------------------------------------------------------------------------------------------------
|  Phase                        |  #Cells created  |  #Cells Removed  |  #Constrained objects preventing optimizations  |
-------------------------------------------------------------------------------------------------------------------------
|  Retarget                     |              17  |              85  |                                             40  |
|  Constant propagation         |              77  |             742  |                                             40  |
|  Sweep                        |              10  |             438  |                                            139  |
|  BUFG optimization            |               0  |               0  |                                              0  |
|  Shift Register Optimization  |               0  |               0  |                                              0  |
|  Post Processing Netlist      |               0  |               0  |                                             48  |
-------------------------------------------------------------------------------------------------------------------------


Ending Logic Optimization Task | Checksum: 26ab789d2

Time (s): cpu = 00:00:02 ; elapsed = 00:00:01 . Memory (MB): peak = 2997.992 ; gain = 32.016 ; free physical = 6562 ; free virtual = 14043

Starting Power Optimization Task
INFO: [Pwropt 34-132] Skipping clock gating for clocks with a period < 2.00 ns.
INFO: [Pwropt 34-9] Applying IDT optimizations ...
INFO: [Pwropt 34-10] Applying ODC optimizations ...
INFO: [Timing 38-35] Done setting XDC timing constraints.
Running Vector-less Activity Propagation...

Finished Running Vector-less Activity Propagation


Starting PowerOpt Patch Enables Task
INFO: [Pwropt 34-162] WRITE_MODE attribute of 0 BRAM(s) out of a total of 10 has been updated to save power. Run report_power_opt to get a complete listing of the BRAMs updated.
INFO: [Pwropt 34-201] Structural ODC has moved 0 WE to EN ports
Number of BRAM Ports augmented: 0 newly gated: 0 Total Ports: 20
Ending PowerOpt Patch Enables Task | Checksum: 26ab789d2

Time (s): cpu = 00:00:00.05 ; elapsed = 00:00:00.05 . Memory (MB): peak = 3174.051 ; gain = 0.000 ; free physical = 6506 ; free virtual = 13987
Ending Power Optimization Task | Checksum: 26ab789d2

Time (s): cpu = 00:00:04 ; elapsed = 00:00:02 . Memory (MB): peak = 3174.051 ; gain = 176.059 ; free physical = 6506 ; free virtual = 13987

Starting Final Cleanup Task
Ending Final Cleanup Task | Checksum: 26ab789d2

Time (s): cpu = 00:00:00.01 ; elapsed = 00:00:00.01 . Memory (MB): peak = 3174.051 ; gain = 0.000 ; free physical = 6506 ; free virtual = 13987
Netlist sorting complete. Time (s): cpu = 00:00:00 ; elapsed = 00:00:00 . Memory (MB): peak = 3174.051 ; gain = 0.000 ; free physical = 6506 ; free virtual = 13987
INFO: [Common 17-83] Releasing license: Implementation
53 Infos, 0 Warnings, 0 Critical Warnings and 0 Errors encountered.
opt_design completed successfully
opt_design: Time (s): cpu = 00:00:11 ; elapsed = 00:00:07 . Memory (MB): peak = 3174.051 ; gain = 564.758 ; free physical = 6506 ; free virtual = 13987
INFO: [Vivado 12-24828] Executing command : report_drc -file system_wrapper_drc_opted.rpt -pb system_wrapper_drc_opted.pb -rpx system_wrapper_drc_opted.rpx
Command: report_drc -file system_wrapper_drc_opted.rpt -pb system_wrapper_drc_opted.pb -rpx system_wrapper_drc_opted.rpx
INFO: [IP_Flow 19-1839] IP Catalog is up to date.
INFO: [DRC 23-27] Running DRC with 8 threads
INFO: [Vivado_Tcl 2-168] The results of DRC are in file /home/chathupa/Desktop/dnn_opt/build/dnn_zynq_hdmi/dnn_zynq_hdmi.runs/impl_1/system_wrapper_drc_opted.rpt.
report_drc completed successfully
INFO: [Timing 38-480] Writing timing data to binary archive.
Wrote PlaceDB: Time (s): cpu = 00:00:00 ; elapsed = 00:00:00 . Memory (MB): peak = 3174.051 ; gain = 0.000 ; free physical = 6506 ; free virtual = 13988
Wrote PulsedLatchDB: Time (s): cpu = 00:00:00 ; elapsed = 00:00:00 . Memory (MB): peak = 3174.051 ; gain = 0.000 ; free physical = 6506 ; free virtual = 13988
Writing XDEF routing.
Write ShapeDB Complete: Time (s): cpu = 00:00:00.06 ; elapsed = 00:00:00.02 . Memory (MB): peak = 3174.051 ; gain = 0.000 ; free physical = 6506 ; free virtual = 13989
Writing XDEF routing logical nets.
Writing XDEF routing special nets.
Wrote RouteStorage: Time (s): cpu = 00:00:00.11 ; elapsed = 00:00:00.03 . Memory (MB): peak = 3174.051 ; gain = 0.000 ; free physical = 6505 ; free virtual = 13988
Wrote PlaceStorage: Time (s): cpu = 00:00:00.03 ; elapsed = 00:00:00.01 . Memory (MB): peak = 3174.051 ; gain = 0.000 ; free physical = 6505 ; free virtual = 13989
Wrote Netlist Cache: Time (s): cpu = 00:00:00.01 ; elapsed = 00:00:00 . Memory (MB): peak = 3174.051 ; gain = 0.000 ; free physical = 6505 ; free virtual = 13989
Wrote Device Cache: Time (s): cpu = 00:00:00.02 ; elapsed = 00:00:00.01 . Memory (MB): peak = 3174.051 ; gain = 0.000 ; free physical = 6505 ; free virtual = 13990
Write Physdb Complete: Time (s): cpu = 00:00:00.18 ; elapsed = 00:00:00.05 . Memory (MB): peak = 3174.051 ; gain = 0.000 ; free physical = 6505 ; free virtual = 13989
INFO: [Common 17-1381] The checkpoint '/home/chathupa/Desktop/dnn_opt/build/dnn_zynq_hdmi/dnn_zynq_hdmi.runs/impl_1/system_wrapper_opt.dcp' has been generated.
Command: place_design
Attempting to get a license for feature 'Implementation' and/or device 'xc7z020'
INFO: [Common 17-349] Got license for feature 'Implementation' and/or device 'xc7z020'
INFO: [Common 17-83] Releasing license: Implementation
INFO: [DRC 23-27] Running DRC with 8 threads
INFO: [Vivado_Tcl 4-198] DRC finished with 0 Errors
INFO: [Vivado_Tcl 4-199] Please refer to the DRC report (report_drc) for more information.
INFO: [Timing 38-35] Done setting XDC timing constraints.
Running DRC as a precondition to command place_design
INFO: [DRC 23-27] Running DRC with 8 threads
INFO: [Vivado_Tcl 4-198] DRC finished with 0 Errors, 3 Warnings
INFO: [Vivado_Tcl 4-199] Please refer to the DRC report (report_drc) for more information.
INFO: [Place 30-611] Multithreading enabled for place_design using a maximum of 8 CPUs

Starting Placer Task

Phase 1 Placer Initialization

Phase 1.1 Placer Initialization Netlist Sorting
Netlist sorting complete. Time (s): cpu = 00:00:00 ; elapsed = 00:00:00 . Memory (MB): peak = 3237.105 ; gain = 0.000 ; free physical = 6459 ; free virtual = 13951
Phase 1.1 Placer Initialization Netlist Sorting | Checksum: 1c53404ea

Time (s): cpu = 00:00:00 ; elapsed = 00:00:00 . Memory (MB): peak = 3237.105 ; gain = 0.000 ; free physical = 6459 ; free virtual = 13951
Netlist sorting complete. Time (s): cpu = 00:00:00 ; elapsed = 00:00:00 . Memory (MB): peak = 3237.105 ; gain = 0.000 ; free physical = 6459 ; free virtual = 13951

Phase 1.2 IO Placement/ Clock Placement/ Build Placer Device
Phase 1.2 IO Placement/ Clock Placement/ Build Placer Device | Checksum: f635afc5

Time (s): cpu = 00:00:01 ; elapsed = 00:00:00.6 . Memory (MB): peak = 3237.105 ; gain = 0.000 ; free physical = 6459 ; free virtual = 13951

Phase 1.3 Build Placer Netlist Model
Phase 1.3 Build Placer Netlist Model | Checksum: 1c8861ada

Time (s): cpu = 00:00:06 ; elapsed = 00:00:02 . Memory (MB): peak = 3237.105 ; gain = 0.000 ; free physical = 6473 ; free virtual = 13958

Phase 1.4 Constrain Clocks/Macros
Phase 1.4 Constrain Clocks/Macros | Checksum: 1c8861ada

Time (s): cpu = 00:00:06 ; elapsed = 00:00:02 . Memory (MB): peak = 3237.105 ; gain = 0.000 ; free physical = 6473 ; free virtual = 13958
Phase 1 Placer Initialization | Checksum: 1c8861ada

Time (s): cpu = 00:00:06 ; elapsed = 00:00:02 . Memory (MB): peak = 3237.105 ; gain = 0.000 ; free physical = 6473 ; free virtual = 13958

Phase 2 Global Placement

Phase 2.1 Floorplanning
Phase 2.1 Floorplanning | Checksum: 2084136eb

Time (s): cpu = 00:00:09 ; elapsed = 00:00:03 . Memory (MB): peak = 3237.105 ; gain = 0.000 ; free physical = 6473 ; free virtual = 13958

Phase 2.2 Update Timing before SLR Path Opt
Phase 2.2 Update Timing before SLR Path Opt | Checksum: 16002605e

Time (s): cpu = 00:00:10 ; elapsed = 00:00:03 . Memory (MB): peak = 3237.105 ; gain = 0.000 ; free physical = 6472 ; free virtual = 13956

Phase 2.3 Post-Processing in Floorplanning
Phase 2.3 Post-Processing in Floorplanning | Checksum: 16002605e

Time (s): cpu = 00:00:11 ; elapsed = 00:00:03 . Memory (MB): peak = 3237.105 ; gain = 0.000 ; free physical = 6472 ; free virtual = 13956

Phase 2.4 Global Place Phase1
Phase 2.4 Global Place Phase1 | Checksum: 10f92f7fc

Time (s): cpu = 00:00:27 ; elapsed = 00:00:07 . Memory (MB): peak = 3237.105 ; gain = 0.000 ; free physical = 6496 ; free virtual = 13981

Phase 2.5 Global Place Phase2

Phase 2.5.1 UpdateTiming Before Physical Synthesis
Phase 2.5.1 UpdateTiming Before Physical Synthesis | Checksum: 13e5551ef

Time (s): cpu = 00:00:29 ; elapsed = 00:00:08 . Memory (MB): peak = 3237.105 ; gain = 0.000 ; free physical = 6500 ; free virtual = 13985

Phase 2.5.2 Physical Synthesis In Placer
INFO: [Physopt 32-1035] Found 1 LUTNM shape to break, 274 LUT instances to create LUTNM shape
INFO: [Physopt 32-1044] Break lutnm for timing: one critical 1, two critical 0, total 1, new lutff created 1
INFO: [Physopt 32-1138] End 1 Pass. Optimized 116 nets or LUTs. Breaked 1 LUT, combined 115 existing LUTs and moved 0 existing LUT
INFO: [Physopt 32-65] No nets found for high-fanout optimization.
INFO: [Physopt 32-232] Optimized 0 net. Created 0 new instance.
INFO: [Physopt 32-775] End 1 Pass. Optimized 0 net or cell. Created 0 new cell, deleted 0 existing cell and moved 0 existing cell
INFO: [Physopt 32-46] Identified 1 candidate net for critical-cell optimization.
INFO: [Physopt 32-81] Processed net system_i/accel/inst/u_accel/FIXED_MODE.nn_core/pipeline/layer_1/control_unit/ch_in_cnt[0]. Replicated 1 times.
INFO: [Physopt 32-232] Optimized 1 net. Created 1 new instance.
INFO: [Physopt 32-775] End 1 Pass. Optimized 1 net or cell. Created 1 new cell, deleted 0 existing cell and moved 0 existing cell
Netlist sorting complete. Time (s): cpu = 00:00:00 ; elapsed = 00:00:00 . Memory (MB): peak = 3237.105 ; gain = 0.000 ; free physical = 6500 ; free virtual = 13985
INFO: [Physopt 32-456] No candidate cells for DSP register optimization found in the design.
INFO: [Physopt 32-775] End 2 Pass. Optimized 0 net or cell. Created 0 new cell, deleted 0 existing cell and moved 0 existing cell
INFO: [Physopt 32-1123] No candidate cells found for Shift Register to Pipeline optimization
INFO: [Physopt 32-775] End 2 Pass. Optimized 0 net or cell. Created 0 new cell, deleted 0 existing cell and moved 0 existing cell
INFO: [Physopt 32-1401] No candidate cells found for Shift Register optimization.
INFO: [Physopt 32-677] No candidate cells for Shift Register optimization found in the design
INFO: [Physopt 32-775] End 1 Pass. Optimized 0 net or cell. Created 0 new cell, deleted 0 existing cell and moved 0 existing cell
INFO: [Physopt 32-526] No candidate cells for BRAM register optimization found in the design
INFO: [Physopt 32-775] End 1 Pass. Optimized 0 net or cell. Created 0 new cell, deleted 0 existing cell and moved 0 existing cell
INFO: [Physopt 32-846] No candidate cells for URAM register optimization found in the design
INFO: [Physopt 32-775] End 1 Pass. Optimized 0 net or cell. Created 0 new cell, deleted 0 existing cell and moved 0 existing cell
INFO: [Physopt 32-846] No candidate cells for URAM register optimization found in the design
INFO: [Physopt 32-775] End 1 Pass. Optimized 0 net or cell. Created 0 new cell, deleted 0 existing cell and moved 0 existing cell
INFO: [Physopt 32-949] No candidate nets found for dynamic/static region interface net replication
INFO: [Physopt 32-775] End 1 Pass. Optimized 0 net or cell. Created 0 new cell, deleted 0 existing cell and moved 0 existing cell
Netlist sorting complete. Time (s): cpu = 00:00:00.01 ; elapsed = 00:00:00 . Memory (MB): peak = 3237.105 ; gain = 0.000 ; free physical = 6500 ; free virtual = 13985

Summary of Physical Synthesis Optimizations
============================================


-----------------------------------------------------------------------------------------------------------------------------------------------------------
|  Optimization                                     |  Added Cells  |  Removed Cells  |  Optimized Cells/Nets  |  Dont Touch  |  Iterations  |  Elapsed   |
-----------------------------------------------------------------------------------------------------------------------------------------------------------
|  LUT Combining                                    |            1  |            115  |                   116  |           0  |           1  |  00:00:00  |
|  Retime                                           |            0  |              0  |                     0  |           0  |           1  |  00:00:00  |
|  Very High Fanout                                 |            0  |              0  |                     0  |           0  |           1  |  00:00:00  |
|  Critical Cell                                    |            1  |              0  |                     1  |           0  |           1  |  00:00:00  |
|  DSP Register                                     |            0  |              0  |                     0  |           0  |           1  |  00:00:00  |
|  Shift Register to Pipeline                       |            0  |              0  |                     0  |           0  |           1  |  00:00:00  |
|  Shift Register                                   |            0  |              0  |                     0  |           0  |           1  |  00:00:00  |
|  BRAM Register                                    |            0  |              0  |                     0  |           0  |           1  |  00:00:00  |
|  URAM Register                                    |            0  |              0  |                     0  |           0  |           1  |  00:00:00  |
|  Dynamic/Static Region Interface Net Replication  |            0  |              0  |                     0  |           0  |           1  |  00:00:00  |
|  Total                                            |            2  |            115  |                   117  |           0  |          10  |  00:00:00  |
-----------------------------------------------------------------------------------------------------------------------------------------------------------


Phase 2.5.2 Physical Synthesis In Placer | Checksum: 2029c1087

Time (s): cpu = 00:00:32 ; elapsed = 00:00:09 . Memory (MB): peak = 3237.105 ; gain = 0.000 ; free physical = 6503 ; free virtual = 13988
Phase 2.5 Global Place Phase2 | Checksum: 138c3dbd6

Time (s): cpu = 00:00:33 ; elapsed = 00:00:09 . Memory (MB): peak = 3237.105 ; gain = 0.000 ; free physical = 6496 ; free virtual = 13980
Phase 2 Global Placement | Checksum: 138c3dbd6

Time (s): cpu = 00:00:33 ; elapsed = 00:00:09 . Memory (MB): peak = 3237.105 ; gain = 0.000 ; free physical = 6496 ; free virtual = 13980

Phase 3 Detail Placement

Phase 3.1 Commit Multi Column Macros
Phase 3.1 Commit Multi Column Macros | Checksum: 20054a0ac

Time (s): cpu = 00:00:35 ; elapsed = 00:00:10 . Memory (MB): peak = 3237.105 ; gain = 0.000 ; free physical = 6487 ; free virtual = 13979

Phase 3.2 Commit Most Macros & LUTRAMs
Phase 3.2 Commit Most Macros & LUTRAMs | Checksum: 27fcdf32c

Time (s): cpu = 00:00:39 ; elapsed = 00:00:11 . Memory (MB): peak = 3237.105 ; gain = 0.000 ; free physical = 6491 ; free virtual = 13983

Phase 3.3 Area Swap Optimization
Phase 3.3 Area Swap Optimization | Checksum: 218ada7da

Time (s): cpu = 00:00:39 ; elapsed = 00:00:11 . Memory (MB): peak = 3237.105 ; gain = 0.000 ; free physical = 6492 ; free virtual = 13984

Phase 3.4 Pipeline Register Optimization
Phase 3.4 Pipeline Register Optimization | Checksum: 2d8397fd0

Time (s): cpu = 00:00:39 ; elapsed = 00:00:11 . Memory (MB): peak = 3237.105 ; gain = 0.000 ; free physical = 6498 ; free virtual = 13983

Phase 3.5 Fast Optimization
Phase 3.5 Fast Optimization | Checksum: 22fb1a436

Time (s): cpu = 00:00:44 ; elapsed = 00:00:12 . Memory (MB): peak = 3237.105 ; gain = 0.000 ; free physical = 6501 ; free virtual = 13986

Phase 3.6 Small Shape Detail Placement
Phase 3.6 Small Shape Detail Placement | Checksum: 1e70de0e3

Time (s): cpu = 00:00:46 ; elapsed = 00:00:14 . Memory (MB): peak = 3237.105 ; gain = 0.000 ; free physical = 6507 ; free virtual = 13992

Phase 3.7 Re-assign LUT pins
Phase 3.7 Re-assign LUT pins | Checksum: 16b8c471c

Time (s): cpu = 00:00:47 ; elapsed = 00:00:14 . Memory (MB): peak = 3237.105 ; gain = 0.000 ; free physical = 6513 ; free virtual = 13997

Phase 3.8 Pipeline Register Optimization
Phase 3.8 Pipeline Register Optimization | Checksum: 1a18aed7a

Time (s): cpu = 00:00:47 ; elapsed = 00:00:14 . Memory (MB): peak = 3237.105 ; gain = 0.000 ; free physical = 6513 ; free virtual = 13997

Phase 3.9 Fast Optimization
Phase 3.9 Fast Optimization | Checksum: 2480c1681

Time (s): cpu = 00:00:53 ; elapsed = 00:00:15 . Memory (MB): peak = 3237.105 ; gain = 0.000 ; free physical = 6517 ; free virtual = 14009
Phase 3 Detail Placement | Checksum: 2480c1681

Time (s): cpu = 00:00:53 ; elapsed = 00:00:15 . Memory (MB): peak = 3237.105 ; gain = 0.000 ; free physical = 6517 ; free virtual = 14009

Phase 4 Post Placement Optimization and Clean-Up

Phase 4.1 Post Commit Optimization
INFO: [Timing 38-35] Done setting XDC timing constraints.

Phase 4.1.1 Post Placement Optimization
Post Placement Optimization Initialization | Checksum: 1b9bb27ee

Phase 4.1.1.1 BUFG Insertion

Starting Physical Synthesis Task

Phase 1 Physical Synthesis Initialization
INFO: [Physopt 32-721] Multithreading enabled for phys_opt_design using a maximum of 8 CPUs
INFO: [Physopt 32-619] Estimated Timing Summary | WNS=-4.453 | TNS=-356.197 |
Phase 1 Physical Synthesis Initialization | Checksum: 21ae73ae7

Time (s): cpu = 00:00:00.45 ; elapsed = 00:00:00.1 . Memory (MB): peak = 3237.105 ; gain = 0.000 ; free physical = 6525 ; free virtual = 14010
INFO: [Place 46-56] BUFG insertion identified 0 candidate nets. Inserted BUFG: 0, Replicated BUFG Driver: 0, Skipped due to Placement/Routing Conflicts: 0, Skipped due to Timing Degradation: 0, Skipped due to netlist editing failed: 0.
Ending Physical Synthesis Task | Checksum: 202fde55a

Time (s): cpu = 00:00:00.49 ; elapsed = 00:00:00.13 . Memory (MB): peak = 3237.105 ; gain = 0.000 ; free physical = 6525 ; free virtual = 14010
Phase 4.1.1.1 BUFG Insertion | Checksum: 1b9bb27ee

Time (s): cpu = 00:00:58 ; elapsed = 00:00:17 . Memory (MB): peak = 3237.105 ; gain = 0.000 ; free physical = 6525 ; free virtual = 14010

Phase 4.1.1.2 Post Placement Timing Optimization
INFO: [Place 30-746] Post Placement Timing Summary WNS=-4.453. For the most accurate timing information please run report_timing.
Phase 4.1.1.2 Post Placement Timing Optimization | Checksum: 1d47ab299

Time (s): cpu = 00:01:12 ; elapsed = 00:00:26 . Memory (MB): peak = 3237.105 ; gain = 0.000 ; free physical = 6526 ; free virtual = 14019

Time (s): cpu = 00:01:12 ; elapsed = 00:00:26 . Memory (MB): peak = 3237.105 ; gain = 0.000 ; free physical = 6526 ; free virtual = 14019
Phase 4.1 Post Commit Optimization | Checksum: 1d47ab299

Time (s): cpu = 00:01:12 ; elapsed = 00:00:26 . Memory (MB): peak = 3237.105 ; gain = 0.000 ; free physical = 6526 ; free virtual = 14019

Phase 4.2 Post Placement Cleanup
Phase 4.2 Post Placement Cleanup | Checksum: 1d47ab299

Time (s): cpu = 00:01:12 ; elapsed = 00:00:26 . Memory (MB): peak = 3237.105 ; gain = 0.000 ; free physical = 6526 ; free virtual = 14018

Phase 4.3 Placer Reporting

Phase 4.3.1 Print Estimated Congestion
INFO: [Place 30-612] Post-Placement Estimated Congestion 
 ____________________________________________________
|           | Global Congestion | Short Congestion  |
| Direction | Region Size       | Region Size       |
|___________|___________________|___________________|
|      North|                1x1|                2x2|
|___________|___________________|___________________|
|      South|                1x1|                1x1|
|___________|___________________|___________________|
|       East|                1x1|                1x1|
|___________|___________________|___________________|
|       West|                1x1|                1x1|
|___________|___________________|___________________|

Phase 4.3.1 Print Estimated Congestion | Checksum: 1d47ab299

Time (s): cpu = 00:01:12 ; elapsed = 00:00:26 . Memory (MB): peak = 3237.105 ; gain = 0.000 ; free physical = 6526 ; free virtual = 14018
Phase 4.3 Placer Reporting | Checksum: 1d47ab299

Time (s): cpu = 00:01:12 ; elapsed = 00:00:26 . Memory (MB): peak = 3237.105 ; gain = 0.000 ; free physical = 6526 ; free virtual = 14011

Phase 4.4 Final Placement Cleanup
Netlist sorting complete. Time (s): cpu = 00:00:00 ; elapsed = 00:00:00 . Memory (MB): peak = 3237.105 ; gain = 0.000 ; free physical = 6526 ; free virtual = 14011

Time (s): cpu = 00:01:12 ; elapsed = 00:00:26 . Memory (MB): peak = 3237.105 ; gain = 0.000 ; free physical = 6526 ; free virtual = 14011
Phase 4 Post Placement Optimization and Clean-Up | Checksum: 1eae23d0a

Time (s): cpu = 00:01:12 ; elapsed = 00:00:26 . Memory (MB): peak = 3237.105 ; gain = 0.000 ; free physical = 6526 ; free virtual = 14011
Ending Placer Task | Checksum: 139417e63

Time (s): cpu = 00:01:12 ; elapsed = 00:00:26 . Memory (MB): peak = 3237.105 ; gain = 0.000 ; free physical = 6526 ; free virtual = 14011
100 Infos, 0 Warnings, 0 Critical Warnings and 0 Errors encountered.
place_design completed successfully
place_design: Time (s): cpu = 00:01:17 ; elapsed = 00:00:29 . Memory (MB): peak = 3237.105 ; gain = 63.055 ; free physical = 6526 ; free virtual = 14011
INFO: [Vivado 12-24838] Running report commands "report_control_sets, report_io, report_utilization" in parallel.
Running report generation with 3 threads.
INFO: [Vivado 12-24828] Executing command : report_control_sets -verbose -file system_wrapper_control_sets_placed.rpt
report_control_sets: Time (s): cpu = 00:00:00.23 ; elapsed = 00:00:00.13 . Memory (MB): peak = 3237.105 ; gain = 0.000 ; free physical = 6514 ; free virtual = 13999
INFO: [Vivado 12-24828] Executing command : report_utilization -file system_wrapper_utilization_placed.rpt -pb system_wrapper_utilization_placed.pb
INFO: [Vivado 12-24828] Executing command : report_io -file system_wrapper_io_placed.rpt
report_io: Time (s): cpu = 00:00:00.35 ; elapsed = 00:00:00.28 . Memory (MB): peak = 3237.105 ; gain = 0.000 ; free physical = 6497 ; free virtual = 13982
INFO: [Timing 38-480] Writing timing data to binary archive.
Wrote PlaceDB: Time (s): cpu = 00:00:00 ; elapsed = 00:00:00 . Memory (MB): peak = 3237.105 ; gain = 0.000 ; free physical = 6496 ; free virtual = 13982
Wrote PulsedLatchDB: Time (s): cpu = 00:00:00 ; elapsed = 00:00:00 . Memory (MB): peak = 3237.105 ; gain = 0.000 ; free physical = 6496 ; free virtual = 13982
Writing XDEF routing.
Writing XDEF routing logical nets.
Write ShapeDB Complete: Time (s): cpu = 00:00:00.09 ; elapsed = 00:00:00.02 . Memory (MB): peak = 3237.105 ; gain = 0.000 ; free physical = 6494 ; free virtual = 13981
Writing XDEF routing special nets.
Wrote RouteStorage: Time (s): cpu = 00:00:00.13 ; elapsed = 00:00:00.03 . Memory (MB): peak = 3237.105 ; gain = 0.000 ; free physical = 6494 ; free virtual = 13981
Wrote PlaceStorage: Time (s): cpu = 00:00:00.99 ; elapsed = 00:00:00.31 . Memory (MB): peak = 3237.105 ; gain = 0.000 ; free physical = 6487 ; free virtual = 13982
Wrote Netlist Cache: Time (s): cpu = 00:00:00.01 ; elapsed = 00:00:00.01 . Memory (MB): peak = 3237.105 ; gain = 0.000 ; free physical = 6488 ; free virtual = 13984
Wrote Device Cache: Time (s): cpu = 00:00:00.02 ; elapsed = 00:00:00 . Memory (MB): peak = 3237.105 ; gain = 0.000 ; free physical = 6485 ; free virtual = 13981
Write Physdb Complete: Time (s): cpu = 00:00:01 ; elapsed = 00:00:00.36 . Memory (MB): peak = 3237.105 ; gain = 0.000 ; free physical = 6485 ; free virtual = 13981
INFO: [Common 17-1381] The checkpoint '/home/chathupa/Desktop/dnn_opt/build/dnn_zynq_hdmi/dnn_zynq_hdmi.runs/impl_1/system_wrapper_placed.dcp' has been generated.
Command: phys_opt_design
Attempting to get a license for feature 'Implementation' and/or device 'xc7z020'
INFO: [Common 17-349] Got license for feature 'Implementation' and/or device 'xc7z020'

Starting Initial Update Timing Task

Time (s): cpu = 00:00:04 ; elapsed = 00:00:00.91 . Memory (MB): peak = 3237.105 ; gain = 0.000 ; free physical = 6506 ; free virtual = 13995
INFO: [Vivado_Tcl 4-1435] PhysOpt_Tcl_Interface Runtime Before Starting Physical Synthesis Task | CPU: 3.78s |  WALL: 0.94s
Netlist sorting complete. Time (s): cpu = 00:00:00 ; elapsed = 00:00:00 . Memory (MB): peak = 3237.105 ; gain = 0.000 ; free physical = 6506 ; free virtual = 13995

Starting Physical Synthesis Task

Phase 1 Physical Synthesis Initialization
INFO: [Physopt 32-721] Multithreading enabled for phys_opt_design using a maximum of 8 CPUs
INFO: [Physopt 32-619] Estimated Timing Summary | WNS=-4.453 | TNS=-356.197 |
Phase 1 Physical Synthesis Initialization | Checksum: 273cce8ff

Time (s): cpu = 00:00:01 ; elapsed = 00:00:00.75 . Memory (MB): peak = 3237.105 ; gain = 0.000 ; free physical = 6514 ; free virtual = 14003
INFO: [Physopt 32-619] Estimated Timing Summary | WNS=-4.453 | TNS=-356.197 |

Phase 2 DSP Register Optimization
INFO: [Physopt 32-456] No candidate cells for DSP register optimization found in the design.
INFO: [Physopt 32-775] End 2 Pass. Optimized 0 net or cell. Created 0 new cell, deleted 0 existing cell and moved 0 existing cell
Phase 2 DSP Register Optimization | Checksum: 273cce8ff

Time (s): cpu = 00:00:02 ; elapsed = 00:00:00.82 . Memory (MB): peak = 3237.105 ; gain = 0.000 ; free physical = 6514 ; free virtual = 14003

Phase 3 Critical Path Optimization
INFO: [Physopt 32-619] Estimated Timing Summary | WNS=-4.453 | TNS=-356.197 |
INFO: [Physopt 32-702] Processed net system_i/accel/inst/u_accel/FIXED_MODE.nn_core/pipeline/layer_0/control_unit/wgt_raddr_reg[9]_0[9]. Optimizations did not improve timing on the net.
INFO: [Physopt 32-702] Processed net system_i/ps7/inst/FCLK_CLK_unbuffered[0]. Optimizations did not improve timing on the net.
INFO: [Physopt 32-702] Processed net system_i/accel/inst/u_accel/FIXED_MODE.nn_core/pipeline/layer_0/control_unit/wgt_raddr_reg[7]_i_1_n_0. Optimizations did not improve timing on the net.
INFO: [Physopt 32-702] Processed net system_i/accel/inst/u_accel/FIXED_MODE.nn_core/pipeline/layer_0/control_unit/wgt_raddr_reg[3]_i_1_n_0. Optimizations did not improve timing on the net.
INFO: [Physopt 32-702] Processed net system_i/accel/inst/u_accel/FIXED_MODE.nn_core/pipeline/layer_0/control_unit/wgt_raddr[3]_i_4_n_0. Optimizations did not improve timing on the net.
INFO: [Physopt 32-702] Processed net system_i/accel/inst/u_accel/FIXED_MODE.nn_core/pipeline/layer_0/control_unit/wgt_raddr_reg[9]_i_1_n_6. Optimizations did not improve timing on the net.
INFO: [Physopt 32-702] Processed net system_i/accel/inst/u_accel/FIXED_MODE.nn_core/pipeline/layer_0/control_unit/p_1_out_n_104. Optimizations did not improve timing on the net.
INFO: [Physopt 32-702] Processed net system_i/accel/inst/u_accel/FIXED_MODE.nn_core/pipeline/layer_0/control_unit/p_0_out_n_106. Optimizations did not improve timing on the net.
INFO: [Physopt 32-702] Processed net system_i/accel/inst/u_accel/FIXED_MODE.nn_core/pipeline/layer_0/control_unit/wgt_raddr5[5]. Optimizations did not improve timing on the net.
INFO: [Physopt 32-702] Processed net system_i/accel/inst/u_accel/FIXED_MODE.nn_core/pipeline/layer_0/control_unit/wgt_raddr4_i_3_n_0. Optimizations did not improve timing on the net.
INFO: [Physopt 32-702] Processed net system_i/accel/inst/u_accel/FIXED_MODE.nn_core/pipeline/layer_0/control_unit/wgt_raddr4_n_96. Optimizations did not improve timing on the net.
INFO: [Physopt 32-663] Processed net system_i/accel/inst/u_accel/FIXED_MODE.nn_core/pipeline/layer_0/control_unit/ch_out_cnt[3].  Re-placed instance system_i/accel/inst/u_accel/FIXED_MODE.nn_core/pipeline/layer_0/control_unit/ch_out_cnt_reg[3]
INFO: [Physopt 32-735] Processed net system_i/accel/inst/u_accel/FIXED_MODE.nn_core/pipeline/layer_0/control_unit/ch_out_cnt[3]. Optimization improves timing on the net.
INFO: [Physopt 32-619] Estimated Timing Summary | WNS=-4.409 | TNS=-355.757 |
INFO: [Physopt 32-663] Processed net system_i/accel/inst/u_accel/FIXED_MODE.nn_core/pipeline/layer_0/control_unit/ch_out_cnt[1].  Re-placed instance system_i/accel/inst/u_accel/FIXED_MODE.nn_core/pipeline/layer_0/control_unit/ch_out_cnt_reg[1]
INFO: [Physopt 32-735] Processed net system_i/accel/inst/u_accel/FIXED_MODE.nn_core/pipeline/layer_0/control_unit/ch_out_cnt[1]. Optimization improves timing on the net.
INFO: [Physopt 32-619] Estimated Timing Summary | WNS=-4.250 | TNS=-359.255 |
INFO: [Physopt 32-663] Processed net system_i/accel/inst/u_accel/FIXED_MODE.nn_core/pipeline/layer_0/control_unit/ch_out_cnt[0].  Re-placed instance system_i/accel/inst/u_accel/FIXED_MODE.nn_core/pipeline/layer_0/control_unit/ch_out_cnt_reg[0]
INFO: [Physopt 32-735] Processed net system_i/accel/inst/u_accel/FIXED_MODE.nn_core/pipeline/layer_0/control_unit/ch_out_cnt[0]. Optimization improves timing on the net.
INFO: [Physopt 32-619] Estimated Timing Summary | WNS=-4.222 | TNS=-358.965 |
INFO: [Physopt 32-702] Processed net system_i/accel/inst/u_accel/FIXED_MODE.nn_core/pipeline/layer_1/control_unit/act_raddr_reg[9]_0[9]. Optimizations did not improve timing on the net.
INFO: [Physopt 32-702] Processed net system_i/accel/inst/u_accel/FIXED_MODE.nn_core/pipeline/layer_1/control_unit/act_raddr_reg[7]_i_1__0_n_0. Optimizations did not improve timing on the net.
INFO: [Physopt 32-702] Processed net system_i/accel/inst/u_accel/FIXED_MODE.nn_core/pipeline/layer_1/control_unit/act_raddr_reg[3]_i_1__0_n_0. Optimizations did not improve timing on the net.
INFO: [Physopt 32-702] Processed net system_i/accel/inst/u_accel/FIXED_MODE.nn_core/pipeline/layer_1/control_unit/act_raddr[3]_i_4__0_n_0. Optimizations did not improve timing on the net.
INFO: [Physopt 32-702] Processed net system_i/accel/inst/u_accel/FIXED_MODE.nn_core/pipeline/layer_1/control_unit/act_raddr_reg[9]_i_1__0_n_6. Optimizations did not improve timing on the net.
INFO: [Physopt 32-702] Processed net system_i/accel/inst/u_accel/FIXED_MODE.nn_core/pipeline/layer_1/control_unit/act_raddr0__0_n_104. Optimizations did not improve timing on the net.
INFO: [Physopt 32-702] Processed net system_i/accel/inst/u_accel/FIXED_MODE.nn_core/pipeline/layer_1/control_unit/act_raddr0_n_106. Optimizations did not improve timing on the net.
INFO: [Physopt 32-702] Processed net system_i/accel/inst/u_accel/FIXED_MODE.nn_core/pipeline/layer_1/control_unit/act_raddr1_i_1_n_5. Optimizations did not improve timing on the net.
INFO: [Physopt 32-702] Processed net system_i/accel/inst/u_accel/FIXED_MODE.nn_core/pipeline/layer_1/control_unit/act_raddr1_i_7_n_0. Optimizations did not improve timing on the net.
INFO: [Physopt 32-702] Processed net system_i/accel/inst/u_accel/FIXED_MODE.nn_core/pipeline/layer_1/control_unit/act_raddr1_i_15_n_6. Optimizations did not improve timing on the net.
INFO: [Physopt 32-702] Processed net system_i/accel/inst/u_accel/FIXED_MODE.nn_core/pipeline/layer_1/control_unit/act_raddr1_i_10_n_0. Optimizations did not improve timing on the net.
INFO: [Physopt 32-608] Optimized 1 net.  Swapped 22 pins.
INFO: [Physopt 32-735] Processed net system_i/accel/inst/u_accel/FIXED_MODE.nn_core/pipeline/layer_1/control_unit/act_raddr1_i_22_n_0. Optimization improves timing on the net.
INFO: [Physopt 32-619] Estimated Timing Summary | WNS=-4.221 | TNS=-358.845 |
INFO: [Physopt 32-81] Processed net system_i/accel/inst/u_accel/FIXED_MODE.nn_core/pipeline/layer_0/control_unit/ch_out_cnt[1]. Replicated 1 times.
INFO: [Physopt 32-735] Processed net system_i/accel/inst/u_accel/FIXED_MODE.nn_core/pipeline/layer_0/control_unit/ch_out_cnt[1]. Optimization improves timing on the net.
INFO: [Physopt 32-619] Estimated Timing Summary | WNS=-4.210 | TNS=-353.617 |
INFO: [Physopt 32-702] Processed net system_i/accel/inst/u_accel/FIXED_MODE.nn_core/pipeline/layer_1/control_unit/act_raddr1_i_16_n_6. Optimizations did not improve timing on the net.
INFO: [Physopt 32-702] Processed net system_i/accel/inst/u_accel/FIXED_MODE.nn_core/pipeline/layer_1/control_unit/act_raddr1_i_17_n_0. Optimizations did not improve timing on the net.
INFO: [Physopt 32-702] Processed net system_i/accel/inst/u_accel/FIXED_MODE.nn_core/pipeline/layer_1/control_unit/act_raddr1_n_96. Optimizations did not improve timing on the net.
INFO: [Physopt 32-81] Processed net system_i/accel/inst/u_accel/FIXED_MODE.nn_core/pipeline/layer_1/control_unit/ch_in_cnt[3]. Replicated 1 times.
INFO: [Physopt 32-735] Processed net system_i/accel/inst/u_accel/FIXED_MODE.nn_core/pipeline/layer_1/control_unit/ch_in_cnt[3]. Optimization improves timing on the net.
INFO: [Physopt 32-619] Estimated Timing Summary | WNS=-4.207 | TNS=-352.967 |
INFO: [Physopt 32-702] Processed net system_i/accel/inst/u_accel/FIXED_MODE.nn_core/pipeline/layer_0/control_unit/ch_out_cnt[1]_repN. Optimizations did not improve timing on the net.
INFO: [Physopt 32-702] Processed net system_i/accel/inst/u_accel/FIXED_MODE.nn_core/pipeline/layer_0/control_unit/wgt_raddr_reg[9]_0[9]. Optimizations did not improve timing on the net.
INFO: [Physopt 32-702] Processed net system_i/ps7/inst/FCLK_CLK_unbuffered[0]. Optimizations did not improve timing on the net.
INFO: [Physopt 32-702] Processed net system_i/accel/inst/u_accel/FIXED_MODE.nn_core/pipeline/layer_0/control_unit/wgt_raddr[3]_i_4_n_0. Optimizations did not improve timing on the net.
INFO: [Physopt 32-702] Processed net system_i/accel/inst/u_accel/FIXED_MODE.nn_core/pipeline/layer_0/control_unit/wgt_raddr_reg[9]_i_1_n_6. Optimizations did not improve timing on the net.
INFO: [Physopt 32-702] Processed net system_i/accel/inst/u_accel/FIXED_MODE.nn_core/pipeline/layer_0/control_unit/p_1_out_n_104. Optimizations did not improve timing on the net.
INFO: [Physopt 32-702] Processed net system_i/accel/inst/u_accel/FIXED_MODE.nn_core/pipeline/layer_0/control_unit/wgt_raddr5[5]. Optimizations did not improve timing on the net.
INFO: [Physopt 32-702] Processed net system_i/accel/inst/u_accel/FIXED_MODE.nn_core/pipeline/layer_0/control_unit/wgt_raddr4_n_96. Optimizations did not improve timing on the net.
INFO: [Physopt 32-702] Processed net system_i/accel/inst/u_accel/FIXED_MODE.nn_core/pipeline/layer_0/control_unit/ch_out_cnt[1]_repN. Optimizations did not improve timing on the net.
INFO: [Physopt 32-619] Estimated Timing Summary | WNS=-4.207 | TNS=-352.967 |
Netlist sorting complete. Time (s): cpu = 00:00:00 ; elapsed = 00:00:00.01 . Memory (MB): peak = 3237.105 ; gain = 0.000 ; free physical = 6521 ; free virtual = 14010
Phase 3 Critical Path Optimization | Checksum: 273cce8ff

Time (s): cpu = 00:00:06 ; elapsed = 00:00:02 . Memory (MB): peak = 3237.105 ; gain = 0.000 ; free physical = 6521 ; free virtual = 14010

Phase 4 Critical Path Optimization
INFO: [Physopt 32-619] Estimated Timing Summary | WNS=-4.207 | TNS=-352.967 |
INFO: [Physopt 32-702] Processed net system_i/accel/inst/u_accel/FIXED_MODE.nn_core/pipeline/layer_0/control_unit/wgt_raddr_reg[9]_0[9]. Optimizations did not improve timing on the net.
INFO: [Physopt 32-702] Processed net system_i/ps7/inst/FCLK_CLK_unbuffered[0]. Optimizations did not improve timing on the net.
INFO: [Physopt 32-702] Processed net system_i/accel/inst/u_accel/FIXED_MODE.nn_core/pipeline/layer_0/control_unit/wgt_raddr_reg[7]_i_1_n_0. Optimizations did not improve timing on the net.
INFO: [Physopt 32-702] Processed net system_i/accel/inst/u_accel/FIXED_MODE.nn_core/pipeline/layer_0/control_unit/wgt_raddr_reg[3]_i_1_n_0. Optimizations did not improve timing on the net.
INFO: [Physopt 32-702] Processed net system_i/accel/inst/u_accel/FIXED_MODE.nn_core/pipeline/layer_0/control_unit/wgt_raddr[3]_i_4_n_0. Optimizations did not improve timing on the net.
INFO: [Physopt 32-702] Processed net system_i/accel/inst/u_accel/FIXED_MODE.nn_core/pipeline/layer_0/control_unit/wgt_raddr_reg[9]_i_1_n_6. Optimizations did not improve timing on the net.
INFO: [Physopt 32-702] Processed net system_i/accel/inst/u_accel/FIXED_MODE.nn_core/pipeline/layer_0/control_unit/p_1_out_n_104. Optimizations did not improve timing on the net.
INFO: [Physopt 32-702] Processed net system_i/accel/inst/u_accel/FIXED_MODE.nn_core/pipeline/layer_0/control_unit/p_0_out_n_106. Optimizations did not improve timing on the net.
INFO: [Physopt 32-702] Processed net system_i/accel/inst/u_accel/FIXED_MODE.nn_core/pipeline/layer_0/control_unit/wgt_raddr5[5]. Optimizations did not improve timing on the net.
INFO: [Physopt 32-702] Processed net system_i/accel/inst/u_accel/FIXED_MODE.nn_core/pipeline/layer_0/control_unit/wgt_raddr4_i_3_n_0. Optimizations did not improve timing on the net.
INFO: [Physopt 32-702] Processed net system_i/accel/inst/u_accel/FIXED_MODE.nn_core/pipeline/layer_0/control_unit/wgt_raddr4_n_96. Optimizations did not improve timing on the net.
INFO: [Physopt 32-702] Processed net system_i/accel/inst/u_accel/FIXED_MODE.nn_core/pipeline/layer_0/control_unit/ch_out_cnt[1]_repN. Optimizations did not improve timing on the net.
INFO: [Physopt 32-702] Processed net system_i/accel/inst/u_accel/FIXED_MODE.nn_core/pipeline/layer_0/control_unit/wgt_raddr_reg[9]_0[9]. Optimizations did not improve timing on the net.
INFO: [Physopt 32-702] Processed net system_i/ps7/inst/FCLK_CLK_unbuffered[0]. Optimizations did not improve timing on the net.
INFO: [Physopt 32-702] Processed net system_i/accel/inst/u_accel/FIXED_MODE.nn_core/pipeline/layer_0/control_unit/wgt_raddr[3]_i_4_n_0. Optimizations did not improve timing on the net.
INFO: [Physopt 32-702] Processed net system_i/accel/inst/u_accel/FIXED_MODE.nn_core/pipeline/layer_0/control_unit/wgt_raddr_reg[9]_i_1_n_6. Optimizations did not improve timing on the net.
INFO: [Physopt 32-702] Processed net system_i/accel/inst/u_accel/FIXED_MODE.nn_core/pipeline/layer_0/control_unit/p_1_out_n_104. Optimizations did not improve timing on the net.
INFO: [Physopt 32-702] Processed net system_i/accel/inst/u_accel/FIXED_MODE.nn_core/pipeline/layer_0/control_unit/wgt_raddr5[5]. Optimizations did not improve timing on the net.
INFO: [Physopt 32-702] Processed net system_i/accel/inst/u_accel/FIXED_MODE.nn_core/pipeline/layer_0/control_unit/wgt_raddr4_n_96. Optimizations did not improve timing on the net.
INFO: [Physopt 32-702] Processed net system_i/accel/inst/u_accel/FIXED_MODE.nn_core/pipeline/layer_0/control_unit/ch_out_cnt[1]_repN. Optimizations did not improve timing on the net.
INFO: [Physopt 32-619] Estimated Timing Summary | WNS=-4.207 | TNS=-352.967 |
Netlist sorting complete. Time (s): cpu = 00:00:00.01 ; elapsed = 00:00:00.01 . Memory (MB): peak = 3237.105 ; gain = 0.000 ; free physical = 6527 ; free virtual = 14016
Phase 4 Critical Path Optimization | Checksum: 273cce8ff

Time (s): cpu = 00:00:08 ; elapsed = 00:00:03 . Memory (MB): peak = 3237.105 ; gain = 0.000 ; free physical = 6527 ; free virtual = 14016
Netlist sorting complete. Time (s): cpu = 00:00:00 ; elapsed = 00:00:00 . Memory (MB): peak = 3237.105 ; gain = 0.000 ; free physical = 6527 ; free virtual = 14016
INFO: [Physopt 32-603] Post Physical Optimization Timing Summary | WNS=-4.207 | TNS=-352.967 |

Summary of Physical Synthesis Optimizations
============================================


-------------------------------------------------------------------------------------------------------------------------------------------------------------
|  Optimization   |  WNS Gain (ns)  |  TNS Gain (ns)  |  Added Cells  |  Removed Cells  |  Optimized Cells/Nets  |  Dont Touch  |  Iterations  |  Elapsed   |
-------------------------------------------------------------------------------------------------------------------------------------------------------------
|  DSP Register   |          0.000  |          0.000  |            0  |              0  |                     0  |           0  |           1  |  00:00:00  |
|  Critical Path  |          0.246  |          3.230  |            2  |              0  |                     6  |           0  |           2  |  00:00:02  |
|  Total          |          0.246  |          3.230  |            2  |              0  |                     6  |           0  |           3  |  00:00:02  |
-------------------------------------------------------------------------------------------------------------------------------------------------------------


Netlist sorting complete. Time (s): cpu = 00:00:00 ; elapsed = 00:00:00.01 . Memory (MB): peak = 3237.105 ; gain = 0.000 ; free physical = 6527 ; free virtual = 14016
Ending Physical Synthesis Task | Checksum: b06b76c1

Time (s): cpu = 00:00:08 ; elapsed = 00:00:03 . Memory (MB): peak = 3237.105 ; gain = 0.000 ; free physical = 6527 ; free virtual = 14016
INFO: [Common 17-83] Releasing license: Implementation
191 Infos, 0 Warnings, 0 Critical Warnings and 0 Errors encountered.
phys_opt_design completed successfully
INFO: [Timing 38-480] Writing timing data to binary archive.
Wrote PlaceDB: Time (s): cpu = 00:00:00 ; elapsed = 00:00:00 . Memory (MB): peak = 3237.105 ; gain = 0.000 ; free physical = 6527 ; free virtual = 14016
Wrote PulsedLatchDB: Time (s): cpu = 00:00:00 ; elapsed = 00:00:00 . Memory (MB): peak = 3237.105 ; gain = 0.000 ; free physical = 6527 ; free virtual = 14016
Writing XDEF routing.
Write ShapeDB Complete: Time (s): cpu = 00:00:00.07 ; elapsed = 00:00:00.02 . Memory (MB): peak = 3237.105 ; gain = 0.000 ; free physical = 6527 ; free virtual = 14017
Writing XDEF routing logical nets.
Writing XDEF routing special nets.
Wrote RouteStorage: Time (s): cpu = 00:00:00.11 ; elapsed = 00:00:00.02 . Memory (MB): peak = 3237.105 ; gain = 0.000 ; free physical = 6527 ; free virtual = 14017
Wrote PlaceStorage: Time (s): cpu = 00:00:00.9 ; elapsed = 00:00:00.29 . Memory (MB): peak = 3237.105 ; gain = 0.000 ; free physical = 6516 ; free virtual = 14014
Wrote Netlist Cache: Time (s): cpu = 00:00:00.02 ; elapsed = 00:00:00 . Memory (MB): peak = 3237.105 ; gain = 0.000 ; free physical = 6516 ; free virtual = 14014
Wrote Device Cache: Time (s): cpu = 00:00:00.01 ; elapsed = 00:00:00.01 . Memory (MB): peak = 3237.105 ; gain = 0.000 ; free physical = 6516 ; free virtual = 14015
Write Physdb Complete: Time (s): cpu = 00:00:01 ; elapsed = 00:00:00.34 . Memory (MB): peak = 3237.105 ; gain = 0.000 ; free physical = 6516 ; free virtual = 14015
INFO: [Common 17-1381] The checkpoint '/home/chathupa/Desktop/dnn_opt/build/dnn_zynq_hdmi/dnn_zynq_hdmi.runs/impl_1/system_wrapper_physopt.dcp' has been generated.
Command: route_design
Attempting to get a license for feature 'Implementation' and/or device 'xc7z020'
INFO: [Common 17-349] Got license for feature 'Implementation' and/or device 'xc7z020'
INFO: [DRC 23-27] Running DRC with 8 threads
INFO: [Vivado_Tcl 4-198] DRC finished with 0 Errors
INFO: [Vivado_Tcl 4-199] Please refer to the DRC report (report_drc) for more information.


Starting Routing Task
INFO: [Route 35-254] Multithreading enabled for route_design using a maximum of 8 CPUs

Phase 1 Build RT Design
Checksum: PlaceDB: 5c4a4736 ConstDB: 0 ShapeSum: 29d11c5a RouteDB: 15f972f0
Post Restoration Checksum: NetGraph: fa0ddbd4 | NumContArr: 62d111a9 | Constraints: c2a8fa9d | Timing: c2a8fa9d
Phase 1 Build RT Design | Checksum: 2e230e2b7

Time (s): cpu = 00:00:27 ; elapsed = 00:00:20 . Memory (MB): peak = 3237.105 ; gain = 0.000 ; free physical = 6543 ; free virtual = 14036

Phase 2 Router Initialization

Phase 2.1 Fix Topology Constraints
Phase 2.1 Fix Topology Constraints | Checksum: 2e230e2b7

Time (s): cpu = 00:00:27 ; elapsed = 00:00:20 . Memory (MB): peak = 3237.105 ; gain = 0.000 ; free physical = 6543 ; free virtual = 14036

Phase 2.2 Pre Route Cleanup
Phase 2.2 Pre Route Cleanup | Checksum: 2e230e2b7

Time (s): cpu = 00:00:27 ; elapsed = 00:00:20 . Memory (MB): peak = 3237.105 ; gain = 0.000 ; free physical = 6543 ; free virtual = 14036
 Number of Nodes with overlaps = 0

Phase 2.3 Update Timing
Phase 2.3 Update Timing | Checksum: 2f4ec5fea

Time (s): cpu = 00:00:33 ; elapsed = 00:00:22 . Memory (MB): peak = 3237.105 ; gain = 0.000 ; free physical = 6540 ; free virtual = 14033
INFO: [Route 35-416] Intermediate Timing Summary | WNS=-4.281 | TNS=-362.111| WHS=-0.232 | THS=-180.047|


Phase 2.4 Soft Constraint Pins - Fast Budgeting
Phase 2.4 Soft Constraint Pins - Fast Budgeting | Checksum: 2e58a8714

Time (s): cpu = 00:00:35 ; elapsed = 00:00:22 . Memory (MB): peak = 3237.105 ; gain = 0.000 ; free physical = 6532 ; free virtual = 14033

Router Utilization Summary
  Global Vertical Routing Utilization    = 0 %
  Global Horizontal Routing Utilization  = 0 %
  Routable Net Status*
  *Does not include unroutable nets such as driverless and loadless.
  Run report_route_status for detailed report.
  Number of Failed Nets               = 7430
    (Failed Nets is the sum of unrouted and partially routed nets)
  Number of Unrouted Nets             = 7430
  Number of Partially Routed Nets     = 0
  Number of Node Overlaps             = 0

Phase 2 Router Initialization | Checksum: 33c6162d1

Time (s): cpu = 00:00:35 ; elapsed = 00:00:23 . Memory (MB): peak = 3237.105 ; gain = 0.000 ; free physical = 6532 ; free virtual = 14033

Phase 3 Global Routing
Phase 3 Global Routing | Checksum: 33c6162d1

Time (s): cpu = 00:00:35 ; elapsed = 00:00:23 . Memory (MB): peak = 3237.105 ; gain = 0.000 ; free physical = 6532 ; free virtual = 14033

Phase 4 Initial Routing

Phase 4.1 Initial Net Routing Pass
Phase 4.1 Initial Net Routing Pass | Checksum: 219be3492

Time (s): cpu = 00:00:38 ; elapsed = 00:00:23 . Memory (MB): peak = 3237.105 ; gain = 0.000 ; free physical = 6532 ; free virtual = 14033
Phase 4 Initial Routing | Checksum: 219be3492

Time (s): cpu = 00:00:39 ; elapsed = 00:00:23 . Memory (MB): peak = 3237.105 ; gain = 0.000 ; free physical = 6532 ; free virtual = 14033
INFO: [Route 35-580] Design has 3 pins with tight setup and hold constraints.

The top 5 pins with tight setup and hold constraints:

+====================+===================+=================================================================================================+
| Launch Setup Clock | Launch Hold Clock | Pin                                                                                             |
+====================+===================+=================================================================================================+
| clk_fpga_0         | clk_fpga_0        | system_i/accel/inst/u_accel/FIXED_MODE.nn_core/pipeline/layer_1/control_unit/act_raddr_reg[1]/D |
| clk_fpga_0         | clk_fpga_0        | system_i/accel/inst/u_accel/FIXED_MODE.nn_core/pipeline/layer_2/control_unit/act_raddr_reg[6]/D |
| clk_fpga_0         | clk_fpga_0        | system_i/accel/inst/u_accel/FIXED_MODE.nn_core/pipeline/layer_2/control_unit/act_raddr_reg[3]/D |
+--------------------+-------------------+-------------------------------------------------------------------------------------------------+

File with complete list of pins: tight_setup_hold_pins.txt


Phase 5 Rip-up And Reroute

Phase 5.1 Global Iteration 0
 Number of Nodes with overlaps = 396
 Number of Nodes with overlaps = 15
 Number of Nodes with overlaps = 0
INFO: [Route 35-416] Intermediate Timing Summary | WNS=-4.432 | TNS=-362.108| WHS=N/A    | THS=N/A    |

Phase 5.1 Global Iteration 0 | Checksum: 1ed342342

Time (s): cpu = 00:00:44 ; elapsed = 00:00:26 . Memory (MB): peak = 3237.105 ; gain = 0.000 ; free physical = 6543 ; free virtual = 14030

Phase 5.2 Global Iteration 1
 Number of Nodes with overlaps = 16
 Number of Nodes with overlaps = 9
 Number of Nodes with overlaps = 0
INFO: [Route 35-416] Intermediate Timing Summary | WNS=-4.421 | TNS=-368.401| WHS=N/A    | THS=N/A    |

Phase 5.2 Global Iteration 1 | Checksum: 2a48064f9

Time (s): cpu = 00:00:45 ; elapsed = 00:00:26 . Memory (MB): peak = 3237.105 ; gain = 0.000 ; free physical = 6543 ; free virtual = 14030
Phase 5 Rip-up And Reroute | Checksum: 2a48064f9

Time (s): cpu = 00:00:45 ; elapsed = 00:00:26 . Memory (MB): peak = 3237.105 ; gain = 0.000 ; free physical = 6543 ; free virtual = 14030

Phase 6 Delay and Skew Optimization

Phase 6.1 Delay CleanUp

Phase 6.1.1 Update Timing
Phase 6.1.1 Update Timing | Checksum: 2da893bef

Time (s): cpu = 00:00:46 ; elapsed = 00:00:26 . Memory (MB): peak = 3237.105 ; gain = 0.000 ; free physical = 6543 ; free virtual = 14030
INFO: [Route 35-416] Intermediate Timing Summary | WNS=-4.306 | TNS=-351.181| WHS=N/A    | THS=N/A    |

 Number of Nodes with overlaps = 0
Phase 6.1 Delay CleanUp | Checksum: 2a2f9bb32

Time (s): cpu = 00:00:46 ; elapsed = 00:00:27 . Memory (MB): peak = 3237.105 ; gain = 0.000 ; free physical = 6543 ; free virtual = 14030

Phase 6.2 Clock Skew Optimization
Phase 6.2 Clock Skew Optimization | Checksum: 2a2f9bb32

Time (s): cpu = 00:00:46 ; elapsed = 00:00:27 . Memory (MB): peak = 3237.105 ; gain = 0.000 ; free physical = 6543 ; free virtual = 14030
Phase 6 Delay and Skew Optimization | Checksum: 2a2f9bb32

Time (s): cpu = 00:00:46 ; elapsed = 00:00:27 . Memory (MB): peak = 3237.105 ; gain = 0.000 ; free physical = 6543 ; free virtual = 14030

Phase 7 Post Hold Fix

Phase 7.1 Hold Fix Iter
INFO: [Route 35-416] Intermediate Timing Summary | WNS=-4.305 | TNS=-347.019| WHS=0.032  | THS=0.000  |

Phase 7.1 Hold Fix Iter | Checksum: 22ee94583

Time (s): cpu = 00:00:47 ; elapsed = 00:00:27 . Memory (MB): peak = 3237.105 ; gain = 0.000 ; free physical = 6543 ; free virtual = 14030
Phase 7 Post Hold Fix | Checksum: 22ee94583

Time (s): cpu = 00:00:47 ; elapsed = 00:00:27 . Memory (MB): peak = 3237.105 ; gain = 0.000 ; free physical = 6543 ; free virtual = 14030

Phase 8 Route finalize

Router Utilization Summary
  Global Vertical Routing Utilization    = 1.50456 %
  Global Horizontal Routing Utilization  = 1.80257 %
  Routable Net Status*
  *Does not include unroutable nets such as driverless and loadless.
  Run report_route_status for detailed report.
  Number of Failed Nets               = 0
    (Failed Nets is the sum of unrouted and partially routed nets)
  Number of Unrouted Nets             = 0
  Number of Partially Routed Nets     = 0
  Number of Node Overlaps             = 0


--GLOBAL Congestion:
Utilization threshold used for congestion level computation: 0.85
Congestion Report
North Dir 1x1 Area, Max Cong = 49.5495%, No Congested Regions.
South Dir 1x1 Area, Max Cong = 45.045%, No Congested Regions.
East Dir 1x1 Area, Max Cong = 50%, No Congested Regions.
West Dir 1x1 Area, Max Cong = 42.6471%, No Congested Regions.

------------------------------
Reporting congestion hotspots
------------------------------
Direction: North
----------------
Congested clusters found at Level 0
Effective congestion level: 0 Aspect Ratio: 1 Sparse Ratio: 0
Direction: South
----------------
Congested clusters found at Level 0
Effective congestion level: 0 Aspect Ratio: 1 Sparse Ratio: 0
Direction: East
----------------
Congested clusters found at Level 0
Effective congestion level: 0 Aspect Ratio: 1 Sparse Ratio: 0
Direction: West
----------------
Congested clusters found at Level 0
Effective congestion level: 0 Aspect Ratio: 1 Sparse Ratio: 0

Phase 8 Route finalize | Checksum: 22ee94583

Time (s): cpu = 00:00:47 ; elapsed = 00:00:27 . Memory (MB): peak = 3237.105 ; gain = 0.000 ; free physical = 6543 ; free virtual = 14030

Phase 9 Verifying routed nets

 Verification completed successfully
Phase 9 Verifying routed nets | Checksum: 22ee94583

Time (s): cpu = 00:00:48 ; elapsed = 00:00:27 . Memory (MB): peak = 3237.105 ; gain = 0.000 ; free physical = 6543 ; free virtual = 14030

Phase 10 Depositing Routes
Phase 10 Depositing Routes | Checksum: 1b79171cf

Time (s): cpu = 00:00:48 ; elapsed = 00:00:27 . Memory (MB): peak = 3237.105 ; gain = 0.000 ; free physical = 6543 ; free virtual = 14030

Phase 11 Post Process Routing
Phase 11 Post Process Routing | Checksum: 1b79171cf

Time (s): cpu = 00:00:48 ; elapsed = 00:00:27 . Memory (MB): peak = 3237.105 ; gain = 0.000 ; free physical = 6543 ; free virtual = 14030

Phase 12 Post Router Timing
INFO: [Route 35-57] Estimated Timing Summary | WNS=-4.305 | TNS=-347.019| WHS=0.032  | THS=0.000  |

WARNING: [Route 35-328] Router estimated timing not met.
Resolution: For a complete and accurate timing signoff, report_timing_summary must be run after route_design. Alternatively, route_design can be run with the -timing_summary option to enable a complete timing signoff at the end of route_design.
Phase 12 Post Router Timing | Checksum: 1b79171cf

Time (s): cpu = 00:00:48 ; elapsed = 00:00:27 . Memory (MB): peak = 3237.105 ; gain = 0.000 ; free physical = 6543 ; free virtual = 14030
Total Elapsed time in route_design: 27.26 secs

Phase 13 Post-Route Event Processing
Phase 13 Post-Route Event Processing | Checksum: 1d27965f2

Time (s): cpu = 00:00:49 ; elapsed = 00:00:27 . Memory (MB): peak = 3237.105 ; gain = 0.000 ; free physical = 6543 ; free virtual = 14030
INFO: [Route 35-16] Router Completed Successfully
Ending Routing Task | Checksum: 1d27965f2

Time (s): cpu = 00:00:49 ; elapsed = 00:00:27 . Memory (MB): peak = 3237.105 ; gain = 0.000 ; free physical = 6543 ; free virtual = 14030

Routing Is Done.
INFO: [Common 17-83] Releasing license: Implementation
207 Infos, 1 Warnings, 0 Critical Warnings and 0 Errors encountered.
route_design completed successfully
route_design: Time (s): cpu = 00:00:49 ; elapsed = 00:00:28 . Memory (MB): peak = 3237.105 ; gain = 0.000 ; free physical = 6543 ; free virtual = 14030
INFO: [Vivado 12-24828] Executing command : report_drc -file system_wrapper_drc_routed.rpt -pb system_wrapper_drc_routed.pb -rpx system_wrapper_drc_routed.rpx
Command: report_drc -file system_wrapper_drc_routed.rpt -pb system_wrapper_drc_routed.pb -rpx system_wrapper_drc_routed.rpx
INFO: [IP_Flow 19-1839] IP Catalog is up to date.
INFO: [DRC 23-27] Running DRC with 8 threads
INFO: [Vivado_Tcl 2-168] The results of DRC are in file /home/chathupa/Desktop/dnn_opt/build/dnn_zynq_hdmi/dnn_zynq_hdmi.runs/impl_1/system_wrapper_drc_routed.rpt.
report_drc completed successfully
INFO: [Vivado 12-24828] Executing command : report_methodology -file system_wrapper_methodology_drc_routed.rpt -pb system_wrapper_methodology_drc_routed.pb -rpx system_wrapper_methodology_drc_routed.rpx
Command: report_methodology -file system_wrapper_methodology_drc_routed.rpt -pb system_wrapper_methodology_drc_routed.pb -rpx system_wrapper_methodology_drc_routed.rpx
INFO: [Timing 38-35] Done setting XDC timing constraints.
INFO: [DRC 23-133] Running Methodology with 8 threads
INFO: [Vivado_Tcl 2-1520] The results of Report Methodology are in file /home/chathupa/Desktop/dnn_opt/build/dnn_zynq_hdmi/dnn_zynq_hdmi.runs/impl_1/system_wrapper_methodology_drc_routed.rpt.
report_methodology completed successfully
INFO: [Vivado 12-24828] Executing command : report_timing_summary -max_paths 10 -routable_nets -report_unconstrained -file system_wrapper_timing_summary_routed.rpt -pb system_wrapper_timing_summary_routed.pb -rpx system_wrapper_timing_summary_routed.rpx -warn_on_violation 
INFO: [Timing 38-35] Done setting XDC timing constraints.
INFO: [Timing 38-91] UpdateTimingParams: Speed grade: -1, Delay Type: min_max.
INFO: [Timing 38-191] Multithreading enabled for timing update using a maximum of 8 CPUs
CRITICAL WARNING: [Timing 38-282] The design failed to meet the timing requirements. Please see the timing summary report for details on the timing violations.
INFO: [Vivado 12-24838] Running report commands "report_bus_skew, report_incremental_reuse, report_route_status" in parallel.
Running report generation with 3 threads.
INFO: [Vivado 12-24828] Executing command : report_incremental_reuse -file system_wrapper_incremental_reuse_routed.rpt
INFO: [Vivado_Tcl 4-1062] Incremental flow is disabled. No incremental reuse Info to report.
INFO: [Vivado 12-24828] Executing command : report_route_status -file system_wrapper_route_status.rpt -pb system_wrapper_route_status.pb
INFO: [Vivado 12-24828] Executing command : report_bus_skew -warn_on_violation -file system_wrapper_bus_skew_routed.rpt -pb system_wrapper_bus_skew_routed.pb -rpx system_wrapper_bus_skew_routed.rpx
INFO: [Timing 38-91] UpdateTimingParams: Speed grade: -1, Delay Type: min_max.
INFO: [Timing 38-191] Multithreading enabled for timing update using a maximum of 8 CPUs
INFO: [Vivado 12-24828] Executing command : report_power -file system_wrapper_power_routed.rpt -pb system_wrapper_power_summary_routed.pb -rpx system_wrapper_power_routed.rpx
Command: report_power -file system_wrapper_power_routed.rpt -pb system_wrapper_power_summary_routed.pb -rpx system_wrapper_power_routed.rpx
Running Vector-less Activity Propagation...

Finished Running Vector-less Activity Propagation
WARNING: [Power 33-332] Found switching activity that implies high-fanout reset nets being asserted for excessive periods of time which may result in inaccurate power analysis.
Resolution: To review and fix problems, please run Power Constraints Advisor in the GUI from Tools > Power Constraints Advisor or run report_power with the -advisory option to generate a text report.
227 Infos, 2 Warnings, 1 Critical Warnings and 0 Errors encountered.
report_power completed successfully
INFO: [Vivado 12-24828] Executing command : report_clock_utilization -file system_wrapper_clock_utilization_routed.rpt
generate_parallel_reports: Time (s): cpu = 00:00:27 ; elapsed = 00:00:08 . Memory (MB): peak = 3237.105 ; gain = 0.000 ; free physical = 6472 ; free virtual = 13978
INFO: [Timing 38-480] Writing timing data to binary archive.
Wrote PlaceDB: Time (s): cpu = 00:00:00 ; elapsed = 00:00:00 . Memory (MB): peak = 3237.105 ; gain = 0.000 ; free physical = 6472 ; free virtual = 13978
Wrote PulsedLatchDB: Time (s): cpu = 00:00:00 ; elapsed = 00:00:00 . Memory (MB): peak = 3237.105 ; gain = 0.000 ; free physical = 6472 ; free virtual = 13978
Writing XDEF routing.
Write ShapeDB Complete: Time (s): cpu = 00:00:00.07 ; elapsed = 00:00:00.01 . Memory (MB): peak = 3237.105 ; gain = 0.000 ; free physical = 6472 ; free virtual = 13978
Writing XDEF routing logical nets.
Writing XDEF routing special nets.
Wrote RouteStorage: Time (s): cpu = 00:00:00.41 ; elapsed = 00:00:00.09 . Memory (MB): peak = 3237.105 ; gain = 0.000 ; free physical = 6470 ; free virtual = 13979
Wrote PlaceStorage: Time (s): cpu = 00:00:00.83 ; elapsed = 00:00:00.28 . Memory (MB): peak = 3237.105 ; gain = 0.000 ; free physical = 6472 ; free virtual = 13981
Wrote Netlist Cache: Time (s): cpu = 00:00:00.01 ; elapsed = 00:00:00.01 . Memory (MB): peak = 3237.105 ; gain = 0.000 ; free physical = 6472 ; free virtual = 13982
Wrote Device Cache: Time (s): cpu = 00:00:00.02 ; elapsed = 00:00:00.01 . Memory (MB): peak = 3237.105 ; gain = 0.000 ; free physical = 6470 ; free virtual = 13981
Write Physdb Complete: Time (s): cpu = 00:00:01 ; elapsed = 00:00:00.39 . Memory (MB): peak = 3237.105 ; gain = 0.000 ; free physical = 6470 ; free virtual = 13981
INFO: [Common 17-1381] The checkpoint '/home/chathupa/Desktop/dnn_opt/build/dnn_zynq_hdmi/dnn_zynq_hdmi.runs/impl_1/system_wrapper_routed.dcp' has been generated.
Command: write_bitstream -force system_wrapper.bit
Attempting to get a license for feature 'Implementation' and/or device 'xc7z020'
INFO: [Common 17-349] Got license for feature 'Implementation' and/or device 'xc7z020'
Running DRC as a precondition to command write_bitstream
INFO: [IP_Flow 19-1839] IP Catalog is up to date.
INFO: [DRC 23-27] Running DRC with 8 threads
INFO: [Vivado 12-3199] DRC finished with 0 Errors
INFO: [Vivado 12-3200] Please refer to the DRC report (report_drc) for more information.
Integrating Hard IP ELF/MEM with the PDI.
INFO: [Designutils 20-2272] Running write_bitstream with 8 threads.
Loading data files...
Loading site data...
Loading route data...
Processing options...
Creating bitmap...
Creating bitstream...
Writing bitstream ./system_wrapper.bit...
INFO: [Vivado 12-1842] Bitgen Completed Successfully.
INFO: [Common 17-83] Releasing license: Implementation
238 Infos, 2 Warnings, 1 Critical Warnings and 0 Errors encountered.
write_bitstream completed successfully
write_bitstream: Time (s): cpu = 00:00:33 ; elapsed = 00:00:10 . Memory (MB): peak = 3337.059 ; gain = 99.953 ; free physical = 6159 ; free virtual = 13677
INFO: [Common 17-206] Exiting Vivado at Wed Jul  8 16:43:20 2026...
