Copyright 1986-2022 Xilinx, Inc. All Rights Reserved. Copyright 2022-2025 Advanced Micro Devices, Inc. All Rights Reserved.
---------------------------------------------------------------------------------------------------------------------------------------------
| Tool Version : Vivado v.2025.2 (lin64) Build 6299465 Fri Nov 14 12:34:56 MST 2025
| Date         : Wed Jul  8 16:41:59 2026
| Host         : chathupa-Nitro-AN515-55 running 64-bit Ubuntu 24.04.3 LTS
| Command      : report_drc -file system_wrapper_drc_opted.rpt -pb system_wrapper_drc_opted.pb -rpx system_wrapper_drc_opted.rpx
| Design       : system_wrapper
| Device       : xc7z020clg484-1
| Speed File   : -1
| Design State : Synthesized
---------------------------------------------------------------------------------------------------------------------------------------------

Report DRC

Table of Contents
-----------------
1. REPORT SUMMARY
2. REPORT DETAILS

1. REPORT SUMMARY
-----------------
            Netlist: netlist
          Floorplan: design_1
      Design limits: <entire design considered>
           Ruledeck: default
             Max checks: <unlimited>
             Checks found: 64
+-----------+----------+----------------------------+--------+
| Rule      | Severity | Description                | Checks |
+-----------+----------+----------------------------+--------+
| DPIP-1    | Warning  | Input pipelining           | 24     |
| DPOP-1    | Warning  | PREG Output pipelining     | 19     |
| DPOP-2    | Warning  | MREG Output pipelining     | 18     |
| REQP-1839 | Warning  | RAMB36 async control check | 3      |
+-----------+----------+----------------------------+--------+

2. REPORT DETAILS
-----------------
DPIP-1#1 Warning
Input pipelining  
DSP system_i/accel/inst/u_accel/FIXED_MODE.nn_core/pipeline/layer_0/control_unit/act_raddr0 input system_i/accel/inst/u_accel/FIXED_MODE.nn_core/pipeline/layer_0/control_unit/act_raddr0/C[47:0] is not pipelined. Pipelining DSP48 input will improve performance.
Related violations: <none>

DPIP-1#2 Warning
Input pipelining  
DSP system_i/accel/inst/u_accel/FIXED_MODE.nn_core/pipeline/layer_0/control_unit/out_waddr0 input system_i/accel/inst/u_accel/FIXED_MODE.nn_core/pipeline/layer_0/control_unit/out_waddr0/C[47:0] is not pipelined. Pipelining DSP48 input will improve performance.
Related violations: <none>

DPIP-1#3 Warning
Input pipelining  
DSP system_i/accel/inst/u_accel/FIXED_MODE.nn_core/pipeline/layer_0/control_unit/out_waddr2 input system_i/accel/inst/u_accel/FIXED_MODE.nn_core/pipeline/layer_0/control_unit/out_waddr2/A[29:0] is not pipelined. Pipelining DSP48 input will improve performance.
Related violations: <none>

DPIP-1#4 Warning
Input pipelining  
DSP system_i/accel/inst/u_accel/FIXED_MODE.nn_core/pipeline/layer_0/control_unit/p_0_out input system_i/accel/inst/u_accel/FIXED_MODE.nn_core/pipeline/layer_0/control_unit/p_0_out/A[29:0] is not pipelined. Pipelining DSP48 input will improve performance.
Related violations: <none>

DPIP-1#5 Warning
Input pipelining  
DSP system_i/accel/inst/u_accel/FIXED_MODE.nn_core/pipeline/layer_0/control_unit/p_1_out input system_i/accel/inst/u_accel/FIXED_MODE.nn_core/pipeline/layer_0/control_unit/p_1_out/B[17:0] is not pipelined. Pipelining DSP48 input will improve performance.
Related violations: <none>

DPIP-1#6 Warning
Input pipelining  
DSP system_i/accel/inst/u_accel/FIXED_MODE.nn_core/pipeline/layer_0/control_unit/p_1_out input system_i/accel/inst/u_accel/FIXED_MODE.nn_core/pipeline/layer_0/control_unit/p_1_out/C[47:0] is not pipelined. Pipelining DSP48 input will improve performance.
Related violations: <none>

DPIP-1#7 Warning
Input pipelining  
DSP system_i/accel/inst/u_accel/FIXED_MODE.nn_core/pipeline/layer_0/control_unit/wgt_raddr4 input system_i/accel/inst/u_accel/FIXED_MODE.nn_core/pipeline/layer_0/control_unit/wgt_raddr4/A[29:0] is not pipelined. Pipelining DSP48 input will improve performance.
Related violations: <none>

DPIP-1#8 Warning
Input pipelining  
DSP system_i/accel/inst/u_accel/FIXED_MODE.nn_core/pipeline/layer_0/next_acc_conv_fc0 input system_i/accel/inst/u_accel/FIXED_MODE.nn_core/pipeline/layer_0/next_acc_conv_fc0/A[29:0] is not pipelined. Pipelining DSP48 input will improve performance.
Related violations: <none>

DPIP-1#9 Warning
Input pipelining  
DSP system_i/accel/inst/u_accel/FIXED_MODE.nn_core/pipeline/layer_0/next_acc_conv_fc0 input system_i/accel/inst/u_accel/FIXED_MODE.nn_core/pipeline/layer_0/next_acc_conv_fc0/B[17:0] is not pipelined. Pipelining DSP48 input will improve performance.
Related violations: <none>

DPIP-1#10 Warning
Input pipelining  
DSP system_i/accel/inst/u_accel/FIXED_MODE.nn_core/pipeline/layer_0/next_acc_conv_fc0 input system_i/accel/inst/u_accel/FIXED_MODE.nn_core/pipeline/layer_0/next_acc_conv_fc0/C[47:0] is not pipelined. Pipelining DSP48 input will improve performance.
Related violations: <none>

DPIP-1#11 Warning
Input pipelining  
DSP system_i/accel/inst/u_accel/FIXED_MODE.nn_core/pipeline/layer_1/control_unit/act_raddr0 input system_i/accel/inst/u_accel/FIXED_MODE.nn_core/pipeline/layer_1/control_unit/act_raddr0/C[47:0] is not pipelined. Pipelining DSP48 input will improve performance.
Related violations: <none>

DPIP-1#12 Warning
Input pipelining  
DSP system_i/accel/inst/u_accel/FIXED_MODE.nn_core/pipeline/layer_1/control_unit/act_raddr1 input system_i/accel/inst/u_accel/FIXED_MODE.nn_core/pipeline/layer_1/control_unit/act_raddr1/A[29:0] is not pipelined. Pipelining DSP48 input will improve performance.
Related violations: <none>

DPIP-1#13 Warning
Input pipelining  
DSP system_i/accel/inst/u_accel/FIXED_MODE.nn_core/pipeline/layer_1/control_unit/out_waddr0 input system_i/accel/inst/u_accel/FIXED_MODE.nn_core/pipeline/layer_1/control_unit/out_waddr0/A[29:0] is not pipelined. Pipelining DSP48 input will improve performance.
Related violations: <none>

DPIP-1#14 Warning
Input pipelining  
DSP system_i/accel/inst/u_accel/FIXED_MODE.nn_core/pipeline/layer_1/control_unit/out_waddr0 input system_i/accel/inst/u_accel/FIXED_MODE.nn_core/pipeline/layer_1/control_unit/out_waddr0/C[47:0] is not pipelined. Pipelining DSP48 input will improve performance.
Related violations: <none>

DPIP-1#15 Warning
Input pipelining  
DSP system_i/accel/inst/u_accel/FIXED_MODE.nn_core/pipeline/layer_2/control_unit/act_raddr0 input system_i/accel/inst/u_accel/FIXED_MODE.nn_core/pipeline/layer_2/control_unit/act_raddr0/C[47:0] is not pipelined. Pipelining DSP48 input will improve performance.
Related violations: <none>

DPIP-1#16 Warning
Input pipelining  
DSP system_i/accel/inst/u_accel/FIXED_MODE.nn_core/pipeline/layer_2/control_unit/act_raddr1 input system_i/accel/inst/u_accel/FIXED_MODE.nn_core/pipeline/layer_2/control_unit/act_raddr1/A[29:0] is not pipelined. Pipelining DSP48 input will improve performance.
Related violations: <none>

DPIP-1#17 Warning
Input pipelining  
DSP system_i/accel/inst/u_accel/FIXED_MODE.nn_core/pipeline/layer_2/control_unit/out_waddr0 input system_i/accel/inst/u_accel/FIXED_MODE.nn_core/pipeline/layer_2/control_unit/out_waddr0/A[29:0] is not pipelined. Pipelining DSP48 input will improve performance.
Related violations: <none>

DPIP-1#18 Warning
Input pipelining  
DSP system_i/accel/inst/u_accel/FIXED_MODE.nn_core/pipeline/layer_2/control_unit/out_waddr0 input system_i/accel/inst/u_accel/FIXED_MODE.nn_core/pipeline/layer_2/control_unit/out_waddr0/C[47:0] is not pipelined. Pipelining DSP48 input will improve performance.
Related violations: <none>

DPIP-1#19 Warning
Input pipelining  
DSP system_i/accel/inst/u_accel/FIXED_MODE.nn_core/pipeline/layer_3/product input system_i/accel/inst/u_accel/FIXED_MODE.nn_core/pipeline/layer_3/product/A[29:0] is not pipelined. Pipelining DSP48 input will improve performance.
Related violations: <none>

DPIP-1#20 Warning
Input pipelining  
DSP system_i/accel/inst/u_accel/FIXED_MODE.nn_core/pipeline/layer_3/product input system_i/accel/inst/u_accel/FIXED_MODE.nn_core/pipeline/layer_3/product/B[17:0] is not pipelined. Pipelining DSP48 input will improve performance.
Related violations: <none>

DPIP-1#21 Warning
Input pipelining  
DSP system_i/accel/inst/u_accel/FIXED_MODE.nn_core/pipeline/layer_3/product__0 input system_i/accel/inst/u_accel/FIXED_MODE.nn_core/pipeline/layer_3/product__0/A[29:0] is not pipelined. Pipelining DSP48 input will improve performance.
Related violations: <none>

DPIP-1#22 Warning
Input pipelining  
DSP system_i/accel/inst/u_accel/FIXED_MODE.nn_core/pipeline/layer_3/product__0 input system_i/accel/inst/u_accel/FIXED_MODE.nn_core/pipeline/layer_3/product__0/B[17:0] is not pipelined. Pipelining DSP48 input will improve performance.
Related violations: <none>

DPIP-1#23 Warning
Input pipelining  
DSP system_i/accel/inst/u_accel/FIXED_MODE.nn_core/pipeline/layer_3/product__1 input system_i/accel/inst/u_accel/FIXED_MODE.nn_core/pipeline/layer_3/product__1/B[17:0] is not pipelined. Pipelining DSP48 input will improve performance.
Related violations: <none>

DPIP-1#24 Warning
Input pipelining  
DSP system_i/hdmi/inst/f_addr0 input system_i/hdmi/inst/f_addr0/C[47:0] is not pipelined. Pipelining DSP48 input will improve performance.
Related violations: <none>

DPOP-1#1 Warning
PREG Output pipelining  
DSP system_i/accel/inst/u_accel/FIXED_MODE.nn_core/pipeline/layer_0/control_unit/act_raddr0 output system_i/accel/inst/u_accel/FIXED_MODE.nn_core/pipeline/layer_0/control_unit/act_raddr0/P[47:0] is not pipelined (PREG=0). Pipelining the DSP48 output will improve performance and often saves power so it is suggested whenever possible to fully pipeline this function.  If this DSP48 function was inferred, it is suggested to describe an additional register stage after this function.  If the DSP48 was instantiated in the design, it is suggested to set the PREG attribute to 1.
Related violations: <none>

DPOP-1#2 Warning
PREG Output pipelining  
DSP system_i/accel/inst/u_accel/FIXED_MODE.nn_core/pipeline/layer_0/control_unit/act_raddr1 output system_i/accel/inst/u_accel/FIXED_MODE.nn_core/pipeline/layer_0/control_unit/act_raddr1/P[47:0] is not pipelined (PREG=0). Pipelining the DSP48 output will improve performance and often saves power so it is suggested whenever possible to fully pipeline this function.  If this DSP48 function was inferred, it is suggested to describe an additional register stage after this function.  If the DSP48 was instantiated in the design, it is suggested to set the PREG attribute to 1.
Related violations: <none>

DPOP-1#3 Warning
PREG Output pipelining  
DSP system_i/accel/inst/u_accel/FIXED_MODE.nn_core/pipeline/layer_0/control_unit/out_waddr2 output system_i/accel/inst/u_accel/FIXED_MODE.nn_core/pipeline/layer_0/control_unit/out_waddr2/P[47:0] is not pipelined (PREG=0). Pipelining the DSP48 output will improve performance and often saves power so it is suggested whenever possible to fully pipeline this function.  If this DSP48 function was inferred, it is suggested to describe an additional register stage after this function.  If the DSP48 was instantiated in the design, it is suggested to set the PREG attribute to 1.
Related violations: <none>

DPOP-1#4 Warning
PREG Output pipelining  
DSP system_i/accel/inst/u_accel/FIXED_MODE.nn_core/pipeline/layer_0/control_unit/p_1_out output system_i/accel/inst/u_accel/FIXED_MODE.nn_core/pipeline/layer_0/control_unit/p_1_out/P[47:0] is not pipelined (PREG=0). Pipelining the DSP48 output will improve performance and often saves power so it is suggested whenever possible to fully pipeline this function.  If this DSP48 function was inferred, it is suggested to describe an additional register stage after this function.  If the DSP48 was instantiated in the design, it is suggested to set the PREG attribute to 1.
Related violations: <none>

DPOP-1#5 Warning
PREG Output pipelining  
DSP system_i/accel/inst/u_accel/FIXED_MODE.nn_core/pipeline/layer_0/control_unit/wgt_raddr3 output system_i/accel/inst/u_accel/FIXED_MODE.nn_core/pipeline/layer_0/control_unit/wgt_raddr3/P[47:0] is not pipelined (PREG=0). Pipelining the DSP48 output will improve performance and often saves power so it is suggested whenever possible to fully pipeline this function.  If this DSP48 function was inferred, it is suggested to describe an additional register stage after this function.  If the DSP48 was instantiated in the design, it is suggested to set the PREG attribute to 1.
Related violations: <none>

DPOP-1#6 Warning
PREG Output pipelining  
DSP system_i/accel/inst/u_accel/FIXED_MODE.nn_core/pipeline/layer_0/control_unit/wgt_raddr4 output system_i/accel/inst/u_accel/FIXED_MODE.nn_core/pipeline/layer_0/control_unit/wgt_raddr4/P[47:0] is not pipelined (PREG=0). Pipelining the DSP48 output will improve performance and often saves power so it is suggested whenever possible to fully pipeline this function.  If this DSP48 function was inferred, it is suggested to describe an additional register stage after this function.  If the DSP48 was instantiated in the design, it is suggested to set the PREG attribute to 1.
Related violations: <none>

DPOP-1#7 Warning
PREG Output pipelining  
DSP system_i/accel/inst/u_accel/FIXED_MODE.nn_core/pipeline/layer_0/next_acc_conv_fc0 output system_i/accel/inst/u_accel/FIXED_MODE.nn_core/pipeline/layer_0/next_acc_conv_fc0/P[47:0] is not pipelined (PREG=0). Pipelining the DSP48 output will improve performance and often saves power so it is suggested whenever possible to fully pipeline this function.  If this DSP48 function was inferred, it is suggested to describe an additional register stage after this function.  If the DSP48 was instantiated in the design, it is suggested to set the PREG attribute to 1.
Related violations: <none>

DPOP-1#8 Warning
PREG Output pipelining  
DSP system_i/accel/inst/u_accel/FIXED_MODE.nn_core/pipeline/layer_1/control_unit/act_raddr0__0 output system_i/accel/inst/u_accel/FIXED_MODE.nn_core/pipeline/layer_1/control_unit/act_raddr0__0/P[47:0] is not pipelined (PREG=0). Pipelining the DSP48 output will improve performance and often saves power so it is suggested whenever possible to fully pipeline this function.  If this DSP48 function was inferred, it is suggested to describe an additional register stage after this function.  If the DSP48 was instantiated in the design, it is suggested to set the PREG attribute to 1.
Related violations: <none>

DPOP-1#9 Warning
PREG Output pipelining  
DSP system_i/accel/inst/u_accel/FIXED_MODE.nn_core/pipeline/layer_1/control_unit/act_raddr1 output system_i/accel/inst/u_accel/FIXED_MODE.nn_core/pipeline/layer_1/control_unit/act_raddr1/P[47:0] is not pipelined (PREG=0). Pipelining the DSP48 output will improve performance and often saves power so it is suggested whenever possible to fully pipeline this function.  If this DSP48 function was inferred, it is suggested to describe an additional register stage after this function.  If the DSP48 was instantiated in the design, it is suggested to set the PREG attribute to 1.
Related violations: <none>

DPOP-1#10 Warning
PREG Output pipelining  
DSP system_i/accel/inst/u_accel/FIXED_MODE.nn_core/pipeline/layer_1/control_unit/out_waddr0 output system_i/accel/inst/u_accel/FIXED_MODE.nn_core/pipeline/layer_1/control_unit/out_waddr0/P[47:0] is not pipelined (PREG=0). Pipelining the DSP48 output will improve performance and often saves power so it is suggested whenever possible to fully pipeline this function.  If this DSP48 function was inferred, it is suggested to describe an additional register stage after this function.  If the DSP48 was instantiated in the design, it is suggested to set the PREG attribute to 1.
Related violations: <none>

DPOP-1#11 Warning
PREG Output pipelining  
DSP system_i/accel/inst/u_accel/FIXED_MODE.nn_core/pipeline/layer_1/control_unit/out_waddr2 output system_i/accel/inst/u_accel/FIXED_MODE.nn_core/pipeline/layer_1/control_unit/out_waddr2/P[47:0] is not pipelined (PREG=0). Pipelining the DSP48 output will improve performance and often saves power so it is suggested whenever possible to fully pipeline this function.  If this DSP48 function was inferred, it is suggested to describe an additional register stage after this function.  If the DSP48 was instantiated in the design, it is suggested to set the PREG attribute to 1.
Related violations: <none>

DPOP-1#12 Warning
PREG Output pipelining  
DSP system_i/accel/inst/u_accel/FIXED_MODE.nn_core/pipeline/layer_2/control_unit/act_raddr0__0 output system_i/accel/inst/u_accel/FIXED_MODE.nn_core/pipeline/layer_2/control_unit/act_raddr0__0/P[47:0] is not pipelined (PREG=0). Pipelining the DSP48 output will improve performance and often saves power so it is suggested whenever possible to fully pipeline this function.  If this DSP48 function was inferred, it is suggested to describe an additional register stage after this function.  If the DSP48 was instantiated in the design, it is suggested to set the PREG attribute to 1.
Related violations: <none>

DPOP-1#13 Warning
PREG Output pipelining  
DSP system_i/accel/inst/u_accel/FIXED_MODE.nn_core/pipeline/layer_2/control_unit/act_raddr1 output system_i/accel/inst/u_accel/FIXED_MODE.nn_core/pipeline/layer_2/control_unit/act_raddr1/P[47:0] is not pipelined (PREG=0). Pipelining the DSP48 output will improve performance and often saves power so it is suggested whenever possible to fully pipeline this function.  If this DSP48 function was inferred, it is suggested to describe an additional register stage after this function.  If the DSP48 was instantiated in the design, it is suggested to set the PREG attribute to 1.
Related violations: <none>

DPOP-1#14 Warning
PREG Output pipelining  
DSP system_i/accel/inst/u_accel/FIXED_MODE.nn_core/pipeline/layer_2/control_unit/out_waddr0 output system_i/accel/inst/u_accel/FIXED_MODE.nn_core/pipeline/layer_2/control_unit/out_waddr0/P[47:0] is not pipelined (PREG=0). Pipelining the DSP48 output will improve performance and often saves power so it is suggested whenever possible to fully pipeline this function.  If this DSP48 function was inferred, it is suggested to describe an additional register stage after this function.  If the DSP48 was instantiated in the design, it is suggested to set the PREG attribute to 1.
Related violations: <none>

DPOP-1#15 Warning
PREG Output pipelining  
DSP system_i/accel/inst/u_accel/FIXED_MODE.nn_core/pipeline/layer_2/control_unit/out_waddr2 output system_i/accel/inst/u_accel/FIXED_MODE.nn_core/pipeline/layer_2/control_unit/out_waddr2/P[47:0] is not pipelined (PREG=0). Pipelining the DSP48 output will improve performance and often saves power so it is suggested whenever possible to fully pipeline this function.  If this DSP48 function was inferred, it is suggested to describe an additional register stage after this function.  If the DSP48 was instantiated in the design, it is suggested to set the PREG attribute to 1.
Related violations: <none>

DPOP-1#16 Warning
PREG Output pipelining  
DSP system_i/accel/inst/u_accel/FIXED_MODE.nn_core/pipeline/layer_3/product output system_i/accel/inst/u_accel/FIXED_MODE.nn_core/pipeline/layer_3/product/P[47:0] is not pipelined (PREG=0). Pipelining the DSP48 output will improve performance and often saves power so it is suggested whenever possible to fully pipeline this function.  If this DSP48 function was inferred, it is suggested to describe an additional register stage after this function.  If the DSP48 was instantiated in the design, it is suggested to set the PREG attribute to 1.
Related violations: <none>

DPOP-1#17 Warning
PREG Output pipelining  
DSP system_i/accel/inst/u_accel/FIXED_MODE.nn_core/pipeline/layer_3/product__0 output system_i/accel/inst/u_accel/FIXED_MODE.nn_core/pipeline/layer_3/product__0/P[47:0] is not pipelined (PREG=0). Pipelining the DSP48 output will improve performance and often saves power so it is suggested whenever possible to fully pipeline this function.  If this DSP48 function was inferred, it is suggested to describe an additional register stage after this function.  If the DSP48 was instantiated in the design, it is suggested to set the PREG attribute to 1.
Related violations: <none>

DPOP-1#18 Warning
PREG Output pipelining  
DSP system_i/accel/inst/u_accel/FIXED_MODE.nn_core/pipeline/layer_3/product__1 output system_i/accel/inst/u_accel/FIXED_MODE.nn_core/pipeline/layer_3/product__1/P[47:0] is not pipelined (PREG=0). Pipelining the DSP48 output will improve performance and often saves power so it is suggested whenever possible to fully pipeline this function.  If this DSP48 function was inferred, it is suggested to describe an additional register stage after this function.  If the DSP48 was instantiated in the design, it is suggested to set the PREG attribute to 1.
Related violations: <none>

DPOP-1#19 Warning
PREG Output pipelining  
DSP system_i/hdmi/inst/f_addr0 output system_i/hdmi/inst/f_addr0/P[47:0] is not pipelined (PREG=0). Pipelining the DSP48 output will improve performance and often saves power so it is suggested whenever possible to fully pipeline this function.  If this DSP48 function was inferred, it is suggested to describe an additional register stage after this function.  If the DSP48 was instantiated in the design, it is suggested to set the PREG attribute to 1.
Related violations: <none>

DPOP-2#1 Warning
MREG Output pipelining  
DSP system_i/accel/inst/u_accel/FIXED_MODE.nn_core/pipeline/layer_0/control_unit/act_raddr0 multiplier stage system_i/accel/inst/u_accel/FIXED_MODE.nn_core/pipeline/layer_0/control_unit/act_raddr0/P[47:0] is not pipelined (MREG=0). Pipelining the multiplier function will improve performance and will save significant power so it is suggested whenever possible to fully pipeline this function.  If this multiplier was inferred, it is suggested to describe an additional register stage after this function.  If there is no registered adder/accumulator following the multiply function, two pipeline stages are suggested to allow both the MREG and PREG registers to be used.  If the DSP48 was instantiated in the design, it is suggested to set both the MREG and PREG attributes to 1 when performing multiply functions.
Related violations: <none>

DPOP-2#2 Warning
MREG Output pipelining  
DSP system_i/accel/inst/u_accel/FIXED_MODE.nn_core/pipeline/layer_0/control_unit/act_raddr1 multiplier stage system_i/accel/inst/u_accel/FIXED_MODE.nn_core/pipeline/layer_0/control_unit/act_raddr1/P[47:0] is not pipelined (MREG=0). Pipelining the multiplier function will improve performance and will save significant power so it is suggested whenever possible to fully pipeline this function.  If this multiplier was inferred, it is suggested to describe an additional register stage after this function.  If there is no registered adder/accumulator following the multiply function, two pipeline stages are suggested to allow both the MREG and PREG registers to be used.  If the DSP48 was instantiated in the design, it is suggested to set both the MREG and PREG attributes to 1 when performing multiply functions.
Related violations: <none>

DPOP-2#3 Warning
MREG Output pipelining  
DSP system_i/accel/inst/u_accel/FIXED_MODE.nn_core/pipeline/layer_0/control_unit/out_waddr2 multiplier stage system_i/accel/inst/u_accel/FIXED_MODE.nn_core/pipeline/layer_0/control_unit/out_waddr2/P[47:0] is not pipelined (MREG=0). Pipelining the multiplier function will improve performance and will save significant power so it is suggested whenever possible to fully pipeline this function.  If this multiplier was inferred, it is suggested to describe an additional register stage after this function.  If there is no registered adder/accumulator following the multiply function, two pipeline stages are suggested to allow both the MREG and PREG registers to be used.  If the DSP48 was instantiated in the design, it is suggested to set both the MREG and PREG attributes to 1 when performing multiply functions.
Related violations: <none>

DPOP-2#4 Warning
MREG Output pipelining  
DSP system_i/accel/inst/u_accel/FIXED_MODE.nn_core/pipeline/layer_0/control_unit/wgt_raddr3 multiplier stage system_i/accel/inst/u_accel/FIXED_MODE.nn_core/pipeline/layer_0/control_unit/wgt_raddr3/P[47:0] is not pipelined (MREG=0). Pipelining the multiplier function will improve performance and will save significant power so it is suggested whenever possible to fully pipeline this function.  If this multiplier was inferred, it is suggested to describe an additional register stage after this function.  If there is no registered adder/accumulator following the multiply function, two pipeline stages are suggested to allow both the MREG and PREG registers to be used.  If the DSP48 was instantiated in the design, it is suggested to set both the MREG and PREG attributes to 1 when performing multiply functions.
Related violations: <none>

DPOP-2#5 Warning
MREG Output pipelining  
DSP system_i/accel/inst/u_accel/FIXED_MODE.nn_core/pipeline/layer_0/control_unit/wgt_raddr4 multiplier stage system_i/accel/inst/u_accel/FIXED_MODE.nn_core/pipeline/layer_0/control_unit/wgt_raddr4/P[47:0] is not pipelined (MREG=0). Pipelining the multiplier function will improve performance and will save significant power so it is suggested whenever possible to fully pipeline this function.  If this multiplier was inferred, it is suggested to describe an additional register stage after this function.  If there is no registered adder/accumulator following the multiply function, two pipeline stages are suggested to allow both the MREG and PREG registers to be used.  If the DSP48 was instantiated in the design, it is suggested to set both the MREG and PREG attributes to 1 when performing multiply functions.
Related violations: <none>

DPOP-2#6 Warning
MREG Output pipelining  
DSP system_i/accel/inst/u_accel/FIXED_MODE.nn_core/pipeline/layer_0/next_acc_conv_fc0 multiplier stage system_i/accel/inst/u_accel/FIXED_MODE.nn_core/pipeline/layer_0/next_acc_conv_fc0/P[47:0] is not pipelined (MREG=0). Pipelining the multiplier function will improve performance and will save significant power so it is suggested whenever possible to fully pipeline this function.  If this multiplier was inferred, it is suggested to describe an additional register stage after this function.  If there is no registered adder/accumulator following the multiply function, two pipeline stages are suggested to allow both the MREG and PREG registers to be used.  If the DSP48 was instantiated in the design, it is suggested to set both the MREG and PREG attributes to 1 when performing multiply functions.
Related violations: <none>

DPOP-2#7 Warning
MREG Output pipelining  
DSP system_i/accel/inst/u_accel/FIXED_MODE.nn_core/pipeline/layer_1/control_unit/act_raddr0__0 multiplier stage system_i/accel/inst/u_accel/FIXED_MODE.nn_core/pipeline/layer_1/control_unit/act_raddr0__0/P[47:0] is not pipelined (MREG=0). Pipelining the multiplier function will improve performance and will save significant power so it is suggested whenever possible to fully pipeline this function.  If this multiplier was inferred, it is suggested to describe an additional register stage after this function.  If there is no registered adder/accumulator following the multiply function, two pipeline stages are suggested to allow both the MREG and PREG registers to be used.  If the DSP48 was instantiated in the design, it is suggested to set both the MREG and PREG attributes to 1 when performing multiply functions.
Related violations: <none>

DPOP-2#8 Warning
MREG Output pipelining  
DSP system_i/accel/inst/u_accel/FIXED_MODE.nn_core/pipeline/layer_1/control_unit/act_raddr1 multiplier stage system_i/accel/inst/u_accel/FIXED_MODE.nn_core/pipeline/layer_1/control_unit/act_raddr1/P[47:0] is not pipelined (MREG=0). Pipelining the multiplier function will improve performance and will save significant power so it is suggested whenever possible to fully pipeline this function.  If this multiplier was inferred, it is suggested to describe an additional register stage after this function.  If there is no registered adder/accumulator following the multiply function, two pipeline stages are suggested to allow both the MREG and PREG registers to be used.  If the DSP48 was instantiated in the design, it is suggested to set both the MREG and PREG attributes to 1 when performing multiply functions.
Related violations: <none>

DPOP-2#9 Warning
MREG Output pipelining  
DSP system_i/accel/inst/u_accel/FIXED_MODE.nn_core/pipeline/layer_1/control_unit/out_waddr0 multiplier stage system_i/accel/inst/u_accel/FIXED_MODE.nn_core/pipeline/layer_1/control_unit/out_waddr0/P[47:0] is not pipelined (MREG=0). Pipelining the multiplier function will improve performance and will save significant power so it is suggested whenever possible to fully pipeline this function.  If this multiplier was inferred, it is suggested to describe an additional register stage after this function.  If there is no registered adder/accumulator following the multiply function, two pipeline stages are suggested to allow both the MREG and PREG registers to be used.  If the DSP48 was instantiated in the design, it is suggested to set both the MREG and PREG attributes to 1 when performing multiply functions.
Related violations: <none>

DPOP-2#10 Warning
MREG Output pipelining  
DSP system_i/accel/inst/u_accel/FIXED_MODE.nn_core/pipeline/layer_1/control_unit/out_waddr2 multiplier stage system_i/accel/inst/u_accel/FIXED_MODE.nn_core/pipeline/layer_1/control_unit/out_waddr2/P[47:0] is not pipelined (MREG=0). Pipelining the multiplier function will improve performance and will save significant power so it is suggested whenever possible to fully pipeline this function.  If this multiplier was inferred, it is suggested to describe an additional register stage after this function.  If there is no registered adder/accumulator following the multiply function, two pipeline stages are suggested to allow both the MREG and PREG registers to be used.  If the DSP48 was instantiated in the design, it is suggested to set both the MREG and PREG attributes to 1 when performing multiply functions.
Related violations: <none>

DPOP-2#11 Warning
MREG Output pipelining  
DSP system_i/accel/inst/u_accel/FIXED_MODE.nn_core/pipeline/layer_2/control_unit/act_raddr0__0 multiplier stage system_i/accel/inst/u_accel/FIXED_MODE.nn_core/pipeline/layer_2/control_unit/act_raddr0__0/P[47:0] is not pipelined (MREG=0). Pipelining the multiplier function will improve performance and will save significant power so it is suggested whenever possible to fully pipeline this function.  If this multiplier was inferred, it is suggested to describe an additional register stage after this function.  If there is no registered adder/accumulator following the multiply function, two pipeline stages are suggested to allow both the MREG and PREG registers to be used.  If the DSP48 was instantiated in the design, it is suggested to set both the MREG and PREG attributes to 1 when performing multiply functions.
Related violations: <none>

DPOP-2#12 Warning
MREG Output pipelining  
DSP system_i/accel/inst/u_accel/FIXED_MODE.nn_core/pipeline/layer_2/control_unit/act_raddr1 multiplier stage system_i/accel/inst/u_accel/FIXED_MODE.nn_core/pipeline/layer_2/control_unit/act_raddr1/P[47:0] is not pipelined (MREG=0). Pipelining the multiplier function will improve performance and will save significant power so it is suggested whenever possible to fully pipeline this function.  If this multiplier was inferred, it is suggested to describe an additional register stage after this function.  If there is no registered adder/accumulator following the multiply function, two pipeline stages are suggested to allow both the MREG and PREG registers to be used.  If the DSP48 was instantiated in the design, it is suggested to set both the MREG and PREG attributes to 1 when performing multiply functions.
Related violations: <none>

DPOP-2#13 Warning
MREG Output pipelining  
DSP system_i/accel/inst/u_accel/FIXED_MODE.nn_core/pipeline/layer_2/control_unit/out_waddr0 multiplier stage system_i/accel/inst/u_accel/FIXED_MODE.nn_core/pipeline/layer_2/control_unit/out_waddr0/P[47:0] is not pipelined (MREG=0). Pipelining the multiplier function will improve performance and will save significant power so it is suggested whenever possible to fully pipeline this function.  If this multiplier was inferred, it is suggested to describe an additional register stage after this function.  If there is no registered adder/accumulator following the multiply function, two pipeline stages are suggested to allow both the MREG and PREG registers to be used.  If the DSP48 was instantiated in the design, it is suggested to set both the MREG and PREG attributes to 1 when performing multiply functions.
Related violations: <none>

DPOP-2#14 Warning
MREG Output pipelining  
DSP system_i/accel/inst/u_accel/FIXED_MODE.nn_core/pipeline/layer_2/control_unit/out_waddr2 multiplier stage system_i/accel/inst/u_accel/FIXED_MODE.nn_core/pipeline/layer_2/control_unit/out_waddr2/P[47:0] is not pipelined (MREG=0). Pipelining the multiplier function will improve performance and will save significant power so it is suggested whenever possible to fully pipeline this function.  If this multiplier was inferred, it is suggested to describe an additional register stage after this function.  If there is no registered adder/accumulator following the multiply function, two pipeline stages are suggested to allow both the MREG and PREG registers to be used.  If the DSP48 was instantiated in the design, it is suggested to set both the MREG and PREG attributes to 1 when performing multiply functions.
Related violations: <none>

DPOP-2#15 Warning
MREG Output pipelining  
DSP system_i/accel/inst/u_accel/FIXED_MODE.nn_core/pipeline/layer_3/product multiplier stage system_i/accel/inst/u_accel/FIXED_MODE.nn_core/pipeline/layer_3/product/P[47:0] is not pipelined (MREG=0). Pipelining the multiplier function will improve performance and will save significant power so it is suggested whenever possible to fully pipeline this function.  If this multiplier was inferred, it is suggested to describe an additional register stage after this function.  If there is no registered adder/accumulator following the multiply function, two pipeline stages are suggested to allow both the MREG and PREG registers to be used.  If the DSP48 was instantiated in the design, it is suggested to set both the MREG and PREG attributes to 1 when performing multiply functions.
Related violations: <none>

DPOP-2#16 Warning
MREG Output pipelining  
DSP system_i/accel/inst/u_accel/FIXED_MODE.nn_core/pipeline/layer_3/product__0 multiplier stage system_i/accel/inst/u_accel/FIXED_MODE.nn_core/pipeline/layer_3/product__0/P[47:0] is not pipelined (MREG=0). Pipelining the multiplier function will improve performance and will save significant power so it is suggested whenever possible to fully pipeline this function.  If this multiplier was inferred, it is suggested to describe an additional register stage after this function.  If there is no registered adder/accumulator following the multiply function, two pipeline stages are suggested to allow both the MREG and PREG registers to be used.  If the DSP48 was instantiated in the design, it is suggested to set both the MREG and PREG attributes to 1 when performing multiply functions.
Related violations: <none>

DPOP-2#17 Warning
MREG Output pipelining  
DSP system_i/accel/inst/u_accel/FIXED_MODE.nn_core/pipeline/layer_3/product__1 multiplier stage system_i/accel/inst/u_accel/FIXED_MODE.nn_core/pipeline/layer_3/product__1/P[47:0] is not pipelined (MREG=0). Pipelining the multiplier function will improve performance and will save significant power so it is suggested whenever possible to fully pipeline this function.  If this multiplier was inferred, it is suggested to describe an additional register stage after this function.  If there is no registered adder/accumulator following the multiply function, two pipeline stages are suggested to allow both the MREG and PREG registers to be used.  If the DSP48 was instantiated in the design, it is suggested to set both the MREG and PREG attributes to 1 when performing multiply functions.
Related violations: <none>

DPOP-2#18 Warning
MREG Output pipelining  
DSP system_i/hdmi/inst/f_addr0 multiplier stage system_i/hdmi/inst/f_addr0/P[47:0] is not pipelined (MREG=0). Pipelining the multiplier function will improve performance and will save significant power so it is suggested whenever possible to fully pipeline this function.  If this multiplier was inferred, it is suggested to describe an additional register stage after this function.  If there is no registered adder/accumulator following the multiply function, two pipeline stages are suggested to allow both the MREG and PREG registers to be used.  If the DSP48 was instantiated in the design, it is suggested to set both the MREG and PREG attributes to 1 when performing multiply functions.
Related violations: <none>

REQP-1839#1 Warning
RAMB36 async control check  
The RAMB36E1 system_i/accel/inst/u_accel/FIXED_MODE.nn_core/pipeline/layer_0/out_mem_reg has an input control pin system_i/accel/inst/u_accel/FIXED_MODE.nn_core/pipeline/layer_0/out_mem_reg/RSTREGB (net: system_i/accel/inst/u_accel/FIXED_MODE.nn_core/pipeline/layer_0/rst) which is driven by a register (system_i/accel/inst/u_accel/rst_sync_reg[2]) that has an active asychronous set or reset. This may cause corruption of the memory contents and/or read values when the set/reset is asserted and is not analyzed by the default static timing analysis. It is suggested to eliminate the use of a set/reset to registers driving this RAMB pin or else use a synchronous reset in which the assertion of the reset is timed by default.
Related violations: <none>

REQP-1839#2 Warning
RAMB36 async control check  
The RAMB36E1 system_i/accel/inst/u_accel/FIXED_MODE.nn_core/pipeline/layer_1/out_mem_reg has an input control pin system_i/accel/inst/u_accel/FIXED_MODE.nn_core/pipeline/layer_1/out_mem_reg/RSTREGB (net: system_i/accel/inst/u_accel/FIXED_MODE.nn_core/pipeline/layer_1/rst) which is driven by a register (system_i/accel/inst/u_accel/rst_sync_reg[2]) that has an active asychronous set or reset. This may cause corruption of the memory contents and/or read values when the set/reset is asserted and is not analyzed by the default static timing analysis. It is suggested to eliminate the use of a set/reset to registers driving this RAMB pin or else use a synchronous reset in which the assertion of the reset is timed by default.
Related violations: <none>

REQP-1839#3 Warning
RAMB36 async control check  
The RAMB36E1 system_i/accel/inst/u_accel/FIXED_MODE.nn_core/pipeline/layer_2/out_mem_reg has an input control pin system_i/accel/inst/u_accel/FIXED_MODE.nn_core/pipeline/layer_2/out_mem_reg/RSTREGB (net: system_i/accel/inst/u_accel/FIXED_MODE.nn_core/pipeline/layer_2/rst) which is driven by a register (system_i/accel/inst/u_accel/rst_sync_reg[2]) that has an active asychronous set or reset. This may cause corruption of the memory contents and/or read values when the set/reset is asserted and is not analyzed by the default static timing analysis. It is suggested to eliminate the use of a set/reset to registers driving this RAMB pin or else use a synchronous reset in which the assertion of the reset is timed by default.
Related violations: <none>


