
*** Running vivado
    with args -log system_axi_ic_ctrl_imp_xbar_0.vds -m64 -product Vivado -mode batch -messageDb vivado.pb -notrace -source system_axi_ic_ctrl_imp_xbar_0.tcl


****** Vivado v2025.2 (64-bit)
  **** SW Build 6299465 on Fri Nov 14 12:34:56 MST 2025
  **** IP Build 6300035 on Fri Nov 14 10:48:45 MST 2025
  **** SharedData Build 6298862 on Thu Nov 13 04:50:51 MST 2025
  **** Start of session at: Wed Jul  8 19:51:48 2026
    ** Copyright 1986-2022 Xilinx, Inc. All Rights Reserved.
    ** Copyright 2022-2025 Advanced Micro Devices, Inc. All Rights Reserved.

source system_axi_ic_ctrl_imp_xbar_0.tcl -notrace
Command: synth_design -top system_axi_ic_ctrl_imp_xbar_0 -part xc7z020clg484-1 -incremental_mode off -mode out_of_context
Starting synth_design
Attempting to get a license for feature 'Synthesis' and/or device 'xc7z020'
INFO: [Common 17-349] Got license for feature 'Synthesis' and/or device 'xc7z020'
INFO: [Device 21-403] Loading part xc7z020clg484-1
INFO: [Synth 8-7079] Multithreading enabled for synth_design using a maximum of 7 processes.
INFO: [Synth 8-7078] Launching helper process for spawning children vivado processes
INFO: [Synth 8-7075] Helper process launched with PID 31331
---------------------------------------------------------------------------------
Starting RTL Elaboration : Time (s): cpu = 00:00:08 ; elapsed = 00:00:09 . Memory (MB): peak = 2313.426 ; gain = 481.188 ; free physical = 2720 ; free virtual = 11565
---------------------------------------------------------------------------------
INFO: [Synth 8-6157] synthesizing module 'system_axi_ic_ctrl_imp_xbar_0' [/home/chathupa/Desktop/dnn_opt/build/dnn_zynq_hdmi/dnn_zynq_hdmi.gen/sources_1/bd/system/ip/system_axi_ic_ctrl_imp_xbar_0/synth/system_axi_ic_ctrl_imp_xbar_0.v:53]
INFO: [Synth 8-6157] synthesizing module 'axi_crossbar_v2_1_38_axi_crossbar' [/home/chathupa/Desktop/dnn_opt/build/dnn_zynq_hdmi/dnn_zynq_hdmi.gen/sources_1/bd/system/ipshared/f084/hdl/axi_crossbar_v2_1_vl_rfs.v:4871]
INFO: [Synth 8-6157] synthesizing module 'axi_crossbar_v2_1_38_crossbar' [/home/chathupa/Desktop/dnn_opt/build/dnn_zynq_hdmi/dnn_zynq_hdmi.gen/sources_1/bd/system/ipshared/f084/hdl/axi_crossbar_v2_1_vl_rfs.v:2232]
INFO: [Synth 8-6157] synthesizing module 'axi_crossbar_v2_1_38_si_transactor' [/home/chathupa/Desktop/dnn_opt/build/dnn_zynq_hdmi/dnn_zynq_hdmi.gen/sources_1/bd/system/ipshared/f084/hdl/axi_crossbar_v2_1_vl_rfs.v:3791]
INFO: [Synth 8-6157] synthesizing module 'axi_crossbar_v2_1_38_addr_decoder' [/home/chathupa/Desktop/dnn_opt/build/dnn_zynq_hdmi/dnn_zynq_hdmi.gen/sources_1/bd/system/ipshared/f084/hdl/axi_crossbar_v2_1_vl_rfs.v:790]
INFO: [Synth 8-6157] synthesizing module 'generic_baseblocks_v2_1_2_comparator_static' [/home/chathupa/Desktop/dnn_opt/build/dnn_zynq_hdmi/dnn_zynq_hdmi.gen/sources_1/bd/system/ipshared/0c28/hdl/generic_baseblocks_v2_1_vl_rfs.v:2119]
INFO: [Synth 8-6157] synthesizing module 'generic_baseblocks_v2_1_2_carry_and' [/home/chathupa/Desktop/dnn_opt/build/dnn_zynq_hdmi/dnn_zynq_hdmi.gen/sources_1/bd/system/ipshared/0c28/hdl/generic_baseblocks_v2_1_vl_rfs.v:60]
INFO: [Synth 8-6155] done synthesizing module 'generic_baseblocks_v2_1_2_carry_and' (0#1) [/home/chathupa/Desktop/dnn_opt/build/dnn_zynq_hdmi/dnn_zynq_hdmi.gen/sources_1/bd/system/ipshared/0c28/hdl/generic_baseblocks_v2_1_vl_rfs.v:60]
INFO: [Synth 8-6155] done synthesizing module 'generic_baseblocks_v2_1_2_comparator_static' (0#1) [/home/chathupa/Desktop/dnn_opt/build/dnn_zynq_hdmi/dnn_zynq_hdmi.gen/sources_1/bd/system/ipshared/0c28/hdl/generic_baseblocks_v2_1_vl_rfs.v:2119]
INFO: [Synth 8-6157] synthesizing module 'generic_baseblocks_v2_1_2_comparator_static__parameterized0' [/home/chathupa/Desktop/dnn_opt/build/dnn_zynq_hdmi/dnn_zynq_hdmi.gen/sources_1/bd/system/ipshared/0c28/hdl/generic_baseblocks_v2_1_vl_rfs.v:2119]
INFO: [Synth 8-6155] done synthesizing module 'generic_baseblocks_v2_1_2_comparator_static__parameterized0' (0#1) [/home/chathupa/Desktop/dnn_opt/build/dnn_zynq_hdmi/dnn_zynq_hdmi.gen/sources_1/bd/system/ipshared/0c28/hdl/generic_baseblocks_v2_1_vl_rfs.v:2119]
INFO: [Synth 8-6157] synthesizing module 'generic_baseblocks_v2_1_2_comparator_static__parameterized1' [/home/chathupa/Desktop/dnn_opt/build/dnn_zynq_hdmi/dnn_zynq_hdmi.gen/sources_1/bd/system/ipshared/0c28/hdl/generic_baseblocks_v2_1_vl_rfs.v:2119]
INFO: [Synth 8-6155] done synthesizing module 'generic_baseblocks_v2_1_2_comparator_static__parameterized1' (0#1) [/home/chathupa/Desktop/dnn_opt/build/dnn_zynq_hdmi/dnn_zynq_hdmi.gen/sources_1/bd/system/ipshared/0c28/hdl/generic_baseblocks_v2_1_vl_rfs.v:2119]
INFO: [Synth 8-6155] done synthesizing module 'axi_crossbar_v2_1_38_addr_decoder' (0#1) [/home/chathupa/Desktop/dnn_opt/build/dnn_zynq_hdmi/dnn_zynq_hdmi.gen/sources_1/bd/system/ipshared/f084/hdl/axi_crossbar_v2_1_vl_rfs.v:790]
INFO: [Synth 8-6157] synthesizing module 'axi_data_fifo_v2_1_36_axic_srl_fifo' [/home/chathupa/Desktop/dnn_opt/build/dnn_zynq_hdmi/dnn_zynq_hdmi.gen/sources_1/bd/system/ipshared/fb46/hdl/axi_data_fifo_v2_1_vl_rfs.v:694]
INFO: [Synth 8-6157] synthesizing module 'axi_data_fifo_v2_1_36_ndeep_srl' [/home/chathupa/Desktop/dnn_opt/build/dnn_zynq_hdmi/dnn_zynq_hdmi.gen/sources_1/bd/system/ipshared/fb46/hdl/axi_data_fifo_v2_1_vl_rfs.v:1129]
INFO: [Synth 8-6157] synthesizing module 'SRLC32E' [/home/chathupa/Desktop/AMD/2025.2/Vivado/scripts/rt/data/unisim_comp.v:165484]
INFO: [Synth 8-6155] done synthesizing module 'SRLC32E' (0#1) [/home/chathupa/Desktop/AMD/2025.2/Vivado/scripts/rt/data/unisim_comp.v:165484]
INFO: [Synth 8-6155] done synthesizing module 'axi_data_fifo_v2_1_36_ndeep_srl' (0#1) [/home/chathupa/Desktop/dnn_opt/build/dnn_zynq_hdmi/dnn_zynq_hdmi.gen/sources_1/bd/system/ipshared/fb46/hdl/axi_data_fifo_v2_1_vl_rfs.v:1129]
INFO: [Synth 8-6155] done synthesizing module 'axi_data_fifo_v2_1_36_axic_srl_fifo' (0#1) [/home/chathupa/Desktop/dnn_opt/build/dnn_zynq_hdmi/dnn_zynq_hdmi.gen/sources_1/bd/system/ipshared/fb46/hdl/axi_data_fifo_v2_1_vl_rfs.v:694]
INFO: [Synth 8-6157] synthesizing module 'axi_crossbar_v2_1_38_arbiter_resp' [/home/chathupa/Desktop/dnn_opt/build/dnn_zynq_hdmi/dnn_zynq_hdmi.gen/sources_1/bd/system/ipshared/f084/hdl/axi_crossbar_v2_1_vl_rfs.v:1020]
INFO: [Synth 8-6155] done synthesizing module 'axi_crossbar_v2_1_38_arbiter_resp' (0#1) [/home/chathupa/Desktop/dnn_opt/build/dnn_zynq_hdmi/dnn_zynq_hdmi.gen/sources_1/bd/system/ipshared/f084/hdl/axi_crossbar_v2_1_vl_rfs.v:1020]
INFO: [Synth 8-6157] synthesizing module 'generic_baseblocks_v2_1_2_mux_enc' [/home/chathupa/Desktop/dnn_opt/build/dnn_zynq_hdmi/dnn_zynq_hdmi.gen/sources_1/bd/system/ipshared/0c28/hdl/generic_baseblocks_v2_1_vl_rfs.v:2436]
INFO: [Synth 8-6155] done synthesizing module 'generic_baseblocks_v2_1_2_mux_enc' (0#1) [/home/chathupa/Desktop/dnn_opt/build/dnn_zynq_hdmi/dnn_zynq_hdmi.gen/sources_1/bd/system/ipshared/0c28/hdl/generic_baseblocks_v2_1_vl_rfs.v:2436]
INFO: [Synth 8-6155] done synthesizing module 'axi_crossbar_v2_1_38_si_transactor' (0#1) [/home/chathupa/Desktop/dnn_opt/build/dnn_zynq_hdmi/dnn_zynq_hdmi.gen/sources_1/bd/system/ipshared/f084/hdl/axi_crossbar_v2_1_vl_rfs.v:3791]
INFO: [Synth 8-6157] synthesizing module 'axi_crossbar_v2_1_38_si_transactor__parameterized0' [/home/chathupa/Desktop/dnn_opt/build/dnn_zynq_hdmi/dnn_zynq_hdmi.gen/sources_1/bd/system/ipshared/f084/hdl/axi_crossbar_v2_1_vl_rfs.v:3791]
INFO: [Synth 8-6157] synthesizing module 'generic_baseblocks_v2_1_2_mux_enc__parameterized0' [/home/chathupa/Desktop/dnn_opt/build/dnn_zynq_hdmi/dnn_zynq_hdmi.gen/sources_1/bd/system/ipshared/0c28/hdl/generic_baseblocks_v2_1_vl_rfs.v:2436]
INFO: [Synth 8-6155] done synthesizing module 'generic_baseblocks_v2_1_2_mux_enc__parameterized0' (0#1) [/home/chathupa/Desktop/dnn_opt/build/dnn_zynq_hdmi/dnn_zynq_hdmi.gen/sources_1/bd/system/ipshared/0c28/hdl/generic_baseblocks_v2_1_vl_rfs.v:2436]
INFO: [Synth 8-6155] done synthesizing module 'axi_crossbar_v2_1_38_si_transactor__parameterized0' (0#1) [/home/chathupa/Desktop/dnn_opt/build/dnn_zynq_hdmi/dnn_zynq_hdmi.gen/sources_1/bd/system/ipshared/f084/hdl/axi_crossbar_v2_1_vl_rfs.v:3791]
INFO: [Synth 8-6157] synthesizing module 'axi_crossbar_v2_1_38_splitter' [/home/chathupa/Desktop/dnn_opt/build/dnn_zynq_hdmi/dnn_zynq_hdmi.gen/sources_1/bd/system/ipshared/f084/hdl/axi_crossbar_v2_1_vl_rfs.v:4451]
INFO: [Synth 8-6155] done synthesizing module 'axi_crossbar_v2_1_38_splitter' (0#1) [/home/chathupa/Desktop/dnn_opt/build/dnn_zynq_hdmi/dnn_zynq_hdmi.gen/sources_1/bd/system/ipshared/f084/hdl/axi_crossbar_v2_1_vl_rfs.v:4451]
INFO: [Synth 8-6157] synthesizing module 'axi_crossbar_v2_1_38_wdata_router' [/home/chathupa/Desktop/dnn_opt/build/dnn_zynq_hdmi/dnn_zynq_hdmi.gen/sources_1/bd/system/ipshared/f084/hdl/axi_crossbar_v2_1_vl_rfs.v:4724]
INFO: [Synth 8-6157] synthesizing module 'axi_data_fifo_v2_1_36_axic_reg_srl_fifo' [/home/chathupa/Desktop/dnn_opt/build/dnn_zynq_hdmi/dnn_zynq_hdmi.gen/sources_1/bd/system/ipshared/fb46/hdl/axi_data_fifo_v2_1_vl_rfs.v:884]
INFO: [Synth 8-6157] synthesizing module 'axi_data_fifo_v2_1_36_ndeep_srl__parameterized0' [/home/chathupa/Desktop/dnn_opt/build/dnn_zynq_hdmi/dnn_zynq_hdmi.gen/sources_1/bd/system/ipshared/fb46/hdl/axi_data_fifo_v2_1_vl_rfs.v:1129]
INFO: [Synth 8-6155] done synthesizing module 'axi_data_fifo_v2_1_36_ndeep_srl__parameterized0' (0#1) [/home/chathupa/Desktop/dnn_opt/build/dnn_zynq_hdmi/dnn_zynq_hdmi.gen/sources_1/bd/system/ipshared/fb46/hdl/axi_data_fifo_v2_1_vl_rfs.v:1129]
INFO: [Synth 8-155] case statement is not full and has no default [/home/chathupa/Desktop/dnn_opt/build/dnn_zynq_hdmi/dnn_zynq_hdmi.gen/sources_1/bd/system/ipshared/fb46/hdl/axi_data_fifo_v2_1_vl_rfs.v:982]
INFO: [Synth 8-6155] done synthesizing module 'axi_data_fifo_v2_1_36_axic_reg_srl_fifo' (0#1) [/home/chathupa/Desktop/dnn_opt/build/dnn_zynq_hdmi/dnn_zynq_hdmi.gen/sources_1/bd/system/ipshared/fb46/hdl/axi_data_fifo_v2_1_vl_rfs.v:884]
INFO: [Synth 8-6155] done synthesizing module 'axi_crossbar_v2_1_38_wdata_router' (0#1) [/home/chathupa/Desktop/dnn_opt/build/dnn_zynq_hdmi/dnn_zynq_hdmi.gen/sources_1/bd/system/ipshared/f084/hdl/axi_crossbar_v2_1_vl_rfs.v:4724]
INFO: [Synth 8-6157] synthesizing module 'axi_data_fifo_v2_1_36_axic_srl_fifo__parameterized0' [/home/chathupa/Desktop/dnn_opt/build/dnn_zynq_hdmi/dnn_zynq_hdmi.gen/sources_1/bd/system/ipshared/fb46/hdl/axi_data_fifo_v2_1_vl_rfs.v:694]
INFO: [Synth 8-6157] synthesizing module 'axi_data_fifo_v2_1_36_ndeep_srl__parameterized1' [/home/chathupa/Desktop/dnn_opt/build/dnn_zynq_hdmi/dnn_zynq_hdmi.gen/sources_1/bd/system/ipshared/fb46/hdl/axi_data_fifo_v2_1_vl_rfs.v:1129]
INFO: [Synth 8-6155] done synthesizing module 'axi_data_fifo_v2_1_36_ndeep_srl__parameterized1' (0#1) [/home/chathupa/Desktop/dnn_opt/build/dnn_zynq_hdmi/dnn_zynq_hdmi.gen/sources_1/bd/system/ipshared/fb46/hdl/axi_data_fifo_v2_1_vl_rfs.v:1129]
INFO: [Synth 8-6155] done synthesizing module 'axi_data_fifo_v2_1_36_axic_srl_fifo__parameterized0' (0#1) [/home/chathupa/Desktop/dnn_opt/build/dnn_zynq_hdmi/dnn_zynq_hdmi.gen/sources_1/bd/system/ipshared/fb46/hdl/axi_data_fifo_v2_1_vl_rfs.v:694]
INFO: [Synth 8-6157] synthesizing module 'axi_crossbar_v2_1_38_wdata_mux' [/home/chathupa/Desktop/dnn_opt/build/dnn_zynq_hdmi/dnn_zynq_hdmi.gen/sources_1/bd/system/ipshared/f084/hdl/axi_crossbar_v2_1_vl_rfs.v:4550]
INFO: [Synth 8-6155] done synthesizing module 'axi_crossbar_v2_1_38_wdata_mux' (0#1) [/home/chathupa/Desktop/dnn_opt/build/dnn_zynq_hdmi/dnn_zynq_hdmi.gen/sources_1/bd/system/ipshared/f084/hdl/axi_crossbar_v2_1_vl_rfs.v:4550]
INFO: [Synth 8-6157] synthesizing module 'axi_register_slice_v2_1_36_axi_register_slice' [/home/chathupa/Desktop/dnn_opt/build/dnn_zynq_hdmi/dnn_zynq_hdmi.gen/sources_1/bd/system/ipshared/bc4b/hdl/axi_register_slice_v2_1_vl_rfs.v:3721]
INFO: [Synth 8-6157] synthesizing module 'axi_infrastructure_v1_1_0_axi2vector' [/home/chathupa/Desktop/dnn_opt/build/dnn_zynq_hdmi/dnn_zynq_hdmi.gen/sources_1/bd/system/ipshared/ec67/hdl/axi_infrastructure_v1_1_vl_rfs.v:59]
INFO: [Synth 8-6155] done synthesizing module 'axi_infrastructure_v1_1_0_axi2vector' (0#1) [/home/chathupa/Desktop/dnn_opt/build/dnn_zynq_hdmi/dnn_zynq_hdmi.gen/sources_1/bd/system/ipshared/ec67/hdl/axi_infrastructure_v1_1_vl_rfs.v:59]
INFO: [Synth 8-6157] synthesizing module 'axi_infrastructure_v1_1_0_vector2axi' [/home/chathupa/Desktop/dnn_opt/build/dnn_zynq_hdmi/dnn_zynq_hdmi.gen/sources_1/bd/system/ipshared/ec67/hdl/axi_infrastructure_v1_1_vl_rfs.v:473]
INFO: [Synth 8-6155] done synthesizing module 'axi_infrastructure_v1_1_0_vector2axi' (0#1) [/home/chathupa/Desktop/dnn_opt/build/dnn_zynq_hdmi/dnn_zynq_hdmi.gen/sources_1/bd/system/ipshared/ec67/hdl/axi_infrastructure_v1_1_vl_rfs.v:473]
INFO: [Synth 8-6157] synthesizing module 'axi_register_slice_v2_1_36_axic_register_slice' [/home/chathupa/Desktop/dnn_opt/build/dnn_zynq_hdmi/dnn_zynq_hdmi.gen/sources_1/bd/system/ipshared/bc4b/hdl/axi_register_slice_v2_1_vl_rfs.v:1492]
INFO: [Synth 8-6155] done synthesizing module 'axi_register_slice_v2_1_36_axic_register_slice' (0#1) [/home/chathupa/Desktop/dnn_opt/build/dnn_zynq_hdmi/dnn_zynq_hdmi.gen/sources_1/bd/system/ipshared/bc4b/hdl/axi_register_slice_v2_1_vl_rfs.v:1492]
INFO: [Synth 8-6157] synthesizing module 'axi_register_slice_v2_1_36_axic_register_slice__parameterized0' [/home/chathupa/Desktop/dnn_opt/build/dnn_zynq_hdmi/dnn_zynq_hdmi.gen/sources_1/bd/system/ipshared/bc4b/hdl/axi_register_slice_v2_1_vl_rfs.v:1492]
INFO: [Synth 8-6155] done synthesizing module 'axi_register_slice_v2_1_36_axic_register_slice__parameterized0' (0#1) [/home/chathupa/Desktop/dnn_opt/build/dnn_zynq_hdmi/dnn_zynq_hdmi.gen/sources_1/bd/system/ipshared/bc4b/hdl/axi_register_slice_v2_1_vl_rfs.v:1492]
INFO: [Synth 8-6157] synthesizing module 'axi_register_slice_v2_1_36_axic_register_slice__parameterized1' [/home/chathupa/Desktop/dnn_opt/build/dnn_zynq_hdmi/dnn_zynq_hdmi.gen/sources_1/bd/system/ipshared/bc4b/hdl/axi_register_slice_v2_1_vl_rfs.v:1492]
INFO: [Synth 8-6155] done synthesizing module 'axi_register_slice_v2_1_36_axic_register_slice__parameterized1' (0#1) [/home/chathupa/Desktop/dnn_opt/build/dnn_zynq_hdmi/dnn_zynq_hdmi.gen/sources_1/bd/system/ipshared/bc4b/hdl/axi_register_slice_v2_1_vl_rfs.v:1492]
INFO: [Synth 8-6157] synthesizing module 'axi_register_slice_v2_1_36_axic_register_slice__parameterized2' [/home/chathupa/Desktop/dnn_opt/build/dnn_zynq_hdmi/dnn_zynq_hdmi.gen/sources_1/bd/system/ipshared/bc4b/hdl/axi_register_slice_v2_1_vl_rfs.v:1492]
INFO: [Synth 8-6155] done synthesizing module 'axi_register_slice_v2_1_36_axic_register_slice__parameterized2' (0#1) [/home/chathupa/Desktop/dnn_opt/build/dnn_zynq_hdmi/dnn_zynq_hdmi.gen/sources_1/bd/system/ipshared/bc4b/hdl/axi_register_slice_v2_1_vl_rfs.v:1492]
INFO: [Synth 8-6155] done synthesizing module 'axi_register_slice_v2_1_36_axi_register_slice' (0#1) [/home/chathupa/Desktop/dnn_opt/build/dnn_zynq_hdmi/dnn_zynq_hdmi.gen/sources_1/bd/system/ipshared/bc4b/hdl/axi_register_slice_v2_1_vl_rfs.v:3721]
INFO: [Synth 8-7071] port 'aclk2x' of module 'axi_register_slice_v2_1_36_axi_register_slice' is unconnected for instance 'reg_slice_mi' [/home/chathupa/Desktop/dnn_opt/build/dnn_zynq_hdmi/dnn_zynq_hdmi.gen/sources_1/bd/system/ipshared/f084/hdl/axi_crossbar_v2_1_vl_rfs.v:3116]
INFO: [Synth 8-7023] instance 'reg_slice_mi' of module 'axi_register_slice_v2_1_36_axi_register_slice' has 93 connections declared, but only 92 given [/home/chathupa/Desktop/dnn_opt/build/dnn_zynq_hdmi/dnn_zynq_hdmi.gen/sources_1/bd/system/ipshared/f084/hdl/axi_crossbar_v2_1_vl_rfs.v:3116]
INFO: [Synth 8-7071] port 'aclk2x' of module 'axi_register_slice_v2_1_36_axi_register_slice' is unconnected for instance 'reg_slice_mi' [/home/chathupa/Desktop/dnn_opt/build/dnn_zynq_hdmi/dnn_zynq_hdmi.gen/sources_1/bd/system/ipshared/f084/hdl/axi_crossbar_v2_1_vl_rfs.v:3116]
INFO: [Synth 8-7023] instance 'reg_slice_mi' of module 'axi_register_slice_v2_1_36_axi_register_slice' has 93 connections declared, but only 92 given [/home/chathupa/Desktop/dnn_opt/build/dnn_zynq_hdmi/dnn_zynq_hdmi.gen/sources_1/bd/system/ipshared/f084/hdl/axi_crossbar_v2_1_vl_rfs.v:3116]
INFO: [Synth 8-6157] synthesizing module 'axi_data_fifo_v2_1_36_axic_srl_fifo__parameterized1' [/home/chathupa/Desktop/dnn_opt/build/dnn_zynq_hdmi/dnn_zynq_hdmi.gen/sources_1/bd/system/ipshared/fb46/hdl/axi_data_fifo_v2_1_vl_rfs.v:694]
INFO: [Synth 8-6155] done synthesizing module 'axi_data_fifo_v2_1_36_axic_srl_fifo__parameterized1' (0#1) [/home/chathupa/Desktop/dnn_opt/build/dnn_zynq_hdmi/dnn_zynq_hdmi.gen/sources_1/bd/system/ipshared/fb46/hdl/axi_data_fifo_v2_1_vl_rfs.v:694]
INFO: [Synth 8-6157] synthesizing module 'axi_crossbar_v2_1_38_wdata_mux__parameterized0' [/home/chathupa/Desktop/dnn_opt/build/dnn_zynq_hdmi/dnn_zynq_hdmi.gen/sources_1/bd/system/ipshared/f084/hdl/axi_crossbar_v2_1_vl_rfs.v:4550]
INFO: [Synth 8-6155] done synthesizing module 'axi_crossbar_v2_1_38_wdata_mux__parameterized0' (0#1) [/home/chathupa/Desktop/dnn_opt/build/dnn_zynq_hdmi/dnn_zynq_hdmi.gen/sources_1/bd/system/ipshared/f084/hdl/axi_crossbar_v2_1_vl_rfs.v:4550]
INFO: [Synth 8-7071] port 'aclk2x' of module 'axi_register_slice_v2_1_36_axi_register_slice' is unconnected for instance 'reg_slice_mi' [/home/chathupa/Desktop/dnn_opt/build/dnn_zynq_hdmi/dnn_zynq_hdmi.gen/sources_1/bd/system/ipshared/f084/hdl/axi_crossbar_v2_1_vl_rfs.v:3116]
INFO: [Synth 8-7023] instance 'reg_slice_mi' of module 'axi_register_slice_v2_1_36_axi_register_slice' has 93 connections declared, but only 92 given [/home/chathupa/Desktop/dnn_opt/build/dnn_zynq_hdmi/dnn_zynq_hdmi.gen/sources_1/bd/system/ipshared/f084/hdl/axi_crossbar_v2_1_vl_rfs.v:3116]
INFO: [Synth 8-6157] synthesizing module 'axi_data_fifo_v2_1_36_axic_srl_fifo__parameterized2' [/home/chathupa/Desktop/dnn_opt/build/dnn_zynq_hdmi/dnn_zynq_hdmi.gen/sources_1/bd/system/ipshared/fb46/hdl/axi_data_fifo_v2_1_vl_rfs.v:694]
INFO: [Synth 8-6155] done synthesizing module 'axi_data_fifo_v2_1_36_axic_srl_fifo__parameterized2' (0#1) [/home/chathupa/Desktop/dnn_opt/build/dnn_zynq_hdmi/dnn_zynq_hdmi.gen/sources_1/bd/system/ipshared/fb46/hdl/axi_data_fifo_v2_1_vl_rfs.v:694]
INFO: [Synth 8-6157] synthesizing module 'axi_crossbar_v2_1_38_wdata_mux__parameterized1' [/home/chathupa/Desktop/dnn_opt/build/dnn_zynq_hdmi/dnn_zynq_hdmi.gen/sources_1/bd/system/ipshared/f084/hdl/axi_crossbar_v2_1_vl_rfs.v:4550]
INFO: [Synth 8-6155] done synthesizing module 'axi_crossbar_v2_1_38_wdata_mux__parameterized1' (0#1) [/home/chathupa/Desktop/dnn_opt/build/dnn_zynq_hdmi/dnn_zynq_hdmi.gen/sources_1/bd/system/ipshared/f084/hdl/axi_crossbar_v2_1_vl_rfs.v:4550]
INFO: [Synth 8-7071] port 'aclk2x' of module 'axi_register_slice_v2_1_36_axi_register_slice' is unconnected for instance 'reg_slice_mi' [/home/chathupa/Desktop/dnn_opt/build/dnn_zynq_hdmi/dnn_zynq_hdmi.gen/sources_1/bd/system/ipshared/f084/hdl/axi_crossbar_v2_1_vl_rfs.v:3116]
INFO: [Synth 8-7023] instance 'reg_slice_mi' of module 'axi_register_slice_v2_1_36_axi_register_slice' has 93 connections declared, but only 92 given [/home/chathupa/Desktop/dnn_opt/build/dnn_zynq_hdmi/dnn_zynq_hdmi.gen/sources_1/bd/system/ipshared/f084/hdl/axi_crossbar_v2_1_vl_rfs.v:3116]
INFO: [Synth 8-6157] synthesizing module 'axi_crossbar_v2_1_38_decerr_slave' [/home/chathupa/Desktop/dnn_opt/build/dnn_zynq_hdmi/dnn_zynq_hdmi.gen/sources_1/bd/system/ipshared/f084/hdl/axi_crossbar_v2_1_vl_rfs.v:3493]
INFO: [Synth 8-155] case statement is not full and has no default [/home/chathupa/Desktop/dnn_opt/build/dnn_zynq_hdmi/dnn_zynq_hdmi.gen/sources_1/bd/system/ipshared/f084/hdl/axi_crossbar_v2_1_vl_rfs.v:3626]
INFO: [Synth 8-6155] done synthesizing module 'axi_crossbar_v2_1_38_decerr_slave' (0#1) [/home/chathupa/Desktop/dnn_opt/build/dnn_zynq_hdmi/dnn_zynq_hdmi.gen/sources_1/bd/system/ipshared/f084/hdl/axi_crossbar_v2_1_vl_rfs.v:3493]
INFO: [Synth 8-6157] synthesizing module 'axi_crossbar_v2_1_38_addr_arbiter' [/home/chathupa/Desktop/dnn_opt/build/dnn_zynq_hdmi/dnn_zynq_hdmi.gen/sources_1/bd/system/ipshared/f084/hdl/axi_crossbar_v2_1_vl_rfs.v:420]
INFO: [Synth 8-6155] done synthesizing module 'axi_crossbar_v2_1_38_addr_arbiter' (0#1) [/home/chathupa/Desktop/dnn_opt/build/dnn_zynq_hdmi/dnn_zynq_hdmi.gen/sources_1/bd/system/ipshared/f084/hdl/axi_crossbar_v2_1_vl_rfs.v:420]
INFO: [Synth 8-6155] done synthesizing module 'axi_crossbar_v2_1_38_crossbar' (0#1) [/home/chathupa/Desktop/dnn_opt/build/dnn_zynq_hdmi/dnn_zynq_hdmi.gen/sources_1/bd/system/ipshared/f084/hdl/axi_crossbar_v2_1_vl_rfs.v:2232]
INFO: [Synth 8-6155] done synthesizing module 'axi_crossbar_v2_1_38_axi_crossbar' (0#1) [/home/chathupa/Desktop/dnn_opt/build/dnn_zynq_hdmi/dnn_zynq_hdmi.gen/sources_1/bd/system/ipshared/f084/hdl/axi_crossbar_v2_1_vl_rfs.v:4871]
INFO: [Synth 8-6155] done synthesizing module 'system_axi_ic_ctrl_imp_xbar_0' (0#1) [/home/chathupa/Desktop/dnn_opt/build/dnn_zynq_hdmi/dnn_zynq_hdmi.gen/sources_1/bd/system/ip/system_axi_ic_ctrl_imp_xbar_0/synth/system_axi_ic_ctrl_imp_xbar_0.v:53]
INFO: [Synth 8-6014] Unused sequential element areset_d1_reg was removed.  [/home/chathupa/Desktop/dnn_opt/build/dnn_zynq_hdmi/dnn_zynq_hdmi.gen/sources_1/bd/system/ipshared/fb46/hdl/axi_data_fifo_v2_1_vl_rfs.v:747]
INFO: [Synth 8-6014] Unused sequential element S_READY_i_reg was removed.  [/home/chathupa/Desktop/dnn_opt/build/dnn_zynq_hdmi/dnn_zynq_hdmi.gen/sources_1/bd/system/ipshared/fb46/hdl/axi_data_fifo_v2_1_vl_rfs.v:786]
INFO: [Synth 8-6014] Unused sequential element gen_multi_thread.gen_thread_loop[0].gen_debug_r_multi_thread.debug_r_beat_cnt_i_reg was removed.  [/home/chathupa/Desktop/dnn_opt/build/dnn_zynq_hdmi/dnn_zynq_hdmi.gen/sources_1/bd/system/ipshared/f084/hdl/axi_crossbar_v2_1_vl_rfs.v:4338]
INFO: [Synth 8-6014] Unused sequential element gen_multi_thread.gen_thread_loop[1].gen_debug_r_multi_thread.debug_r_beat_cnt_i_reg was removed.  [/home/chathupa/Desktop/dnn_opt/build/dnn_zynq_hdmi/dnn_zynq_hdmi.gen/sources_1/bd/system/ipshared/f084/hdl/axi_crossbar_v2_1_vl_rfs.v:4338]
INFO: [Synth 8-6014] Unused sequential element gen_multi_thread.gen_thread_loop[2].gen_debug_r_multi_thread.debug_r_beat_cnt_i_reg was removed.  [/home/chathupa/Desktop/dnn_opt/build/dnn_zynq_hdmi/dnn_zynq_hdmi.gen/sources_1/bd/system/ipshared/f084/hdl/axi_crossbar_v2_1_vl_rfs.v:4338]
INFO: [Synth 8-6014] Unused sequential element gen_multi_thread.gen_thread_loop[3].gen_debug_r_multi_thread.debug_r_beat_cnt_i_reg was removed.  [/home/chathupa/Desktop/dnn_opt/build/dnn_zynq_hdmi/dnn_zynq_hdmi.gen/sources_1/bd/system/ipshared/f084/hdl/axi_crossbar_v2_1_vl_rfs.v:4338]
INFO: [Synth 8-6014] Unused sequential element gen_multi_thread.gen_thread_loop[4].gen_debug_r_multi_thread.debug_r_beat_cnt_i_reg was removed.  [/home/chathupa/Desktop/dnn_opt/build/dnn_zynq_hdmi/dnn_zynq_hdmi.gen/sources_1/bd/system/ipshared/f084/hdl/axi_crossbar_v2_1_vl_rfs.v:4338]
INFO: [Synth 8-6014] Unused sequential element gen_multi_thread.gen_thread_loop[5].gen_debug_r_multi_thread.debug_r_beat_cnt_i_reg was removed.  [/home/chathupa/Desktop/dnn_opt/build/dnn_zynq_hdmi/dnn_zynq_hdmi.gen/sources_1/bd/system/ipshared/f084/hdl/axi_crossbar_v2_1_vl_rfs.v:4338]
INFO: [Synth 8-6014] Unused sequential element gen_multi_thread.gen_thread_loop[6].gen_debug_r_multi_thread.debug_r_beat_cnt_i_reg was removed.  [/home/chathupa/Desktop/dnn_opt/build/dnn_zynq_hdmi/dnn_zynq_hdmi.gen/sources_1/bd/system/ipshared/f084/hdl/axi_crossbar_v2_1_vl_rfs.v:4338]
INFO: [Synth 8-6014] Unused sequential element gen_multi_thread.gen_thread_loop[7].gen_debug_r_multi_thread.debug_r_beat_cnt_i_reg was removed.  [/home/chathupa/Desktop/dnn_opt/build/dnn_zynq_hdmi/dnn_zynq_hdmi.gen/sources_1/bd/system/ipshared/f084/hdl/axi_crossbar_v2_1_vl_rfs.v:4338]
INFO: [Synth 8-6014] Unused sequential element gen_multi_thread.gen_thread_loop[0].gen_debug_r_multi_thread.debug_r_beat_cnt_i_reg was removed.  [/home/chathupa/Desktop/dnn_opt/build/dnn_zynq_hdmi/dnn_zynq_hdmi.gen/sources_1/bd/system/ipshared/f084/hdl/axi_crossbar_v2_1_vl_rfs.v:4338]
INFO: [Synth 8-6014] Unused sequential element gen_multi_thread.gen_thread_loop[1].gen_debug_r_multi_thread.debug_r_beat_cnt_i_reg was removed.  [/home/chathupa/Desktop/dnn_opt/build/dnn_zynq_hdmi/dnn_zynq_hdmi.gen/sources_1/bd/system/ipshared/f084/hdl/axi_crossbar_v2_1_vl_rfs.v:4338]
INFO: [Synth 8-6014] Unused sequential element gen_multi_thread.gen_thread_loop[2].gen_debug_r_multi_thread.debug_r_beat_cnt_i_reg was removed.  [/home/chathupa/Desktop/dnn_opt/build/dnn_zynq_hdmi/dnn_zynq_hdmi.gen/sources_1/bd/system/ipshared/f084/hdl/axi_crossbar_v2_1_vl_rfs.v:4338]
INFO: [Synth 8-6014] Unused sequential element gen_multi_thread.gen_thread_loop[3].gen_debug_r_multi_thread.debug_r_beat_cnt_i_reg was removed.  [/home/chathupa/Desktop/dnn_opt/build/dnn_zynq_hdmi/dnn_zynq_hdmi.gen/sources_1/bd/system/ipshared/f084/hdl/axi_crossbar_v2_1_vl_rfs.v:4338]
INFO: [Synth 8-6014] Unused sequential element gen_multi_thread.gen_thread_loop[4].gen_debug_r_multi_thread.debug_r_beat_cnt_i_reg was removed.  [/home/chathupa/Desktop/dnn_opt/build/dnn_zynq_hdmi/dnn_zynq_hdmi.gen/sources_1/bd/system/ipshared/f084/hdl/axi_crossbar_v2_1_vl_rfs.v:4338]
INFO: [Synth 8-6014] Unused sequential element gen_multi_thread.gen_thread_loop[5].gen_debug_r_multi_thread.debug_r_beat_cnt_i_reg was removed.  [/home/chathupa/Desktop/dnn_opt/build/dnn_zynq_hdmi/dnn_zynq_hdmi.gen/sources_1/bd/system/ipshared/f084/hdl/axi_crossbar_v2_1_vl_rfs.v:4338]
INFO: [Synth 8-6014] Unused sequential element gen_multi_thread.gen_thread_loop[6].gen_debug_r_multi_thread.debug_r_beat_cnt_i_reg was removed.  [/home/chathupa/Desktop/dnn_opt/build/dnn_zynq_hdmi/dnn_zynq_hdmi.gen/sources_1/bd/system/ipshared/f084/hdl/axi_crossbar_v2_1_vl_rfs.v:4338]
INFO: [Synth 8-6014] Unused sequential element gen_multi_thread.gen_thread_loop[7].gen_debug_r_multi_thread.debug_r_beat_cnt_i_reg was removed.  [/home/chathupa/Desktop/dnn_opt/build/dnn_zynq_hdmi/dnn_zynq_hdmi.gen/sources_1/bd/system/ipshared/f084/hdl/axi_crossbar_v2_1_vl_rfs.v:4338]
INFO: [Synth 8-6014] Unused sequential element areset_d1_reg was removed.  [/home/chathupa/Desktop/dnn_opt/build/dnn_zynq_hdmi/dnn_zynq_hdmi.gen/sources_1/bd/system/ipshared/fb46/hdl/axi_data_fifo_v2_1_vl_rfs.v:747]
INFO: [Synth 8-6014] Unused sequential element S_READY_i_reg was removed.  [/home/chathupa/Desktop/dnn_opt/build/dnn_zynq_hdmi/dnn_zynq_hdmi.gen/sources_1/bd/system/ipshared/fb46/hdl/axi_data_fifo_v2_1_vl_rfs.v:786]
INFO: [Synth 8-6014] Unused sequential element areset_d1_reg was removed.  [/home/chathupa/Desktop/dnn_opt/build/dnn_zynq_hdmi/dnn_zynq_hdmi.gen/sources_1/bd/system/ipshared/fb46/hdl/axi_data_fifo_v2_1_vl_rfs.v:747]
INFO: [Synth 8-6014] Unused sequential element S_READY_i_reg was removed.  [/home/chathupa/Desktop/dnn_opt/build/dnn_zynq_hdmi/dnn_zynq_hdmi.gen/sources_1/bd/system/ipshared/fb46/hdl/axi_data_fifo_v2_1_vl_rfs.v:786]
INFO: [Synth 8-6014] Unused sequential element gen_master_slots[0].gen_mi_write.gen_debug_w.debug_w_beat_cnt_i_reg was removed.  [/home/chathupa/Desktop/dnn_opt/build/dnn_zynq_hdmi/dnn_zynq_hdmi.gen/sources_1/bd/system/ipshared/f084/hdl/axi_crossbar_v2_1_vl_rfs.v:2991]
INFO: [Synth 8-6014] Unused sequential element gen_master_slots[1].gen_mi_write.gen_debug_w.debug_w_beat_cnt_i_reg was removed.  [/home/chathupa/Desktop/dnn_opt/build/dnn_zynq_hdmi/dnn_zynq_hdmi.gen/sources_1/bd/system/ipshared/f084/hdl/axi_crossbar_v2_1_vl_rfs.v:2991]
INFO: [Synth 8-6014] Unused sequential element gen_master_slots[2].gen_mi_write.gen_debug_w.debug_w_beat_cnt_i_reg was removed.  [/home/chathupa/Desktop/dnn_opt/build/dnn_zynq_hdmi/dnn_zynq_hdmi.gen/sources_1/bd/system/ipshared/f084/hdl/axi_crossbar_v2_1_vl_rfs.v:2991]
INFO: [Synth 8-6014] Unused sequential element gen_master_slots[3].gen_mi_write.gen_debug_w.debug_w_beat_cnt_i_reg was removed.  [/home/chathupa/Desktop/dnn_opt/build/dnn_zynq_hdmi/dnn_zynq_hdmi.gen/sources_1/bd/system/ipshared/f084/hdl/axi_crossbar_v2_1_vl_rfs.v:2991]
INFO: [Synth 8-7129] Port ACLK in module axi_register_slice_v2_1_36_axic_register_slice is either unconnected or has no load
INFO: [Synth 8-7129] Port ARESET in module axi_register_slice_v2_1_36_axic_register_slice is either unconnected or has no load
INFO: [Synth 8-7129] Port ACLK in module axi_register_slice_v2_1_36_axic_register_slice__parameterized0 is either unconnected or has no load
INFO: [Synth 8-7129] Port ARESET in module axi_register_slice_v2_1_36_axic_register_slice__parameterized0 is either unconnected or has no load
INFO: [Synth 8-7129] Port m_axi_buser[0] in module axi_infrastructure_v1_1_0_vector2axi is either unconnected or has no load
INFO: [Synth 8-7129] Port m_axi_ruser[0] in module axi_infrastructure_v1_1_0_vector2axi is either unconnected or has no load
INFO: [Synth 8-7129] Port s_axi_awuser[0] in module axi_infrastructure_v1_1_0_axi2vector is either unconnected or has no load
INFO: [Synth 8-7129] Port s_axi_wid[11] in module axi_infrastructure_v1_1_0_axi2vector is either unconnected or has no load
INFO: [Synth 8-7129] Port s_axi_wid[10] in module axi_infrastructure_v1_1_0_axi2vector is either unconnected or has no load
INFO: [Synth 8-7129] Port s_axi_wid[9] in module axi_infrastructure_v1_1_0_axi2vector is either unconnected or has no load
INFO: [Synth 8-7129] Port s_axi_wid[8] in module axi_infrastructure_v1_1_0_axi2vector is either unconnected or has no load
INFO: [Synth 8-7129] Port s_axi_wid[7] in module axi_infrastructure_v1_1_0_axi2vector is either unconnected or has no load
INFO: [Synth 8-7129] Port s_axi_wid[6] in module axi_infrastructure_v1_1_0_axi2vector is either unconnected or has no load
INFO: [Synth 8-7129] Port s_axi_wid[5] in module axi_infrastructure_v1_1_0_axi2vector is either unconnected or has no load
INFO: [Synth 8-7129] Port s_axi_wid[4] in module axi_infrastructure_v1_1_0_axi2vector is either unconnected or has no load
INFO: [Synth 8-7129] Port s_axi_wid[3] in module axi_infrastructure_v1_1_0_axi2vector is either unconnected or has no load
INFO: [Synth 8-7129] Port s_axi_wid[2] in module axi_infrastructure_v1_1_0_axi2vector is either unconnected or has no load
INFO: [Synth 8-7129] Port s_axi_wid[1] in module axi_infrastructure_v1_1_0_axi2vector is either unconnected or has no load
INFO: [Synth 8-7129] Port s_axi_wid[0] in module axi_infrastructure_v1_1_0_axi2vector is either unconnected or has no load
INFO: [Synth 8-7129] Port s_axi_wuser[0] in module axi_infrastructure_v1_1_0_axi2vector is either unconnected or has no load
INFO: [Synth 8-7129] Port s_axi_aruser[0] in module axi_infrastructure_v1_1_0_axi2vector is either unconnected or has no load
INFO: [Synth 8-7129] Port aclk2x in module axi_register_slice_v2_1_36_axi_register_slice is either unconnected or has no load
INFO: [Synth 8-7129] Port ACLK in module axi_crossbar_v2_1_38_wdata_mux is either unconnected or has no load
INFO: [Synth 8-7129] Port ARESET in module axi_crossbar_v2_1_38_wdata_mux is either unconnected or has no load
INFO: [Synth 8-7129] Port S_ASELECT[0] in module axi_crossbar_v2_1_38_wdata_mux is either unconnected or has no load
INFO: [Synth 8-7129] Port S_AVALID in module axi_crossbar_v2_1_38_wdata_mux is either unconnected or has no load
INFO: [Synth 8-7129] Port ADDR[1] in module axi_crossbar_v2_1_38_addr_decoder is either unconnected or has no load
INFO: [Synth 8-7129] Port ADDR[0] in module axi_crossbar_v2_1_38_addr_decoder is either unconnected or has no load
INFO: [Synth 8-7129] Port S_ABURST[1] in module axi_crossbar_v2_1_38_si_transactor__parameterized0 is either unconnected or has no load
INFO: [Synth 8-7129] Port S_ABURST[0] in module axi_crossbar_v2_1_38_si_transactor__parameterized0 is either unconnected or has no load
INFO: [Synth 8-7129] Port S_ABURST[1] in module axi_crossbar_v2_1_38_si_transactor is either unconnected or has no load
INFO: [Synth 8-7129] Port S_ABURST[0] in module axi_crossbar_v2_1_38_si_transactor is either unconnected or has no load
INFO: [Synth 8-7129] Port S_AXI_WID[11] in module axi_crossbar_v2_1_38_crossbar is either unconnected or has no load
INFO: [Synth 8-7129] Port S_AXI_WID[10] in module axi_crossbar_v2_1_38_crossbar is either unconnected or has no load
INFO: [Synth 8-7129] Port S_AXI_WID[9] in module axi_crossbar_v2_1_38_crossbar is either unconnected or has no load
INFO: [Synth 8-7129] Port S_AXI_WID[8] in module axi_crossbar_v2_1_38_crossbar is either unconnected or has no load
INFO: [Synth 8-7129] Port S_AXI_WID[7] in module axi_crossbar_v2_1_38_crossbar is either unconnected or has no load
INFO: [Synth 8-7129] Port S_AXI_WID[6] in module axi_crossbar_v2_1_38_crossbar is either unconnected or has no load
INFO: [Synth 8-7129] Port S_AXI_WID[5] in module axi_crossbar_v2_1_38_crossbar is either unconnected or has no load
INFO: [Synth 8-7129] Port S_AXI_WID[4] in module axi_crossbar_v2_1_38_crossbar is either unconnected or has no load
INFO: [Synth 8-7129] Port S_AXI_WID[3] in module axi_crossbar_v2_1_38_crossbar is either unconnected or has no load
INFO: [Synth 8-7129] Port S_AXI_WID[2] in module axi_crossbar_v2_1_38_crossbar is either unconnected or has no load
INFO: [Synth 8-7129] Port S_AXI_WID[1] in module axi_crossbar_v2_1_38_crossbar is either unconnected or has no load
INFO: [Synth 8-7129] Port S_AXI_WID[0] in module axi_crossbar_v2_1_38_crossbar is either unconnected or has no load
INFO: [Synth 8-7129] Port s_axi_awuser[0] in module axi_crossbar_v2_1_38_axi_crossbar is either unconnected or has no load
INFO: [Synth 8-7129] Port s_axi_wid[11] in module axi_crossbar_v2_1_38_axi_crossbar is either unconnected or has no load
INFO: [Synth 8-7129] Port s_axi_wid[10] in module axi_crossbar_v2_1_38_axi_crossbar is either unconnected or has no load
INFO: [Synth 8-7129] Port s_axi_wid[9] in module axi_crossbar_v2_1_38_axi_crossbar is either unconnected or has no load
INFO: [Synth 8-7129] Port s_axi_wid[8] in module axi_crossbar_v2_1_38_axi_crossbar is either unconnected or has no load
INFO: [Synth 8-7129] Port s_axi_wid[7] in module axi_crossbar_v2_1_38_axi_crossbar is either unconnected or has no load
INFO: [Synth 8-7129] Port s_axi_wid[6] in module axi_crossbar_v2_1_38_axi_crossbar is either unconnected or has no load
INFO: [Synth 8-7129] Port s_axi_wid[5] in module axi_crossbar_v2_1_38_axi_crossbar is either unconnected or has no load
INFO: [Synth 8-7129] Port s_axi_wid[4] in module axi_crossbar_v2_1_38_axi_crossbar is either unconnected or has no load
INFO: [Synth 8-7129] Port s_axi_wid[3] in module axi_crossbar_v2_1_38_axi_crossbar is either unconnected or has no load
INFO: [Synth 8-7129] Port s_axi_wid[2] in module axi_crossbar_v2_1_38_axi_crossbar is either unconnected or has no load
INFO: [Synth 8-7129] Port s_axi_wid[1] in module axi_crossbar_v2_1_38_axi_crossbar is either unconnected or has no load
INFO: [Synth 8-7129] Port s_axi_wid[0] in module axi_crossbar_v2_1_38_axi_crossbar is either unconnected or has no load
INFO: [Synth 8-7129] Port s_axi_wuser[0] in module axi_crossbar_v2_1_38_axi_crossbar is either unconnected or has no load
INFO: [Synth 8-7129] Port s_axi_aruser[0] in module axi_crossbar_v2_1_38_axi_crossbar is either unconnected or has no load
INFO: [Synth 8-7129] Port m_axi_buser[2] in module axi_crossbar_v2_1_38_axi_crossbar is either unconnected or has no load
INFO: [Synth 8-7129] Port m_axi_buser[1] in module axi_crossbar_v2_1_38_axi_crossbar is either unconnected or has no load
INFO: [Synth 8-7129] Port m_axi_buser[0] in module axi_crossbar_v2_1_38_axi_crossbar is either unconnected or has no load
INFO: [Synth 8-7129] Port m_axi_ruser[2] in module axi_crossbar_v2_1_38_axi_crossbar is either unconnected or has no load
INFO: [Synth 8-7129] Port m_axi_ruser[1] in module axi_crossbar_v2_1_38_axi_crossbar is either unconnected or has no load
INFO: [Synth 8-7129] Port m_axi_ruser[0] in module axi_crossbar_v2_1_38_axi_crossbar is either unconnected or has no load
---------------------------------------------------------------------------------
Finished RTL Elaboration : Time (s): cpu = 00:00:13 ; elapsed = 00:00:15 . Memory (MB): peak = 2534.363 ; gain = 702.125 ; free physical = 1978 ; free virtual = 10837
---------------------------------------------------------------------------------
---------------------------------------------------------------------------------
Start Handling Custom Attributes
---------------------------------------------------------------------------------
---------------------------------------------------------------------------------
Finished Handling Custom Attributes : Time (s): cpu = 00:00:13 ; elapsed = 00:00:15 . Memory (MB): peak = 2534.363 ; gain = 702.125 ; free physical = 1978 ; free virtual = 10837
---------------------------------------------------------------------------------
---------------------------------------------------------------------------------
Finished RTL Optimization Phase 1 : Time (s): cpu = 00:00:13 ; elapsed = 00:00:15 . Memory (MB): peak = 2534.363 ; gain = 702.125 ; free physical = 1978 ; free virtual = 10837
---------------------------------------------------------------------------------
Netlist sorting complete. Time (s): cpu = 00:00:00.05 ; elapsed = 00:00:00.05 . Memory (MB): peak = 2534.363 ; gain = 0.000 ; free physical = 1978 ; free virtual = 10838
INFO: [Project 1-570] Preparing netlist for logic optimization

Processing XDC Constraints
Initializing timing engine
Parsing XDC File [/home/chathupa/Desktop/dnn_opt/build/dnn_zynq_hdmi/dnn_zynq_hdmi.gen/sources_1/bd/system/ip/system_axi_ic_ctrl_imp_xbar_0/system_axi_ic_ctrl_imp_xbar_0_ooc.xdc] for cell 'inst'
Finished Parsing XDC File [/home/chathupa/Desktop/dnn_opt/build/dnn_zynq_hdmi/dnn_zynq_hdmi.gen/sources_1/bd/system/ip/system_axi_ic_ctrl_imp_xbar_0/system_axi_ic_ctrl_imp_xbar_0_ooc.xdc] for cell 'inst'
Parsing XDC File [/home/chathupa/Desktop/dnn_opt/build/dnn_zynq_hdmi/dnn_zynq_hdmi.runs/system_axi_ic_ctrl_imp_xbar_0_synth_1/dont_touch.xdc]
Finished Parsing XDC File [/home/chathupa/Desktop/dnn_opt/build/dnn_zynq_hdmi/dnn_zynq_hdmi.runs/system_axi_ic_ctrl_imp_xbar_0_synth_1/dont_touch.xdc]
Completed Processing XDC Constraints

Netlist sorting complete. Time (s): cpu = 00:00:00.01 ; elapsed = 00:00:00 . Memory (MB): peak = 2596.195 ; gain = 0.000 ; free physical = 1986 ; free virtual = 10846
INFO: [Project 1-111] Unisim Transformation Summary:
No Unisim elements were transformed.

Constraint Validation Runtime : Time (s): cpu = 00:00:00.1 ; elapsed = 00:00:00.09 . Memory (MB): peak = 2596.230 ; gain = 0.000 ; free physical = 1986 ; free virtual = 10846
INFO: [Designutils 20-5008] Incremental synthesis strategy off
---------------------------------------------------------------------------------
Finished Constraint Validation : Time (s): cpu = 00:00:21 ; elapsed = 00:00:23 . Memory (MB): peak = 2596.230 ; gain = 763.992 ; free physical = 1942 ; free virtual = 10790
---------------------------------------------------------------------------------
---------------------------------------------------------------------------------
Start Loading Part and Timing Information
---------------------------------------------------------------------------------
Loading part: xc7z020clg484-1
---------------------------------------------------------------------------------
Finished Loading Part and Timing Information : Time (s): cpu = 00:00:21 ; elapsed = 00:00:23 . Memory (MB): peak = 2604.199 ; gain = 771.961 ; free physical = 1942 ; free virtual = 10790
---------------------------------------------------------------------------------
---------------------------------------------------------------------------------
Start Applying 'set_property' XDC Constraints
---------------------------------------------------------------------------------
---------------------------------------------------------------------------------
Finished applying 'set_property' XDC Constraints : Time (s): cpu = 00:00:21 ; elapsed = 00:00:23 . Memory (MB): peak = 2604.199 ; gain = 771.961 ; free physical = 1942 ; free virtual = 10790
---------------------------------------------------------------------------------
INFO: [Synth 8-802] inferred FSM for state register 'state_reg' in module 'axi_data_fifo_v2_1_36_axic_reg_srl_fifo'
INFO: [Synth 8-802] inferred FSM for state register 'gen_axi.write_cs_reg' in module 'axi_crossbar_v2_1_38_decerr_slave'
---------------------------------------------------------------------------------------------------
                   State |                     New Encoding |                Previous Encoding 
---------------------------------------------------------------------------------------------------
                    ZERO |                              100 |                               10
                     ONE |                              010 |                               11
                     TWO |                              001 |                               01
---------------------------------------------------------------------------------------------------
INFO: [Synth 8-3354] encoded FSM with state register 'state_reg' using encoding 'one-hot' in module 'axi_data_fifo_v2_1_36_axic_reg_srl_fifo'
---------------------------------------------------------------------------------------------------
                   State |                     New Encoding |                Previous Encoding 
---------------------------------------------------------------------------------------------------
            P_WRITE_IDLE |                              001 |                               00
            P_WRITE_DATA |                              010 |                               01
            P_WRITE_RESP |                              100 |                               10
---------------------------------------------------------------------------------------------------
INFO: [Synth 8-3354] encoded FSM with state register 'gen_axi.write_cs_reg' using encoding 'one-hot' in module 'axi_crossbar_v2_1_38_decerr_slave'
---------------------------------------------------------------------------------
Finished RTL Optimization Phase 2 : Time (s): cpu = 00:00:22 ; elapsed = 00:00:24 . Memory (MB): peak = 2604.199 ; gain = 771.961 ; free physical = 1923 ; free virtual = 10784
---------------------------------------------------------------------------------
---------------------------------------------------------------------------------
Start RTL Component Statistics 
---------------------------------------------------------------------------------
Detailed RTL Component Info : 
+---Adders : 
	   2 Input    8 Bit       Adders := 3     
	   2 Input    4 Bit       Adders := 36    
	   2 Input    3 Bit       Adders := 3     
	   2 Input    2 Bit       Adders := 7     
	   2 Input    1 Bit       Adders := 2     
+---XORs : 
	   2 Input      1 Bit         XORs := 21    
+---Registers : 
	               75 Bit    Registers := 2     
	               47 Bit    Registers := 8     
	               14 Bit    Registers := 4     
	               12 Bit    Registers := 18    
	                8 Bit    Registers := 59    
	                4 Bit    Registers := 24    
	                3 Bit    Registers := 3     
	                2 Bit    Registers := 13    
	                1 Bit    Registers := 52    
+---Muxes : 
	   2 Input   47 Bit        Muxes := 8     
	   2 Input    8 Bit        Muxes := 1     
	   2 Input    4 Bit        Muxes := 4     
	   3 Input    4 Bit        Muxes := 16    
	   2 Input    3 Bit        Muxes := 7     
	   3 Input    3 Bit        Muxes := 1     
	   2 Input    2 Bit        Muxes := 52    
	   2 Input    1 Bit        Muxes := 59    
	   3 Input    1 Bit        Muxes := 11    
---------------------------------------------------------------------------------
Finished RTL Component Statistics 
---------------------------------------------------------------------------------
---------------------------------------------------------------------------------
Start Part Resource Summary
---------------------------------------------------------------------------------
Part Resources:
DSPs: 220 (col length:60)
BRAMs: 280 (col length: RAMB18 60 RAMB36 30)
---------------------------------------------------------------------------------
Finished Part Resource Summary
---------------------------------------------------------------------------------
---------------------------------------------------------------------------------
Start Cross Boundary and Area Optimization
---------------------------------------------------------------------------------
INFO: [Synth 8-7129] Port aclk2x in module axi_register_slice_v2_1_36_axi_register_slice is either unconnected or has no load
INFO: [Synth 8-7129] Port s_axi_awuser[0] in module axi_register_slice_v2_1_36_axi_register_slice is either unconnected or has no load
INFO: [Synth 8-7129] Port s_axi_wid[11] in module axi_register_slice_v2_1_36_axi_register_slice is either unconnected or has no load
INFO: [Synth 8-7129] Port s_axi_wid[10] in module axi_register_slice_v2_1_36_axi_register_slice is either unconnected or has no load
INFO: [Synth 8-7129] Port s_axi_wid[9] in module axi_register_slice_v2_1_36_axi_register_slice is either unconnected or has no load
INFO: [Synth 8-7129] Port s_axi_wid[8] in module axi_register_slice_v2_1_36_axi_register_slice is either unconnected or has no load
INFO: [Synth 8-7129] Port s_axi_wid[7] in module axi_register_slice_v2_1_36_axi_register_slice is either unconnected or has no load
INFO: [Synth 8-7129] Port s_axi_wid[6] in module axi_register_slice_v2_1_36_axi_register_slice is either unconnected or has no load
INFO: [Synth 8-7129] Port s_axi_wid[5] in module axi_register_slice_v2_1_36_axi_register_slice is either unconnected or has no load
INFO: [Synth 8-7129] Port s_axi_wid[4] in module axi_register_slice_v2_1_36_axi_register_slice is either unconnected or has no load
INFO: [Synth 8-7129] Port s_axi_wid[3] in module axi_register_slice_v2_1_36_axi_register_slice is either unconnected or has no load
INFO: [Synth 8-7129] Port s_axi_wid[2] in module axi_register_slice_v2_1_36_axi_register_slice is either unconnected or has no load
INFO: [Synth 8-7129] Port s_axi_wid[1] in module axi_register_slice_v2_1_36_axi_register_slice is either unconnected or has no load
INFO: [Synth 8-7129] Port s_axi_wid[0] in module axi_register_slice_v2_1_36_axi_register_slice is either unconnected or has no load
INFO: [Synth 8-7129] Port s_axi_wuser[0] in module axi_register_slice_v2_1_36_axi_register_slice is either unconnected or has no load
INFO: [Synth 8-7129] Port s_axi_aruser[0] in module axi_register_slice_v2_1_36_axi_register_slice is either unconnected or has no load
INFO: [Synth 8-7129] Port m_axi_buser[0] in module axi_register_slice_v2_1_36_axi_register_slice is either unconnected or has no load
INFO: [Synth 8-7129] Port m_axi_ruser[0] in module axi_register_slice_v2_1_36_axi_register_slice is either unconnected or has no load
INFO: [Synth 8-7129] Port S_ABURST[1] in module axi_crossbar_v2_1_38_si_transactor__parameterized0 is either unconnected or has no load
INFO: [Synth 8-7129] Port S_ABURST[0] in module axi_crossbar_v2_1_38_si_transactor__parameterized0 is either unconnected or has no load
INFO: [Synth 8-7129] Port S_ABURST[1] in module axi_crossbar_v2_1_38_si_transactor is either unconnected or has no load
INFO: [Synth 8-7129] Port S_ABURST[0] in module axi_crossbar_v2_1_38_si_transactor is either unconnected or has no load
INFO: [Synth 8-7129] Port S_AXI_WID[11] in module axi_crossbar_v2_1_38_crossbar is either unconnected or has no load
INFO: [Synth 8-7129] Port S_AXI_WID[10] in module axi_crossbar_v2_1_38_crossbar is either unconnected or has no load
INFO: [Synth 8-7129] Port S_AXI_WID[9] in module axi_crossbar_v2_1_38_crossbar is either unconnected or has no load
INFO: [Synth 8-7129] Port S_AXI_WID[8] in module axi_crossbar_v2_1_38_crossbar is either unconnected or has no load
INFO: [Synth 8-7129] Port S_AXI_WID[7] in module axi_crossbar_v2_1_38_crossbar is either unconnected or has no load
INFO: [Synth 8-7129] Port S_AXI_WID[6] in module axi_crossbar_v2_1_38_crossbar is either unconnected or has no load
INFO: [Synth 8-7129] Port S_AXI_WID[5] in module axi_crossbar_v2_1_38_crossbar is either unconnected or has no load
INFO: [Synth 8-7129] Port S_AXI_WID[4] in module axi_crossbar_v2_1_38_crossbar is either unconnected or has no load
INFO: [Synth 8-7129] Port S_AXI_WID[3] in module axi_crossbar_v2_1_38_crossbar is either unconnected or has no load
INFO: [Synth 8-7129] Port S_AXI_WID[2] in module axi_crossbar_v2_1_38_crossbar is either unconnected or has no load
INFO: [Synth 8-7129] Port S_AXI_WID[1] in module axi_crossbar_v2_1_38_crossbar is either unconnected or has no load
INFO: [Synth 8-7129] Port S_AXI_WID[0] in module axi_crossbar_v2_1_38_crossbar is either unconnected or has no load
INFO: [Synth 8-7129] Port s_axi_awuser[0] in module axi_crossbar_v2_1_38_axi_crossbar is either unconnected or has no load
INFO: [Common 17-14] Message 'Synth 8-7129' appears 100 times and further instances of the messages will be disabled. Use the Tcl command set_msg_config to change the current settings.
---------------------------------------------------------------------------------
Finished Cross Boundary and Area Optimization : Time (s): cpu = 00:00:30 ; elapsed = 00:00:32 . Memory (MB): peak = 2620.207 ; gain = 787.969 ; free physical = 1961 ; free virtual = 10832
---------------------------------------------------------------------------------
---------------------------------------------------------------------------------
Start Applying XDC Timing Constraints
---------------------------------------------------------------------------------
---------------------------------------------------------------------------------
Finished Applying XDC Timing Constraints : Time (s): cpu = 00:00:35 ; elapsed = 00:00:37 . Memory (MB): peak = 2620.207 ; gain = 787.969 ; free physical = 3337 ; free virtual = 12243
---------------------------------------------------------------------------------
---------------------------------------------------------------------------------
Start Timing Optimization
---------------------------------------------------------------------------------
---------------------------------------------------------------------------------
Finished Timing Optimization : Time (s): cpu = 00:00:40 ; elapsed = 00:00:42 . Memory (MB): peak = 2677.223 ; gain = 844.984 ; free physical = 3171 ; free virtual = 12097
---------------------------------------------------------------------------------
---------------------------------------------------------------------------------
Start Technology Mapping
---------------------------------------------------------------------------------
---------------------------------------------------------------------------------
Finished Technology Mapping : Time (s): cpu = 00:00:41 ; elapsed = 00:00:43 . Memory (MB): peak = 2693.238 ; gain = 861.000 ; free physical = 3285 ; free virtual = 12214
---------------------------------------------------------------------------------
---------------------------------------------------------------------------------
Start IO Insertion
---------------------------------------------------------------------------------
---------------------------------------------------------------------------------
Start Flattening Before IO Insertion
---------------------------------------------------------------------------------
---------------------------------------------------------------------------------
Finished Flattening Before IO Insertion
---------------------------------------------------------------------------------
---------------------------------------------------------------------------------
Start Final Netlist Cleanup
---------------------------------------------------------------------------------
---------------------------------------------------------------------------------
Finished Final Netlist Cleanup
---------------------------------------------------------------------------------
---------------------------------------------------------------------------------
Finished IO Insertion : Time (s): cpu = 00:00:45 ; elapsed = 00:00:47 . Memory (MB): peak = 2824.020 ; gain = 991.781 ; free physical = 4529 ; free virtual = 13470
---------------------------------------------------------------------------------
---------------------------------------------------------------------------------
Start Renaming Generated Instances
---------------------------------------------------------------------------------
---------------------------------------------------------------------------------
Finished Renaming Generated Instances : Time (s): cpu = 00:00:45 ; elapsed = 00:00:47 . Memory (MB): peak = 2824.020 ; gain = 991.781 ; free physical = 4529 ; free virtual = 13470
---------------------------------------------------------------------------------
---------------------------------------------------------------------------------
Start Rebuilding User Hierarchy
---------------------------------------------------------------------------------
---------------------------------------------------------------------------------
Finished Rebuilding User Hierarchy : Time (s): cpu = 00:00:45 ; elapsed = 00:00:47 . Memory (MB): peak = 2824.020 ; gain = 991.781 ; free physical = 4529 ; free virtual = 13470
---------------------------------------------------------------------------------
---------------------------------------------------------------------------------
Start Renaming Generated Ports
---------------------------------------------------------------------------------
---------------------------------------------------------------------------------
Finished Renaming Generated Ports : Time (s): cpu = 00:00:45 ; elapsed = 00:00:47 . Memory (MB): peak = 2824.020 ; gain = 991.781 ; free physical = 4529 ; free virtual = 13470
---------------------------------------------------------------------------------
---------------------------------------------------------------------------------
Start Handling Custom Attributes
---------------------------------------------------------------------------------
---------------------------------------------------------------------------------
Finished Handling Custom Attributes : Time (s): cpu = 00:00:45 ; elapsed = 00:00:47 . Memory (MB): peak = 2824.020 ; gain = 991.781 ; free physical = 4529 ; free virtual = 13470
---------------------------------------------------------------------------------
---------------------------------------------------------------------------------
Start Renaming Generated Nets
---------------------------------------------------------------------------------
---------------------------------------------------------------------------------
Finished Renaming Generated Nets : Time (s): cpu = 00:00:45 ; elapsed = 00:00:47 . Memory (MB): peak = 2824.020 ; gain = 991.781 ; free physical = 4529 ; free virtual = 13471
---------------------------------------------------------------------------------
---------------------------------------------------------------------------------
Start Writing Synthesis Report
---------------------------------------------------------------------------------

Report BlackBoxes: 
+-+--------------+----------+
| |BlackBox name |Instances |
+-+--------------+----------+
+-+--------------+----------+

Report Cell Usage: 
+------+--------+------+
|      |Cell    |Count |
+------+--------+------+
|1     |CARRY4  |    32|
|2     |LUT1    |    26|
|3     |LUT2    |     8|
|4     |LUT3    |   175|
|5     |LUT4    |    59|
|6     |LUT5    |   115|
|7     |LUT6    |   390|
|8     |SRLC32E |     3|
|9     |FDRE    |   905|
|10    |FDSE    |    14|
+------+--------+------+
---------------------------------------------------------------------------------
Finished Writing Synthesis Report : Time (s): cpu = 00:00:45 ; elapsed = 00:00:47 . Memory (MB): peak = 2824.020 ; gain = 991.781 ; free physical = 4529 ; free virtual = 13471
---------------------------------------------------------------------------------
Synthesis finished with 0 errors, 0 critical warnings and 0 warnings.
Synthesis Optimization Runtime : Time (s): cpu = 00:00:43 ; elapsed = 00:00:44 . Memory (MB): peak = 2824.020 ; gain = 929.914 ; free physical = 4529 ; free virtual = 13471
Synthesis Optimization Complete : Time (s): cpu = 00:00:45 ; elapsed = 00:00:47 . Memory (MB): peak = 2824.027 ; gain = 991.781 ; free physical = 4529 ; free virtual = 13471
INFO: [Project 1-571] Translating synthesized netlist
Netlist sorting complete. Time (s): cpu = 00:00:00.02 ; elapsed = 00:00:00.02 . Memory (MB): peak = 2824.027 ; gain = 0.000 ; free physical = 4698 ; free virtual = 13641
INFO: [Netlist 29-17] Analyzing 32 Unisim elements for replacement
INFO: [Netlist 29-28] Unisim Transformation completed in 0 CPU seconds
INFO: [Project 1-570] Preparing netlist for logic optimization
INFO: [Opt 31-138] Pushed 0 inverter(s) to 0 load pin(s).
Netlist sorting complete. Time (s): cpu = 00:00:00 ; elapsed = 00:00:00 . Memory (MB): peak = 2880.047 ; gain = 0.000 ; free physical = 4718 ; free virtual = 13666
INFO: [Project 1-111] Unisim Transformation Summary:
No Unisim elements were transformed.

Synth Design complete | Checksum: b6952407
INFO: [Common 17-83] Releasing license: Synthesis
228 Infos, 0 Warnings, 0 Critical Warnings and 0 Errors encountered.
synth_design completed successfully
synth_design: Time (s): cpu = 00:00:54 ; elapsed = 00:00:51 . Memory (MB): peak = 2880.082 ; gain = 1254.656 ; free physical = 4718 ; free virtual = 13667
INFO: [Common 17-2834] synth_design peak Physical Memory [PSS] (MB): overall = 1978.910; main = 1978.910; forked = 237.228
INFO: [Common 17-2834] synth_design peak Virtual Memory [VSS] (MB): overall = 3663.750; main = 2880.051; forked = 986.523
Write ShapeDB Complete: Time (s): cpu = 00:00:00 ; elapsed = 00:00:00 . Memory (MB): peak = 2904.059 ; gain = 0.000 ; free physical = 4720 ; free virtual = 13669
INFO: [Common 17-1381] The checkpoint '/home/chathupa/Desktop/dnn_opt/build/dnn_zynq_hdmi/dnn_zynq_hdmi.runs/system_axi_ic_ctrl_imp_xbar_0_synth_1/system_axi_ic_ctrl_imp_xbar_0.dcp' has been generated.
INFO: [Coretcl 2-1648] Added synthesis output to IP cache for IP system_axi_ic_ctrl_imp_xbar_0, cache-ID = 483ed7b794a77008
INFO: [Coretcl 2-1174] Renamed 28 cell refs.
Write ShapeDB Complete: Time (s): cpu = 00:00:00.01 ; elapsed = 00:00:00.01 . Memory (MB): peak = 2904.059 ; gain = 0.000 ; free physical = 4714 ; free virtual = 13669
INFO: [Common 17-1381] The checkpoint '/home/chathupa/Desktop/dnn_opt/build/dnn_zynq_hdmi/dnn_zynq_hdmi.runs/system_axi_ic_ctrl_imp_xbar_0_synth_1/system_axi_ic_ctrl_imp_xbar_0.dcp' has been generated.
INFO: [Vivado 12-24828] Executing command : report_utilization -file system_axi_ic_ctrl_imp_xbar_0_utilization_synth.rpt -pb system_axi_ic_ctrl_imp_xbar_0_utilization_synth.pb
INFO: [Common 17-206] Exiting Vivado at Wed Jul  8 19:52:57 2026...
