
*** Running vivado
    with args -log system_axi_ic_ctrl_imp_auto_pc_0.vds -m64 -product Vivado -mode batch -messageDb vivado.pb -notrace -source system_axi_ic_ctrl_imp_auto_pc_0.tcl


****** Vivado v2025.2 (64-bit)
  **** SW Build 6299465 on Fri Nov 14 12:34:56 MST 2025
  **** IP Build 6300035 on Fri Nov 14 10:48:45 MST 2025
  **** SharedData Build 6298862 on Thu Nov 13 04:50:51 MST 2025
  **** Start of session at: Wed Jul  8 19:50:48 2026
    ** Copyright 1986-2022 Xilinx, Inc. All Rights Reserved.
    ** Copyright 2022-2025 Advanced Micro Devices, Inc. All Rights Reserved.

source system_axi_ic_ctrl_imp_auto_pc_0.tcl -notrace
Command: synth_design -top system_axi_ic_ctrl_imp_auto_pc_0 -part xc7z020clg484-1 -incremental_mode off -mode out_of_context
Starting synth_design
Attempting to get a license for feature 'Synthesis' and/or device 'xc7z020'
INFO: [Common 17-349] Got license for feature 'Synthesis' and/or device 'xc7z020'
INFO: [Device 21-403] Loading part xc7z020clg484-1
INFO: [Synth 8-7079] Multithreading enabled for synth_design using a maximum of 7 processes.
INFO: [Synth 8-7078] Launching helper process for spawning children vivado processes
INFO: [Synth 8-7075] Helper process launched with PID 29833
---------------------------------------------------------------------------------
Starting RTL Elaboration : Time (s): cpu = 00:00:06 ; elapsed = 00:00:07 . Memory (MB): peak = 2307.949 ; gain = 483.156 ; free physical = 2638 ; free virtual = 11545
---------------------------------------------------------------------------------
INFO: [Synth 8-6157] synthesizing module 'system_axi_ic_ctrl_imp_auto_pc_0' [/home/chathupa/Desktop/dnn_opt/build/dnn_zynq_hdmi/dnn_zynq_hdmi.gen/sources_1/bd/system/ip/system_axi_ic_ctrl_imp_auto_pc_0/synth/system_axi_ic_ctrl_imp_auto_pc_0.v:53]
INFO: [Synth 8-6157] synthesizing module 'axi_protocol_converter_v2_1_37_axi_protocol_converter' [/home/chathupa/Desktop/dnn_opt/build/dnn_zynq_hdmi/dnn_zynq_hdmi.gen/sources_1/bd/system/ipshared/d98a/hdl/axi_protocol_converter_v2_1_vl_rfs.v:5285]
INFO: [Synth 8-6157] synthesizing module 'axi_protocol_converter_v2_1_37_b2s' [/home/chathupa/Desktop/dnn_opt/build/dnn_zynq_hdmi/dnn_zynq_hdmi.gen/sources_1/bd/system/ipshared/d98a/hdl/axi_protocol_converter_v2_1_vl_rfs.v:4704]
INFO: [Synth 8-6157] synthesizing module 'axi_protocol_converter_v2_1_37_b2s_aw_channel' [/home/chathupa/Desktop/dnn_opt/build/dnn_zynq_hdmi/dnn_zynq_hdmi.gen/sources_1/bd/system/ipshared/d98a/hdl/axi_protocol_converter_v2_1_vl_rfs.v:4360]
INFO: [Synth 8-6157] synthesizing module 'axi_protocol_converter_v2_1_37_b2s_cmd_translator' [/home/chathupa/Desktop/dnn_opt/build/dnn_zynq_hdmi/dnn_zynq_hdmi.gen/sources_1/bd/system/ipshared/d98a/hdl/axi_protocol_converter_v2_1_vl_rfs.v:3720]
INFO: [Synth 8-6157] synthesizing module 'axi_protocol_converter_v2_1_37_b2s_incr_cmd' [/home/chathupa/Desktop/dnn_opt/build/dnn_zynq_hdmi/dnn_zynq_hdmi.gen/sources_1/bd/system/ipshared/d98a/hdl/axi_protocol_converter_v2_1_vl_rfs.v:3216]
INFO: [Synth 8-6155] done synthesizing module 'axi_protocol_converter_v2_1_37_b2s_incr_cmd' (0#1) [/home/chathupa/Desktop/dnn_opt/build/dnn_zynq_hdmi/dnn_zynq_hdmi.gen/sources_1/bd/system/ipshared/d98a/hdl/axi_protocol_converter_v2_1_vl_rfs.v:3216]
INFO: [Synth 8-6157] synthesizing module 'axi_protocol_converter_v2_1_37_b2s_wrap_cmd' [/home/chathupa/Desktop/dnn_opt/build/dnn_zynq_hdmi/dnn_zynq_hdmi.gen/sources_1/bd/system/ipshared/d98a/hdl/axi_protocol_converter_v2_1_vl_rfs.v:2982]
INFO: [Synth 8-6155] done synthesizing module 'axi_protocol_converter_v2_1_37_b2s_wrap_cmd' (0#1) [/home/chathupa/Desktop/dnn_opt/build/dnn_zynq_hdmi/dnn_zynq_hdmi.gen/sources_1/bd/system/ipshared/d98a/hdl/axi_protocol_converter_v2_1_vl_rfs.v:2982]
INFO: [Synth 8-6155] done synthesizing module 'axi_protocol_converter_v2_1_37_b2s_cmd_translator' (0#1) [/home/chathupa/Desktop/dnn_opt/build/dnn_zynq_hdmi/dnn_zynq_hdmi.gen/sources_1/bd/system/ipshared/d98a/hdl/axi_protocol_converter_v2_1_vl_rfs.v:3720]
INFO: [Synth 8-6157] synthesizing module 'axi_protocol_converter_v2_1_37_b2s_wr_cmd_fsm' [/home/chathupa/Desktop/dnn_opt/build/dnn_zynq_hdmi/dnn_zynq_hdmi.gen/sources_1/bd/system/ipshared/d98a/hdl/axi_protocol_converter_v2_1_vl_rfs.v:3392]
INFO: [Synth 8-226] default block is never used [/home/chathupa/Desktop/dnn_opt/build/dnn_zynq_hdmi/dnn_zynq_hdmi.gen/sources_1/bd/system/ipshared/d98a/hdl/axi_protocol_converter_v2_1_vl_rfs.v:3446]
INFO: [Synth 8-6155] done synthesizing module 'axi_protocol_converter_v2_1_37_b2s_wr_cmd_fsm' (0#1) [/home/chathupa/Desktop/dnn_opt/build/dnn_zynq_hdmi/dnn_zynq_hdmi.gen/sources_1/bd/system/ipshared/d98a/hdl/axi_protocol_converter_v2_1_vl_rfs.v:3392]
INFO: [Synth 8-6155] done synthesizing module 'axi_protocol_converter_v2_1_37_b2s_aw_channel' (0#1) [/home/chathupa/Desktop/dnn_opt/build/dnn_zynq_hdmi/dnn_zynq_hdmi.gen/sources_1/bd/system/ipshared/d98a/hdl/axi_protocol_converter_v2_1_vl_rfs.v:4360]
INFO: [Synth 8-6157] synthesizing module 'axi_protocol_converter_v2_1_37_b2s_b_channel' [/home/chathupa/Desktop/dnn_opt/build/dnn_zynq_hdmi/dnn_zynq_hdmi.gen/sources_1/bd/system/ipshared/d98a/hdl/axi_protocol_converter_v2_1_vl_rfs.v:3906]
INFO: [Synth 8-6157] synthesizing module 'axi_protocol_converter_v2_1_37_b2s_simple_fifo' [/home/chathupa/Desktop/dnn_opt/build/dnn_zynq_hdmi/dnn_zynq_hdmi.gen/sources_1/bd/system/ipshared/d98a/hdl/axi_protocol_converter_v2_1_vl_rfs.v:2852]
INFO: [Synth 8-6155] done synthesizing module 'axi_protocol_converter_v2_1_37_b2s_simple_fifo' (0#1) [/home/chathupa/Desktop/dnn_opt/build/dnn_zynq_hdmi/dnn_zynq_hdmi.gen/sources_1/bd/system/ipshared/d98a/hdl/axi_protocol_converter_v2_1_vl_rfs.v:2852]
INFO: [Synth 8-6157] synthesizing module 'axi_protocol_converter_v2_1_37_b2s_simple_fifo__parameterized0' [/home/chathupa/Desktop/dnn_opt/build/dnn_zynq_hdmi/dnn_zynq_hdmi.gen/sources_1/bd/system/ipshared/d98a/hdl/axi_protocol_converter_v2_1_vl_rfs.v:2852]
INFO: [Synth 8-6155] done synthesizing module 'axi_protocol_converter_v2_1_37_b2s_simple_fifo__parameterized0' (0#1) [/home/chathupa/Desktop/dnn_opt/build/dnn_zynq_hdmi/dnn_zynq_hdmi.gen/sources_1/bd/system/ipshared/d98a/hdl/axi_protocol_converter_v2_1_vl_rfs.v:2852]
INFO: [Synth 8-6155] done synthesizing module 'axi_protocol_converter_v2_1_37_b2s_b_channel' (0#1) [/home/chathupa/Desktop/dnn_opt/build/dnn_zynq_hdmi/dnn_zynq_hdmi.gen/sources_1/bd/system/ipshared/d98a/hdl/axi_protocol_converter_v2_1_vl_rfs.v:3906]
INFO: [Synth 8-6157] synthesizing module 'axi_protocol_converter_v2_1_37_b2s_ar_channel' [/home/chathupa/Desktop/dnn_opt/build/dnn_zynq_hdmi/dnn_zynq_hdmi.gen/sources_1/bd/system/ipshared/d98a/hdl/axi_protocol_converter_v2_1_vl_rfs.v:4516]
INFO: [Synth 8-6157] synthesizing module 'axi_protocol_converter_v2_1_37_b2s_rd_cmd_fsm' [/home/chathupa/Desktop/dnn_opt/build/dnn_zynq_hdmi/dnn_zynq_hdmi.gen/sources_1/bd/system/ipshared/d98a/hdl/axi_protocol_converter_v2_1_vl_rfs.v:3546]
INFO: [Synth 8-226] default block is never used [/home/chathupa/Desktop/dnn_opt/build/dnn_zynq_hdmi/dnn_zynq_hdmi.gen/sources_1/bd/system/ipshared/d98a/hdl/axi_protocol_converter_v2_1_vl_rfs.v:3608]
INFO: [Synth 8-6155] done synthesizing module 'axi_protocol_converter_v2_1_37_b2s_rd_cmd_fsm' (0#1) [/home/chathupa/Desktop/dnn_opt/build/dnn_zynq_hdmi/dnn_zynq_hdmi.gen/sources_1/bd/system/ipshared/d98a/hdl/axi_protocol_converter_v2_1_vl_rfs.v:3546]
INFO: [Synth 8-6155] done synthesizing module 'axi_protocol_converter_v2_1_37_b2s_ar_channel' (0#1) [/home/chathupa/Desktop/dnn_opt/build/dnn_zynq_hdmi/dnn_zynq_hdmi.gen/sources_1/bd/system/ipshared/d98a/hdl/axi_protocol_converter_v2_1_vl_rfs.v:4516]
INFO: [Synth 8-6157] synthesizing module 'axi_protocol_converter_v2_1_37_b2s_r_channel' [/home/chathupa/Desktop/dnn_opt/build/dnn_zynq_hdmi/dnn_zynq_hdmi.gen/sources_1/bd/system/ipshared/d98a/hdl/axi_protocol_converter_v2_1_vl_rfs.v:4155]
INFO: [Synth 8-6157] synthesizing module 'axi_protocol_converter_v2_1_37_b2s_simple_fifo__parameterized1' [/home/chathupa/Desktop/dnn_opt/build/dnn_zynq_hdmi/dnn_zynq_hdmi.gen/sources_1/bd/system/ipshared/d98a/hdl/axi_protocol_converter_v2_1_vl_rfs.v:2852]
INFO: [Synth 8-6155] done synthesizing module 'axi_protocol_converter_v2_1_37_b2s_simple_fifo__parameterized1' (0#1) [/home/chathupa/Desktop/dnn_opt/build/dnn_zynq_hdmi/dnn_zynq_hdmi.gen/sources_1/bd/system/ipshared/d98a/hdl/axi_protocol_converter_v2_1_vl_rfs.v:2852]
INFO: [Synth 8-6157] synthesizing module 'axi_protocol_converter_v2_1_37_b2s_simple_fifo__parameterized2' [/home/chathupa/Desktop/dnn_opt/build/dnn_zynq_hdmi/dnn_zynq_hdmi.gen/sources_1/bd/system/ipshared/d98a/hdl/axi_protocol_converter_v2_1_vl_rfs.v:2852]
INFO: [Synth 8-6155] done synthesizing module 'axi_protocol_converter_v2_1_37_b2s_simple_fifo__parameterized2' (0#1) [/home/chathupa/Desktop/dnn_opt/build/dnn_zynq_hdmi/dnn_zynq_hdmi.gen/sources_1/bd/system/ipshared/d98a/hdl/axi_protocol_converter_v2_1_vl_rfs.v:2852]
INFO: [Synth 8-6155] done synthesizing module 'axi_protocol_converter_v2_1_37_b2s_r_channel' (0#1) [/home/chathupa/Desktop/dnn_opt/build/dnn_zynq_hdmi/dnn_zynq_hdmi.gen/sources_1/bd/system/ipshared/d98a/hdl/axi_protocol_converter_v2_1_vl_rfs.v:4155]
INFO: [Synth 8-6157] synthesizing module 'axi_register_slice_v2_1_36_axi_register_slice' [/home/chathupa/Desktop/dnn_opt/build/dnn_zynq_hdmi/dnn_zynq_hdmi.gen/sources_1/bd/system/ipshared/bc4b/hdl/axi_register_slice_v2_1_vl_rfs.v:3721]
INFO: [Synth 8-6157] synthesizing module 'axi_infrastructure_v1_1_0_axi2vector' [/home/chathupa/Desktop/dnn_opt/build/dnn_zynq_hdmi/dnn_zynq_hdmi.gen/sources_1/bd/system/ipshared/ec67/hdl/axi_infrastructure_v1_1_vl_rfs.v:59]
INFO: [Synth 8-6155] done synthesizing module 'axi_infrastructure_v1_1_0_axi2vector' (0#1) [/home/chathupa/Desktop/dnn_opt/build/dnn_zynq_hdmi/dnn_zynq_hdmi.gen/sources_1/bd/system/ipshared/ec67/hdl/axi_infrastructure_v1_1_vl_rfs.v:59]
INFO: [Synth 8-6157] synthesizing module 'axi_infrastructure_v1_1_0_vector2axi' [/home/chathupa/Desktop/dnn_opt/build/dnn_zynq_hdmi/dnn_zynq_hdmi.gen/sources_1/bd/system/ipshared/ec67/hdl/axi_infrastructure_v1_1_vl_rfs.v:473]
INFO: [Synth 8-6155] done synthesizing module 'axi_infrastructure_v1_1_0_vector2axi' (0#1) [/home/chathupa/Desktop/dnn_opt/build/dnn_zynq_hdmi/dnn_zynq_hdmi.gen/sources_1/bd/system/ipshared/ec67/hdl/axi_infrastructure_v1_1_vl_rfs.v:473]
INFO: [Synth 8-6157] synthesizing module 'axi_register_slice_v2_1_36_axic_register_slice' [/home/chathupa/Desktop/dnn_opt/build/dnn_zynq_hdmi/dnn_zynq_hdmi.gen/sources_1/bd/system/ipshared/bc4b/hdl/axi_register_slice_v2_1_vl_rfs.v:1492]
INFO: [Synth 8-6155] done synthesizing module 'axi_register_slice_v2_1_36_axic_register_slice' (0#1) [/home/chathupa/Desktop/dnn_opt/build/dnn_zynq_hdmi/dnn_zynq_hdmi.gen/sources_1/bd/system/ipshared/bc4b/hdl/axi_register_slice_v2_1_vl_rfs.v:1492]
INFO: [Synth 8-6157] synthesizing module 'axi_register_slice_v2_1_36_axic_register_slice__parameterized0' [/home/chathupa/Desktop/dnn_opt/build/dnn_zynq_hdmi/dnn_zynq_hdmi.gen/sources_1/bd/system/ipshared/bc4b/hdl/axi_register_slice_v2_1_vl_rfs.v:1492]
INFO: [Synth 8-6155] done synthesizing module 'axi_register_slice_v2_1_36_axic_register_slice__parameterized0' (0#1) [/home/chathupa/Desktop/dnn_opt/build/dnn_zynq_hdmi/dnn_zynq_hdmi.gen/sources_1/bd/system/ipshared/bc4b/hdl/axi_register_slice_v2_1_vl_rfs.v:1492]
INFO: [Synth 8-6157] synthesizing module 'axi_register_slice_v2_1_36_axic_register_slice__parameterized1' [/home/chathupa/Desktop/dnn_opt/build/dnn_zynq_hdmi/dnn_zynq_hdmi.gen/sources_1/bd/system/ipshared/bc4b/hdl/axi_register_slice_v2_1_vl_rfs.v:1492]
INFO: [Synth 8-6155] done synthesizing module 'axi_register_slice_v2_1_36_axic_register_slice__parameterized1' (0#1) [/home/chathupa/Desktop/dnn_opt/build/dnn_zynq_hdmi/dnn_zynq_hdmi.gen/sources_1/bd/system/ipshared/bc4b/hdl/axi_register_slice_v2_1_vl_rfs.v:1492]
INFO: [Synth 8-6157] synthesizing module 'axi_register_slice_v2_1_36_axic_register_slice__parameterized2' [/home/chathupa/Desktop/dnn_opt/build/dnn_zynq_hdmi/dnn_zynq_hdmi.gen/sources_1/bd/system/ipshared/bc4b/hdl/axi_register_slice_v2_1_vl_rfs.v:1492]
INFO: [Synth 8-6155] done synthesizing module 'axi_register_slice_v2_1_36_axic_register_slice__parameterized2' (0#1) [/home/chathupa/Desktop/dnn_opt/build/dnn_zynq_hdmi/dnn_zynq_hdmi.gen/sources_1/bd/system/ipshared/bc4b/hdl/axi_register_slice_v2_1_vl_rfs.v:1492]
INFO: [Synth 8-6155] done synthesizing module 'axi_register_slice_v2_1_36_axi_register_slice' (0#1) [/home/chathupa/Desktop/dnn_opt/build/dnn_zynq_hdmi/dnn_zynq_hdmi.gen/sources_1/bd/system/ipshared/bc4b/hdl/axi_register_slice_v2_1_vl_rfs.v:3721]
INFO: [Synth 8-7071] port 'aclk2x' of module 'axi_register_slice_v2_1_36_axi_register_slice' is unconnected for instance 'SI_REG' [/home/chathupa/Desktop/dnn_opt/build/dnn_zynq_hdmi/dnn_zynq_hdmi.gen/sources_1/bd/system/ipshared/d98a/hdl/axi_protocol_converter_v2_1_vl_rfs.v:4871]
INFO: [Synth 8-7023] instance 'SI_REG' of module 'axi_register_slice_v2_1_36_axi_register_slice' has 93 connections declared, but only 92 given [/home/chathupa/Desktop/dnn_opt/build/dnn_zynq_hdmi/dnn_zynq_hdmi.gen/sources_1/bd/system/ipshared/d98a/hdl/axi_protocol_converter_v2_1_vl_rfs.v:4871]
INFO: [Synth 8-6157] synthesizing module 'axi_register_slice_v2_1_36_axi_register_slice__parameterized0' [/home/chathupa/Desktop/dnn_opt/build/dnn_zynq_hdmi/dnn_zynq_hdmi.gen/sources_1/bd/system/ipshared/bc4b/hdl/axi_register_slice_v2_1_vl_rfs.v:3721]
INFO: [Synth 8-6157] synthesizing module 'axi_infrastructure_v1_1_0_axi2vector__parameterized0' [/home/chathupa/Desktop/dnn_opt/build/dnn_zynq_hdmi/dnn_zynq_hdmi.gen/sources_1/bd/system/ipshared/ec67/hdl/axi_infrastructure_v1_1_vl_rfs.v:59]
INFO: [Synth 8-6155] done synthesizing module 'axi_infrastructure_v1_1_0_axi2vector__parameterized0' (0#1) [/home/chathupa/Desktop/dnn_opt/build/dnn_zynq_hdmi/dnn_zynq_hdmi.gen/sources_1/bd/system/ipshared/ec67/hdl/axi_infrastructure_v1_1_vl_rfs.v:59]
INFO: [Synth 8-6157] synthesizing module 'axi_infrastructure_v1_1_0_vector2axi__parameterized0' [/home/chathupa/Desktop/dnn_opt/build/dnn_zynq_hdmi/dnn_zynq_hdmi.gen/sources_1/bd/system/ipshared/ec67/hdl/axi_infrastructure_v1_1_vl_rfs.v:473]
INFO: [Synth 8-6155] done synthesizing module 'axi_infrastructure_v1_1_0_vector2axi__parameterized0' (0#1) [/home/chathupa/Desktop/dnn_opt/build/dnn_zynq_hdmi/dnn_zynq_hdmi.gen/sources_1/bd/system/ipshared/ec67/hdl/axi_infrastructure_v1_1_vl_rfs.v:473]
INFO: [Synth 8-6157] synthesizing module 'axi_register_slice_v2_1_36_axic_register_slice__parameterized3' [/home/chathupa/Desktop/dnn_opt/build/dnn_zynq_hdmi/dnn_zynq_hdmi.gen/sources_1/bd/system/ipshared/bc4b/hdl/axi_register_slice_v2_1_vl_rfs.v:1492]
INFO: [Synth 8-6155] done synthesizing module 'axi_register_slice_v2_1_36_axic_register_slice__parameterized3' (0#1) [/home/chathupa/Desktop/dnn_opt/build/dnn_zynq_hdmi/dnn_zynq_hdmi.gen/sources_1/bd/system/ipshared/bc4b/hdl/axi_register_slice_v2_1_vl_rfs.v:1492]
INFO: [Synth 8-6157] synthesizing module 'axi_register_slice_v2_1_36_axic_register_slice__parameterized4' [/home/chathupa/Desktop/dnn_opt/build/dnn_zynq_hdmi/dnn_zynq_hdmi.gen/sources_1/bd/system/ipshared/bc4b/hdl/axi_register_slice_v2_1_vl_rfs.v:1492]
INFO: [Synth 8-6155] done synthesizing module 'axi_register_slice_v2_1_36_axic_register_slice__parameterized4' (0#1) [/home/chathupa/Desktop/dnn_opt/build/dnn_zynq_hdmi/dnn_zynq_hdmi.gen/sources_1/bd/system/ipshared/bc4b/hdl/axi_register_slice_v2_1_vl_rfs.v:1492]
INFO: [Synth 8-6157] synthesizing module 'axi_register_slice_v2_1_36_axic_register_slice__parameterized5' [/home/chathupa/Desktop/dnn_opt/build/dnn_zynq_hdmi/dnn_zynq_hdmi.gen/sources_1/bd/system/ipshared/bc4b/hdl/axi_register_slice_v2_1_vl_rfs.v:1492]
INFO: [Synth 8-6155] done synthesizing module 'axi_register_slice_v2_1_36_axic_register_slice__parameterized5' (0#1) [/home/chathupa/Desktop/dnn_opt/build/dnn_zynq_hdmi/dnn_zynq_hdmi.gen/sources_1/bd/system/ipshared/bc4b/hdl/axi_register_slice_v2_1_vl_rfs.v:1492]
INFO: [Synth 8-6157] synthesizing module 'axi_register_slice_v2_1_36_axic_register_slice__parameterized6' [/home/chathupa/Desktop/dnn_opt/build/dnn_zynq_hdmi/dnn_zynq_hdmi.gen/sources_1/bd/system/ipshared/bc4b/hdl/axi_register_slice_v2_1_vl_rfs.v:1492]
INFO: [Synth 8-6155] done synthesizing module 'axi_register_slice_v2_1_36_axic_register_slice__parameterized6' (0#1) [/home/chathupa/Desktop/dnn_opt/build/dnn_zynq_hdmi/dnn_zynq_hdmi.gen/sources_1/bd/system/ipshared/bc4b/hdl/axi_register_slice_v2_1_vl_rfs.v:1492]
INFO: [Synth 8-6155] done synthesizing module 'axi_register_slice_v2_1_36_axi_register_slice__parameterized0' (0#1) [/home/chathupa/Desktop/dnn_opt/build/dnn_zynq_hdmi/dnn_zynq_hdmi.gen/sources_1/bd/system/ipshared/bc4b/hdl/axi_register_slice_v2_1_vl_rfs.v:3721]
INFO: [Synth 8-7071] port 'aclk2x' of module 'axi_register_slice_v2_1_36_axi_register_slice' is unconnected for instance 'MI_REG' [/home/chathupa/Desktop/dnn_opt/build/dnn_zynq_hdmi/dnn_zynq_hdmi.gen/sources_1/bd/system/ipshared/d98a/hdl/axi_protocol_converter_v2_1_vl_rfs.v:5126]
INFO: [Synth 8-7023] instance 'MI_REG' of module 'axi_register_slice_v2_1_36_axi_register_slice' has 93 connections declared, but only 92 given [/home/chathupa/Desktop/dnn_opt/build/dnn_zynq_hdmi/dnn_zynq_hdmi.gen/sources_1/bd/system/ipshared/d98a/hdl/axi_protocol_converter_v2_1_vl_rfs.v:5126]
INFO: [Synth 8-6155] done synthesizing module 'axi_protocol_converter_v2_1_37_b2s' (0#1) [/home/chathupa/Desktop/dnn_opt/build/dnn_zynq_hdmi/dnn_zynq_hdmi.gen/sources_1/bd/system/ipshared/d98a/hdl/axi_protocol_converter_v2_1_vl_rfs.v:4704]
INFO: [Synth 8-6155] done synthesizing module 'axi_protocol_converter_v2_1_37_axi_protocol_converter' (0#1) [/home/chathupa/Desktop/dnn_opt/build/dnn_zynq_hdmi/dnn_zynq_hdmi.gen/sources_1/bd/system/ipshared/d98a/hdl/axi_protocol_converter_v2_1_vl_rfs.v:5285]
INFO: [Synth 8-6155] done synthesizing module 'system_axi_ic_ctrl_imp_auto_pc_0' (0#1) [/home/chathupa/Desktop/dnn_opt/build/dnn_zynq_hdmi/dnn_zynq_hdmi.gen/sources_1/bd/system/ip/system_axi_ic_ctrl_imp_auto_pc_0/synth/system_axi_ic_ctrl_imp_auto_pc_0.v:53]
INFO: [Synth 8-6014] Unused sequential element state_r1_reg was removed.  [/home/chathupa/Desktop/dnn_opt/build/dnn_zynq_hdmi/dnn_zynq_hdmi.gen/sources_1/bd/system/ipshared/d98a/hdl/axi_protocol_converter_v2_1_vl_rfs.v:3596]
INFO: [Synth 8-6014] Unused sequential element s_arlen_r_reg was removed.  [/home/chathupa/Desktop/dnn_opt/build/dnn_zynq_hdmi/dnn_zynq_hdmi.gen/sources_1/bd/system/ipshared/d98a/hdl/axi_protocol_converter_v2_1_vl_rfs.v:3597]
INFO: [Synth 8-7129] Port ACLK in module axi_register_slice_v2_1_36_axic_register_slice__parameterized6 is either unconnected or has no load
INFO: [Synth 8-7129] Port ARESET in module axi_register_slice_v2_1_36_axic_register_slice__parameterized6 is either unconnected or has no load
INFO: [Synth 8-7129] Port ACLK in module axi_register_slice_v2_1_36_axic_register_slice__parameterized3 is either unconnected or has no load
INFO: [Synth 8-7129] Port ARESET in module axi_register_slice_v2_1_36_axic_register_slice__parameterized3 is either unconnected or has no load
INFO: [Synth 8-7129] Port ACLK in module axi_register_slice_v2_1_36_axic_register_slice__parameterized5 is either unconnected or has no load
INFO: [Synth 8-7129] Port ARESET in module axi_register_slice_v2_1_36_axic_register_slice__parameterized5 is either unconnected or has no load
INFO: [Synth 8-7129] Port ACLK in module axi_register_slice_v2_1_36_axic_register_slice__parameterized4 is either unconnected or has no load
INFO: [Synth 8-7129] Port ARESET in module axi_register_slice_v2_1_36_axic_register_slice__parameterized4 is either unconnected or has no load
INFO: [Synth 8-7129] Port m_axi_bid[0] in module axi_infrastructure_v1_1_0_vector2axi__parameterized0 is either unconnected or has no load
INFO: [Synth 8-7129] Port m_axi_buser[0] in module axi_infrastructure_v1_1_0_vector2axi__parameterized0 is either unconnected or has no load
INFO: [Synth 8-7129] Port m_axi_rid[0] in module axi_infrastructure_v1_1_0_vector2axi__parameterized0 is either unconnected or has no load
INFO: [Synth 8-7129] Port m_axi_rlast in module axi_infrastructure_v1_1_0_vector2axi__parameterized0 is either unconnected or has no load
INFO: [Synth 8-7129] Port m_axi_ruser[0] in module axi_infrastructure_v1_1_0_vector2axi__parameterized0 is either unconnected or has no load
INFO: [Synth 8-7129] Port s_axi_awid[0] in module axi_infrastructure_v1_1_0_axi2vector__parameterized0 is either unconnected or has no load
INFO: [Synth 8-7129] Port s_axi_awlen[7] in module axi_infrastructure_v1_1_0_axi2vector__parameterized0 is either unconnected or has no load
INFO: [Synth 8-7129] Port s_axi_awlen[6] in module axi_infrastructure_v1_1_0_axi2vector__parameterized0 is either unconnected or has no load
INFO: [Synth 8-7129] Port s_axi_awlen[5] in module axi_infrastructure_v1_1_0_axi2vector__parameterized0 is either unconnected or has no load
INFO: [Synth 8-7129] Port s_axi_awlen[4] in module axi_infrastructure_v1_1_0_axi2vector__parameterized0 is either unconnected or has no load
INFO: [Synth 8-7129] Port s_axi_awlen[3] in module axi_infrastructure_v1_1_0_axi2vector__parameterized0 is either unconnected or has no load
INFO: [Synth 8-7129] Port s_axi_awlen[2] in module axi_infrastructure_v1_1_0_axi2vector__parameterized0 is either unconnected or has no load
INFO: [Synth 8-7129] Port s_axi_awlen[1] in module axi_infrastructure_v1_1_0_axi2vector__parameterized0 is either unconnected or has no load
INFO: [Synth 8-7129] Port s_axi_awlen[0] in module axi_infrastructure_v1_1_0_axi2vector__parameterized0 is either unconnected or has no load
INFO: [Synth 8-7129] Port s_axi_awsize[2] in module axi_infrastructure_v1_1_0_axi2vector__parameterized0 is either unconnected or has no load
INFO: [Synth 8-7129] Port s_axi_awsize[1] in module axi_infrastructure_v1_1_0_axi2vector__parameterized0 is either unconnected or has no load
INFO: [Synth 8-7129] Port s_axi_awsize[0] in module axi_infrastructure_v1_1_0_axi2vector__parameterized0 is either unconnected or has no load
INFO: [Synth 8-7129] Port s_axi_awburst[1] in module axi_infrastructure_v1_1_0_axi2vector__parameterized0 is either unconnected or has no load
INFO: [Synth 8-7129] Port s_axi_awburst[0] in module axi_infrastructure_v1_1_0_axi2vector__parameterized0 is either unconnected or has no load
INFO: [Synth 8-7129] Port s_axi_awlock[0] in module axi_infrastructure_v1_1_0_axi2vector__parameterized0 is either unconnected or has no load
INFO: [Synth 8-7129] Port s_axi_awcache[3] in module axi_infrastructure_v1_1_0_axi2vector__parameterized0 is either unconnected or has no load
INFO: [Synth 8-7129] Port s_axi_awcache[2] in module axi_infrastructure_v1_1_0_axi2vector__parameterized0 is either unconnected or has no load
INFO: [Synth 8-7129] Port s_axi_awcache[1] in module axi_infrastructure_v1_1_0_axi2vector__parameterized0 is either unconnected or has no load
INFO: [Synth 8-7129] Port s_axi_awcache[0] in module axi_infrastructure_v1_1_0_axi2vector__parameterized0 is either unconnected or has no load
INFO: [Synth 8-7129] Port s_axi_awregion[3] in module axi_infrastructure_v1_1_0_axi2vector__parameterized0 is either unconnected or has no load
INFO: [Synth 8-7129] Port s_axi_awregion[2] in module axi_infrastructure_v1_1_0_axi2vector__parameterized0 is either unconnected or has no load
INFO: [Synth 8-7129] Port s_axi_awregion[1] in module axi_infrastructure_v1_1_0_axi2vector__parameterized0 is either unconnected or has no load
INFO: [Synth 8-7129] Port s_axi_awregion[0] in module axi_infrastructure_v1_1_0_axi2vector__parameterized0 is either unconnected or has no load
INFO: [Synth 8-7129] Port s_axi_awqos[3] in module axi_infrastructure_v1_1_0_axi2vector__parameterized0 is either unconnected or has no load
INFO: [Synth 8-7129] Port s_axi_awqos[2] in module axi_infrastructure_v1_1_0_axi2vector__parameterized0 is either unconnected or has no load
INFO: [Synth 8-7129] Port s_axi_awqos[1] in module axi_infrastructure_v1_1_0_axi2vector__parameterized0 is either unconnected or has no load
INFO: [Synth 8-7129] Port s_axi_awqos[0] in module axi_infrastructure_v1_1_0_axi2vector__parameterized0 is either unconnected or has no load
INFO: [Synth 8-7129] Port s_axi_awuser[0] in module axi_infrastructure_v1_1_0_axi2vector__parameterized0 is either unconnected or has no load
INFO: [Synth 8-7129] Port s_axi_wid[0] in module axi_infrastructure_v1_1_0_axi2vector__parameterized0 is either unconnected or has no load
INFO: [Synth 8-7129] Port s_axi_wlast in module axi_infrastructure_v1_1_0_axi2vector__parameterized0 is either unconnected or has no load
INFO: [Synth 8-7129] Port s_axi_wuser[0] in module axi_infrastructure_v1_1_0_axi2vector__parameterized0 is either unconnected or has no load
INFO: [Synth 8-7129] Port s_axi_arid[0] in module axi_infrastructure_v1_1_0_axi2vector__parameterized0 is either unconnected or has no load
INFO: [Synth 8-7129] Port s_axi_arlen[7] in module axi_infrastructure_v1_1_0_axi2vector__parameterized0 is either unconnected or has no load
INFO: [Synth 8-7129] Port s_axi_arlen[6] in module axi_infrastructure_v1_1_0_axi2vector__parameterized0 is either unconnected or has no load
INFO: [Synth 8-7129] Port s_axi_arlen[5] in module axi_infrastructure_v1_1_0_axi2vector__parameterized0 is either unconnected or has no load
INFO: [Synth 8-7129] Port s_axi_arlen[4] in module axi_infrastructure_v1_1_0_axi2vector__parameterized0 is either unconnected or has no load
INFO: [Synth 8-7129] Port s_axi_arlen[3] in module axi_infrastructure_v1_1_0_axi2vector__parameterized0 is either unconnected or has no load
INFO: [Synth 8-7129] Port s_axi_arlen[2] in module axi_infrastructure_v1_1_0_axi2vector__parameterized0 is either unconnected or has no load
INFO: [Synth 8-7129] Port s_axi_arlen[1] in module axi_infrastructure_v1_1_0_axi2vector__parameterized0 is either unconnected or has no load
INFO: [Synth 8-7129] Port s_axi_arlen[0] in module axi_infrastructure_v1_1_0_axi2vector__parameterized0 is either unconnected or has no load
INFO: [Synth 8-7129] Port s_axi_arsize[2] in module axi_infrastructure_v1_1_0_axi2vector__parameterized0 is either unconnected or has no load
INFO: [Synth 8-7129] Port s_axi_arsize[1] in module axi_infrastructure_v1_1_0_axi2vector__parameterized0 is either unconnected or has no load
INFO: [Synth 8-7129] Port s_axi_arsize[0] in module axi_infrastructure_v1_1_0_axi2vector__parameterized0 is either unconnected or has no load
INFO: [Synth 8-7129] Port s_axi_arburst[1] in module axi_infrastructure_v1_1_0_axi2vector__parameterized0 is either unconnected or has no load
INFO: [Synth 8-7129] Port s_axi_arburst[0] in module axi_infrastructure_v1_1_0_axi2vector__parameterized0 is either unconnected or has no load
INFO: [Synth 8-7129] Port s_axi_arlock[0] in module axi_infrastructure_v1_1_0_axi2vector__parameterized0 is either unconnected or has no load
INFO: [Synth 8-7129] Port s_axi_arcache[3] in module axi_infrastructure_v1_1_0_axi2vector__parameterized0 is either unconnected or has no load
INFO: [Synth 8-7129] Port s_axi_arcache[2] in module axi_infrastructure_v1_1_0_axi2vector__parameterized0 is either unconnected or has no load
INFO: [Synth 8-7129] Port s_axi_arcache[1] in module axi_infrastructure_v1_1_0_axi2vector__parameterized0 is either unconnected or has no load
INFO: [Synth 8-7129] Port s_axi_arcache[0] in module axi_infrastructure_v1_1_0_axi2vector__parameterized0 is either unconnected or has no load
INFO: [Synth 8-7129] Port s_axi_arregion[3] in module axi_infrastructure_v1_1_0_axi2vector__parameterized0 is either unconnected or has no load
INFO: [Synth 8-7129] Port s_axi_arregion[2] in module axi_infrastructure_v1_1_0_axi2vector__parameterized0 is either unconnected or has no load
INFO: [Synth 8-7129] Port s_axi_arregion[1] in module axi_infrastructure_v1_1_0_axi2vector__parameterized0 is either unconnected or has no load
INFO: [Synth 8-7129] Port s_axi_arregion[0] in module axi_infrastructure_v1_1_0_axi2vector__parameterized0 is either unconnected or has no load
INFO: [Synth 8-7129] Port s_axi_arqos[3] in module axi_infrastructure_v1_1_0_axi2vector__parameterized0 is either unconnected or has no load
INFO: [Synth 8-7129] Port s_axi_arqos[2] in module axi_infrastructure_v1_1_0_axi2vector__parameterized0 is either unconnected or has no load
INFO: [Synth 8-7129] Port s_axi_arqos[1] in module axi_infrastructure_v1_1_0_axi2vector__parameterized0 is either unconnected or has no load
INFO: [Synth 8-7129] Port s_axi_arqos[0] in module axi_infrastructure_v1_1_0_axi2vector__parameterized0 is either unconnected or has no load
INFO: [Synth 8-7129] Port s_axi_aruser[0] in module axi_infrastructure_v1_1_0_axi2vector__parameterized0 is either unconnected or has no load
INFO: [Synth 8-7129] Port aclk2x in module axi_register_slice_v2_1_36_axi_register_slice__parameterized0 is either unconnected or has no load
INFO: [Synth 8-7129] Port ACLK in module axi_register_slice_v2_1_36_axic_register_slice__parameterized0 is either unconnected or has no load
INFO: [Synth 8-7129] Port ARESET in module axi_register_slice_v2_1_36_axic_register_slice__parameterized0 is either unconnected or has no load
INFO: [Synth 8-7129] Port m_axi_buser[0] in module axi_infrastructure_v1_1_0_vector2axi is either unconnected or has no load
INFO: [Synth 8-7129] Port m_axi_ruser[0] in module axi_infrastructure_v1_1_0_vector2axi is either unconnected or has no load
INFO: [Synth 8-7129] Port s_axi_awuser[0] in module axi_infrastructure_v1_1_0_axi2vector is either unconnected or has no load
INFO: [Synth 8-7129] Port s_axi_wid[11] in module axi_infrastructure_v1_1_0_axi2vector is either unconnected or has no load
INFO: [Synth 8-7129] Port s_axi_wid[10] in module axi_infrastructure_v1_1_0_axi2vector is either unconnected or has no load
INFO: [Synth 8-7129] Port s_axi_wid[9] in module axi_infrastructure_v1_1_0_axi2vector is either unconnected or has no load
INFO: [Synth 8-7129] Port s_axi_wid[8] in module axi_infrastructure_v1_1_0_axi2vector is either unconnected or has no load
INFO: [Synth 8-7129] Port s_axi_wid[7] in module axi_infrastructure_v1_1_0_axi2vector is either unconnected or has no load
INFO: [Synth 8-7129] Port s_axi_wid[6] in module axi_infrastructure_v1_1_0_axi2vector is either unconnected or has no load
INFO: [Synth 8-7129] Port s_axi_wid[5] in module axi_infrastructure_v1_1_0_axi2vector is either unconnected or has no load
INFO: [Synth 8-7129] Port s_axi_wid[4] in module axi_infrastructure_v1_1_0_axi2vector is either unconnected or has no load
INFO: [Synth 8-7129] Port s_axi_wid[3] in module axi_infrastructure_v1_1_0_axi2vector is either unconnected or has no load
INFO: [Synth 8-7129] Port s_axi_wid[2] in module axi_infrastructure_v1_1_0_axi2vector is either unconnected or has no load
INFO: [Synth 8-7129] Port s_axi_wid[1] in module axi_infrastructure_v1_1_0_axi2vector is either unconnected or has no load
INFO: [Synth 8-7129] Port s_axi_wid[0] in module axi_infrastructure_v1_1_0_axi2vector is either unconnected or has no load
INFO: [Synth 8-7129] Port s_axi_wuser[0] in module axi_infrastructure_v1_1_0_axi2vector is either unconnected or has no load
INFO: [Synth 8-7129] Port s_axi_aruser[0] in module axi_infrastructure_v1_1_0_axi2vector is either unconnected or has no load
INFO: [Synth 8-7129] Port aclk2x in module axi_register_slice_v2_1_36_axi_register_slice is either unconnected or has no load
INFO: [Synth 8-7129] Port s_arlen[7] in module axi_protocol_converter_v2_1_37_b2s_rd_cmd_fsm is either unconnected or has no load
INFO: [Synth 8-7129] Port s_arlen[6] in module axi_protocol_converter_v2_1_37_b2s_rd_cmd_fsm is either unconnected or has no load
INFO: [Synth 8-7129] Port s_arlen[5] in module axi_protocol_converter_v2_1_37_b2s_rd_cmd_fsm is either unconnected or has no load
INFO: [Synth 8-7129] Port s_arlen[4] in module axi_protocol_converter_v2_1_37_b2s_rd_cmd_fsm is either unconnected or has no load
INFO: [Synth 8-7129] Port s_arlen[3] in module axi_protocol_converter_v2_1_37_b2s_rd_cmd_fsm is either unconnected or has no load
INFO: [Synth 8-7129] Port s_arlen[2] in module axi_protocol_converter_v2_1_37_b2s_rd_cmd_fsm is either unconnected or has no load
INFO: [Synth 8-7129] Port s_arlen[1] in module axi_protocol_converter_v2_1_37_b2s_rd_cmd_fsm is either unconnected or has no load
INFO: [Common 17-14] Message 'Synth 8-7129' appears 100 times and further instances of the messages will be disabled. Use the Tcl command set_msg_config to change the current settings.
---------------------------------------------------------------------------------
Finished RTL Elaboration : Time (s): cpu = 00:00:12 ; elapsed = 00:00:14 . Memory (MB): peak = 2516.887 ; gain = 692.094 ; free physical = 1496 ; free virtual = 10402
---------------------------------------------------------------------------------
---------------------------------------------------------------------------------
Start Handling Custom Attributes
---------------------------------------------------------------------------------
---------------------------------------------------------------------------------
Finished Handling Custom Attributes : Time (s): cpu = 00:00:13 ; elapsed = 00:00:14 . Memory (MB): peak = 2516.887 ; gain = 692.094 ; free physical = 1495 ; free virtual = 10401
---------------------------------------------------------------------------------
---------------------------------------------------------------------------------
Finished RTL Optimization Phase 1 : Time (s): cpu = 00:00:13 ; elapsed = 00:00:14 . Memory (MB): peak = 2516.887 ; gain = 692.094 ; free physical = 1495 ; free virtual = 10401
---------------------------------------------------------------------------------
Netlist sorting complete. Time (s): cpu = 00:00:00.03 ; elapsed = 00:00:00.03 . Memory (MB): peak = 2516.887 ; gain = 0.000 ; free physical = 1487 ; free virtual = 10393
INFO: [Project 1-570] Preparing netlist for logic optimization

Processing XDC Constraints
Initializing timing engine
Parsing XDC File [/home/chathupa/Desktop/dnn_opt/build/dnn_zynq_hdmi/dnn_zynq_hdmi.gen/sources_1/bd/system/ip/system_axi_ic_ctrl_imp_auto_pc_0/system_axi_ic_ctrl_imp_auto_pc_0_ooc.xdc] for cell 'inst'
Finished Parsing XDC File [/home/chathupa/Desktop/dnn_opt/build/dnn_zynq_hdmi/dnn_zynq_hdmi.gen/sources_1/bd/system/ip/system_axi_ic_ctrl_imp_auto_pc_0/system_axi_ic_ctrl_imp_auto_pc_0_ooc.xdc] for cell 'inst'
Parsing XDC File [/home/chathupa/Desktop/dnn_opt/build/dnn_zynq_hdmi/dnn_zynq_hdmi.runs/system_axi_ic_ctrl_imp_auto_pc_0_synth_1/dont_touch.xdc]
Finished Parsing XDC File [/home/chathupa/Desktop/dnn_opt/build/dnn_zynq_hdmi/dnn_zynq_hdmi.runs/system_axi_ic_ctrl_imp_auto_pc_0_synth_1/dont_touch.xdc]
Completed Processing XDC Constraints

Netlist sorting complete. Time (s): cpu = 00:00:00 ; elapsed = 00:00:00 . Memory (MB): peak = 2568.781 ; gain = 0.000 ; free physical = 1450 ; free virtual = 10350
INFO: [Project 1-111] Unisim Transformation Summary:
No Unisim elements were transformed.

Constraint Validation Runtime : Time (s): cpu = 00:00:00.09 ; elapsed = 00:00:00.06 . Memory (MB): peak = 2568.816 ; gain = 0.000 ; free physical = 1450 ; free virtual = 10350
INFO: [Designutils 20-5008] Incremental synthesis strategy off
---------------------------------------------------------------------------------
Finished Constraint Validation : Time (s): cpu = 00:00:21 ; elapsed = 00:00:23 . Memory (MB): peak = 2568.816 ; gain = 744.023 ; free physical = 909 ; free virtual = 9814
---------------------------------------------------------------------------------
---------------------------------------------------------------------------------
Start Loading Part and Timing Information
---------------------------------------------------------------------------------
Loading part: xc7z020clg484-1
---------------------------------------------------------------------------------
Finished Loading Part and Timing Information : Time (s): cpu = 00:00:21 ; elapsed = 00:00:23 . Memory (MB): peak = 2576.785 ; gain = 751.992 ; free physical = 909 ; free virtual = 9814
---------------------------------------------------------------------------------
---------------------------------------------------------------------------------
Start Applying 'set_property' XDC Constraints
---------------------------------------------------------------------------------
---------------------------------------------------------------------------------
Finished applying 'set_property' XDC Constraints : Time (s): cpu = 00:00:21 ; elapsed = 00:00:23 . Memory (MB): peak = 2576.785 ; gain = 751.992 ; free physical = 901 ; free virtual = 9806
---------------------------------------------------------------------------------
INFO: [Synth 8-802] inferred FSM for state register 'state_reg' in module 'axi_protocol_converter_v2_1_37_b2s_wr_cmd_fsm'
INFO: [Synth 8-802] inferred FSM for state register 'state_reg' in module 'axi_protocol_converter_v2_1_37_b2s_rd_cmd_fsm'
---------------------------------------------------------------------------------------------------
                   State |                     New Encoding |                Previous Encoding 
---------------------------------------------------------------------------------------------------
                 SM_IDLE |                               01 |                               00
               SM_CMD_EN |                               11 |                               01
         SM_CMD_ACCEPTED |                               10 |                               10
            SM_DONE_WAIT |                               00 |                               11
---------------------------------------------------------------------------------------------------
INFO: [Synth 8-3354] encoded FSM with state register 'state_reg' using encoding 'sequential' in module 'axi_protocol_converter_v2_1_37_b2s_wr_cmd_fsm'
---------------------------------------------------------------------------------------------------
                   State |                     New Encoding |                Previous Encoding 
---------------------------------------------------------------------------------------------------
                 SM_IDLE |                               01 |                               00
               SM_CMD_EN |                               11 |                               01
         SM_CMD_ACCEPTED |                               10 |                               10
                 SM_DONE |                               00 |                               11
---------------------------------------------------------------------------------------------------
INFO: [Synth 8-3354] encoded FSM with state register 'state_reg' using encoding 'sequential' in module 'axi_protocol_converter_v2_1_37_b2s_rd_cmd_fsm'
---------------------------------------------------------------------------------
Finished RTL Optimization Phase 2 : Time (s): cpu = 00:00:22 ; elapsed = 00:00:24 . Memory (MB): peak = 2576.785 ; gain = 751.992 ; free physical = 628 ; free virtual = 9534
---------------------------------------------------------------------------------
---------------------------------------------------------------------------------
Start RTL Component Statistics 
---------------------------------------------------------------------------------
---------------------------------------------------------------------------------
Finished RTL Component Statistics 
---------------------------------------------------------------------------------
---------------------------------------------------------------------------------
Start Part Resource Summary
---------------------------------------------------------------------------------
Part Resources:
DSPs: 220 (col length:60)
BRAMs: 280 (col length: RAMB18 60 RAMB36 30)
---------------------------------------------------------------------------------
Finished Part Resource Summary
---------------------------------------------------------------------------------
---------------------------------------------------------------------------------
Start Cross Boundary and Area Optimization
---------------------------------------------------------------------------------
INFO: [Synth 8-3936] Found unconnected internal register 'gen_axilite.gen_b2s_conv.axilite_b2s/SI_REG/aw.aw_pipe/m_payload_i_reg' and it is trimmed from '73' to '65' bits. [/home/chathupa/Desktop/dnn_opt/build/dnn_zynq_hdmi/dnn_zynq_hdmi.gen/sources_1/bd/system/ipshared/bc4b/hdl/axi_register_slice_v2_1_vl_rfs.v:1726]
INFO: [Synth 8-3936] Found unconnected internal register 'gen_axilite.gen_b2s_conv.axilite_b2s/SI_REG/ar.ar_pipe/m_payload_i_reg' and it is trimmed from '73' to '65' bits. [/home/chathupa/Desktop/dnn_opt/build/dnn_zynq_hdmi/dnn_zynq_hdmi.gen/sources_1/bd/system/ipshared/bc4b/hdl/axi_register_slice_v2_1_vl_rfs.v:1726]
---------------------------------------------------------------------------------
Finished Cross Boundary and Area Optimization : Time (s): cpu = 00:00:26 ; elapsed = 00:00:27 . Memory (MB): peak = 2576.785 ; gain = 751.992 ; free physical = 459 ; free virtual = 9383
---------------------------------------------------------------------------------
---------------------------------------------------------------------------------
Start Applying XDC Timing Constraints
---------------------------------------------------------------------------------
---------------------------------------------------------------------------------
Finished Applying XDC Timing Constraints : Time (s): cpu = 00:00:31 ; elapsed = 00:00:32 . Memory (MB): peak = 2593.785 ; gain = 768.992 ; free physical = 266 ; free virtual = 9178
---------------------------------------------------------------------------------
---------------------------------------------------------------------------------
Start Timing Optimization
---------------------------------------------------------------------------------
---------------------------------------------------------------------------------
Finished Timing Optimization : Time (s): cpu = 00:00:33 ; elapsed = 00:00:34 . Memory (MB): peak = 2634.379 ; gain = 809.586 ; free physical = 247 ; free virtual = 9161
---------------------------------------------------------------------------------
---------------------------------------------------------------------------------
Start Technology Mapping
---------------------------------------------------------------------------------
---------------------------------------------------------------------------------
Finished Technology Mapping : Time (s): cpu = 00:00:33 ; elapsed = 00:00:35 . Memory (MB): peak = 2650.395 ; gain = 825.602 ; free physical = 200 ; free virtual = 9107
---------------------------------------------------------------------------------
---------------------------------------------------------------------------------
Start IO Insertion
---------------------------------------------------------------------------------
---------------------------------------------------------------------------------
Start Flattening Before IO Insertion
---------------------------------------------------------------------------------
---------------------------------------------------------------------------------
Finished Flattening Before IO Insertion
---------------------------------------------------------------------------------
---------------------------------------------------------------------------------
Start Final Netlist Cleanup
---------------------------------------------------------------------------------
---------------------------------------------------------------------------------
Finished Final Netlist Cleanup
---------------------------------------------------------------------------------
---------------------------------------------------------------------------------
Finished IO Insertion : Time (s): cpu = 00:00:38 ; elapsed = 00:00:40 . Memory (MB): peak = 2809.207 ; gain = 984.414 ; free physical = 1940 ; free virtual = 10783
---------------------------------------------------------------------------------
---------------------------------------------------------------------------------
Start Renaming Generated Instances
---------------------------------------------------------------------------------
---------------------------------------------------------------------------------
Finished Renaming Generated Instances : Time (s): cpu = 00:00:38 ; elapsed = 00:00:40 . Memory (MB): peak = 2809.207 ; gain = 984.414 ; free physical = 1940 ; free virtual = 10783
---------------------------------------------------------------------------------
---------------------------------------------------------------------------------
Start Rebuilding User Hierarchy
---------------------------------------------------------------------------------
---------------------------------------------------------------------------------
Finished Rebuilding User Hierarchy : Time (s): cpu = 00:00:38 ; elapsed = 00:00:40 . Memory (MB): peak = 2809.207 ; gain = 984.414 ; free physical = 1928 ; free virtual = 10771
---------------------------------------------------------------------------------
---------------------------------------------------------------------------------
Start Renaming Generated Ports
---------------------------------------------------------------------------------
---------------------------------------------------------------------------------
Finished Renaming Generated Ports : Time (s): cpu = 00:00:38 ; elapsed = 00:00:40 . Memory (MB): peak = 2809.207 ; gain = 984.414 ; free physical = 1928 ; free virtual = 10771
---------------------------------------------------------------------------------
---------------------------------------------------------------------------------
Start Handling Custom Attributes
---------------------------------------------------------------------------------
---------------------------------------------------------------------------------
Finished Handling Custom Attributes : Time (s): cpu = 00:00:38 ; elapsed = 00:00:40 . Memory (MB): peak = 2809.207 ; gain = 984.414 ; free physical = 1928 ; free virtual = 10771
---------------------------------------------------------------------------------
---------------------------------------------------------------------------------
Start Renaming Generated Nets
---------------------------------------------------------------------------------
---------------------------------------------------------------------------------
Finished Renaming Generated Nets : Time (s): cpu = 00:00:38 ; elapsed = 00:00:40 . Memory (MB): peak = 2809.207 ; gain = 984.414 ; free physical = 1928 ; free virtual = 10771
---------------------------------------------------------------------------------
---------------------------------------------------------------------------------
Start Writing Synthesis Report
---------------------------------------------------------------------------------

Report BlackBoxes: 
+-+--------------+----------+
| |BlackBox name |Instances |
+-+--------------+----------+
+-+--------------+----------+

Report Cell Usage: 
+------+--------+------+
|      |Cell    |Count |
+------+--------+------+
|1     |CARRY4  |    18|
|2     |LUT1    |     5|
|3     |LUT2    |    17|
|4     |LUT3    |   247|
|5     |LUT4    |    40|
|6     |LUT5    |    70|
|7     |LUT6    |   117|
|8     |SRL16E  |    22|
|9     |SRLC32E |    47|
|10    |FDRE    |   568|
|11    |FDSE    |    16|
+------+--------+------+
---------------------------------------------------------------------------------
Finished Writing Synthesis Report : Time (s): cpu = 00:00:38 ; elapsed = 00:00:40 . Memory (MB): peak = 2809.207 ; gain = 984.414 ; free physical = 1928 ; free virtual = 10771
---------------------------------------------------------------------------------
Synthesis finished with 0 errors, 0 critical warnings and 0 warnings.
Synthesis Optimization Runtime : Time (s): cpu = 00:00:36 ; elapsed = 00:00:38 . Memory (MB): peak = 2809.207 ; gain = 932.484 ; free physical = 1928 ; free virtual = 10771
Synthesis Optimization Complete : Time (s): cpu = 00:00:38 ; elapsed = 00:00:40 . Memory (MB): peak = 2809.215 ; gain = 984.414 ; free physical = 1928 ; free virtual = 10771
INFO: [Project 1-571] Translating synthesized netlist
Netlist sorting complete. Time (s): cpu = 00:00:00.03 ; elapsed = 00:00:00.03 . Memory (MB): peak = 2809.215 ; gain = 0.000 ; free physical = 1920 ; free virtual = 10763
INFO: [Netlist 29-17] Analyzing 18 Unisim elements for replacement
INFO: [Netlist 29-28] Unisim Transformation completed in 0 CPU seconds
INFO: [Project 1-570] Preparing netlist for logic optimization
INFO: [Opt 31-138] Pushed 0 inverter(s) to 0 load pin(s).
Netlist sorting complete. Time (s): cpu = 00:00:00 ; elapsed = 00:00:00 . Memory (MB): peak = 2865.234 ; gain = 0.000 ; free physical = 1977 ; free virtual = 10812
INFO: [Project 1-111] Unisim Transformation Summary:
No Unisim elements were transformed.

Synth Design complete | Checksum: 7fe7a0cf
INFO: [Common 17-83] Releasing license: Synthesis
190 Infos, 0 Warnings, 0 Critical Warnings and 0 Errors encountered.
synth_design completed successfully
synth_design: Time (s): cpu = 00:00:48 ; elapsed = 00:00:46 . Memory (MB): peak = 2865.270 ; gain = 1244.289 ; free physical = 3541 ; free virtual = 12375
INFO: [Common 17-2834] synth_design peak Physical Memory [PSS] (MB): overall = 2000.190; main = 1811.558; forked = 227.869
INFO: [Common 17-2834] synth_design peak Virtual Memory [VSS] (MB): overall = 3795.719; main = 2865.238; forked = 986.523
Write ShapeDB Complete: Time (s): cpu = 00:00:00 ; elapsed = 00:00:00 . Memory (MB): peak = 2889.246 ; gain = 0.000 ; free physical = 3540 ; free virtual = 12375
INFO: [Common 17-1381] The checkpoint '/home/chathupa/Desktop/dnn_opt/build/dnn_zynq_hdmi/dnn_zynq_hdmi.runs/system_axi_ic_ctrl_imp_auto_pc_0_synth_1/system_axi_ic_ctrl_imp_auto_pc_0.dcp' has been generated.
INFO: [Coretcl 2-1648] Added synthesis output to IP cache for IP system_axi_ic_ctrl_imp_auto_pc_0, cache-ID = 7ff609a392b90799
INFO: [Coretcl 2-1174] Renamed 23 cell refs.
Write ShapeDB Complete: Time (s): cpu = 00:00:00.01 ; elapsed = 00:00:00.01 . Memory (MB): peak = 2889.246 ; gain = 0.000 ; free physical = 3453 ; free virtual = 12289
INFO: [Common 17-1381] The checkpoint '/home/chathupa/Desktop/dnn_opt/build/dnn_zynq_hdmi/dnn_zynq_hdmi.runs/system_axi_ic_ctrl_imp_auto_pc_0_synth_1/system_axi_ic_ctrl_imp_auto_pc_0.dcp' has been generated.
INFO: [Vivado 12-24828] Executing command : report_utilization -file system_axi_ic_ctrl_imp_auto_pc_0_utilization_synth.rpt -pb system_axi_ic_ctrl_imp_auto_pc_0_utilization_synth.pb
INFO: [Common 17-206] Exiting Vivado at Wed Jul  8 19:51:51 2026...
