#-----------------------------------------------------------
# Vivado v2025.2 (64-bit)
# SW Build 6299465 on Fri Nov 14 12:34:56 MST 2025
# IP Build 6300035 on Fri Nov 14 10:48:45 MST 2025
# SharedData Build 6298862 on Thu Nov 13 04:50:51 MST 2025
# Start of session at: Mon Jun 22 11:54:16 2026
# Process ID         : 10719
# Current directory  : /home/chathupa/Desktop/dnn_opt
# Command line       : vivado -mode batch -source scripts/build_zynq_system.tcl -log logs/vivado_zynq.log -journal logs/vivado_zynq.jou
# Log file           : /home/chathupa/Desktop/dnn_opt/logs/vivado_zynq.log
# Journal file       : /home/chathupa/Desktop/dnn_opt/logs/vivado_zynq.jou
# Running On         : chathupa-Nitro-AN515-55
# Platform           : Ubuntu
# Operating System   : Ubuntu 24.04.3 LTS
# Processor Detail   : Intel(R) Core(TM) i5-10300H CPU @ 2.50GHz
# CPU Frequency      : 3600.098 MHz
# CPU Physical cores : 4
# CPU Logical cores  : 8
# Host memory        : 16589 MB
# Swap memory        : 4294 MB
# Total Virtual      : 20884 MB
# Available Virtual  : 17035 MB
#-----------------------------------------------------------
source scripts/build_zynq_system.tcl
# set proj_name   "dnn_zynq_yolo"
# set proj_dir    "build/[file rootname $proj_name]"
# set bd_name     "system"
# set part        "xc7z020clg484-1"
# set board_part  "em.avnet.com:zed:part0:1.4"
# file mkdir $proj_dir
# create_project -force $proj_name $proj_dir -part $part
# if {[catch {set_property board_part $board_part [current_project]} err]} {
#     puts "WARNING: board_part '$board_part' not installed; continuing with part-only flow."
# }
WARNING: board_part 'em.avnet.com:zed:part0:1.4' not installed; continuing with part-only flow.
# set rtl_files [list \
#     rtl_stubs/stream_processing_top.v \
#     rtl_stubs/streaming_nn_system.v \
#     rtl_stubs/reconfigurable_nn_accelerator.v \
#     rtl/ps_integration/axi_lite_ctrl_slave.v \
#     rtl/ps_integration/axi_master_mem.v \
#     rtl/ps_integration/dnn_accel_ps_top.v \
# ]
# foreach f $rtl_files {
#     if {[file exists $f]} {
#         add_files -norecurse $f
#     } else {
#         puts "INFO: $f not present yet — will need to be added when RTL is built"
#     }
# }
# if {[file isdirectory rtl_stubs]} {
#     add_files -norecurse [glob -nocomplain rtl_stubs/*.v rtl_stubs/*.sv]
# }
WARNING: [filemgmt 56-12] File '/home/chathupa/Desktop/dnn_opt/rtl_stubs/reconfigurable_nn_accelerator.v' cannot be added to the project because it already exists in the project, skipping this file
WARNING: [filemgmt 56-12] File '/home/chathupa/Desktop/dnn_opt/rtl_stubs/stream_processing_top.v' cannot be added to the project because it already exists in the project, skipping this file
WARNING: [filemgmt 56-12] File '/home/chathupa/Desktop/dnn_opt/rtl_stubs/streaming_nn_system.v' cannot be added to the project because it already exists in the project, skipping this file
# add_files -fileset constrs_1 -norecurse xdc/zedboard_ps.xdc
# create_bd_design system
Wrote  : </home/chathupa/Desktop/dnn_opt/build/dnn_zynq_yolo/dnn_zynq_yolo.srcs/sources_1/bd/system/system.bd> 
# current_bd_design $bd_name
# create_bd_cell -type ip -vlnv xilinx.com:ip:processing_system7:5.5 ps7
# apply_bd_automation -rule xilinx.com:bd_rule:processing_system7 \
#     -config { make_external "FIXED_IO, DDR" \
#               apply_board_preset "1" \
#               Master "Disable" \
#               Slave "Disable" } [get_bd_cells ps7]
WARNING: [Boardtcl 53-1] No current board_part set.
# set_property -dict [list \
#     CONFIG.PCW_USE_M_AXI_GP0     {1} \
#     CONFIG.PCW_USE_S_AXI_HP0     {1} \
#     CONFIG.PCW_S_AXI_HP0_DATA_WIDTH {32} \
#     CONFIG.PCW_USB0_PERIPHERAL_ENABLE  {1} \
#     CONFIG.PCW_USB0_RESET_ENABLE       {1} \
#     CONFIG.PCW_USB0_RESET_IO           {MIO 46} \
#     CONFIG.PCW_USE_FABRIC_INTERRUPT    {1} \
#     CONFIG.PCW_IRQ_F2P_INTR            {1} \
#     CONFIG.PCW_FPGA0_PERIPHERAL_FREQMHZ {100} \
#     CONFIG.PCW_EN_CLK0_PORT  {1} \
# ] [get_bd_cells ps7]
# create_bd_cell -type module -reference dnn_accel_ps_top accel
INFO: [IP_Flow 19-5107] Inferred bus interface 'm_axi_hp' of definition 'xilinx.com:interface:aximm:1.0' (from Xilinx Repository).
INFO: [IP_Flow 19-5107] Inferred bus interface 's_axi_lite' of definition 'xilinx.com:interface:aximm:1.0' (from Xilinx Repository).
INFO: [IP_Flow 19-5107] Inferred bus interface 'aresetn' of definition 'xilinx.com:signal:reset:1.0' (from Xilinx Repository).
INFO: [IP_Flow 19-5107] Inferred bus interface 'aclk' of definition 'xilinx.com:signal:clock:1.0' (from Xilinx Repository).
INFO: [IP_Flow 19-4728] Bus Interface 'aresetn': Added interface parameter 'POLARITY' with value 'ACTIVE_LOW'.
INFO: [IP_Flow 19-4728] Bus Interface 'aclk': Added interface parameter 'ASSOCIATED_BUSIF' with value 'm_axi_hp'.
INFO: [IP_Flow 19-4728] Bus Interface 'aclk': Added interface parameter 'ASSOCIATED_RESET' with value 'aresetn'.
WARNING: [IP_Flow 19-11770] Clock interface 'aclk' has no FREQ_HZ parameter.
# create_bd_cell -type ip -vlnv xilinx.com:ip:axi_interconnect:2.1 axi_ic_ctrl
# set_property -dict [list CONFIG.NUM_MI {1} CONFIG.NUM_SI {1}] [get_bd_cells axi_ic_ctrl]
# create_bd_cell -type ip -vlnv xilinx.com:ip:axi_interconnect:2.1 axi_ic_mem
# set_property -dict [list CONFIG.NUM_MI {1} CONFIG.NUM_SI {1}] [get_bd_cells axi_ic_mem]
# create_bd_cell -type ip -vlnv xilinx.com:ip:axi_protocol_converter:2.1 axi_pc_ctrl
# create_bd_cell -type ip -vlnv xilinx.com:ip:proc_sys_reset:5.0 rst_sys
# connect_bd_net [get_bd_pins ps7/FCLK_CLK0] [get_bd_pins ps7/M_AXI_GP0_ACLK]
# connect_bd_net [get_bd_pins ps7/FCLK_CLK0] [get_bd_pins ps7/S_AXI_HP0_ACLK]
# connect_bd_net [get_bd_pins ps7/FCLK_CLK0] [get_bd_pins rst_sys/slowest_sync_clk]
# connect_bd_net [get_bd_pins ps7/FCLK_CLK0] [get_bd_pins axi_ic_ctrl/ACLK]
# connect_bd_net [get_bd_pins ps7/FCLK_CLK0] [get_bd_pins axi_ic_ctrl/S00_ACLK]
# connect_bd_net [get_bd_pins ps7/FCLK_CLK0] [get_bd_pins axi_ic_ctrl/M00_ACLK]
# connect_bd_net [get_bd_pins ps7/FCLK_CLK0] [get_bd_pins axi_ic_mem/ACLK]
# connect_bd_net [get_bd_pins ps7/FCLK_CLK0] [get_bd_pins axi_ic_mem/S00_ACLK]
# connect_bd_net [get_bd_pins ps7/FCLK_CLK0] [get_bd_pins axi_ic_mem/M00_ACLK]
# connect_bd_net [get_bd_pins ps7/FCLK_CLK0] [get_bd_pins axi_pc_ctrl/aclk]
# connect_bd_net [get_bd_pins ps7/FCLK_CLK0] [get_bd_pins accel/aclk]
# connect_bd_net [get_bd_pins ps7/FCLK_RESET0_N] [get_bd_pins rst_sys/ext_reset_in]
# connect_bd_net [get_bd_pins rst_sys/peripheral_aresetn] [get_bd_pins axi_ic_ctrl/ARESETN]
# connect_bd_net [get_bd_pins rst_sys/peripheral_aresetn] [get_bd_pins axi_ic_ctrl/S00_ARESETN]
# connect_bd_net [get_bd_pins rst_sys/peripheral_aresetn] [get_bd_pins axi_ic_ctrl/M00_ARESETN]
# connect_bd_net [get_bd_pins rst_sys/peripheral_aresetn] [get_bd_pins axi_ic_mem/ARESETN]
# connect_bd_net [get_bd_pins rst_sys/peripheral_aresetn] [get_bd_pins axi_ic_mem/S00_ARESETN]
# connect_bd_net [get_bd_pins rst_sys/peripheral_aresetn] [get_bd_pins axi_ic_mem/M00_ARESETN]
# connect_bd_net [get_bd_pins rst_sys/peripheral_aresetn] [get_bd_pins axi_pc_ctrl/aresetn]
# connect_bd_net [get_bd_pins rst_sys/peripheral_aresetn] [get_bd_pins accel/aresetn]
# connect_bd_intf_net [get_bd_intf_pins ps7/M_AXI_GP0]       [get_bd_intf_pins axi_ic_ctrl/S00_AXI]
# connect_bd_intf_net [get_bd_intf_pins axi_ic_ctrl/M00_AXI] [get_bd_intf_pins axi_pc_ctrl/S_AXI]
# connect_bd_intf_net [get_bd_intf_pins axi_pc_ctrl/M_AXI]   [get_bd_intf_pins accel/s_axi_lite]
# connect_bd_intf_net [get_bd_intf_pins accel/m_axi_hp]       [get_bd_intf_pins axi_ic_mem/S00_AXI]
# connect_bd_intf_net [get_bd_intf_pins axi_ic_mem/M00_AXI]   [get_bd_intf_pins ps7/S_AXI_HP0]
# connect_bd_net [get_bd_pins accel/irq_done] [get_bd_pins ps7/IRQ_F2P]
# create_bd_port -dir O -from 3 -to 0 leds
# connect_bd_net [get_bd_pins accel/status_leds] [get_bd_ports leds]
# assign_bd_address -target_address_space /ps7/Data \
#     [get_bd_addr_segs {accel/s_axi_lite/reg0}] -force
Slave segment '/accel/s_axi_lite/reg0' is being assigned into address space '/ps7/Data' at <0x4000_0000 [ 64K ]>.
# set_property offset 0x43C00000 [get_bd_addr_segs ps7/Data/SEG_accel_reg0]
# set_property range  64K        [get_bd_addr_segs ps7/Data/SEG_accel_reg0]
# assign_bd_address -target_address_space /accel/m_axi_hp \
#     [get_bd_addr_segs {ps7/S_AXI_HP0/HP0_DDR_LOWOCM}] -force
Slave segment '/ps7/S_AXI_HP0/HP0_DDR_LOWOCM' is being assigned into address space '/accel/m_axi_hp' at <0x0000_0000 [ 512M ]>.
# regenerate_bd_layout
# validate_bd_design
# save_bd_design
Wrote  : </home/chathupa/Desktop/dnn_opt/build/dnn_zynq_yolo/dnn_zynq_yolo.srcs/sources_1/bd/system/system.bd> 
# make_wrapper -files [get_files ${proj_dir}/${proj_name}.srcs/sources_1/bd/${bd_name}/${bd_name}.bd] -top
INFO: [BD 41-1662] The design 'system.bd' is already validated. Therefore parameter propagation will not be re-run.
WARNING: [BD 41-2384] Width mismatch when connecting pin: '/axi_ic_mem/s00_couplers/auto_pc/s_axi_awlock'(1) to pin: '/axi_ic_mem/s00_couplers/S_AXI_awlock'(2) - Only lower order bits will be connected.
WARNING: [BD 41-2384] Width mismatch when connecting pin: '/axi_ic_mem/s00_couplers/auto_pc/s_axi_arlock'(1) to pin: '/axi_ic_mem/s00_couplers/S_AXI_arlock'(2) - Only lower order bits will be connected.
Verilog Output written to : /home/chathupa/Desktop/dnn_opt/build/dnn_zynq_yolo/dnn_zynq_yolo.gen/sources_1/bd/system/synth/system.v
WARNING: [BD 41-2384] Width mismatch when connecting pin: '/axi_ic_mem/s00_couplers/auto_pc/s_axi_awlock'(1) to pin: '/axi_ic_mem/s00_couplers/S_AXI_awlock'(2) - Only lower order bits will be connected.
WARNING: [BD 41-2384] Width mismatch when connecting pin: '/axi_ic_mem/s00_couplers/auto_pc/s_axi_arlock'(1) to pin: '/axi_ic_mem/s00_couplers/S_AXI_arlock'(2) - Only lower order bits will be connected.
Verilog Output written to : /home/chathupa/Desktop/dnn_opt/build/dnn_zynq_yolo/dnn_zynq_yolo.gen/sources_1/bd/system/sim/system.v
Verilog Output written to : /home/chathupa/Desktop/dnn_opt/build/dnn_zynq_yolo/dnn_zynq_yolo.gen/sources_1/bd/system/hdl/system_wrapper.v
make_wrapper: Time (s): cpu = 00:00:01 ; elapsed = 00:00:13 . Memory (MB): peak = 1778.402 ; gain = 14.875 ; free physical = 5048 ; free virtual = 15672
# add_files -norecurse  ${proj_dir}/${proj_name}.gen/sources_1/bd/${bd_name}/hdl/${bd_name}_wrapper.v
# set_property top ${bd_name}_wrapper [current_fileset]
# update_compile_order -fileset sources_1
# launch_runs synth_1 -jobs 4
INFO: [BD 41-1662] The design 'system.bd' is already validated. Therefore parameter propagation will not be re-run.
WARNING: [BD 41-2384] Width mismatch when connecting pin: '/axi_ic_mem/s00_couplers/auto_pc/s_axi_awlock'(1) to pin: '/axi_ic_mem/s00_couplers/S_AXI_awlock'(2) - Only lower order bits will be connected.
WARNING: [BD 41-2384] Width mismatch when connecting pin: '/axi_ic_mem/s00_couplers/auto_pc/s_axi_arlock'(1) to pin: '/axi_ic_mem/s00_couplers/S_AXI_arlock'(2) - Only lower order bits will be connected.
Verilog Output written to : /home/chathupa/Desktop/dnn_opt/build/dnn_zynq_yolo/dnn_zynq_yolo.gen/sources_1/bd/system/synth/system.v
WARNING: [BD 41-2384] Width mismatch when connecting pin: '/axi_ic_mem/s00_couplers/auto_pc/s_axi_awlock'(1) to pin: '/axi_ic_mem/s00_couplers/S_AXI_awlock'(2) - Only lower order bits will be connected.
WARNING: [BD 41-2384] Width mismatch when connecting pin: '/axi_ic_mem/s00_couplers/auto_pc/s_axi_arlock'(1) to pin: '/axi_ic_mem/s00_couplers/S_AXI_arlock'(2) - Only lower order bits will be connected.
Verilog Output written to : /home/chathupa/Desktop/dnn_opt/build/dnn_zynq_yolo/dnn_zynq_yolo.gen/sources_1/bd/system/sim/system.v
Verilog Output written to : /home/chathupa/Desktop/dnn_opt/build/dnn_zynq_yolo/dnn_zynq_yolo.gen/sources_1/bd/system/hdl/system_wrapper.v
INFO: [IP_Flow 19-5611] Unable to find an associated reset port for the interface 'M_AXI_GP0'. A default connection has been created.
INFO: [IP_Flow 19-5611] Unable to find an associated reset port for the interface 'S_AXI_HP0'. A default connection has been created.
INFO: [BD 41-1029] Generation completed for the IP Integrator block ps7 .
INFO: [BD 41-1029] Generation completed for the IP Integrator block accel .
WARNING: [IP_Flow 19-4994] Overwriting existing constraint file '/home/chathupa/Desktop/dnn_opt/build/dnn_zynq_yolo/dnn_zynq_yolo.gen/sources_1/bd/system/ip/system_axi_ic_mem_imp_auto_pc_0/system_axi_ic_mem_imp_auto_pc_0_ooc.xdc'
INFO: [BD 41-1029] Generation completed for the IP Integrator block axi_ic_mem/s00_couplers/auto_pc .
WARNING: [IP_Flow 19-4994] Overwriting existing constraint file '/home/chathupa/Desktop/dnn_opt/build/dnn_zynq_yolo/dnn_zynq_yolo.gen/sources_1/bd/system/ip/system_axi_pc_ctrl_0/system_axi_pc_ctrl_0_ooc.xdc'
INFO: [BD 41-1029] Generation completed for the IP Integrator block axi_pc_ctrl .
INFO: [BD 41-1029] Generation completed for the IP Integrator block rst_sys .
Exporting to file /home/chathupa/Desktop/dnn_opt/build/dnn_zynq_yolo/dnn_zynq_yolo.gen/sources_1/bd/system/hw_handoff/system.hwh
Generated Hardware Definition File /home/chathupa/Desktop/dnn_opt/build/dnn_zynq_yolo/dnn_zynq_yolo.gen/sources_1/bd/system/synth/system.hwdef
INFO: [BD 41-3262] Generated VHDL Instantiation Template file /home/chathupa/Desktop/dnn_opt/build/dnn_zynq_yolo/dnn_zynq_yolo.gen/sources_1/bd/system/system.vho
INFO: [BD 41-3262] Generated Verilog Instantiation Template file /home/chathupa/Desktop/dnn_opt/build/dnn_zynq_yolo/dnn_zynq_yolo.gen/sources_1/bd/system/system.veo
INFO: [BD 41-3262] Generated System Verilog Instantiation Template file /home/chathupa/Desktop/dnn_opt/build/dnn_zynq_yolo/dnn_zynq_yolo.gen/sources_1/bd/system/system_sv.sveo
WARNING: [Vivado 12-7122] Auto Incremental Compile:: No reference checkpoint was found in run synth_1. Auto-incremental flow will not be run, the standard flow will be run instead.
[Mon Jun 22 11:54:58 2026] Launched system_axi_pc_ctrl_0_synth_1, system_axi_ic_mem_imp_auto_pc_0_synth_1, system_accel_0_synth_1, system_rst_sys_0_synth_1, system_ps7_0_synth_1...
Run output will be captured here:
system_axi_pc_ctrl_0_synth_1: /home/chathupa/Desktop/dnn_opt/build/dnn_zynq_yolo/dnn_zynq_yolo.runs/system_axi_pc_ctrl_0_synth_1/runme.log
system_axi_ic_mem_imp_auto_pc_0_synth_1: /home/chathupa/Desktop/dnn_opt/build/dnn_zynq_yolo/dnn_zynq_yolo.runs/system_axi_ic_mem_imp_auto_pc_0_synth_1/runme.log
system_accel_0_synth_1: /home/chathupa/Desktop/dnn_opt/build/dnn_zynq_yolo/dnn_zynq_yolo.runs/system_accel_0_synth_1/runme.log
system_rst_sys_0_synth_1: /home/chathupa/Desktop/dnn_opt/build/dnn_zynq_yolo/dnn_zynq_yolo.runs/system_rst_sys_0_synth_1/runme.log
system_ps7_0_synth_1: /home/chathupa/Desktop/dnn_opt/build/dnn_zynq_yolo/dnn_zynq_yolo.runs/system_ps7_0_synth_1/runme.log
[Mon Jun 22 11:54:58 2026] Launched synth_1...
Run output will be captured here: /home/chathupa/Desktop/dnn_opt/build/dnn_zynq_yolo/dnn_zynq_yolo.runs/synth_1/runme.log
launch_runs: Time (s): cpu = 00:00:13 ; elapsed = 00:00:16 . Memory (MB): peak = 2014.199 ; gain = 150.320 ; free physical = 4918 ; free virtual = 15601
# wait_on_run synth_1
[Mon Jun 22 11:54:58 2026] Waiting for synth_1 to finish...
