#-----------------------------------------------------------
# Vivado v2025.2 (64-bit)
# SW Build 6299465 on Fri Nov 14 12:34:56 MST 2025
# IP Build 6300035 on Fri Nov 14 10:48:45 MST 2025
# SharedData Build 6298862 on Thu Nov 13 04:50:51 MST 2025
# Start of session at: Mon Jun 22 12:39:54 2026
# Process ID         : 20079
# Current directory  : /home/chathupa/Desktop/dnn_opt
# Command line       : vivado -mode batch -source scripts/resume_build.tcl -log logs/vivado_resume.log -journal logs/vivado_resume.jou
# Log file           : /home/chathupa/Desktop/dnn_opt/logs/vivado_resume.log
# Journal file       : /home/chathupa/Desktop/dnn_opt/logs/vivado_resume.jou
# Running On         : chathupa-Nitro-AN515-55
# Platform           : Ubuntu
# Operating System   : Ubuntu 24.04.3 LTS
# Processor Detail   : Intel(R) Core(TM) i5-10300H CPU @ 2.50GHz
# CPU Frequency      : 1505.409 MHz
# CPU Physical cores : 4
# CPU Logical cores  : 8
# Host memory        : 16589 MB
# Swap memory        : 4294 MB
# Total Virtual      : 20884 MB
# Available Virtual  : 17881 MB
#-----------------------------------------------------------
source scripts/resume_build.tcl
# set proj_dir   "build/dnn_zynq_yolo"
# set proj_name  "dnn_zynq_yolo"
# set xpr        "${proj_dir}/${proj_name}.xpr"
# set bd_name    "system"
# if {![file exists $xpr]} {
#     puts stderr "ERROR: project not found at $xpr"
#     puts stderr "       Run build_zynq_system.tcl first."
#     exit 1
# }
# open_project $xpr
Scanning sources...
Finished scanning sources
WARNING: [Board 49-26] cannot add Board Part xilinx.com:emb-plus-vpr-4616:part0:1.0 available at /home/chathupa/Desktop/AMD/2025.2/data/xhub/boards/XilinxBoardStore/boards/Xilinx/emb-plus-vpr-4616/1.0/board.xml as part xcve2302-sfva784-2mp-e-s specified in board_part file is either invalid or not available
WARNING: [Board 49-26] cannot add Board Part xilinx.com:emb-plus-vpr-4616:part0:1.1 available at /home/chathupa/Desktop/AMD/2025.2/data/xhub/boards/XilinxBoardStore/boards/Xilinx/emb-plus-vpr-4616/1.1/board.xml as part xcve2302-sfva784-2mp-e-s specified in board_part file is either invalid or not available
WARNING: [Board 49-26] cannot add Board Part xilinx.com:kc705:part0:1.6 available at /home/chathupa/Desktop/AMD/2025.2/data/xhub/boards/XilinxBoardStore/boards/Xilinx/kc705/1.6/board.xml as part xc7k325tffg900-2 specified in board_part file is either invalid or not available
WARNING: [Board 49-26] cannot add Board Part xilinx.com:kc705:part0:1.7 available at /home/chathupa/Desktop/AMD/2025.2/data/xhub/boards/XilinxBoardStore/boards/Xilinx/kc705/1.7/board.xml as part xc7k325tffg900-2 specified in board_part file is either invalid or not available
WARNING: [Board 49-26] cannot add Board Part xilinx.com:kcu105:part0:1.6 available at /home/chathupa/Desktop/AMD/2025.2/data/xhub/boards/XilinxBoardStore/boards/Xilinx/kcu105/1.6/board.xml as part xcku040-ffva1156-2-e specified in board_part file is either invalid or not available
WARNING: [Board 49-26] cannot add Board Part xilinx.com:kcu105:part0:1.7 available at /home/chathupa/Desktop/AMD/2025.2/data/xhub/boards/XilinxBoardStore/boards/Xilinx/kcu105/1.7/board.xml as part xcku040-ffva1156-2-e specified in board_part file is either invalid or not available
WARNING: [Board 49-26] cannot add Board Part xilinx.com:kcu1500:part0:1.2 available at /home/chathupa/Desktop/AMD/2025.2/data/xhub/boards/XilinxBoardStore/boards/Xilinx/kcu1500/1.2/board.xml as part xcku115-flvb2104-2-e specified in board_part file is either invalid or not available
WARNING: [Board 49-26] cannot add Board Part xilinx.com:v80:part0:1.0 available at /home/chathupa/Desktop/AMD/2025.2/data/xhub/boards/XilinxBoardStore/boards/Xilinx/v80/1.0/board.xml as part xcv80-lsva4737-2mhp-e-s specified in board_part file is either invalid or not available
WARNING: [Board 49-26] cannot add Board Part xilinx.com:vc707:part0:1.4 available at /home/chathupa/Desktop/AMD/2025.2/data/xhub/boards/XilinxBoardStore/boards/Xilinx/vc707/1.4/board.xml as part xc7vx485tffg1761-2 specified in board_part file is either invalid or not available
WARNING: [Board 49-26] cannot add Board Part xilinx.com:vc707:part0:1.5 available at /home/chathupa/Desktop/AMD/2025.2/data/xhub/boards/XilinxBoardStore/boards/Xilinx/vc707/1.5/board.xml as part xc7vx485tffg1761-2 specified in board_part file is either invalid or not available
WARNING: [Board 49-26] cannot add Board Part xilinx.com:vc709:part0:1.8 available at /home/chathupa/Desktop/AMD/2025.2/data/xhub/boards/XilinxBoardStore/boards/Xilinx/vc709/1.8/board.xml as part xc7vx690tffg1761-2 specified in board_part file is either invalid or not available
WARNING: [Board 49-26] cannot add Board Part xilinx.com:vck190:part0:2.2 available at /home/chathupa/Desktop/AMD/2025.2/data/xhub/boards/XilinxBoardStore/boards/Xilinx/vck190/production/2.2/board.xml as part xcvc1902-vsva2197-2mp-e-s specified in board_part file is either invalid or not available
WARNING: [Board 49-26] cannot add Board Part xilinx.com:vck190:part0:3.0 available at /home/chathupa/Desktop/AMD/2025.2/data/xhub/boards/XilinxBoardStore/boards/Xilinx/vck190/production/3.0/board.xml as part xcvc1902-vsva2197-2mp-e-s specified in board_part file is either invalid or not available
WARNING: [Board 49-26] cannot add Board Part xilinx.com:vck190:part0:3.1 available at /home/chathupa/Desktop/AMD/2025.2/data/xhub/boards/XilinxBoardStore/boards/Xilinx/vck190/production/3.1/board.xml as part xcvc1902-vsva2197-2mp-e-s specified in board_part file is either invalid or not available
WARNING: [Board 49-26] cannot add Board Part xilinx.com:vck190:part0:3.2 available at /home/chathupa/Desktop/AMD/2025.2/data/xhub/boards/XilinxBoardStore/boards/Xilinx/vck190/production/3.2/board.xml as part xcvc1902-vsva2197-2mp-e-s specified in board_part file is either invalid or not available
WARNING: [Board 49-26] cannot add Board Part xilinx.com:vck190:part0:3.3 available at /home/chathupa/Desktop/AMD/2025.2/data/xhub/boards/XilinxBoardStore/boards/Xilinx/vck190/production/3.3/board.xml as part xcvc1902-vsva2197-2mp-e-s specified in board_part file is either invalid or not available
WARNING: [Board 49-26] cannot add Board Part xilinx.com:vck190:part0:3.4 available at /home/chathupa/Desktop/AMD/2025.2/data/xhub/boards/XilinxBoardStore/boards/Xilinx/vck190/production/3.4/board.xml as part xcvc1902-vsva2197-2mp-e-s specified in board_part file is either invalid or not available
WARNING: [Board 49-26] cannot add Board Part xilinx.com:vck190_newl:part0:1.0 available at /home/chathupa/Desktop/AMD/2025.2/data/xhub/boards/XilinxBoardStore/boards/Xilinx/vck190_newl/production/1.0/board.xml as part xcvc1902-vsva2197-2mp-e-s specified in board_part file is either invalid or not available
WARNING: [Board 49-26] cannot add Board Part xilinx.com:vck190_newl:part0:1.1 available at /home/chathupa/Desktop/AMD/2025.2/data/xhub/boards/XilinxBoardStore/boards/Xilinx/vck190_newl/production/1.1/board.xml as part xcvc1902-vsva2197-2mp-e-s specified in board_part file is either invalid or not available
WARNING: [Board 49-26] cannot add Board Part xilinx.com:vck190_newl:part0:1.2 available at /home/chathupa/Desktop/AMD/2025.2/data/xhub/boards/XilinxBoardStore/boards/Xilinx/vck190_newl/production/1.2/board.xml as part xcvc1902-vsva2197-2mp-e-s specified in board_part file is either invalid or not available
WARNING: [Board 49-26] cannot add Board Part xilinx.com:vck190_newl:part0:1.3 available at /home/chathupa/Desktop/AMD/2025.2/data/xhub/boards/XilinxBoardStore/boards/Xilinx/vck190_newl/production/1.3/board.xml as part xcvc1902-vsva2197-2mp-e-s specified in board_part file is either invalid or not available
WARNING: [Board 49-26] cannot add Board Part xilinx.com:vcu108:part0:1.6 available at /home/chathupa/Desktop/AMD/2025.2/data/xhub/boards/XilinxBoardStore/boards/Xilinx/vcu108/1.6/board.xml as part xcvu095-ffva2104-2-e specified in board_part file is either invalid or not available
WARNING: [Board 49-26] cannot add Board Part xilinx.com:vcu108:part0:1.7 available at /home/chathupa/Desktop/AMD/2025.2/data/xhub/boards/XilinxBoardStore/boards/Xilinx/vcu108/1.7/board.xml as part xcvu095-ffva2104-2-e specified in board_part file is either invalid or not available
WARNING: [Board 49-26] cannot add Board Part xilinx.com:vcu110:part0:1.4 available at /home/chathupa/Desktop/AMD/2025.2/data/xhub/boards/XilinxBoardStore/boards/Xilinx/vcu110/1.4/board.xml as part xcvu190-flgc2104-2-e specified in board_part file is either invalid or not available
WARNING: [Board 49-26] cannot add Board Part xilinx.com:vcu118:part0:2.0 available at /home/chathupa/Desktop/AMD/2025.2/data/xhub/boards/XilinxBoardStore/boards/Xilinx/vcu118/2.0/board.xml as part xcvu9p-flga2104-2l-e specified in board_part file is either invalid or not available
WARNING: [Board 49-26] cannot add Board Part xilinx.com:vcu118:part0:2.3 available at /home/chathupa/Desktop/AMD/2025.2/data/xhub/boards/XilinxBoardStore/boards/Xilinx/vcu118/2.3/board.xml as part xcvu9p-flga2104-2l-e specified in board_part file is either invalid or not available
WARNING: [Board 49-26] cannot add Board Part xilinx.com:vcu118:part0:2.4 available at /home/chathupa/Desktop/AMD/2025.2/data/xhub/boards/XilinxBoardStore/boards/Xilinx/vcu118/2.4/board.xml as part xcvu9p-flga2104-2l-e specified in board_part file is either invalid or not available
WARNING: [Board 49-26] cannot add Board Part xilinx.com:vcu128:part0:1.0 available at /home/chathupa/Desktop/AMD/2025.2/data/xhub/boards/XilinxBoardStore/boards/Xilinx/vcu128/production/1.0/board.xml as part xcvu37p-fsvh2892-2l-e specified in board_part file is either invalid or not available
WARNING: [Board 49-26] cannot add Board Part xilinx.com:vcu129:part0:1.0 available at /home/chathupa/Desktop/AMD/2025.2/data/xhub/boards/XilinxBoardStore/boards/Xilinx/vcu129/production/1.0/board.xml as part xcvu29p-fsga2577-2l-e specified in board_part file is either invalid or not available
WARNING: [Board 49-26] cannot add Board Part xilinx.com:vcu1525:part0:1.3 available at /home/chathupa/Desktop/AMD/2025.2/data/xhub/boards/XilinxBoardStore/boards/Xilinx/vcu1525/1.3/board.xml as part xcvu9p-fsgd2104-2l-e specified in board_part file is either invalid or not available
WARNING: [Board 49-26] cannot add Board Part xilinx.com:vek280:part0:1.0 available at /home/chathupa/Desktop/AMD/2025.2/data/xhub/boards/XilinxBoardStore/boards/Xilinx/vek280/production/1.0/board.xml as part xcve2802-vsvh1760-2mp-e-s specified in board_part file is either invalid or not available
WARNING: [Board 49-26] cannot add Board Part xilinx.com:vek280:part0:1.1 available at /home/chathupa/Desktop/AMD/2025.2/data/xhub/boards/XilinxBoardStore/boards/Xilinx/vek280/production/1.1/board.xml as part xcve2802-vsvh1760-2mp-e-s specified in board_part file is either invalid or not available
WARNING: [Board 49-26] cannot add Board Part xilinx.com:vek280:part0:1.2 available at /home/chathupa/Desktop/AMD/2025.2/data/xhub/boards/XilinxBoardStore/boards/Xilinx/vek280/production/1.2/board.xml as part xcve2802-vsvh1760-2mp-e-s specified in board_part file is either invalid or not available
WARNING: [Board 49-26] cannot add Board Part xilinx.com:vek385:part0:1.0 available at /home/chathupa/Desktop/AMD/2025.2/data/xhub/boards/XilinxBoardStore/boards/Xilinx/vek385/1.0/board.xml as part xc2ve3858-ssva2112-2mp-e-s specified in board_part file is either invalid or not available
WARNING: [Board 49-26] cannot add Board Part xilinx.com:vek385:part0:1.1 available at /home/chathupa/Desktop/AMD/2025.2/data/xhub/boards/XilinxBoardStore/boards/Xilinx/vek385/1.1/board.xml as part xc2ve3858-ssva2112-2mp-e-s specified in board_part file is either invalid or not available
WARNING: [Board 49-26] cannot add Board Part xilinx.com:vek385_1:part0:1.0 available at /home/chathupa/Desktop/AMD/2025.2/data/xhub/boards/XilinxBoardStore/boards/Xilinx/vek385_2/1.0/board.xml as part xc2ve3858-ssva2112-2mp-e-s specified in board_part file is either invalid or not available
WARNING: [Board 49-26] cannot add Board Part xilinx.com:vermeo_t1_mpsoc:part0:1.0 available at /home/chathupa/Desktop/AMD/2025.2/data/xhub/boards/XilinxBoardStore/boards/Xilinx/vermeo_t1_mpsoc/1.0/board.xml as part xczu19eg-ffvd1760-2l-e specified in board_part file is either invalid or not available
WARNING: [Board 49-26] cannot add Board Part xilinx.com:vermeo_t1_rfsoc:part0:1.0 available at /home/chathupa/Desktop/AMD/2025.2/data/xhub/boards/XilinxBoardStore/boards/Xilinx/vermeo_t1_rfsoc/1.0/board.xml as part xczu21dr-ffvd1156-2l-e specified in board_part file is either invalid or not available
WARNING: [Board 49-26] cannot add Board Part xilinx.com:vhk158:part0:1.0 available at /home/chathupa/Desktop/AMD/2025.2/data/xhub/boards/XilinxBoardStore/boards/Xilinx/vhk158/production/1.0/board.xml as part xcvh1582-vsva3697-2mp-e-s specified in board_part file is either invalid or not available
WARNING: [Board 49-26] cannot add Board Part xilinx.com:vhk158:part0:1.1 available at /home/chathupa/Desktop/AMD/2025.2/data/xhub/boards/XilinxBoardStore/boards/Xilinx/vhk158/production/1.1/board.xml as part xcvh1582-vsva3697-2mp-e-s specified in board_part file is either invalid or not available
WARNING: [Board 49-26] cannot add Board Part xilinx.com:vhk158:part0:1.2 available at /home/chathupa/Desktop/AMD/2025.2/data/xhub/boards/XilinxBoardStore/boards/Xilinx/vhk158/production/1.2/board.xml as part xcvh1582-vsva3697-2mp-e-s specified in board_part file is either invalid or not available
WARNING: [Board 49-26] cannot add Board Part xilinx.com:vmk180:part0:2.2 available at /home/chathupa/Desktop/AMD/2025.2/data/xhub/boards/XilinxBoardStore/boards/Xilinx/vmk180/production/2.2/board.xml as part xcvm1802-vsva2197-2mp-e-s specified in board_part file is either invalid or not available
WARNING: [Board 49-26] cannot add Board Part xilinx.com:vmk180:part0:3.0 available at /home/chathupa/Desktop/AMD/2025.2/data/xhub/boards/XilinxBoardStore/boards/Xilinx/vmk180/production/3.0/board.xml as part xcvm1802-vsva2197-2mp-e-s specified in board_part file is either invalid or not available
WARNING: [Board 49-26] cannot add Board Part xilinx.com:vmk180:part0:3.1 available at /home/chathupa/Desktop/AMD/2025.2/data/xhub/boards/XilinxBoardStore/boards/Xilinx/vmk180/production/3.1/board.xml as part xcvm1802-vsva2197-2mp-e-s specified in board_part file is either invalid or not available
WARNING: [Board 49-26] cannot add Board Part xilinx.com:vmk180:part0:3.2 available at /home/chathupa/Desktop/AMD/2025.2/data/xhub/boards/XilinxBoardStore/boards/Xilinx/vmk180/production/3.2/board.xml as part xcvm1802-vsva2197-2mp-e-s specified in board_part file is either invalid or not available
WARNING: [Board 49-26] cannot add Board Part xilinx.com:vmk180:part0:3.3 available at /home/chathupa/Desktop/AMD/2025.2/data/xhub/boards/XilinxBoardStore/boards/Xilinx/vmk180/production/3.3/board.xml as part xcvm1802-vsva2197-2mp-e-s specified in board_part file is either invalid or not available
WARNING: [Board 49-26] cannot add Board Part xilinx.com:vmk180_newl:part0:1.0 available at /home/chathupa/Desktop/AMD/2025.2/data/xhub/boards/XilinxBoardStore/boards/Xilinx/vmk180_newl/production/1.0/board.xml as part xcvm1802-vsva2197-2mp-e-s specified in board_part file is either invalid or not available
WARNING: [Board 49-26] cannot add Board Part xilinx.com:vmk180_newl:part0:1.1 available at /home/chathupa/Desktop/AMD/2025.2/data/xhub/boards/XilinxBoardStore/boards/Xilinx/vmk180_newl/production/1.1/board.xml as part xcvm1802-vsva2197-2mp-e-s specified in board_part file is either invalid or not available
WARNING: [Board 49-26] cannot add Board Part xilinx.com:vpk120:part0:1.0 available at /home/chathupa/Desktop/AMD/2025.2/data/xhub/boards/XilinxBoardStore/boards/Xilinx/vpk120/production/1.0/board.xml as part xcvp1202-vsva2785-2mp-e-s specified in board_part file is either invalid or not available
WARNING: [Board 49-26] cannot add Board Part xilinx.com:vpk120:part0:1.1 available at /home/chathupa/Desktop/AMD/2025.2/data/xhub/boards/XilinxBoardStore/boards/Xilinx/vpk120/production/1.1/board.xml as part xcvp1202-vsva2785-2mp-e-s specified in board_part file is either invalid or not available
WARNING: [Board 49-26] cannot add Board Part xilinx.com:vpk120:part0:1.2 available at /home/chathupa/Desktop/AMD/2025.2/data/xhub/boards/XilinxBoardStore/boards/Xilinx/vpk120/production/1.2/board.xml as part xcvp1202-vsva2785-2mp-e-s specified in board_part file is either invalid or not available
WARNING: [Board 49-26] cannot add Board Part xilinx.com:vpk180:part0:1.0 available at /home/chathupa/Desktop/AMD/2025.2/data/xhub/boards/XilinxBoardStore/boards/Xilinx/vpk180/production/1.0/board.xml as part xcvp1802-lsvc4072-2mp-e-s specified in board_part file is either invalid or not available
WARNING: [Board 49-26] cannot add Board Part xilinx.com:vpk180:part0:1.1 available at /home/chathupa/Desktop/AMD/2025.2/data/xhub/boards/XilinxBoardStore/boards/Xilinx/vpk180/production/1.1/board.xml as part xcvp1802-lsvc4072-2mp-e-s specified in board_part file is either invalid or not available
WARNING: [Board 49-26] cannot add Board Part xilinx.com:vpk180:part0:1.2 available at /home/chathupa/Desktop/AMD/2025.2/data/xhub/boards/XilinxBoardStore/boards/Xilinx/vpk180/production/1.2/board.xml as part xcvp1802-lsvc4072-2mp-e-s specified in board_part file is either invalid or not available
WARNING: [Board 49-26] cannot add Board Part xilinx.com:vrk160:part0:1.0 available at /home/chathupa/Desktop/AMD/2025.2/data/xhub/boards/XilinxBoardStore/boards/Xilinx/vrk160/1.0/board.xml as part xcvr1602-vsva2488-2mp-e-s-es1 specified in board_part file is either invalid or not available
WARNING: [Board 49-26] cannot add Board Part xilinx.com:vrk160:part0:1.1 available at /home/chathupa/Desktop/AMD/2025.2/data/xhub/boards/XilinxBoardStore/boards/Xilinx/vrk160/1.1/board.xml as part xcvr1602-vsva2488-2mp-e-s-es1 specified in board_part file is either invalid or not available
WARNING: [Board 49-26] cannot add Board Part xilinx.com:zc706:part0:1.4 available at /home/chathupa/Desktop/AMD/2025.2/data/xhub/boards/XilinxBoardStore/boards/Xilinx/zc706/1.4/board.xml as part xc7z045ffg900-2 specified in board_part file is either invalid or not available
WARNING: [Board 49-26] cannot add Board Part xilinx.com:zc706:part0:1.5 available at /home/chathupa/Desktop/AMD/2025.2/data/xhub/boards/XilinxBoardStore/boards/Xilinx/zc706/1.5/board.xml as part xc7z045ffg900-2 specified in board_part file is either invalid or not available
WARNING: [Board 49-26] cannot add Board Part xilinx.com:zcu102:part0:3.3 available at /home/chathupa/Desktop/AMD/2025.2/data/xhub/boards/XilinxBoardStore/boards/Xilinx/zcu102/3.3/board.xml as part xczu9eg-ffvb1156-2-e specified in board_part file is either invalid or not available
WARNING: [Board 49-26] cannot add Board Part xilinx.com:zcu102:part0:3.4 available at /home/chathupa/Desktop/AMD/2025.2/data/xhub/boards/XilinxBoardStore/boards/Xilinx/zcu102/3.4/board.xml as part xczu9eg-ffvb1156-2-e specified in board_part file is either invalid or not available
WARNING: [Board 49-26] cannot add Board Part xilinx.com:zcu111:part0:1.2 available at /home/chathupa/Desktop/AMD/2025.2/data/xhub/boards/XilinxBoardStore/boards/Xilinx/zcu111/1.2/board.xml as part xczu28dr-ffvg1517-2-e specified in board_part file is either invalid or not available
WARNING: [Board 49-26] cannot add Board Part xilinx.com:zcu111:part0:1.3 available at /home/chathupa/Desktop/AMD/2025.2/data/xhub/boards/XilinxBoardStore/boards/Xilinx/zcu111/1.3/board.xml as part xczu28dr-ffvg1517-2-e specified in board_part file is either invalid or not available
WARNING: [Board 49-26] cannot add Board Part xilinx.com:zcu111:part0:1.4 available at /home/chathupa/Desktop/AMD/2025.2/data/xhub/boards/XilinxBoardStore/boards/Xilinx/zcu111/1.4/board.xml as part xczu28dr-ffvg1517-2-e specified in board_part file is either invalid or not available
WARNING: [Board 49-26] cannot add Board Part xilinx.com:zcu1275:part0:1.0 available at /home/chathupa/Desktop/AMD/2025.2/data/xhub/boards/XilinxBoardStore/boards/Xilinx/zcu1275/1.0/board.xml as part xczu29dr-ffvf1760-2-e specified in board_part file is either invalid or not available
WARNING: [Board 49-26] cannot add Board Part xilinx.com:zcu1285:part0:1.0 available at /home/chathupa/Desktop/AMD/2025.2/data/xhub/boards/XilinxBoardStore/boards/Xilinx/zcu1285/1.0/board.xml as part xczu39dr-ffvf1760-2-i specified in board_part file is either invalid or not available
WARNING: [Board 49-26] cannot add Board Part xilinx.com:zcu208:part0:2.0 available at /home/chathupa/Desktop/AMD/2025.2/data/xhub/boards/XilinxBoardStore/boards/Xilinx/zcu208/production/2.0/board.xml as part xczu48dr-fsvg1517-2-e specified in board_part file is either invalid or not available
WARNING: [Board 49-26] cannot add Board Part xilinx.com:zcu208ld:part0:2.0 available at /home/chathupa/Desktop/AMD/2025.2/data/xhub/boards/XilinxBoardStore/boards/Xilinx/zcu208ld/production/2.0/board.xml as part xczu58dr-fsvg1517-2-i specified in board_part file is either invalid or not available
WARNING: [Board 49-26] cannot add Board Part xilinx.com:zcu216:part0:2.0 available at /home/chathupa/Desktop/AMD/2025.2/data/xhub/boards/XilinxBoardStore/boards/Xilinx/zcu216/production/2.0/board.xml as part xczu49dr-ffvf1760-2-e specified in board_part file is either invalid or not available
WARNING: [Board 49-26] cannot add Board Part xilinx.com:zcu216ld:part0:2.0 available at /home/chathupa/Desktop/AMD/2025.2/data/xhub/boards/XilinxBoardStore/boards/Xilinx/zcu216ld/production/2.0/board.xml as part xczu59dr-ffvf1760-2-i specified in board_part file is either invalid or not available
WARNING: [Board 49-26] cannot add Board Part xilinx.com:zcu670:part0:2.0 available at /home/chathupa/Desktop/AMD/2025.2/data/xhub/boards/XilinxBoardStore/boards/Xilinx/zcu670/2.0/board.xml as part xczu67dr-fsve1156-2-i specified in board_part file is either invalid or not available
WARNING: [Board 49-26] cannot add Board Part xilinx.com:zcu670ld:part0:1.0 available at /home/chathupa/Desktop/AMD/2025.2/data/xhub/boards/XilinxBoardStore/boards/Xilinx/zcu670ld/1.0/board.xml as part xczu57dr-fsve1156-2-i specified in board_part file is either invalid or not available
WARNING: [Project 1-5713] Board part '' set for the project  is not found. BoardPart property will be unset. Please select board from latest repo build 
INFO: [IP_Flow 19-234] Refreshing IP repositories
INFO: [IP_Flow 19-1704] No user IP repositories specified
INFO: [IP_Flow 19-2313] Loaded Vivado IP repository '/home/chathupa/Desktop/AMD/2025.2/data/ip'.
WARNING: [IP_Flow 19-3664] IP 'system_ps7_0' generated file not found '/home/chathupa/Desktop/dnn_opt/build/dnn_zynq_yolo/dnn_zynq_yolo.gen/sources_1/bd/system/ip/system_ps7_0/system_ps7_0.dcp'. Please regenerate to continue.
WARNING: [IP_Flow 19-3664] IP 'system_ps7_0' generated file not found '/home/chathupa/Desktop/dnn_opt/build/dnn_zynq_yolo/dnn_zynq_yolo.gen/sources_1/bd/system/ip/system_ps7_0/system_ps7_0_stub.v'. Please regenerate to continue.
WARNING: [IP_Flow 19-3664] IP 'system_ps7_0' generated file not found '/home/chathupa/Desktop/dnn_opt/build/dnn_zynq_yolo/dnn_zynq_yolo.gen/sources_1/bd/system/ip/system_ps7_0/system_ps7_0_stub.vhdl'. Please regenerate to continue.
WARNING: [IP_Flow 19-3664] IP 'system_ps7_0' generated file not found '/home/chathupa/Desktop/dnn_opt/build/dnn_zynq_yolo/dnn_zynq_yolo.gen/sources_1/bd/system/ip/system_ps7_0/system_ps7_0_sim_netlist.v'. Please regenerate to continue.
WARNING: [IP_Flow 19-3664] IP 'system_ps7_0' generated file not found '/home/chathupa/Desktop/dnn_opt/build/dnn_zynq_yolo/dnn_zynq_yolo.gen/sources_1/bd/system/ip/system_ps7_0/system_ps7_0_sim_netlist.vhdl'. Please regenerate to continue.
WARNING: [IP_Flow 19-3664] IP 'system_accel_0' generated file not found '/home/chathupa/Desktop/dnn_opt/build/dnn_zynq_yolo/dnn_zynq_yolo.gen/sources_1/bd/system/ip/system_accel_0/system_accel_0.dcp'. Please regenerate to continue.
WARNING: [IP_Flow 19-3664] IP 'system_accel_0' generated file not found '/home/chathupa/Desktop/dnn_opt/build/dnn_zynq_yolo/dnn_zynq_yolo.gen/sources_1/bd/system/ip/system_accel_0/system_accel_0_stub.v'. Please regenerate to continue.
WARNING: [IP_Flow 19-3664] IP 'system_accel_0' generated file not found '/home/chathupa/Desktop/dnn_opt/build/dnn_zynq_yolo/dnn_zynq_yolo.gen/sources_1/bd/system/ip/system_accel_0/system_accel_0_stub.vhdl'. Please regenerate to continue.
WARNING: [IP_Flow 19-3664] IP 'system_accel_0' generated file not found '/home/chathupa/Desktop/dnn_opt/build/dnn_zynq_yolo/dnn_zynq_yolo.gen/sources_1/bd/system/ip/system_accel_0/system_accel_0_sim_netlist.v'. Please regenerate to continue.
WARNING: [IP_Flow 19-3664] IP 'system_accel_0' generated file not found '/home/chathupa/Desktop/dnn_opt/build/dnn_zynq_yolo/dnn_zynq_yolo.gen/sources_1/bd/system/ip/system_accel_0/system_accel_0_sim_netlist.vhdl'. Please regenerate to continue.
WARNING: [IP_Flow 19-3664] IP 'system_axi_ic_mem_imp_auto_pc_0' generated file not found '/home/chathupa/Desktop/dnn_opt/build/dnn_zynq_yolo/dnn_zynq_yolo.gen/sources_1/bd/system/ip/system_axi_ic_mem_imp_auto_pc_0/system_axi_ic_mem_imp_auto_pc_0.dcp'. Please regenerate to continue.
WARNING: [IP_Flow 19-3664] IP 'system_axi_ic_mem_imp_auto_pc_0' generated file not found '/home/chathupa/Desktop/dnn_opt/build/dnn_zynq_yolo/dnn_zynq_yolo.gen/sources_1/bd/system/ip/system_axi_ic_mem_imp_auto_pc_0/system_axi_ic_mem_imp_auto_pc_0_stub.v'. Please regenerate to continue.
WARNING: [IP_Flow 19-3664] IP 'system_axi_ic_mem_imp_auto_pc_0' generated file not found '/home/chathupa/Desktop/dnn_opt/build/dnn_zynq_yolo/dnn_zynq_yolo.gen/sources_1/bd/system/ip/system_axi_ic_mem_imp_auto_pc_0/system_axi_ic_mem_imp_auto_pc_0_stub.vhdl'. Please regenerate to continue.
WARNING: [IP_Flow 19-3664] IP 'system_axi_ic_mem_imp_auto_pc_0' generated file not found '/home/chathupa/Desktop/dnn_opt/build/dnn_zynq_yolo/dnn_zynq_yolo.gen/sources_1/bd/system/ip/system_axi_ic_mem_imp_auto_pc_0/system_axi_ic_mem_imp_auto_pc_0_sim_netlist.v'. Please regenerate to continue.
WARNING: [IP_Flow 19-3664] IP 'system_axi_ic_mem_imp_auto_pc_0' generated file not found '/home/chathupa/Desktop/dnn_opt/build/dnn_zynq_yolo/dnn_zynq_yolo.gen/sources_1/bd/system/ip/system_axi_ic_mem_imp_auto_pc_0/system_axi_ic_mem_imp_auto_pc_0_sim_netlist.vhdl'. Please regenerate to continue.
WARNING: [IP_Flow 19-3664] IP 'system_axi_pc_ctrl_0' generated file not found '/home/chathupa/Desktop/dnn_opt/build/dnn_zynq_yolo/dnn_zynq_yolo.gen/sources_1/bd/system/ip/system_axi_pc_ctrl_0/system_axi_pc_ctrl_0.dcp'. Please regenerate to continue.
WARNING: [IP_Flow 19-3664] IP 'system_axi_pc_ctrl_0' generated file not found '/home/chathupa/Desktop/dnn_opt/build/dnn_zynq_yolo/dnn_zynq_yolo.gen/sources_1/bd/system/ip/system_axi_pc_ctrl_0/system_axi_pc_ctrl_0_stub.v'. Please regenerate to continue.
WARNING: [IP_Flow 19-3664] IP 'system_axi_pc_ctrl_0' generated file not found '/home/chathupa/Desktop/dnn_opt/build/dnn_zynq_yolo/dnn_zynq_yolo.gen/sources_1/bd/system/ip/system_axi_pc_ctrl_0/system_axi_pc_ctrl_0_stub.vhdl'. Please regenerate to continue.
WARNING: [IP_Flow 19-3664] IP 'system_axi_pc_ctrl_0' generated file not found '/home/chathupa/Desktop/dnn_opt/build/dnn_zynq_yolo/dnn_zynq_yolo.gen/sources_1/bd/system/ip/system_axi_pc_ctrl_0/system_axi_pc_ctrl_0_sim_netlist.v'. Please regenerate to continue.
WARNING: [IP_Flow 19-3664] IP 'system_axi_pc_ctrl_0' generated file not found '/home/chathupa/Desktop/dnn_opt/build/dnn_zynq_yolo/dnn_zynq_yolo.gen/sources_1/bd/system/ip/system_axi_pc_ctrl_0/system_axi_pc_ctrl_0_sim_netlist.vhdl'. Please regenerate to continue.
WARNING: [IP_Flow 19-3664] IP 'system_rst_sys_0' generated file not found '/home/chathupa/Desktop/dnn_opt/build/dnn_zynq_yolo/dnn_zynq_yolo.gen/sources_1/bd/system/ip/system_rst_sys_0/system_rst_sys_0.dcp'. Please regenerate to continue.
WARNING: [IP_Flow 19-3664] IP 'system_rst_sys_0' generated file not found '/home/chathupa/Desktop/dnn_opt/build/dnn_zynq_yolo/dnn_zynq_yolo.gen/sources_1/bd/system/ip/system_rst_sys_0/system_rst_sys_0_stub.v'. Please regenerate to continue.
WARNING: [IP_Flow 19-3664] IP 'system_rst_sys_0' generated file not found '/home/chathupa/Desktop/dnn_opt/build/dnn_zynq_yolo/dnn_zynq_yolo.gen/sources_1/bd/system/ip/system_rst_sys_0/system_rst_sys_0_stub.vhdl'. Please regenerate to continue.
WARNING: [IP_Flow 19-3664] IP 'system_rst_sys_0' generated file not found '/home/chathupa/Desktop/dnn_opt/build/dnn_zynq_yolo/dnn_zynq_yolo.gen/sources_1/bd/system/ip/system_rst_sys_0/system_rst_sys_0_sim_netlist.v'. Please regenerate to continue.
WARNING: [IP_Flow 19-3664] IP 'system_rst_sys_0' generated file not found '/home/chathupa/Desktop/dnn_opt/build/dnn_zynq_yolo/dnn_zynq_yolo.gen/sources_1/bd/system/ip/system_rst_sys_0/system_rst_sys_0_sim_netlist.vhdl'. Please regenerate to continue.
open_project: Time (s): cpu = 00:00:11 ; elapsed = 00:00:07 . Memory (MB): peak = 1610.223 ; gain = 176.059 ; free physical = 9291 ; free virtual = 16632
# foreach run [list synth_1 impl_1] {
#     if {[get_property STATUS [get_runs $run]] ne "Not started"} {
#         puts "INFO: resetting $run"
#         catch { reset_run $run }
#     }
# }
INFO: resetting synth_1
# launch_runs synth_1 -jobs 4
WARNING: [Vivado 12-7122] Auto Incremental Compile:: No reference checkpoint was found in run synth_1. Auto-incremental flow will not be run, the standard flow will be run instead.
[Mon Jun 22 12:40:27 2026] Launched system_axi_pc_ctrl_0_synth_1, system_axi_ic_mem_imp_auto_pc_0_synth_1, system_accel_0_synth_1, system_rst_sys_0_synth_1, system_ps7_0_synth_1...
Run output will be captured here:
system_axi_pc_ctrl_0_synth_1: /home/chathupa/Desktop/dnn_opt/build/dnn_zynq_yolo/dnn_zynq_yolo.runs/system_axi_pc_ctrl_0_synth_1/runme.log
system_axi_ic_mem_imp_auto_pc_0_synth_1: /home/chathupa/Desktop/dnn_opt/build/dnn_zynq_yolo/dnn_zynq_yolo.runs/system_axi_ic_mem_imp_auto_pc_0_synth_1/runme.log
system_accel_0_synth_1: /home/chathupa/Desktop/dnn_opt/build/dnn_zynq_yolo/dnn_zynq_yolo.runs/system_accel_0_synth_1/runme.log
system_rst_sys_0_synth_1: /home/chathupa/Desktop/dnn_opt/build/dnn_zynq_yolo/dnn_zynq_yolo.runs/system_rst_sys_0_synth_1/runme.log
system_ps7_0_synth_1: /home/chathupa/Desktop/dnn_opt/build/dnn_zynq_yolo/dnn_zynq_yolo.runs/system_ps7_0_synth_1/runme.log
[Mon Jun 22 12:40:27 2026] Launched synth_1...
Run output will be captured here: /home/chathupa/Desktop/dnn_opt/build/dnn_zynq_yolo/dnn_zynq_yolo.runs/synth_1/runme.log
launch_runs: Time (s): cpu = 00:00:04 ; elapsed = 00:00:08 . Memory (MB): peak = 1752.867 ; gain = 142.645 ; free physical = 9149 ; free virtual = 16520
# wait_on_run synth_1
[Mon Jun 22 12:40:27 2026] Waiting for synth_1 to finish...
