
*** Running vivado
    with args -log system_axi_iic_hdmi_0.vds -m64 -product Vivado -mode batch -messageDb vivado.pb -notrace -source system_axi_iic_hdmi_0.tcl


****** Vivado v2025.2 (64-bit)
  **** SW Build 6299465 on Fri Nov 14 12:34:56 MST 2025
  **** IP Build 6300035 on Fri Nov 14 10:48:45 MST 2025
  **** SharedData Build 6298862 on Thu Nov 13 04:50:51 MST 2025
  **** Start of session at: Wed Jul  8 19:51:14 2026
    ** Copyright 1986-2022 Xilinx, Inc. All Rights Reserved.
    ** Copyright 2022-2025 Advanced Micro Devices, Inc. All Rights Reserved.

source system_axi_iic_hdmi_0.tcl -notrace
Command: synth_design -top system_axi_iic_hdmi_0 -part xc7z020clg484-1 -incremental_mode off -mode out_of_context
Starting synth_design
Attempting to get a license for feature 'Synthesis' and/or device 'xc7z020'
INFO: [Common 17-349] Got license for feature 'Synthesis' and/or device 'xc7z020'
INFO: [Device 21-403] Loading part xc7z020clg484-1
INFO: [Synth 8-7079] Multithreading enabled for synth_design using a maximum of 7 processes.
INFO: [Synth 8-7078] Launching helper process for spawning children vivado processes
INFO: [Synth 8-7075] Helper process launched with PID 30240
---------------------------------------------------------------------------------
Starting RTL Elaboration : Time (s): cpu = 00:00:05 ; elapsed = 00:00:05 . Memory (MB): peak = 2306.277 ; gain = 482.156 ; free physical = 505 ; free virtual = 9429
---------------------------------------------------------------------------------
INFO: [Synth 8-638] synthesizing module 'system_axi_iic_hdmi_0' [/home/chathupa/Desktop/dnn_opt/build/dnn_zynq_hdmi/dnn_zynq_hdmi.gen/sources_1/bd/system/ip/system_axi_iic_hdmi_0/synth/system_axi_iic_hdmi_0.vhd:91]
	Parameter C_FAMILY bound to: zynq - type: string 
	Parameter C_S_AXI_ADDR_WIDTH bound to: 9 - type: integer 
	Parameter C_S_AXI_DATA_WIDTH bound to: 32 - type: integer 
	Parameter C_IIC_FREQ bound to: 100000 - type: integer 
	Parameter C_TEN_BIT_ADR bound to: 0 - type: integer 
	Parameter C_GPO_WIDTH bound to: 1 - type: integer 
	Parameter C_S_AXI_ACLK_FREQ_HZ bound to: 100000000 - type: integer 
	Parameter C_SCL_INERTIAL_DELAY bound to: 0 - type: integer 
	Parameter C_SDA_INERTIAL_DELAY bound to: 0 - type: integer 
	Parameter C_SDA_LEVEL bound to: 1 - type: integer 
	Parameter C_SMBUS_PMBUS_HOST bound to: 0 - type: integer 
	Parameter C_DISABLE_SETUP_VIOLATION_CHECK bound to: 0 - type: integer 
	Parameter C_STATIC_TIMING_REG_WIDTH bound to: 0 - type: integer 
	Parameter C_TIMING_REG_WIDTH bound to: 32 - type: integer 
	Parameter C_DEFAULT_VALUE bound to: 8'b00000000 
INFO: [Synth 8-3491] module 'axi_iic' declared at '/home/chathupa/Desktop/dnn_opt/build/dnn_zynq_hdmi/dnn_zynq_hdmi.gen/sources_1/bd/system/ipshared/67c0/hdl/axi_iic_v2_1_vh_rfs.vhd:6788' bound to instance 'U0' of component 'axi_iic' [/home/chathupa/Desktop/dnn_opt/build/dnn_zynq_hdmi/dnn_zynq_hdmi.gen/sources_1/bd/system/ip/system_axi_iic_hdmi_0/synth/system_axi_iic_hdmi_0.vhd:190]
INFO: [Synth 8-638] synthesizing module 'axi_iic' [/home/chathupa/Desktop/dnn_opt/build/dnn_zynq_hdmi/dnn_zynq_hdmi.gen/sources_1/bd/system/ipshared/67c0/hdl/axi_iic_v2_1_vh_rfs.vhd:6862]
INFO: [Synth 8-638] synthesizing module 'iic' [/home/chathupa/Desktop/dnn_opt/build/dnn_zynq_hdmi/dnn_zynq_hdmi.gen/sources_1/bd/system/ipshared/67c0/hdl/axi_iic_v2_1_vh_rfs.vhd:6163]
INFO: [Synth 8-638] synthesizing module 'axi_ipif_ssp1' [/home/chathupa/Desktop/dnn_opt/build/dnn_zynq_hdmi/dnn_zynq_hdmi.gen/sources_1/bd/system/ipshared/67c0/hdl/axi_iic_v2_1_vh_rfs.vhd:5627]
INFO: [Synth 8-638] synthesizing module 'axi_lite_ipif' [/home/chathupa/Desktop/dnn_opt/build/dnn_zynq_hdmi/dnn_zynq_hdmi.gen/sources_1/bd/system/ipshared/66ea/hdl/axi_lite_ipif_v3_0_vh_rfs.vhd:2948]
INFO: [Synth 8-638] synthesizing module 'slave_attachment' [/home/chathupa/Desktop/dnn_opt/build/dnn_zynq_hdmi/dnn_zynq_hdmi.gen/sources_1/bd/system/ipshared/66ea/hdl/axi_lite_ipif_v3_0_vh_rfs.vhd:2341]
INFO: [Synth 8-638] synthesizing module 'address_decoder' [/home/chathupa/Desktop/dnn_opt/build/dnn_zynq_hdmi/dnn_zynq_hdmi.gen/sources_1/bd/system/ipshared/66ea/hdl/axi_lite_ipif_v3_0_vh_rfs.vhd:1775]
INFO: [Synth 8-638] synthesizing module 'pselect_f' [/home/chathupa/Desktop/dnn_opt/build/dnn_zynq_hdmi/dnn_zynq_hdmi.gen/sources_1/bd/system/ipshared/66ea/hdl/axi_lite_ipif_v3_0_vh_rfs.vhd:1534]
INFO: [Synth 8-256] done synthesizing module 'pselect_f' (0#1) [/home/chathupa/Desktop/dnn_opt/build/dnn_zynq_hdmi/dnn_zynq_hdmi.gen/sources_1/bd/system/ipshared/66ea/hdl/axi_lite_ipif_v3_0_vh_rfs.vhd:1534]
INFO: [Synth 8-638] synthesizing module 'pselect_f__parameterized0' [/home/chathupa/Desktop/dnn_opt/build/dnn_zynq_hdmi/dnn_zynq_hdmi.gen/sources_1/bd/system/ipshared/66ea/hdl/axi_lite_ipif_v3_0_vh_rfs.vhd:1534]
INFO: [Synth 8-256] done synthesizing module 'pselect_f__parameterized0' (0#1) [/home/chathupa/Desktop/dnn_opt/build/dnn_zynq_hdmi/dnn_zynq_hdmi.gen/sources_1/bd/system/ipshared/66ea/hdl/axi_lite_ipif_v3_0_vh_rfs.vhd:1534]
INFO: [Synth 8-638] synthesizing module 'pselect_f__parameterized1' [/home/chathupa/Desktop/dnn_opt/build/dnn_zynq_hdmi/dnn_zynq_hdmi.gen/sources_1/bd/system/ipshared/66ea/hdl/axi_lite_ipif_v3_0_vh_rfs.vhd:1534]
INFO: [Synth 8-256] done synthesizing module 'pselect_f__parameterized1' (0#1) [/home/chathupa/Desktop/dnn_opt/build/dnn_zynq_hdmi/dnn_zynq_hdmi.gen/sources_1/bd/system/ipshared/66ea/hdl/axi_lite_ipif_v3_0_vh_rfs.vhd:1534]
INFO: [Synth 8-638] synthesizing module 'pselect_f__parameterized2' [/home/chathupa/Desktop/dnn_opt/build/dnn_zynq_hdmi/dnn_zynq_hdmi.gen/sources_1/bd/system/ipshared/66ea/hdl/axi_lite_ipif_v3_0_vh_rfs.vhd:1534]
INFO: [Synth 8-256] done synthesizing module 'pselect_f__parameterized2' (0#1) [/home/chathupa/Desktop/dnn_opt/build/dnn_zynq_hdmi/dnn_zynq_hdmi.gen/sources_1/bd/system/ipshared/66ea/hdl/axi_lite_ipif_v3_0_vh_rfs.vhd:1534]
INFO: [Synth 8-638] synthesizing module 'pselect_f__parameterized3' [/home/chathupa/Desktop/dnn_opt/build/dnn_zynq_hdmi/dnn_zynq_hdmi.gen/sources_1/bd/system/ipshared/66ea/hdl/axi_lite_ipif_v3_0_vh_rfs.vhd:1534]
INFO: [Synth 8-256] done synthesizing module 'pselect_f__parameterized3' (0#1) [/home/chathupa/Desktop/dnn_opt/build/dnn_zynq_hdmi/dnn_zynq_hdmi.gen/sources_1/bd/system/ipshared/66ea/hdl/axi_lite_ipif_v3_0_vh_rfs.vhd:1534]
INFO: [Synth 8-638] synthesizing module 'pselect_f__parameterized4' [/home/chathupa/Desktop/dnn_opt/build/dnn_zynq_hdmi/dnn_zynq_hdmi.gen/sources_1/bd/system/ipshared/66ea/hdl/axi_lite_ipif_v3_0_vh_rfs.vhd:1534]
INFO: [Synth 8-256] done synthesizing module 'pselect_f__parameterized4' (0#1) [/home/chathupa/Desktop/dnn_opt/build/dnn_zynq_hdmi/dnn_zynq_hdmi.gen/sources_1/bd/system/ipshared/66ea/hdl/axi_lite_ipif_v3_0_vh_rfs.vhd:1534]
INFO: [Synth 8-638] synthesizing module 'pselect_f__parameterized5' [/home/chathupa/Desktop/dnn_opt/build/dnn_zynq_hdmi/dnn_zynq_hdmi.gen/sources_1/bd/system/ipshared/66ea/hdl/axi_lite_ipif_v3_0_vh_rfs.vhd:1534]
INFO: [Synth 8-256] done synthesizing module 'pselect_f__parameterized5' (0#1) [/home/chathupa/Desktop/dnn_opt/build/dnn_zynq_hdmi/dnn_zynq_hdmi.gen/sources_1/bd/system/ipshared/66ea/hdl/axi_lite_ipif_v3_0_vh_rfs.vhd:1534]
INFO: [Synth 8-638] synthesizing module 'pselect_f__parameterized6' [/home/chathupa/Desktop/dnn_opt/build/dnn_zynq_hdmi/dnn_zynq_hdmi.gen/sources_1/bd/system/ipshared/66ea/hdl/axi_lite_ipif_v3_0_vh_rfs.vhd:1534]
INFO: [Synth 8-256] done synthesizing module 'pselect_f__parameterized6' (0#1) [/home/chathupa/Desktop/dnn_opt/build/dnn_zynq_hdmi/dnn_zynq_hdmi.gen/sources_1/bd/system/ipshared/66ea/hdl/axi_lite_ipif_v3_0_vh_rfs.vhd:1534]
INFO: [Synth 8-638] synthesizing module 'pselect_f__parameterized7' [/home/chathupa/Desktop/dnn_opt/build/dnn_zynq_hdmi/dnn_zynq_hdmi.gen/sources_1/bd/system/ipshared/66ea/hdl/axi_lite_ipif_v3_0_vh_rfs.vhd:1534]
INFO: [Synth 8-256] done synthesizing module 'pselect_f__parameterized7' (0#1) [/home/chathupa/Desktop/dnn_opt/build/dnn_zynq_hdmi/dnn_zynq_hdmi.gen/sources_1/bd/system/ipshared/66ea/hdl/axi_lite_ipif_v3_0_vh_rfs.vhd:1534]
INFO: [Synth 8-638] synthesizing module 'pselect_f__parameterized8' [/home/chathupa/Desktop/dnn_opt/build/dnn_zynq_hdmi/dnn_zynq_hdmi.gen/sources_1/bd/system/ipshared/66ea/hdl/axi_lite_ipif_v3_0_vh_rfs.vhd:1534]
INFO: [Synth 8-256] done synthesizing module 'pselect_f__parameterized8' (0#1) [/home/chathupa/Desktop/dnn_opt/build/dnn_zynq_hdmi/dnn_zynq_hdmi.gen/sources_1/bd/system/ipshared/66ea/hdl/axi_lite_ipif_v3_0_vh_rfs.vhd:1534]
INFO: [Synth 8-638] synthesizing module 'pselect_f__parameterized9' [/home/chathupa/Desktop/dnn_opt/build/dnn_zynq_hdmi/dnn_zynq_hdmi.gen/sources_1/bd/system/ipshared/66ea/hdl/axi_lite_ipif_v3_0_vh_rfs.vhd:1534]
INFO: [Synth 8-256] done synthesizing module 'pselect_f__parameterized9' (0#1) [/home/chathupa/Desktop/dnn_opt/build/dnn_zynq_hdmi/dnn_zynq_hdmi.gen/sources_1/bd/system/ipshared/66ea/hdl/axi_lite_ipif_v3_0_vh_rfs.vhd:1534]
INFO: [Synth 8-638] synthesizing module 'pselect_f__parameterized10' [/home/chathupa/Desktop/dnn_opt/build/dnn_zynq_hdmi/dnn_zynq_hdmi.gen/sources_1/bd/system/ipshared/66ea/hdl/axi_lite_ipif_v3_0_vh_rfs.vhd:1534]
INFO: [Synth 8-256] done synthesizing module 'pselect_f__parameterized10' (0#1) [/home/chathupa/Desktop/dnn_opt/build/dnn_zynq_hdmi/dnn_zynq_hdmi.gen/sources_1/bd/system/ipshared/66ea/hdl/axi_lite_ipif_v3_0_vh_rfs.vhd:1534]
INFO: [Synth 8-638] synthesizing module 'pselect_f__parameterized11' [/home/chathupa/Desktop/dnn_opt/build/dnn_zynq_hdmi/dnn_zynq_hdmi.gen/sources_1/bd/system/ipshared/66ea/hdl/axi_lite_ipif_v3_0_vh_rfs.vhd:1534]
INFO: [Synth 8-256] done synthesizing module 'pselect_f__parameterized11' (0#1) [/home/chathupa/Desktop/dnn_opt/build/dnn_zynq_hdmi/dnn_zynq_hdmi.gen/sources_1/bd/system/ipshared/66ea/hdl/axi_lite_ipif_v3_0_vh_rfs.vhd:1534]
INFO: [Synth 8-638] synthesizing module 'pselect_f__parameterized12' [/home/chathupa/Desktop/dnn_opt/build/dnn_zynq_hdmi/dnn_zynq_hdmi.gen/sources_1/bd/system/ipshared/66ea/hdl/axi_lite_ipif_v3_0_vh_rfs.vhd:1534]
INFO: [Synth 8-256] done synthesizing module 'pselect_f__parameterized12' (0#1) [/home/chathupa/Desktop/dnn_opt/build/dnn_zynq_hdmi/dnn_zynq_hdmi.gen/sources_1/bd/system/ipshared/66ea/hdl/axi_lite_ipif_v3_0_vh_rfs.vhd:1534]
INFO: [Synth 8-638] synthesizing module 'pselect_f__parameterized13' [/home/chathupa/Desktop/dnn_opt/build/dnn_zynq_hdmi/dnn_zynq_hdmi.gen/sources_1/bd/system/ipshared/66ea/hdl/axi_lite_ipif_v3_0_vh_rfs.vhd:1534]
INFO: [Synth 8-256] done synthesizing module 'pselect_f__parameterized13' (0#1) [/home/chathupa/Desktop/dnn_opt/build/dnn_zynq_hdmi/dnn_zynq_hdmi.gen/sources_1/bd/system/ipshared/66ea/hdl/axi_lite_ipif_v3_0_vh_rfs.vhd:1534]
INFO: [Synth 8-638] synthesizing module 'pselect_f__parameterized14' [/home/chathupa/Desktop/dnn_opt/build/dnn_zynq_hdmi/dnn_zynq_hdmi.gen/sources_1/bd/system/ipshared/66ea/hdl/axi_lite_ipif_v3_0_vh_rfs.vhd:1534]
INFO: [Synth 8-256] done synthesizing module 'pselect_f__parameterized14' (0#1) [/home/chathupa/Desktop/dnn_opt/build/dnn_zynq_hdmi/dnn_zynq_hdmi.gen/sources_1/bd/system/ipshared/66ea/hdl/axi_lite_ipif_v3_0_vh_rfs.vhd:1534]
INFO: [Synth 8-638] synthesizing module 'pselect_f__parameterized15' [/home/chathupa/Desktop/dnn_opt/build/dnn_zynq_hdmi/dnn_zynq_hdmi.gen/sources_1/bd/system/ipshared/66ea/hdl/axi_lite_ipif_v3_0_vh_rfs.vhd:1534]
INFO: [Synth 8-256] done synthesizing module 'pselect_f__parameterized15' (0#1) [/home/chathupa/Desktop/dnn_opt/build/dnn_zynq_hdmi/dnn_zynq_hdmi.gen/sources_1/bd/system/ipshared/66ea/hdl/axi_lite_ipif_v3_0_vh_rfs.vhd:1534]
INFO: [Synth 8-638] synthesizing module 'pselect_f__parameterized16' [/home/chathupa/Desktop/dnn_opt/build/dnn_zynq_hdmi/dnn_zynq_hdmi.gen/sources_1/bd/system/ipshared/66ea/hdl/axi_lite_ipif_v3_0_vh_rfs.vhd:1534]
INFO: [Synth 8-256] done synthesizing module 'pselect_f__parameterized16' (0#1) [/home/chathupa/Desktop/dnn_opt/build/dnn_zynq_hdmi/dnn_zynq_hdmi.gen/sources_1/bd/system/ipshared/66ea/hdl/axi_lite_ipif_v3_0_vh_rfs.vhd:1534]
INFO: [Synth 8-638] synthesizing module 'pselect_f__parameterized17' [/home/chathupa/Desktop/dnn_opt/build/dnn_zynq_hdmi/dnn_zynq_hdmi.gen/sources_1/bd/system/ipshared/66ea/hdl/axi_lite_ipif_v3_0_vh_rfs.vhd:1534]
INFO: [Synth 8-256] done synthesizing module 'pselect_f__parameterized17' (0#1) [/home/chathupa/Desktop/dnn_opt/build/dnn_zynq_hdmi/dnn_zynq_hdmi.gen/sources_1/bd/system/ipshared/66ea/hdl/axi_lite_ipif_v3_0_vh_rfs.vhd:1534]
INFO: [Synth 8-638] synthesizing module 'pselect_f__parameterized18' [/home/chathupa/Desktop/dnn_opt/build/dnn_zynq_hdmi/dnn_zynq_hdmi.gen/sources_1/bd/system/ipshared/66ea/hdl/axi_lite_ipif_v3_0_vh_rfs.vhd:1534]
INFO: [Synth 8-256] done synthesizing module 'pselect_f__parameterized18' (0#1) [/home/chathupa/Desktop/dnn_opt/build/dnn_zynq_hdmi/dnn_zynq_hdmi.gen/sources_1/bd/system/ipshared/66ea/hdl/axi_lite_ipif_v3_0_vh_rfs.vhd:1534]
INFO: [Synth 8-638] synthesizing module 'pselect_f__parameterized19' [/home/chathupa/Desktop/dnn_opt/build/dnn_zynq_hdmi/dnn_zynq_hdmi.gen/sources_1/bd/system/ipshared/66ea/hdl/axi_lite_ipif_v3_0_vh_rfs.vhd:1534]
INFO: [Synth 8-256] done synthesizing module 'pselect_f__parameterized19' (0#1) [/home/chathupa/Desktop/dnn_opt/build/dnn_zynq_hdmi/dnn_zynq_hdmi.gen/sources_1/bd/system/ipshared/66ea/hdl/axi_lite_ipif_v3_0_vh_rfs.vhd:1534]
INFO: [Synth 8-638] synthesizing module 'pselect_f__parameterized20' [/home/chathupa/Desktop/dnn_opt/build/dnn_zynq_hdmi/dnn_zynq_hdmi.gen/sources_1/bd/system/ipshared/66ea/hdl/axi_lite_ipif_v3_0_vh_rfs.vhd:1534]
INFO: [Synth 8-256] done synthesizing module 'pselect_f__parameterized20' (0#1) [/home/chathupa/Desktop/dnn_opt/build/dnn_zynq_hdmi/dnn_zynq_hdmi.gen/sources_1/bd/system/ipshared/66ea/hdl/axi_lite_ipif_v3_0_vh_rfs.vhd:1534]
INFO: [Synth 8-638] synthesizing module 'pselect_f__parameterized21' [/home/chathupa/Desktop/dnn_opt/build/dnn_zynq_hdmi/dnn_zynq_hdmi.gen/sources_1/bd/system/ipshared/66ea/hdl/axi_lite_ipif_v3_0_vh_rfs.vhd:1534]
INFO: [Synth 8-256] done synthesizing module 'pselect_f__parameterized21' (0#1) [/home/chathupa/Desktop/dnn_opt/build/dnn_zynq_hdmi/dnn_zynq_hdmi.gen/sources_1/bd/system/ipshared/66ea/hdl/axi_lite_ipif_v3_0_vh_rfs.vhd:1534]
INFO: [Synth 8-638] synthesizing module 'pselect_f__parameterized22' [/home/chathupa/Desktop/dnn_opt/build/dnn_zynq_hdmi/dnn_zynq_hdmi.gen/sources_1/bd/system/ipshared/66ea/hdl/axi_lite_ipif_v3_0_vh_rfs.vhd:1534]
INFO: [Synth 8-256] done synthesizing module 'pselect_f__parameterized22' (0#1) [/home/chathupa/Desktop/dnn_opt/build/dnn_zynq_hdmi/dnn_zynq_hdmi.gen/sources_1/bd/system/ipshared/66ea/hdl/axi_lite_ipif_v3_0_vh_rfs.vhd:1534]
INFO: [Synth 8-638] synthesizing module 'pselect_f__parameterized23' [/home/chathupa/Desktop/dnn_opt/build/dnn_zynq_hdmi/dnn_zynq_hdmi.gen/sources_1/bd/system/ipshared/66ea/hdl/axi_lite_ipif_v3_0_vh_rfs.vhd:1534]
INFO: [Synth 8-256] done synthesizing module 'pselect_f__parameterized23' (0#1) [/home/chathupa/Desktop/dnn_opt/build/dnn_zynq_hdmi/dnn_zynq_hdmi.gen/sources_1/bd/system/ipshared/66ea/hdl/axi_lite_ipif_v3_0_vh_rfs.vhd:1534]
INFO: [Synth 8-638] synthesizing module 'pselect_f__parameterized24' [/home/chathupa/Desktop/dnn_opt/build/dnn_zynq_hdmi/dnn_zynq_hdmi.gen/sources_1/bd/system/ipshared/66ea/hdl/axi_lite_ipif_v3_0_vh_rfs.vhd:1534]
INFO: [Synth 8-256] done synthesizing module 'pselect_f__parameterized24' (0#1) [/home/chathupa/Desktop/dnn_opt/build/dnn_zynq_hdmi/dnn_zynq_hdmi.gen/sources_1/bd/system/ipshared/66ea/hdl/axi_lite_ipif_v3_0_vh_rfs.vhd:1534]
INFO: [Synth 8-638] synthesizing module 'pselect_f__parameterized25' [/home/chathupa/Desktop/dnn_opt/build/dnn_zynq_hdmi/dnn_zynq_hdmi.gen/sources_1/bd/system/ipshared/66ea/hdl/axi_lite_ipif_v3_0_vh_rfs.vhd:1534]
INFO: [Synth 8-256] done synthesizing module 'pselect_f__parameterized25' (0#1) [/home/chathupa/Desktop/dnn_opt/build/dnn_zynq_hdmi/dnn_zynq_hdmi.gen/sources_1/bd/system/ipshared/66ea/hdl/axi_lite_ipif_v3_0_vh_rfs.vhd:1534]
INFO: [Synth 8-638] synthesizing module 'pselect_f__parameterized26' [/home/chathupa/Desktop/dnn_opt/build/dnn_zynq_hdmi/dnn_zynq_hdmi.gen/sources_1/bd/system/ipshared/66ea/hdl/axi_lite_ipif_v3_0_vh_rfs.vhd:1534]
INFO: [Synth 8-256] done synthesizing module 'pselect_f__parameterized26' (0#1) [/home/chathupa/Desktop/dnn_opt/build/dnn_zynq_hdmi/dnn_zynq_hdmi.gen/sources_1/bd/system/ipshared/66ea/hdl/axi_lite_ipif_v3_0_vh_rfs.vhd:1534]
INFO: [Synth 8-638] synthesizing module 'pselect_f__parameterized27' [/home/chathupa/Desktop/dnn_opt/build/dnn_zynq_hdmi/dnn_zynq_hdmi.gen/sources_1/bd/system/ipshared/66ea/hdl/axi_lite_ipif_v3_0_vh_rfs.vhd:1534]
INFO: [Synth 8-256] done synthesizing module 'pselect_f__parameterized27' (0#1) [/home/chathupa/Desktop/dnn_opt/build/dnn_zynq_hdmi/dnn_zynq_hdmi.gen/sources_1/bd/system/ipshared/66ea/hdl/axi_lite_ipif_v3_0_vh_rfs.vhd:1534]
INFO: [Synth 8-638] synthesizing module 'pselect_f__parameterized28' [/home/chathupa/Desktop/dnn_opt/build/dnn_zynq_hdmi/dnn_zynq_hdmi.gen/sources_1/bd/system/ipshared/66ea/hdl/axi_lite_ipif_v3_0_vh_rfs.vhd:1534]
INFO: [Synth 8-256] done synthesizing module 'pselect_f__parameterized28' (0#1) [/home/chathupa/Desktop/dnn_opt/build/dnn_zynq_hdmi/dnn_zynq_hdmi.gen/sources_1/bd/system/ipshared/66ea/hdl/axi_lite_ipif_v3_0_vh_rfs.vhd:1534]
INFO: [Synth 8-638] synthesizing module 'pselect_f__parameterized29' [/home/chathupa/Desktop/dnn_opt/build/dnn_zynq_hdmi/dnn_zynq_hdmi.gen/sources_1/bd/system/ipshared/66ea/hdl/axi_lite_ipif_v3_0_vh_rfs.vhd:1534]
INFO: [Synth 8-256] done synthesizing module 'pselect_f__parameterized29' (0#1) [/home/chathupa/Desktop/dnn_opt/build/dnn_zynq_hdmi/dnn_zynq_hdmi.gen/sources_1/bd/system/ipshared/66ea/hdl/axi_lite_ipif_v3_0_vh_rfs.vhd:1534]
INFO: [Synth 8-638] synthesizing module 'pselect_f__parameterized30' [/home/chathupa/Desktop/dnn_opt/build/dnn_zynq_hdmi/dnn_zynq_hdmi.gen/sources_1/bd/system/ipshared/66ea/hdl/axi_lite_ipif_v3_0_vh_rfs.vhd:1534]
INFO: [Synth 8-256] done synthesizing module 'pselect_f__parameterized30' (0#1) [/home/chathupa/Desktop/dnn_opt/build/dnn_zynq_hdmi/dnn_zynq_hdmi.gen/sources_1/bd/system/ipshared/66ea/hdl/axi_lite_ipif_v3_0_vh_rfs.vhd:1534]
INFO: [Synth 8-638] synthesizing module 'pselect_f__parameterized31' [/home/chathupa/Desktop/dnn_opt/build/dnn_zynq_hdmi/dnn_zynq_hdmi.gen/sources_1/bd/system/ipshared/66ea/hdl/axi_lite_ipif_v3_0_vh_rfs.vhd:1534]
INFO: [Synth 8-256] done synthesizing module 'pselect_f__parameterized31' (0#1) [/home/chathupa/Desktop/dnn_opt/build/dnn_zynq_hdmi/dnn_zynq_hdmi.gen/sources_1/bd/system/ipshared/66ea/hdl/axi_lite_ipif_v3_0_vh_rfs.vhd:1534]
INFO: [Synth 8-638] synthesizing module 'pselect_f__parameterized32' [/home/chathupa/Desktop/dnn_opt/build/dnn_zynq_hdmi/dnn_zynq_hdmi.gen/sources_1/bd/system/ipshared/66ea/hdl/axi_lite_ipif_v3_0_vh_rfs.vhd:1534]
INFO: [Synth 8-256] done synthesizing module 'pselect_f__parameterized32' (0#1) [/home/chathupa/Desktop/dnn_opt/build/dnn_zynq_hdmi/dnn_zynq_hdmi.gen/sources_1/bd/system/ipshared/66ea/hdl/axi_lite_ipif_v3_0_vh_rfs.vhd:1534]
INFO: [Synth 8-638] synthesizing module 'pselect_f__parameterized33' [/home/chathupa/Desktop/dnn_opt/build/dnn_zynq_hdmi/dnn_zynq_hdmi.gen/sources_1/bd/system/ipshared/66ea/hdl/axi_lite_ipif_v3_0_vh_rfs.vhd:1534]
INFO: [Synth 8-256] done synthesizing module 'pselect_f__parameterized33' (0#1) [/home/chathupa/Desktop/dnn_opt/build/dnn_zynq_hdmi/dnn_zynq_hdmi.gen/sources_1/bd/system/ipshared/66ea/hdl/axi_lite_ipif_v3_0_vh_rfs.vhd:1534]
INFO: [Synth 8-638] synthesizing module 'pselect_f__parameterized34' [/home/chathupa/Desktop/dnn_opt/build/dnn_zynq_hdmi/dnn_zynq_hdmi.gen/sources_1/bd/system/ipshared/66ea/hdl/axi_lite_ipif_v3_0_vh_rfs.vhd:1534]
INFO: [Synth 8-256] done synthesizing module 'pselect_f__parameterized34' (0#1) [/home/chathupa/Desktop/dnn_opt/build/dnn_zynq_hdmi/dnn_zynq_hdmi.gen/sources_1/bd/system/ipshared/66ea/hdl/axi_lite_ipif_v3_0_vh_rfs.vhd:1534]
INFO: [Synth 8-638] synthesizing module 'pselect_f__parameterized35' [/home/chathupa/Desktop/dnn_opt/build/dnn_zynq_hdmi/dnn_zynq_hdmi.gen/sources_1/bd/system/ipshared/66ea/hdl/axi_lite_ipif_v3_0_vh_rfs.vhd:1534]
INFO: [Synth 8-256] done synthesizing module 'pselect_f__parameterized35' (0#1) [/home/chathupa/Desktop/dnn_opt/build/dnn_zynq_hdmi/dnn_zynq_hdmi.gen/sources_1/bd/system/ipshared/66ea/hdl/axi_lite_ipif_v3_0_vh_rfs.vhd:1534]
INFO: [Synth 8-256] done synthesizing module 'address_decoder' (0#1) [/home/chathupa/Desktop/dnn_opt/build/dnn_zynq_hdmi/dnn_zynq_hdmi.gen/sources_1/bd/system/ipshared/66ea/hdl/axi_lite_ipif_v3_0_vh_rfs.vhd:1775]
INFO: [Synth 8-226] default block is never used [/home/chathupa/Desktop/dnn_opt/build/dnn_zynq_hdmi/dnn_zynq_hdmi.gen/sources_1/bd/system/ipshared/66ea/hdl/axi_lite_ipif_v3_0_vh_rfs.vhd:2550]
INFO: [Synth 8-256] done synthesizing module 'slave_attachment' (0#1) [/home/chathupa/Desktop/dnn_opt/build/dnn_zynq_hdmi/dnn_zynq_hdmi.gen/sources_1/bd/system/ipshared/66ea/hdl/axi_lite_ipif_v3_0_vh_rfs.vhd:2341]
INFO: [Synth 8-256] done synthesizing module 'axi_lite_ipif' (0#1) [/home/chathupa/Desktop/dnn_opt/build/dnn_zynq_hdmi/dnn_zynq_hdmi.gen/sources_1/bd/system/ipshared/66ea/hdl/axi_lite_ipif_v3_0_vh_rfs.vhd:2948]
INFO: [Synth 8-638] synthesizing module 'interrupt_control' [/home/chathupa/Desktop/dnn_opt/build/dnn_zynq_hdmi/dnn_zynq_hdmi.gen/sources_1/bd/system/ipshared/d8cc/hdl/interrupt_control_v3_1_vh_rfs.vhd:257]
INFO: [Synth 8-256] done synthesizing module 'interrupt_control' (0#1) [/home/chathupa/Desktop/dnn_opt/build/dnn_zynq_hdmi/dnn_zynq_hdmi.gen/sources_1/bd/system/ipshared/d8cc/hdl/interrupt_control_v3_1_vh_rfs.vhd:257]
INFO: [Synth 8-638] synthesizing module 'soft_reset' [/home/chathupa/Desktop/dnn_opt/build/dnn_zynq_hdmi/dnn_zynq_hdmi.gen/sources_1/bd/system/ipshared/67c0/hdl/axi_iic_v2_1_vh_rfs.vhd:109]
INFO: [Synth 8-113] binding component instance 'RST_FLOPS' to cell 'FDRSE' [/home/chathupa/Desktop/dnn_opt/build/dnn_zynq_hdmi/dnn_zynq_hdmi.gen/sources_1/bd/system/ipshared/67c0/hdl/axi_iic_v2_1_vh_rfs.vhd:241]
INFO: [Synth 8-113] binding component instance 'RST_FLOPS' to cell 'FDRSE' [/home/chathupa/Desktop/dnn_opt/build/dnn_zynq_hdmi/dnn_zynq_hdmi.gen/sources_1/bd/system/ipshared/67c0/hdl/axi_iic_v2_1_vh_rfs.vhd:241]
INFO: [Synth 8-113] binding component instance 'RST_FLOPS' to cell 'FDRSE' [/home/chathupa/Desktop/dnn_opt/build/dnn_zynq_hdmi/dnn_zynq_hdmi.gen/sources_1/bd/system/ipshared/67c0/hdl/axi_iic_v2_1_vh_rfs.vhd:241]
INFO: [Synth 8-113] binding component instance 'RST_FLOPS' to cell 'FDRSE' [/home/chathupa/Desktop/dnn_opt/build/dnn_zynq_hdmi/dnn_zynq_hdmi.gen/sources_1/bd/system/ipshared/67c0/hdl/axi_iic_v2_1_vh_rfs.vhd:241]
INFO: [Synth 8-113] binding component instance 'FF_WRACK' to cell 'FDRSE' [/home/chathupa/Desktop/dnn_opt/build/dnn_zynq_hdmi/dnn_zynq_hdmi.gen/sources_1/bd/system/ipshared/67c0/hdl/axi_iic_v2_1_vh_rfs.vhd:264]
INFO: [Synth 8-256] done synthesizing module 'soft_reset' (0#1) [/home/chathupa/Desktop/dnn_opt/build/dnn_zynq_hdmi/dnn_zynq_hdmi.gen/sources_1/bd/system/ipshared/67c0/hdl/axi_iic_v2_1_vh_rfs.vhd:109]
INFO: [Synth 8-256] done synthesizing module 'axi_ipif_ssp1' (0#1) [/home/chathupa/Desktop/dnn_opt/build/dnn_zynq_hdmi/dnn_zynq_hdmi.gen/sources_1/bd/system/ipshared/67c0/hdl/axi_iic_v2_1_vh_rfs.vhd:5627]
INFO: [Synth 8-638] synthesizing module 'reg_interface' [/home/chathupa/Desktop/dnn_opt/build/dnn_zynq_hdmi/dnn_zynq_hdmi.gen/sources_1/bd/system/ipshared/67c0/hdl/axi_iic_v2_1_vh_rfs.vhd:1623]
INFO: [Synth 8-256] done synthesizing module 'reg_interface' (0#1) [/home/chathupa/Desktop/dnn_opt/build/dnn_zynq_hdmi/dnn_zynq_hdmi.gen/sources_1/bd/system/ipshared/67c0/hdl/axi_iic_v2_1_vh_rfs.vhd:1623]
INFO: [Synth 8-638] synthesizing module 'filter' [/home/chathupa/Desktop/dnn_opt/build/dnn_zynq_hdmi/dnn_zynq_hdmi.gen/sources_1/bd/system/ipshared/67c0/hdl/axi_iic_v2_1_vh_rfs.vhd:4945]
INFO: [Synth 8-638] synthesizing module 'debounce' [/home/chathupa/Desktop/dnn_opt/build/dnn_zynq_hdmi/dnn_zynq_hdmi.gen/sources_1/bd/system/ipshared/67c0/hdl/axi_iic_v2_1_vh_rfs.vhd:1256]
	Parameter DEST_SYNC_FF bound to: 4 - type: integer 
	Parameter INIT_SYNC_FF bound to: 0 - type: integer 
	Parameter SIM_ASSERT_CHK bound to: 0 - type: integer 
	Parameter SRC_INPUT_REG bound to: 0 - type: integer 
INFO: [Synth 8-3491] module 'xpm_cdc_single' declared at '/home/chathupa/Desktop/AMD/2025.2/data/ip/xpm/xpm_cdc/hdl/xpm_cdc.sv:152' bound to instance 'INPUT_DOUBLE_REGS' of component 'xpm_cdc_single' [/home/chathupa/Desktop/dnn_opt/build/dnn_zynq_hdmi/dnn_zynq_hdmi.gen/sources_1/bd/system/ipshared/67c0/hdl/axi_iic_v2_1_vh_rfs.vhd:1281]
INFO: [Synth 8-6157] synthesizing module 'xpm_cdc_single' [/home/chathupa/Desktop/AMD/2025.2/data/ip/xpm/xpm_cdc/hdl/xpm_cdc.sv:152]
INFO: [Synth 8-6155] done synthesizing module 'xpm_cdc_single' (0#1) [/home/chathupa/Desktop/AMD/2025.2/data/ip/xpm/xpm_cdc/hdl/xpm_cdc.sv:152]
INFO: [Synth 8-256] done synthesizing module 'debounce' (0#1) [/home/chathupa/Desktop/dnn_opt/build/dnn_zynq_hdmi/dnn_zynq_hdmi.gen/sources_1/bd/system/ipshared/67c0/hdl/axi_iic_v2_1_vh_rfs.vhd:1256]
INFO: [Synth 8-256] done synthesizing module 'filter' (0#1) [/home/chathupa/Desktop/dnn_opt/build/dnn_zynq_hdmi/dnn_zynq_hdmi.gen/sources_1/bd/system/ipshared/67c0/hdl/axi_iic_v2_1_vh_rfs.vhd:4945]
INFO: [Synth 8-638] synthesizing module 'iic_control' [/home/chathupa/Desktop/dnn_opt/build/dnn_zynq_hdmi/dnn_zynq_hdmi.gen/sources_1/bd/system/ipshared/67c0/hdl/axi_iic_v2_1_vh_rfs.vhd:2860]
INFO: [Synth 8-638] synthesizing module 'upcnt_n' [/home/chathupa/Desktop/dnn_opt/build/dnn_zynq_hdmi/dnn_zynq_hdmi.gen/sources_1/bd/system/ipshared/67c0/hdl/axi_iic_v2_1_vh_rfs.vhd:671]
INFO: [Synth 8-256] done synthesizing module 'upcnt_n' (0#1) [/home/chathupa/Desktop/dnn_opt/build/dnn_zynq_hdmi/dnn_zynq_hdmi.gen/sources_1/bd/system/ipshared/67c0/hdl/axi_iic_v2_1_vh_rfs.vhd:671]
INFO: [Synth 8-638] synthesizing module 'shift8' [/home/chathupa/Desktop/dnn_opt/build/dnn_zynq_hdmi/dnn_zynq_hdmi.gen/sources_1/bd/system/ipshared/67c0/hdl/axi_iic_v2_1_vh_rfs.vhd:831]
INFO: [Synth 8-256] done synthesizing module 'shift8' (0#1) [/home/chathupa/Desktop/dnn_opt/build/dnn_zynq_hdmi/dnn_zynq_hdmi.gen/sources_1/bd/system/ipshared/67c0/hdl/axi_iic_v2_1_vh_rfs.vhd:831]
INFO: [Synth 8-638] synthesizing module 'upcnt_n__parameterized0' [/home/chathupa/Desktop/dnn_opt/build/dnn_zynq_hdmi/dnn_zynq_hdmi.gen/sources_1/bd/system/ipshared/67c0/hdl/axi_iic_v2_1_vh_rfs.vhd:671]
INFO: [Synth 8-256] done synthesizing module 'upcnt_n__parameterized0' (0#1) [/home/chathupa/Desktop/dnn_opt/build/dnn_zynq_hdmi/dnn_zynq_hdmi.gen/sources_1/bd/system/ipshared/67c0/hdl/axi_iic_v2_1_vh_rfs.vhd:671]
INFO: [Synth 8-256] done synthesizing module 'iic_control' (0#1) [/home/chathupa/Desktop/dnn_opt/build/dnn_zynq_hdmi/dnn_zynq_hdmi.gen/sources_1/bd/system/ipshared/67c0/hdl/axi_iic_v2_1_vh_rfs.vhd:2860]
INFO: [Synth 8-638] synthesizing module 'SRL_FIFO' [/home/chathupa/Desktop/dnn_opt/build/dnn_zynq_hdmi/dnn_zynq_hdmi.gen/sources_1/bd/system/ipshared/67c0/hdl/axi_iic_v2_1_vh_rfs.vhd:377]
INFO: [Synth 8-3491] module 'FDR' declared at '/home/chathupa/Desktop/AMD/2025.2/Vivado/scripts/rt/data/unisim_comp.v:49383' bound to instance 'Data_Exists_DFF' of component 'FDR' [/home/chathupa/Desktop/dnn_opt/build/dnn_zynq_hdmi/dnn_zynq_hdmi.gen/sources_1/bd/system/ipshared/67c0/hdl/axi_iic_v2_1_vh_rfs.vhd:471]
INFO: [Synth 8-6157] synthesizing module 'FDR' [/home/chathupa/Desktop/AMD/2025.2/Vivado/scripts/rt/data/unisim_comp.v:49383]
INFO: [Synth 8-6155] done synthesizing module 'FDR' (0#1) [/home/chathupa/Desktop/AMD/2025.2/Vivado/scripts/rt/data/unisim_comp.v:49383]
INFO: [Synth 8-3491] module 'MUXCY_L' declared at '/home/chathupa/Desktop/AMD/2025.2/Vivado/scripts/rt/data/unisim_comp.v:104872' bound to instance 'MUXCY_L_I' of component 'MUXCY_L' [/home/chathupa/Desktop/dnn_opt/build/dnn_zynq_hdmi/dnn_zynq_hdmi.gen/sources_1/bd/system/ipshared/67c0/hdl/axi_iic_v2_1_vh_rfs.vhd:488]
INFO: [Synth 8-6157] synthesizing module 'MUXCY_L' [/home/chathupa/Desktop/AMD/2025.2/Vivado/scripts/rt/data/unisim_comp.v:104872]
INFO: [Synth 8-6155] done synthesizing module 'MUXCY_L' (0#1) [/home/chathupa/Desktop/AMD/2025.2/Vivado/scripts/rt/data/unisim_comp.v:104872]
INFO: [Synth 8-3491] module 'XORCY' declared at '/home/chathupa/Desktop/AMD/2025.2/Vivado/scripts/rt/data/unisim_comp.v:171315' bound to instance 'XORCY_I' of component 'XORCY' [/home/chathupa/Desktop/dnn_opt/build/dnn_zynq_hdmi/dnn_zynq_hdmi.gen/sources_1/bd/system/ipshared/67c0/hdl/axi_iic_v2_1_vh_rfs.vhd:495]
INFO: [Synth 8-6157] synthesizing module 'XORCY' [/home/chathupa/Desktop/AMD/2025.2/Vivado/scripts/rt/data/unisim_comp.v:171315]
INFO: [Synth 8-6155] done synthesizing module 'XORCY' (0#1) [/home/chathupa/Desktop/AMD/2025.2/Vivado/scripts/rt/data/unisim_comp.v:171315]
INFO: [Synth 8-3491] module 'FDRE' declared at '/home/chathupa/Desktop/AMD/2025.2/Vivado/scripts/rt/data/unisim_comp.v:49396' bound to instance 'FDRE_I' of component 'FDRE' [/home/chathupa/Desktop/dnn_opt/build/dnn_zynq_hdmi/dnn_zynq_hdmi.gen/sources_1/bd/system/ipshared/67c0/hdl/axi_iic_v2_1_vh_rfs.vhd:501]
INFO: [Synth 8-6157] synthesizing module 'FDRE' [/home/chathupa/Desktop/AMD/2025.2/Vivado/scripts/rt/data/unisim_comp.v:49396]
INFO: [Synth 8-6155] done synthesizing module 'FDRE' (0#1) [/home/chathupa/Desktop/AMD/2025.2/Vivado/scripts/rt/data/unisim_comp.v:49396]
INFO: [Synth 8-3491] module 'MUXCY_L' declared at '/home/chathupa/Desktop/AMD/2025.2/Vivado/scripts/rt/data/unisim_comp.v:104872' bound to instance 'MUXCY_L_I' of component 'MUXCY_L' [/home/chathupa/Desktop/dnn_opt/build/dnn_zynq_hdmi/dnn_zynq_hdmi.gen/sources_1/bd/system/ipshared/67c0/hdl/axi_iic_v2_1_vh_rfs.vhd:488]
INFO: [Synth 8-3491] module 'XORCY' declared at '/home/chathupa/Desktop/AMD/2025.2/Vivado/scripts/rt/data/unisim_comp.v:171315' bound to instance 'XORCY_I' of component 'XORCY' [/home/chathupa/Desktop/dnn_opt/build/dnn_zynq_hdmi/dnn_zynq_hdmi.gen/sources_1/bd/system/ipshared/67c0/hdl/axi_iic_v2_1_vh_rfs.vhd:495]
INFO: [Synth 8-3491] module 'FDRE' declared at '/home/chathupa/Desktop/AMD/2025.2/Vivado/scripts/rt/data/unisim_comp.v:49396' bound to instance 'FDRE_I' of component 'FDRE' [/home/chathupa/Desktop/dnn_opt/build/dnn_zynq_hdmi/dnn_zynq_hdmi.gen/sources_1/bd/system/ipshared/67c0/hdl/axi_iic_v2_1_vh_rfs.vhd:501]
INFO: [Synth 8-3491] module 'MUXCY_L' declared at '/home/chathupa/Desktop/AMD/2025.2/Vivado/scripts/rt/data/unisim_comp.v:104872' bound to instance 'MUXCY_L_I' of component 'MUXCY_L' [/home/chathupa/Desktop/dnn_opt/build/dnn_zynq_hdmi/dnn_zynq_hdmi.gen/sources_1/bd/system/ipshared/67c0/hdl/axi_iic_v2_1_vh_rfs.vhd:488]
INFO: [Synth 8-3491] module 'XORCY' declared at '/home/chathupa/Desktop/AMD/2025.2/Vivado/scripts/rt/data/unisim_comp.v:171315' bound to instance 'XORCY_I' of component 'XORCY' [/home/chathupa/Desktop/dnn_opt/build/dnn_zynq_hdmi/dnn_zynq_hdmi.gen/sources_1/bd/system/ipshared/67c0/hdl/axi_iic_v2_1_vh_rfs.vhd:495]
INFO: [Synth 8-3491] module 'FDRE' declared at '/home/chathupa/Desktop/AMD/2025.2/Vivado/scripts/rt/data/unisim_comp.v:49396' bound to instance 'FDRE_I' of component 'FDRE' [/home/chathupa/Desktop/dnn_opt/build/dnn_zynq_hdmi/dnn_zynq_hdmi.gen/sources_1/bd/system/ipshared/67c0/hdl/axi_iic_v2_1_vh_rfs.vhd:501]
INFO: [Synth 8-3491] module 'MUXCY_L' declared at '/home/chathupa/Desktop/AMD/2025.2/Vivado/scripts/rt/data/unisim_comp.v:104872' bound to instance 'MUXCY_L_I' of component 'MUXCY_L' [/home/chathupa/Desktop/dnn_opt/build/dnn_zynq_hdmi/dnn_zynq_hdmi.gen/sources_1/bd/system/ipshared/67c0/hdl/axi_iic_v2_1_vh_rfs.vhd:488]
INFO: [Synth 8-3491] module 'XORCY' declared at '/home/chathupa/Desktop/AMD/2025.2/Vivado/scripts/rt/data/unisim_comp.v:171315' bound to instance 'XORCY_I' of component 'XORCY' [/home/chathupa/Desktop/dnn_opt/build/dnn_zynq_hdmi/dnn_zynq_hdmi.gen/sources_1/bd/system/ipshared/67c0/hdl/axi_iic_v2_1_vh_rfs.vhd:495]
INFO: [Synth 8-3491] module 'FDRE' declared at '/home/chathupa/Desktop/AMD/2025.2/Vivado/scripts/rt/data/unisim_comp.v:49396' bound to instance 'FDRE_I' of component 'FDRE' [/home/chathupa/Desktop/dnn_opt/build/dnn_zynq_hdmi/dnn_zynq_hdmi.gen/sources_1/bd/system/ipshared/67c0/hdl/axi_iic_v2_1_vh_rfs.vhd:501]
INFO: [Synth 8-3491] module 'SRL16E' declared at '/home/chathupa/Desktop/AMD/2025.2/Vivado/scripts/rt/data/unisim_comp.v:165334' bound to instance 'SRL16E_I' of component 'SRL16E' [/home/chathupa/Desktop/dnn_opt/build/dnn_zynq_hdmi/dnn_zynq_hdmi.gen/sources_1/bd/system/ipshared/67c0/hdl/axi_iic_v2_1_vh_rfs.vhd:512]
INFO: [Synth 8-6157] synthesizing module 'SRL16E' [/home/chathupa/Desktop/AMD/2025.2/Vivado/scripts/rt/data/unisim_comp.v:165334]
INFO: [Synth 8-6155] done synthesizing module 'SRL16E' (0#1) [/home/chathupa/Desktop/AMD/2025.2/Vivado/scripts/rt/data/unisim_comp.v:165334]
INFO: [Synth 8-3491] module 'SRL16E' declared at '/home/chathupa/Desktop/AMD/2025.2/Vivado/scripts/rt/data/unisim_comp.v:165334' bound to instance 'SRL16E_I' of component 'SRL16E' [/home/chathupa/Desktop/dnn_opt/build/dnn_zynq_hdmi/dnn_zynq_hdmi.gen/sources_1/bd/system/ipshared/67c0/hdl/axi_iic_v2_1_vh_rfs.vhd:512]
INFO: [Synth 8-3491] module 'SRL16E' declared at '/home/chathupa/Desktop/AMD/2025.2/Vivado/scripts/rt/data/unisim_comp.v:165334' bound to instance 'SRL16E_I' of component 'SRL16E' [/home/chathupa/Desktop/dnn_opt/build/dnn_zynq_hdmi/dnn_zynq_hdmi.gen/sources_1/bd/system/ipshared/67c0/hdl/axi_iic_v2_1_vh_rfs.vhd:512]
INFO: [Synth 8-3491] module 'SRL16E' declared at '/home/chathupa/Desktop/AMD/2025.2/Vivado/scripts/rt/data/unisim_comp.v:165334' bound to instance 'SRL16E_I' of component 'SRL16E' [/home/chathupa/Desktop/dnn_opt/build/dnn_zynq_hdmi/dnn_zynq_hdmi.gen/sources_1/bd/system/ipshared/67c0/hdl/axi_iic_v2_1_vh_rfs.vhd:512]
INFO: [Synth 8-3491] module 'SRL16E' declared at '/home/chathupa/Desktop/AMD/2025.2/Vivado/scripts/rt/data/unisim_comp.v:165334' bound to instance 'SRL16E_I' of component 'SRL16E' [/home/chathupa/Desktop/dnn_opt/build/dnn_zynq_hdmi/dnn_zynq_hdmi.gen/sources_1/bd/system/ipshared/67c0/hdl/axi_iic_v2_1_vh_rfs.vhd:512]
INFO: [Synth 8-3491] module 'SRL16E' declared at '/home/chathupa/Desktop/AMD/2025.2/Vivado/scripts/rt/data/unisim_comp.v:165334' bound to instance 'SRL16E_I' of component 'SRL16E' [/home/chathupa/Desktop/dnn_opt/build/dnn_zynq_hdmi/dnn_zynq_hdmi.gen/sources_1/bd/system/ipshared/67c0/hdl/axi_iic_v2_1_vh_rfs.vhd:512]
INFO: [Synth 8-3491] module 'SRL16E' declared at '/home/chathupa/Desktop/AMD/2025.2/Vivado/scripts/rt/data/unisim_comp.v:165334' bound to instance 'SRL16E_I' of component 'SRL16E' [/home/chathupa/Desktop/dnn_opt/build/dnn_zynq_hdmi/dnn_zynq_hdmi.gen/sources_1/bd/system/ipshared/67c0/hdl/axi_iic_v2_1_vh_rfs.vhd:512]
INFO: [Synth 8-3491] module 'SRL16E' declared at '/home/chathupa/Desktop/AMD/2025.2/Vivado/scripts/rt/data/unisim_comp.v:165334' bound to instance 'SRL16E_I' of component 'SRL16E' [/home/chathupa/Desktop/dnn_opt/build/dnn_zynq_hdmi/dnn_zynq_hdmi.gen/sources_1/bd/system/ipshared/67c0/hdl/axi_iic_v2_1_vh_rfs.vhd:512]
INFO: [Synth 8-256] done synthesizing module 'SRL_FIFO' (0#1) [/home/chathupa/Desktop/dnn_opt/build/dnn_zynq_hdmi/dnn_zynq_hdmi.gen/sources_1/bd/system/ipshared/67c0/hdl/axi_iic_v2_1_vh_rfs.vhd:377]
INFO: [Synth 8-638] synthesizing module 'dynamic_master' [/home/chathupa/Desktop/dnn_opt/build/dnn_zynq_hdmi/dnn_zynq_hdmi.gen/sources_1/bd/system/ipshared/67c0/hdl/axi_iic_v2_1_vh_rfs.vhd:5167]
INFO: [Synth 8-256] done synthesizing module 'dynamic_master' (0#1) [/home/chathupa/Desktop/dnn_opt/build/dnn_zynq_hdmi/dnn_zynq_hdmi.gen/sources_1/bd/system/ipshared/67c0/hdl/axi_iic_v2_1_vh_rfs.vhd:5167]
INFO: [Synth 8-638] synthesizing module 'SRL_FIFO__parameterized0' [/home/chathupa/Desktop/dnn_opt/build/dnn_zynq_hdmi/dnn_zynq_hdmi.gen/sources_1/bd/system/ipshared/67c0/hdl/axi_iic_v2_1_vh_rfs.vhd:377]
INFO: [Synth 8-3491] module 'FDR' declared at '/home/chathupa/Desktop/AMD/2025.2/Vivado/scripts/rt/data/unisim_comp.v:49383' bound to instance 'Data_Exists_DFF' of component 'FDR' [/home/chathupa/Desktop/dnn_opt/build/dnn_zynq_hdmi/dnn_zynq_hdmi.gen/sources_1/bd/system/ipshared/67c0/hdl/axi_iic_v2_1_vh_rfs.vhd:471]
INFO: [Synth 8-3491] module 'MUXCY_L' declared at '/home/chathupa/Desktop/AMD/2025.2/Vivado/scripts/rt/data/unisim_comp.v:104872' bound to instance 'MUXCY_L_I' of component 'MUXCY_L' [/home/chathupa/Desktop/dnn_opt/build/dnn_zynq_hdmi/dnn_zynq_hdmi.gen/sources_1/bd/system/ipshared/67c0/hdl/axi_iic_v2_1_vh_rfs.vhd:488]
INFO: [Synth 8-3491] module 'XORCY' declared at '/home/chathupa/Desktop/AMD/2025.2/Vivado/scripts/rt/data/unisim_comp.v:171315' bound to instance 'XORCY_I' of component 'XORCY' [/home/chathupa/Desktop/dnn_opt/build/dnn_zynq_hdmi/dnn_zynq_hdmi.gen/sources_1/bd/system/ipshared/67c0/hdl/axi_iic_v2_1_vh_rfs.vhd:495]
INFO: [Synth 8-3491] module 'FDRE' declared at '/home/chathupa/Desktop/AMD/2025.2/Vivado/scripts/rt/data/unisim_comp.v:49396' bound to instance 'FDRE_I' of component 'FDRE' [/home/chathupa/Desktop/dnn_opt/build/dnn_zynq_hdmi/dnn_zynq_hdmi.gen/sources_1/bd/system/ipshared/67c0/hdl/axi_iic_v2_1_vh_rfs.vhd:501]
INFO: [Synth 8-3491] module 'MUXCY_L' declared at '/home/chathupa/Desktop/AMD/2025.2/Vivado/scripts/rt/data/unisim_comp.v:104872' bound to instance 'MUXCY_L_I' of component 'MUXCY_L' [/home/chathupa/Desktop/dnn_opt/build/dnn_zynq_hdmi/dnn_zynq_hdmi.gen/sources_1/bd/system/ipshared/67c0/hdl/axi_iic_v2_1_vh_rfs.vhd:488]
INFO: [Synth 8-3491] module 'XORCY' declared at '/home/chathupa/Desktop/AMD/2025.2/Vivado/scripts/rt/data/unisim_comp.v:171315' bound to instance 'XORCY_I' of component 'XORCY' [/home/chathupa/Desktop/dnn_opt/build/dnn_zynq_hdmi/dnn_zynq_hdmi.gen/sources_1/bd/system/ipshared/67c0/hdl/axi_iic_v2_1_vh_rfs.vhd:495]
INFO: [Synth 8-3491] module 'FDRE' declared at '/home/chathupa/Desktop/AMD/2025.2/Vivado/scripts/rt/data/unisim_comp.v:49396' bound to instance 'FDRE_I' of component 'FDRE' [/home/chathupa/Desktop/dnn_opt/build/dnn_zynq_hdmi/dnn_zynq_hdmi.gen/sources_1/bd/system/ipshared/67c0/hdl/axi_iic_v2_1_vh_rfs.vhd:501]
INFO: [Synth 8-3491] module 'MUXCY_L' declared at '/home/chathupa/Desktop/AMD/2025.2/Vivado/scripts/rt/data/unisim_comp.v:104872' bound to instance 'MUXCY_L_I' of component 'MUXCY_L' [/home/chathupa/Desktop/dnn_opt/build/dnn_zynq_hdmi/dnn_zynq_hdmi.gen/sources_1/bd/system/ipshared/67c0/hdl/axi_iic_v2_1_vh_rfs.vhd:488]
INFO: [Synth 8-3491] module 'XORCY' declared at '/home/chathupa/Desktop/AMD/2025.2/Vivado/scripts/rt/data/unisim_comp.v:171315' bound to instance 'XORCY_I' of component 'XORCY' [/home/chathupa/Desktop/dnn_opt/build/dnn_zynq_hdmi/dnn_zynq_hdmi.gen/sources_1/bd/system/ipshared/67c0/hdl/axi_iic_v2_1_vh_rfs.vhd:495]
INFO: [Synth 8-3491] module 'FDRE' declared at '/home/chathupa/Desktop/AMD/2025.2/Vivado/scripts/rt/data/unisim_comp.v:49396' bound to instance 'FDRE_I' of component 'FDRE' [/home/chathupa/Desktop/dnn_opt/build/dnn_zynq_hdmi/dnn_zynq_hdmi.gen/sources_1/bd/system/ipshared/67c0/hdl/axi_iic_v2_1_vh_rfs.vhd:501]
INFO: [Synth 8-3491] module 'MUXCY_L' declared at '/home/chathupa/Desktop/AMD/2025.2/Vivado/scripts/rt/data/unisim_comp.v:104872' bound to instance 'MUXCY_L_I' of component 'MUXCY_L' [/home/chathupa/Desktop/dnn_opt/build/dnn_zynq_hdmi/dnn_zynq_hdmi.gen/sources_1/bd/system/ipshared/67c0/hdl/axi_iic_v2_1_vh_rfs.vhd:488]
INFO: [Synth 8-3491] module 'XORCY' declared at '/home/chathupa/Desktop/AMD/2025.2/Vivado/scripts/rt/data/unisim_comp.v:171315' bound to instance 'XORCY_I' of component 'XORCY' [/home/chathupa/Desktop/dnn_opt/build/dnn_zynq_hdmi/dnn_zynq_hdmi.gen/sources_1/bd/system/ipshared/67c0/hdl/axi_iic_v2_1_vh_rfs.vhd:495]
INFO: [Synth 8-3491] module 'FDRE' declared at '/home/chathupa/Desktop/AMD/2025.2/Vivado/scripts/rt/data/unisim_comp.v:49396' bound to instance 'FDRE_I' of component 'FDRE' [/home/chathupa/Desktop/dnn_opt/build/dnn_zynq_hdmi/dnn_zynq_hdmi.gen/sources_1/bd/system/ipshared/67c0/hdl/axi_iic_v2_1_vh_rfs.vhd:501]
INFO: [Synth 8-3491] module 'SRL16E' declared at '/home/chathupa/Desktop/AMD/2025.2/Vivado/scripts/rt/data/unisim_comp.v:165334' bound to instance 'SRL16E_I' of component 'SRL16E' [/home/chathupa/Desktop/dnn_opt/build/dnn_zynq_hdmi/dnn_zynq_hdmi.gen/sources_1/bd/system/ipshared/67c0/hdl/axi_iic_v2_1_vh_rfs.vhd:512]
INFO: [Synth 8-3491] module 'SRL16E' declared at '/home/chathupa/Desktop/AMD/2025.2/Vivado/scripts/rt/data/unisim_comp.v:165334' bound to instance 'SRL16E_I' of component 'SRL16E' [/home/chathupa/Desktop/dnn_opt/build/dnn_zynq_hdmi/dnn_zynq_hdmi.gen/sources_1/bd/system/ipshared/67c0/hdl/axi_iic_v2_1_vh_rfs.vhd:512]
INFO: [Synth 8-256] done synthesizing module 'SRL_FIFO__parameterized0' (0#1) [/home/chathupa/Desktop/dnn_opt/build/dnn_zynq_hdmi/dnn_zynq_hdmi.gen/sources_1/bd/system/ipshared/67c0/hdl/axi_iic_v2_1_vh_rfs.vhd:377]
INFO: [Synth 8-256] done synthesizing module 'iic' (0#1) [/home/chathupa/Desktop/dnn_opt/build/dnn_zynq_hdmi/dnn_zynq_hdmi.gen/sources_1/bd/system/ipshared/67c0/hdl/axi_iic_v2_1_vh_rfs.vhd:6163]
INFO: [Synth 8-256] done synthesizing module 'axi_iic' (0#1) [/home/chathupa/Desktop/dnn_opt/build/dnn_zynq_hdmi/dnn_zynq_hdmi.gen/sources_1/bd/system/ipshared/67c0/hdl/axi_iic_v2_1_vh_rfs.vhd:6862]
INFO: [Synth 8-256] done synthesizing module 'system_axi_iic_hdmi_0' (0#1) [/home/chathupa/Desktop/dnn_opt/build/dnn_zynq_hdmi/dnn_zynq_hdmi.gen/sources_1/bd/system/ip/system_axi_iic_hdmi_0/synth/system_axi_iic_hdmi_0.vhd:91]
INFO: [Synth 8-6014] Unused sequential element ro_a_reg was removed.  [/home/chathupa/Desktop/dnn_opt/build/dnn_zynq_hdmi/dnn_zynq_hdmi.gen/sources_1/bd/system/ipshared/67c0/hdl/axi_iic_v2_1_vh_rfs.vhd:2219]
INFO: [Synth 8-6014] Unused sequential element sda_cout_reg_d1_reg was removed.  [/home/chathupa/Desktop/dnn_opt/build/dnn_zynq_hdmi/dnn_zynq_hdmi.gen/sources_1/bd/system/ipshared/67c0/hdl/axi_iic_v2_1_vh_rfs.vhd:3610]
INFO: [Synth 8-6014] Unused sequential element gen_stop_and_scl_hi_reg was removed.  [/home/chathupa/Desktop/dnn_opt/build/dnn_zynq_hdmi/dnn_zynq_hdmi.gen/sources_1/bd/system/ipshared/67c0/hdl/axi_iic_v2_1_vh_rfs.vhd:3831]
INFO: [Synth 8-6014] Unused sequential element dynamic_MSMS_d_reg was removed.  [/home/chathupa/Desktop/dnn_opt/build/dnn_zynq_hdmi/dnn_zynq_hdmi.gen/sources_1/bd/system/ipshared/67c0/hdl/axi_iic_v2_1_vh_rfs.vhd:5228]
INFO: [Synth 8-7129] Port Cr[0] in module dynamic_master is either unconnected or has no load
INFO: [Synth 8-7129] Port Cr[1] in module dynamic_master is either unconnected or has no load
INFO: [Synth 8-7129] Port Cr[2] in module dynamic_master is either unconnected or has no load
INFO: [Synth 8-7129] Port Cr[4] in module dynamic_master is either unconnected or has no load
INFO: [Synth 8-7129] Port Cr[6] in module dynamic_master is either unconnected or has no load
INFO: [Synth 8-7129] Port Cr[7] in module dynamic_master is either unconnected or has no load
INFO: [Synth 8-7129] Port Adr[0] in module iic_control is either unconnected or has no load
INFO: [Synth 8-7129] Port Ten_adr[7] in module iic_control is either unconnected or has no load
INFO: [Synth 8-7129] Port Ten_adr[6] in module iic_control is either unconnected or has no load
INFO: [Synth 8-7129] Port Ten_adr[5] in module iic_control is either unconnected or has no load
INFO: [Synth 8-7129] Port src_clk in module xpm_cdc_single is either unconnected or has no load
INFO: [Synth 8-7129] Port Rst in module debounce is either unconnected or has no load
INFO: [Synth 8-7129] Port Stable in module debounce is either unconnected or has no load
INFO: [Synth 8-7129] Port Bus2IIC_Addr[0] in module reg_interface is either unconnected or has no load
INFO: [Synth 8-7129] Port Bus2IIC_Data[0] in module reg_interface is either unconnected or has no load
INFO: [Synth 8-7129] Port Bus2IIC_Data[1] in module reg_interface is either unconnected or has no load
INFO: [Synth 8-7129] Port Bus2IIC_Data[2] in module reg_interface is either unconnected or has no load
INFO: [Synth 8-7129] Port Bus2IIC_Data[3] in module reg_interface is either unconnected or has no load
INFO: [Synth 8-7129] Port Bus2IIC_Data[4] in module reg_interface is either unconnected or has no load
INFO: [Synth 8-7129] Port Bus2IIC_Data[5] in module reg_interface is either unconnected or has no load
INFO: [Synth 8-7129] Port Bus2IIC_Data[6] in module reg_interface is either unconnected or has no load
INFO: [Synth 8-7129] Port Bus2IIC_Data[7] in module reg_interface is either unconnected or has no load
INFO: [Synth 8-7129] Port Bus2IIC_Data[8] in module reg_interface is either unconnected or has no load
INFO: [Synth 8-7129] Port Bus2IIC_Data[9] in module reg_interface is either unconnected or has no load
INFO: [Synth 8-7129] Port Bus2IIC_Data[10] in module reg_interface is either unconnected or has no load
INFO: [Synth 8-7129] Port Bus2IIC_Data[11] in module reg_interface is either unconnected or has no load
INFO: [Synth 8-7129] Port Bus2IIC_Data[12] in module reg_interface is either unconnected or has no load
INFO: [Synth 8-7129] Port Bus2IIC_Data[13] in module reg_interface is either unconnected or has no load
INFO: [Synth 8-7129] Port Bus2IIC_Data[14] in module reg_interface is either unconnected or has no load
INFO: [Synth 8-7129] Port Bus2IIC_Data[15] in module reg_interface is either unconnected or has no load
INFO: [Synth 8-7129] Port Bus2IIC_Data[16] in module reg_interface is either unconnected or has no load
INFO: [Synth 8-7129] Port Bus2IIC_Data[17] in module reg_interface is either unconnected or has no load
INFO: [Synth 8-7129] Port Bus2IIC_Data[18] in module reg_interface is either unconnected or has no load
INFO: [Synth 8-7129] Port Bus2IIC_Data[19] in module reg_interface is either unconnected or has no load
INFO: [Synth 8-7129] Port Bus2IIC_Data[20] in module reg_interface is either unconnected or has no load
INFO: [Synth 8-7129] Port Bus2IIC_Data[21] in module reg_interface is either unconnected or has no load
INFO: [Synth 8-7129] Port Bus2IIC_WrCE[1] in module reg_interface is either unconnected or has no load
INFO: [Synth 8-7129] Port Bus2IIC_WrCE[3] in module reg_interface is either unconnected or has no load
INFO: [Synth 8-7129] Port Bus2IIC_WrCE[5] in module reg_interface is either unconnected or has no load
INFO: [Synth 8-7129] Port Bus2IIC_WrCE[6] in module reg_interface is either unconnected or has no load
INFO: [Synth 8-7129] Port Bus2IIC_WrCE[7] in module reg_interface is either unconnected or has no load
INFO: [Synth 8-7129] Port Data_i2c[0] in module reg_interface is either unconnected or has no load
INFO: [Synth 8-7129] Port Data_i2c[1] in module reg_interface is either unconnected or has no load
INFO: [Synth 8-7129] Port Data_i2c[2] in module reg_interface is either unconnected or has no load
INFO: [Synth 8-7129] Port Data_i2c[3] in module reg_interface is either unconnected or has no load
INFO: [Synth 8-7129] Port Data_i2c[4] in module reg_interface is either unconnected or has no load
INFO: [Synth 8-7129] Port Data_i2c[5] in module reg_interface is either unconnected or has no load
INFO: [Synth 8-7129] Port Data_i2c[6] in module reg_interface is either unconnected or has no load
INFO: [Synth 8-7129] Port Data_i2c[7] in module reg_interface is either unconnected or has no load
INFO: [Synth 8-7129] Port reg_empty in module reg_interface is either unconnected or has no load
INFO: [Synth 8-7129] Port Bus2IP_Data[0] in module soft_reset is either unconnected or has no load
INFO: [Synth 8-7129] Port Bus2IP_Data[1] in module soft_reset is either unconnected or has no load
INFO: [Synth 8-7129] Port Bus2IP_Data[2] in module soft_reset is either unconnected or has no load
INFO: [Synth 8-7129] Port Bus2IP_Data[3] in module soft_reset is either unconnected or has no load
INFO: [Synth 8-7129] Port Bus2IP_Data[4] in module soft_reset is either unconnected or has no load
INFO: [Synth 8-7129] Port Bus2IP_Data[5] in module soft_reset is either unconnected or has no load
INFO: [Synth 8-7129] Port Bus2IP_Data[6] in module soft_reset is either unconnected or has no load
INFO: [Synth 8-7129] Port Bus2IP_Data[7] in module soft_reset is either unconnected or has no load
INFO: [Synth 8-7129] Port Bus2IP_Data[8] in module soft_reset is either unconnected or has no load
INFO: [Synth 8-7129] Port Bus2IP_Data[9] in module soft_reset is either unconnected or has no load
INFO: [Synth 8-7129] Port Bus2IP_Data[10] in module soft_reset is either unconnected or has no load
INFO: [Synth 8-7129] Port Bus2IP_Data[11] in module soft_reset is either unconnected or has no load
INFO: [Synth 8-7129] Port Bus2IP_Data[12] in module soft_reset is either unconnected or has no load
INFO: [Synth 8-7129] Port Bus2IP_Data[13] in module soft_reset is either unconnected or has no load
INFO: [Synth 8-7129] Port Bus2IP_Data[14] in module soft_reset is either unconnected or has no load
INFO: [Synth 8-7129] Port Bus2IP_Data[15] in module soft_reset is either unconnected or has no load
INFO: [Synth 8-7129] Port Bus2IP_Data[16] in module soft_reset is either unconnected or has no load
INFO: [Synth 8-7129] Port Bus2IP_Data[17] in module soft_reset is either unconnected or has no load
INFO: [Synth 8-7129] Port Bus2IP_Data[18] in module soft_reset is either unconnected or has no load
INFO: [Synth 8-7129] Port Bus2IP_Data[19] in module soft_reset is either unconnected or has no load
INFO: [Synth 8-7129] Port Bus2IP_Data[20] in module soft_reset is either unconnected or has no load
INFO: [Synth 8-7129] Port Bus2IP_Data[21] in module soft_reset is either unconnected or has no load
INFO: [Synth 8-7129] Port Bus2IP_Data[22] in module soft_reset is either unconnected or has no load
INFO: [Synth 8-7129] Port Bus2IP_Data[23] in module soft_reset is either unconnected or has no load
INFO: [Synth 8-7129] Port Bus2IP_Data[24] in module soft_reset is either unconnected or has no load
INFO: [Synth 8-7129] Port Bus2IP_Data[25] in module soft_reset is either unconnected or has no load
INFO: [Synth 8-7129] Port Bus2IP_Data[26] in module soft_reset is either unconnected or has no load
INFO: [Synth 8-7129] Port Bus2IP_Data[27] in module soft_reset is either unconnected or has no load
INFO: [Synth 8-7129] Port Bus2IP_BE[0] in module soft_reset is either unconnected or has no load
INFO: [Synth 8-7129] Port Bus2IP_BE[1] in module soft_reset is either unconnected or has no load
INFO: [Synth 8-7129] Port Bus2IP_BE[2] in module soft_reset is either unconnected or has no load
INFO: [Synth 8-7129] Port bus2ip_data[1] in module interrupt_control is either unconnected or has no load
INFO: [Synth 8-7129] Port bus2ip_data[2] in module interrupt_control is either unconnected or has no load
INFO: [Synth 8-7129] Port bus2ip_data[3] in module interrupt_control is either unconnected or has no load
INFO: [Synth 8-7129] Port bus2ip_data[4] in module interrupt_control is either unconnected or has no load
INFO: [Synth 8-7129] Port bus2ip_data[5] in module interrupt_control is either unconnected or has no load
INFO: [Synth 8-7129] Port bus2ip_data[6] in module interrupt_control is either unconnected or has no load
INFO: [Synth 8-7129] Port bus2ip_data[7] in module interrupt_control is either unconnected or has no load
INFO: [Synth 8-7129] Port bus2ip_data[8] in module interrupt_control is either unconnected or has no load
INFO: [Synth 8-7129] Port bus2ip_data[9] in module interrupt_control is either unconnected or has no load
INFO: [Synth 8-7129] Port bus2ip_data[10] in module interrupt_control is either unconnected or has no load
INFO: [Synth 8-7129] Port bus2ip_data[11] in module interrupt_control is either unconnected or has no load
INFO: [Synth 8-7129] Port bus2ip_data[12] in module interrupt_control is either unconnected or has no load
INFO: [Synth 8-7129] Port bus2ip_data[13] in module interrupt_control is either unconnected or has no load
INFO: [Synth 8-7129] Port bus2ip_data[14] in module interrupt_control is either unconnected or has no load
INFO: [Synth 8-7129] Port bus2ip_data[15] in module interrupt_control is either unconnected or has no load
INFO: [Synth 8-7129] Port bus2ip_data[16] in module interrupt_control is either unconnected or has no load
INFO: [Synth 8-7129] Port bus2ip_data[17] in module interrupt_control is either unconnected or has no load
INFO: [Synth 8-7129] Port bus2ip_data[18] in module interrupt_control is either unconnected or has no load
INFO: [Synth 8-7129] Port bus2ip_data[19] in module interrupt_control is either unconnected or has no load
INFO: [Common 17-14] Message 'Synth 8-7129' appears 100 times and further instances of the messages will be disabled. Use the Tcl command set_msg_config to change the current settings.
---------------------------------------------------------------------------------
Finished RTL Elaboration : Time (s): cpu = 00:00:07 ; elapsed = 00:00:07 . Memory (MB): peak = 2412.215 ; gain = 588.094 ; free physical = 407 ; free virtual = 9323
---------------------------------------------------------------------------------
---------------------------------------------------------------------------------
Start Handling Custom Attributes
---------------------------------------------------------------------------------
---------------------------------------------------------------------------------
Finished Handling Custom Attributes : Time (s): cpu = 00:00:07 ; elapsed = 00:00:08 . Memory (MB): peak = 2427.059 ; gain = 602.938 ; free physical = 407 ; free virtual = 9323
---------------------------------------------------------------------------------
---------------------------------------------------------------------------------
Finished RTL Optimization Phase 1 : Time (s): cpu = 00:00:07 ; elapsed = 00:00:08 . Memory (MB): peak = 2427.059 ; gain = 602.938 ; free physical = 407 ; free virtual = 9323
---------------------------------------------------------------------------------
Netlist sorting complete. Time (s): cpu = 00:00:00.02 ; elapsed = 00:00:00.01 . Memory (MB): peak = 2430.027 ; gain = 0.000 ; free physical = 383 ; free virtual = 9300
INFO: [Netlist 29-17] Analyzing 32 Unisim elements for replacement
INFO: [Netlist 29-28] Unisim Transformation completed in 0 CPU seconds
INFO: [Project 1-570] Preparing netlist for logic optimization

Processing XDC Constraints
Initializing timing engine
Parsing XDC File [/home/chathupa/Desktop/dnn_opt/build/dnn_zynq_hdmi/dnn_zynq_hdmi.gen/sources_1/bd/system/ip/system_axi_iic_hdmi_0/system_axi_iic_hdmi_0_ooc.xdc] for cell 'U0'
Finished Parsing XDC File [/home/chathupa/Desktop/dnn_opt/build/dnn_zynq_hdmi/dnn_zynq_hdmi.gen/sources_1/bd/system/ip/system_axi_iic_hdmi_0/system_axi_iic_hdmi_0_ooc.xdc] for cell 'U0'
Parsing XDC File [/home/chathupa/Desktop/dnn_opt/build/dnn_zynq_hdmi/dnn_zynq_hdmi.gen/sources_1/bd/system/ip/system_axi_iic_hdmi_0/system_axi_iic_hdmi_0_board.xdc] for cell 'U0'
Finished Parsing XDC File [/home/chathupa/Desktop/dnn_opt/build/dnn_zynq_hdmi/dnn_zynq_hdmi.gen/sources_1/bd/system/ip/system_axi_iic_hdmi_0/system_axi_iic_hdmi_0_board.xdc] for cell 'U0'
Parsing XDC File [/home/chathupa/Desktop/dnn_opt/build/dnn_zynq_hdmi/dnn_zynq_hdmi.runs/system_axi_iic_hdmi_0_synth_1/dont_touch.xdc]
Finished Parsing XDC File [/home/chathupa/Desktop/dnn_opt/build/dnn_zynq_hdmi/dnn_zynq_hdmi.runs/system_axi_iic_hdmi_0_synth_1/dont_touch.xdc]
INFO: [Project 1-236] Implementation specific constraints were found while reading constraint file [/home/chathupa/Desktop/AMD/2025.2/data/ip/xpm/xpm_cdc/tcl/xpm_cdc_single.tcl]. These constraints will be ignored for synthesis but will be used in implementation. Impacted constraints are listed in the file [.Xil/system_axi_iic_hdmi_0_propImpl.xdc].
Resolution: To avoid this warning, move constraints listed in [.Xil/system_axi_iic_hdmi_0_propImpl.xdc] to another XDC file and exclude this new file from synthesis with the used_in_synthesis property (File Properties dialog in GUI) and re-run elaboration/synthesis.
INFO: [Project 1-1714] 2 XPM XDC files have been applied to the design.
Completed Processing XDC Constraints

Netlist sorting complete. Time (s): cpu = 00:00:00 ; elapsed = 00:00:00 . Memory (MB): peak = 2534.797 ; gain = 0.000 ; free physical = 341 ; free virtual = 9254
INFO: [Project 1-111] Unisim Transformation Summary:
  A total of 20 instances were transformed.
  FDR => FDRE: 3 instances
  FDRSE => FDRSE (FDRE, LUT4, VCC): 5 instances
  MUXCY_L => MUXCY: 12 instances

Constraint Validation Runtime : Time (s): cpu = 00:00:00.03 ; elapsed = 00:00:00.03 . Memory (MB): peak = 2534.832 ; gain = 0.000 ; free physical = 341 ; free virtual = 9254
INFO: [Designutils 20-5008] Incremental synthesis strategy off
---------------------------------------------------------------------------------
Finished Constraint Validation : Time (s): cpu = 00:00:15 ; elapsed = 00:00:16 . Memory (MB): peak = 2534.832 ; gain = 710.711 ; free physical = 249 ; free virtual = 9156
---------------------------------------------------------------------------------
---------------------------------------------------------------------------------
Start Loading Part and Timing Information
---------------------------------------------------------------------------------
Loading part: xc7z020clg484-1
---------------------------------------------------------------------------------
Finished Loading Part and Timing Information : Time (s): cpu = 00:00:15 ; elapsed = 00:00:16 . Memory (MB): peak = 2542.801 ; gain = 718.680 ; free physical = 249 ; free virtual = 9156
---------------------------------------------------------------------------------
---------------------------------------------------------------------------------
Start Applying 'set_property' XDC Constraints
---------------------------------------------------------------------------------
---------------------------------------------------------------------------------
Finished applying 'set_property' XDC Constraints : Time (s): cpu = 00:00:15 ; elapsed = 00:00:16 . Memory (MB): peak = 2542.801 ; gain = 718.680 ; free physical = 241 ; free virtual = 9148
---------------------------------------------------------------------------------
INFO: [Synth 8-802] inferred FSM for state register 'state_reg' in module 'slave_attachment'
INFO: [Synth 8-802] inferred FSM for state register 'scl_state_reg' in module 'iic_control'
INFO: [Synth 8-802] inferred FSM for state register 'state_reg' in module 'iic_control'
---------------------------------------------------------------------------------------------------
                   State |                     New Encoding |                Previous Encoding 
---------------------------------------------------------------------------------------------------
                 iSTATE2 |                             0001 |                               00
                  iSTATE |                             0010 |                               01
                 iSTATE0 |                             0100 |                               10
                 iSTATE1 |                             1000 |                               11
---------------------------------------------------------------------------------------------------
INFO: [Synth 8-3354] encoded FSM with state register 'state_reg' using encoding 'one-hot' in module 'slave_attachment'
---------------------------------------------------------------------------------------------------
                   State |                     New Encoding |                Previous Encoding 
---------------------------------------------------------------------------------------------------
                    idle |                              000 |                              000
                  header |                              101 |                              001
              ack_header |                              110 |                              010
                rcv_data |                              100 |                              011
                ack_data |                              011 |                              100
               xmit_data |                              010 |                              101
                wait_ack |                              001 |                              110
---------------------------------------------------------------------------------------------------
INFO: [Synth 8-3354] encoded FSM with state register 'state_reg' using encoding 'sequential' in module 'iic_control'
---------------------------------------------------------------------------------------------------
                   State |                     New Encoding |                Previous Encoding 
---------------------------------------------------------------------------------------------------
                scl_idle |                       0000000001 |                             0000
              start_wait |                       0000000010 |                             0001
                   start |                       0000000100 |                             0010
              start_edge |                       0000001000 |                             0011
            scl_low_edge |                       0000010000 |                             0100
                 scl_low |                       0000100000 |                             0101
           scl_high_edge |                       0001000000 |                             0110
                scl_high |                       0010000000 |                             0111
               stop_edge |                       0100000000 |                             1000
               stop_wait |                       1000000000 |                             1001
---------------------------------------------------------------------------------------------------
INFO: [Synth 8-3354] encoded FSM with state register 'scl_state_reg' using encoding 'one-hot' in module 'iic_control'
---------------------------------------------------------------------------------
Finished RTL Optimization Phase 2 : Time (s): cpu = 00:00:17 ; elapsed = 00:00:17 . Memory (MB): peak = 2542.801 ; gain = 718.680 ; free physical = 183 ; free virtual = 9049
---------------------------------------------------------------------------------
---------------------------------------------------------------------------------
Start RTL Component Statistics 
---------------------------------------------------------------------------------
Detailed RTL Component Info : 
+---Adders : 
	   2 Input   10 Bit       Adders := 2     
	   2 Input    8 Bit       Adders := 1     
	   2 Input    4 Bit       Adders := 2     
+---XORs : 
	   2 Input      1 Bit         XORs := 20    
+---Registers : 
	               32 Bit    Registers := 1     
	               10 Bit    Registers := 10    
	                9 Bit    Registers := 2     
	                8 Bit    Registers := 8     
	                7 Bit    Registers := 1     
	                4 Bit    Registers := 5     
	                2 Bit    Registers := 3     
	                1 Bit    Registers := 143   
+---Muxes : 
	   2 Input   32 Bit        Muxes := 5     
	   2 Input   10 Bit        Muxes := 15    
	  10 Input   10 Bit        Muxes := 1     
	   2 Input    9 Bit        Muxes := 1     
	   3 Input    9 Bit        Muxes := 1     
	   2 Input    8 Bit        Muxes := 4     
	   4 Input    4 Bit        Muxes := 1     
	   2 Input    4 Bit        Muxes := 6     
	  21 Input    3 Bit        Muxes := 1     
	   2 Input    2 Bit        Muxes := 4     
	   3 Input    2 Bit        Muxes := 1     
	   4 Input    2 Bit        Muxes := 1     
	   2 Input    1 Bit        Muxes := 105   
	   4 Input    1 Bit        Muxes := 3     
	   7 Input    1 Bit        Muxes := 3     
	   3 Input    1 Bit        Muxes := 1     
	  10 Input    1 Bit        Muxes := 10    
---------------------------------------------------------------------------------
Finished RTL Component Statistics 
---------------------------------------------------------------------------------
---------------------------------------------------------------------------------
Start Part Resource Summary
---------------------------------------------------------------------------------
Part Resources:
DSPs: 220 (col length:60)
BRAMs: 280 (col length: RAMB18 60 RAMB36 30)
---------------------------------------------------------------------------------
Finished Part Resource Summary
---------------------------------------------------------------------------------
---------------------------------------------------------------------------------
Start Cross Boundary and Area Optimization
---------------------------------------------------------------------------------
---------------------------------------------------------------------------------
Finished Cross Boundary and Area Optimization : Time (s): cpu = 00:00:21 ; elapsed = 00:00:21 . Memory (MB): peak = 2542.801 ; gain = 718.680 ; free physical = 3538 ; free virtual = 12374
---------------------------------------------------------------------------------
---------------------------------------------------------------------------------
Start Applying XDC Timing Constraints
---------------------------------------------------------------------------------
---------------------------------------------------------------------------------
Finished Applying XDC Timing Constraints : Time (s): cpu = 00:00:28 ; elapsed = 00:00:31 . Memory (MB): peak = 2592.801 ; gain = 768.680 ; free physical = 3800 ; free virtual = 12645
---------------------------------------------------------------------------------
---------------------------------------------------------------------------------
Start Timing Optimization
---------------------------------------------------------------------------------
---------------------------------------------------------------------------------
Finished Timing Optimization : Time (s): cpu = 00:00:35 ; elapsed = 00:00:38 . Memory (MB): peak = 2669.449 ; gain = 845.328 ; free physical = 3429 ; free virtual = 12284
---------------------------------------------------------------------------------
---------------------------------------------------------------------------------
Start Technology Mapping
---------------------------------------------------------------------------------
---------------------------------------------------------------------------------
Finished Technology Mapping : Time (s): cpu = 00:00:35 ; elapsed = 00:00:38 . Memory (MB): peak = 2669.449 ; gain = 845.328 ; free physical = 3382 ; free virtual = 12237
---------------------------------------------------------------------------------
---------------------------------------------------------------------------------
Start IO Insertion
---------------------------------------------------------------------------------
---------------------------------------------------------------------------------
Start Flattening Before IO Insertion
---------------------------------------------------------------------------------
---------------------------------------------------------------------------------
Finished Flattening Before IO Insertion
---------------------------------------------------------------------------------
---------------------------------------------------------------------------------
Start Final Netlist Cleanup
---------------------------------------------------------------------------------
---------------------------------------------------------------------------------
Finished Final Netlist Cleanup
---------------------------------------------------------------------------------
---------------------------------------------------------------------------------
Finished IO Insertion : Time (s): cpu = 00:00:40 ; elapsed = 00:00:43 . Memory (MB): peak = 2829.262 ; gain = 1005.141 ; free physical = 1869 ; free virtual = 10719
---------------------------------------------------------------------------------
---------------------------------------------------------------------------------
Start Renaming Generated Instances
---------------------------------------------------------------------------------
---------------------------------------------------------------------------------
Finished Renaming Generated Instances : Time (s): cpu = 00:00:40 ; elapsed = 00:00:43 . Memory (MB): peak = 2829.262 ; gain = 1005.141 ; free physical = 1869 ; free virtual = 10719
---------------------------------------------------------------------------------
---------------------------------------------------------------------------------
Start Rebuilding User Hierarchy
---------------------------------------------------------------------------------
---------------------------------------------------------------------------------
Finished Rebuilding User Hierarchy : Time (s): cpu = 00:00:40 ; elapsed = 00:00:43 . Memory (MB): peak = 2829.262 ; gain = 1005.141 ; free physical = 1861 ; free virtual = 10713
---------------------------------------------------------------------------------
---------------------------------------------------------------------------------
Start Renaming Generated Ports
---------------------------------------------------------------------------------
---------------------------------------------------------------------------------
Finished Renaming Generated Ports : Time (s): cpu = 00:00:40 ; elapsed = 00:00:43 . Memory (MB): peak = 2829.262 ; gain = 1005.141 ; free physical = 1861 ; free virtual = 10713
---------------------------------------------------------------------------------
---------------------------------------------------------------------------------
Start Handling Custom Attributes
---------------------------------------------------------------------------------
---------------------------------------------------------------------------------
Finished Handling Custom Attributes : Time (s): cpu = 00:00:40 ; elapsed = 00:00:43 . Memory (MB): peak = 2829.262 ; gain = 1005.141 ; free physical = 1861 ; free virtual = 10713
---------------------------------------------------------------------------------
---------------------------------------------------------------------------------
Start Renaming Generated Nets
---------------------------------------------------------------------------------
---------------------------------------------------------------------------------
Finished Renaming Generated Nets : Time (s): cpu = 00:00:40 ; elapsed = 00:00:43 . Memory (MB): peak = 2829.262 ; gain = 1005.141 ; free physical = 1861 ; free virtual = 10713
---------------------------------------------------------------------------------
---------------------------------------------------------------------------------
Start Writing Synthesis Report
---------------------------------------------------------------------------------

Report BlackBoxes: 
+-+--------------+----------+
| |BlackBox name |Instances |
+-+--------------+----------+
+-+--------------+----------+

Report Cell Usage: 
+------+--------+------+
|      |Cell    |Count |
+------+--------+------+
|1     |CARRY4  |    10|
|2     |LUT1    |     7|
|3     |LUT2    |    59|
|4     |LUT3    |    54|
|5     |LUT4    |    70|
|6     |LUT5    |    81|
|7     |LUT6    |   182|
|8     |MUXCY_L |     9|
|9     |MUXF7   |     4|
|10    |SRL16E  |    18|
|11    |XORCY   |    12|
|12    |FDR     |     3|
|13    |FDRE    |   321|
|14    |FDSE    |    50|
+------+--------+------+
---------------------------------------------------------------------------------
Finished Writing Synthesis Report : Time (s): cpu = 00:00:40 ; elapsed = 00:00:43 . Memory (MB): peak = 2829.262 ; gain = 1005.141 ; free physical = 1853 ; free virtual = 10705
---------------------------------------------------------------------------------
Synthesis finished with 0 errors, 0 critical warnings and 0 warnings.
Synthesis Optimization Runtime : Time (s): cpu = 00:00:38 ; elapsed = 00:00:41 . Memory (MB): peak = 2829.262 ; gain = 897.367 ; free physical = 1833 ; free virtual = 10685
Synthesis Optimization Complete : Time (s): cpu = 00:00:40 ; elapsed = 00:00:43 . Memory (MB): peak = 2829.270 ; gain = 1005.141 ; free physical = 1833 ; free virtual = 10685
INFO: [Project 1-571] Translating synthesized netlist
Netlist sorting complete. Time (s): cpu = 00:00:00.01 ; elapsed = 00:00:00.02 . Memory (MB): peak = 2829.270 ; gain = 0.000 ; free physical = 1825 ; free virtual = 10677
INFO: [Netlist 29-17] Analyzing 38 Unisim elements for replacement
INFO: [Netlist 29-28] Unisim Transformation completed in 0 CPU seconds
INFO: [Project 1-570] Preparing netlist for logic optimization
INFO: [Opt 31-138] Pushed 0 inverter(s) to 0 load pin(s).
Netlist sorting complete. Time (s): cpu = 00:00:00 ; elapsed = 00:00:00 . Memory (MB): peak = 2885.289 ; gain = 0.000 ; free physical = 1632 ; free virtual = 10476
INFO: [Project 1-111] Unisim Transformation Summary:
  A total of 6 instances were transformed.
  (MUXCY,XORCY) => CARRY4: 3 instances
  FDR => FDRE: 3 instances

Synth Design complete | Checksum: 5f48e1c
INFO: [Common 17-83] Releasing license: Synthesis
298 Infos, 0 Warnings, 0 Critical Warnings and 0 Errors encountered.
synth_design completed successfully
synth_design: Time (s): cpu = 00:00:49 ; elapsed = 00:00:48 . Memory (MB): peak = 2885.324 ; gain = 1264.016 ; free physical = 1557 ; free virtual = 10397
INFO: [Common 17-2834] synth_design peak Physical Memory [PSS] (MB): overall = 1936.902; main = 1796.040; forked = 234.546
INFO: [Common 17-2834] synth_design peak Virtual Memory [VSS] (MB): overall = 3708.973; main = 2885.293; forked = 986.520
Write ShapeDB Complete: Time (s): cpu = 00:00:00.01 ; elapsed = 00:00:00 . Memory (MB): peak = 2909.301 ; gain = 0.000 ; free physical = 1557 ; free virtual = 10397
INFO: [Common 17-1381] The checkpoint '/home/chathupa/Desktop/dnn_opt/build/dnn_zynq_hdmi/dnn_zynq_hdmi.runs/system_axi_iic_hdmi_0_synth_1/system_axi_iic_hdmi_0.dcp' has been generated.
INFO: [Coretcl 2-1648] Added synthesis output to IP cache for IP system_axi_iic_hdmi_0, cache-ID = e816d0030cb63480
INFO: [Coretcl 2-1174] Renamed 24 cell refs.
Write ShapeDB Complete: Time (s): cpu = 00:00:00 ; elapsed = 00:00:00 . Memory (MB): peak = 2909.301 ; gain = 0.000 ; free physical = 1361 ; free virtual = 10202
INFO: [Common 17-1381] The checkpoint '/home/chathupa/Desktop/dnn_opt/build/dnn_zynq_hdmi/dnn_zynq_hdmi.runs/system_axi_iic_hdmi_0_synth_1/system_axi_iic_hdmi_0.dcp' has been generated.
INFO: [Vivado 12-24828] Executing command : report_utilization -file system_axi_iic_hdmi_0_utilization_synth.rpt -pb system_axi_iic_hdmi_0_utilization_synth.pb
INFO: [Common 17-206] Exiting Vivado at Wed Jul  8 19:52:15 2026...
