
*** Running vivado
    with args -log zedboard_top.vdi -applog -m64 -product Vivado -messageDb vivado.pb -mode batch -source zedboard_top.tcl -notrace


****** Vivado v2025.2 (64-bit)
  **** SW Build 6299465 on Fri Nov 14 12:34:56 MST 2025
  **** IP Build 6300035 on Fri Nov 14 10:48:45 MST 2025
  **** SharedData Build 6298862 on Thu Nov 13 04:50:51 MST 2025
  **** Start of session at: Tue May 26 21:26:39 2026
    ** Copyright 1986-2022 Xilinx, Inc. All Rights Reserved.
    ** Copyright 2022-2025 Advanced Micro Devices, Inc. All Rights Reserved.

source zedboard_top.tcl -notrace
Command: link_design -top zedboard_top -part xc7z020clg484-1
Design is defaulting to srcset: sources_1
Design is defaulting to constrset: constrs_1
INFO: [Device 21-403] Loading part xc7z020clg484-1
Netlist sorting complete. Time (s): cpu = 00:00:00 ; elapsed = 00:00:00 . Memory (MB): peak = 1788.379 ; gain = 0.000 ; free physical = 9264 ; free virtual = 15165
INFO: [Netlist 29-17] Analyzing 32 Unisim elements for replacement
INFO: [Netlist 29-28] Unisim Transformation completed in 0 CPU seconds
INFO: [Project 1-479] Netlist was created with Vivado 2025.2
INFO: [Project 1-570] Preparing netlist for logic optimization
Parsing XDC File [/home/chathupa/Desktop/dnn_opt/xdc/zedboard.xdc]
Finished Parsing XDC File [/home/chathupa/Desktop/dnn_opt/xdc/zedboard.xdc]
INFO: [Opt 31-138] Pushed 0 inverter(s) to 0 load pin(s).
Netlist sorting complete. Time (s): cpu = 00:00:00 ; elapsed = 00:00:00 . Memory (MB): peak = 1987.953 ; gain = 0.000 ; free physical = 9131 ; free virtual = 15038
INFO: [Project 1-111] Unisim Transformation Summary:
No Unisim elements were transformed.

7 Infos, 0 Warnings, 0 Critical Warnings and 0 Errors encountered.
link_design completed successfully
link_design: Time (s): cpu = 00:00:04 ; elapsed = 00:00:05 . Memory (MB): peak = 1993.926 ; gain = 406.078 ; free physical = 9124 ; free virtual = 15030
Command: opt_design
Attempting to get a license for feature 'Implementation' and/or device 'xc7z020'
INFO: [Common 17-349] Got license for feature 'Implementation' and/or device 'xc7z020'
Running DRC as a precondition to command opt_design

Starting DRC Task
INFO: [DRC 23-27] Running DRC with 8 threads
INFO: [Project 1-461] DRC finished with 0 Errors
INFO: [Project 1-462] Please refer to the DRC report (report_drc) for more information.

Time (s): cpu = 00:00:01 ; elapsed = 00:00:02 . Memory (MB): peak = 2108.578 ; gain = 114.652 ; free physical = 9047 ; free virtual = 14956

Starting Cache Timing Information Task
INFO: [Timing 38-35] Done setting XDC timing constraints.
Ending Cache Timing Information Task | Checksum: 1ad25f3ab

Time (s): cpu = 00:00:04 ; elapsed = 00:00:05 . Memory (MB): peak = 2525.531 ; gain = 416.953 ; free physical = 8638 ; free virtual = 14566

Starting Logic Optimization Task

Phase 1 Initialization

Phase 1.1 Core Generation And Design Setup
Phase 1.1 Core Generation And Design Setup | Checksum: 1ad25f3ab

Time (s): cpu = 00:00:00 ; elapsed = 00:00:00 . Memory (MB): peak = 2900.281 ; gain = 0.000 ; free physical = 8260 ; free virtual = 14192

Phase 1.2 Setup Constraints And Sort Netlist
Phase 1.2 Setup Constraints And Sort Netlist | Checksum: 1ad25f3ab

Time (s): cpu = 00:00:00.01 ; elapsed = 00:00:00.01 . Memory (MB): peak = 2900.281 ; gain = 0.000 ; free physical = 8260 ; free virtual = 14192
Phase 1 Initialization | Checksum: 1ad25f3ab

Time (s): cpu = 00:00:00.01 ; elapsed = 00:00:00.01 . Memory (MB): peak = 2900.281 ; gain = 0.000 ; free physical = 8260 ; free virtual = 14192

Phase 2 Timer Update And Timing Data Collection

Phase 2.1 Detect if minReqCache needed
Phase 2.1 Detect if minReqCache needed | Checksum: 1ad25f3ab

Time (s): cpu = 00:00:00.02 ; elapsed = 00:00:00.83 . Memory (MB): peak = 2900.281 ; gain = 0.000 ; free physical = 8249 ; free virtual = 14195

Phase 2.2 Timer Update
Phase 2.2 Timer Update | Checksum: 1ad25f3ab

Time (s): cpu = 00:00:00.08 ; elapsed = 00:00:00.87 . Memory (MB): peak = 2900.281 ; gain = 0.000 ; free physical = 8249 ; free virtual = 14195

Phase 2.3 Timing Data Collection
Phase 2.3 Timing Data Collection | Checksum: 1ad25f3ab

Time (s): cpu = 00:00:00.08 ; elapsed = 00:00:00.87 . Memory (MB): peak = 2900.281 ; gain = 0.000 ; free physical = 8249 ; free virtual = 14195
Phase 2 Timer Update And Timing Data Collection | Checksum: 1ad25f3ab

Time (s): cpu = 00:00:00.08 ; elapsed = 00:00:00.87 . Memory (MB): peak = 2900.281 ; gain = 0.000 ; free physical = 8249 ; free virtual = 14195

Phase 3 Retarget
INFO: [Opt 31-1851] Number of loadless carry chains removed were: 0
INFO: [Opt 31-1834] Total Chains To Be Transformed Were: 0 AND Number of Transformed insts Created are: 0
INFO: [Opt 31-138] Pushed 0 inverter(s) to 0 load pin(s).
INFO: [Opt 31-49] Retargeted 0 cell(s).
Phase 3 Retarget | Checksum: 1ad25f3ab

Time (s): cpu = 00:00:00.12 ; elapsed = 00:00:02 . Memory (MB): peak = 2900.281 ; gain = 0.000 ; free physical = 8250 ; free virtual = 14194
Retarget | Checksum: 1ad25f3ab
INFO: [Opt 31-389] Phase Retarget created 0 cells and removed 0 cells

Phase 4 Constant propagation
INFO: [Opt 31-138] Pushed 0 inverter(s) to 0 load pin(s).
Phase 4 Constant propagation | Checksum: 1ad25f3ab

Time (s): cpu = 00:00:00.12 ; elapsed = 00:00:02 . Memory (MB): peak = 2900.281 ; gain = 0.000 ; free physical = 8250 ; free virtual = 14194
Constant propagation | Checksum: 1ad25f3ab
INFO: [Opt 31-389] Phase Constant propagation created 0 cells and removed 0 cells

Phase 5 Sweep
INFO: [Constraints 18-11670] Building netlist checker database with flags, 0x8
Done building netlist checker database: Time (s): cpu = 00:00:00 ; elapsed = 00:00:00 . Memory (MB): peak = 2900.281 ; gain = 0.000 ; free physical = 8250 ; free virtual = 14194
Phase 5 Sweep | Checksum: 242e5056f

Time (s): cpu = 00:00:00.13 ; elapsed = 00:00:02 . Memory (MB): peak = 2900.281 ; gain = 0.000 ; free physical = 8250 ; free virtual = 14194
Sweep | Checksum: 242e5056f
INFO: [Opt 31-389] Phase Sweep created 0 cells and removed 0 cells

Phase 6 BUFG optimization
Phase 6 BUFG optimization | Checksum: 242e5056f

Time (s): cpu = 00:00:00.14 ; elapsed = 00:00:02 . Memory (MB): peak = 2932.297 ; gain = 32.016 ; free physical = 8250 ; free virtual = 14194
BUFG optimization | Checksum: 242e5056f
INFO: [Opt 31-662] Phase BUFG optimization created 0 cells of which 0 are BUFGs and removed 0 cells.

Phase 7 Shift Register Optimization
INFO: [Opt 31-1064] SRL Remap converted 0 SRLs to 0 registers and converted 0 registers of register chains to 0 SRLs
Phase 7 Shift Register Optimization | Checksum: 242e5056f

Time (s): cpu = 00:00:00.15 ; elapsed = 00:00:02 . Memory (MB): peak = 2932.297 ; gain = 32.016 ; free physical = 8250 ; free virtual = 14194
Shift Register Optimization | Checksum: 242e5056f
INFO: [Opt 31-389] Phase Shift Register Optimization created 0 cells and removed 0 cells

Phase 8 Post Processing Netlist
Phase 8 Post Processing Netlist | Checksum: 242e5056f

Time (s): cpu = 00:00:00.15 ; elapsed = 00:00:02 . Memory (MB): peak = 2932.297 ; gain = 32.016 ; free physical = 8249 ; free virtual = 14194
Post Processing Netlist | Checksum: 242e5056f
INFO: [Opt 31-389] Phase Post Processing Netlist created 0 cells and removed 0 cells

Phase 9 Finalization

Phase 9.1 Finalizing Design Cores and Updating Shapes
Phase 9.1 Finalizing Design Cores and Updating Shapes | Checksum: 273d130ac

Time (s): cpu = 00:00:00.17 ; elapsed = 00:00:02 . Memory (MB): peak = 2932.297 ; gain = 32.016 ; free physical = 8249 ; free virtual = 14194

Phase 9.2 Verifying Netlist Connectivity

Starting Connectivity Check Task

Time (s): cpu = 00:00:00 ; elapsed = 00:00:00 . Memory (MB): peak = 2932.297 ; gain = 0.000 ; free physical = 8249 ; free virtual = 14194
Phase 9.2 Verifying Netlist Connectivity | Checksum: 273d130ac

Time (s): cpu = 00:00:00.17 ; elapsed = 00:00:02 . Memory (MB): peak = 2932.297 ; gain = 32.016 ; free physical = 8249 ; free virtual = 14194
Phase 9 Finalization | Checksum: 273d130ac

Time (s): cpu = 00:00:00.17 ; elapsed = 00:00:02 . Memory (MB): peak = 2932.297 ; gain = 32.016 ; free physical = 8249 ; free virtual = 14194
Opt_design Change Summary
=========================


-------------------------------------------------------------------------------------------------------------------------
|  Phase                        |  #Cells created  |  #Cells Removed  |  #Constrained objects preventing optimizations  |
-------------------------------------------------------------------------------------------------------------------------
|  Retarget                     |               0  |               0  |                                              0  |
|  Constant propagation         |               0  |               0  |                                              0  |
|  Sweep                        |               0  |               0  |                                              0  |
|  BUFG optimization            |               0  |               0  |                                              0  |
|  Shift Register Optimization  |               0  |               0  |                                              0  |
|  Post Processing Netlist      |               0  |               0  |                                              0  |
-------------------------------------------------------------------------------------------------------------------------


Ending Logic Optimization Task | Checksum: 273d130ac

Time (s): cpu = 00:00:00.17 ; elapsed = 00:00:02 . Memory (MB): peak = 2932.297 ; gain = 32.016 ; free physical = 8249 ; free virtual = 14194

Starting Power Optimization Task
INFO: [Pwropt 34-132] Skipping clock gating for clocks with a period < 2.00 ns.
Ending Power Optimization Task | Checksum: 273d130ac

Time (s): cpu = 00:00:00.02 ; elapsed = 00:00:00.29 . Memory (MB): peak = 2932.297 ; gain = 0.000 ; free physical = 8250 ; free virtual = 14195

Starting Final Cleanup Task
Ending Final Cleanup Task | Checksum: 273d130ac

Time (s): cpu = 00:00:00 ; elapsed = 00:00:00 . Memory (MB): peak = 2932.297 ; gain = 0.000 ; free physical = 8250 ; free virtual = 14195
Netlist sorting complete. Time (s): cpu = 00:00:00 ; elapsed = 00:00:00 . Memory (MB): peak = 2932.297 ; gain = 0.000 ; free physical = 8250 ; free virtual = 14195
INFO: [Common 17-83] Releasing license: Implementation
27 Infos, 0 Warnings, 0 Critical Warnings and 0 Errors encountered.
opt_design completed successfully
opt_design: Time (s): cpu = 00:00:08 ; elapsed = 00:00:13 . Memory (MB): peak = 2932.297 ; gain = 938.371 ; free physical = 8250 ; free virtual = 14195
INFO: [Vivado 12-24828] Executing command : report_drc -file zedboard_top_drc_opted.rpt -pb zedboard_top_drc_opted.pb -rpx zedboard_top_drc_opted.rpx
Command: report_drc -file zedboard_top_drc_opted.rpt -pb zedboard_top_drc_opted.pb -rpx zedboard_top_drc_opted.rpx
INFO: [IP_Flow 19-234] Refreshing IP repositories
INFO: [IP_Flow 19-1704] No user IP repositories specified
INFO: [IP_Flow 19-2313] Loaded Vivado IP repository '/home/chathupa/Desktop/AMD/2025.2/data/ip'.
INFO: [DRC 23-27] Running DRC with 8 threads
INFO: [Vivado_Tcl 2-168] The results of DRC are in file /home/chathupa/Desktop/dnn_opt/build/dnn_zedboard/dnn_zedboard.runs/impl_1/zedboard_top_drc_opted.rpt.
report_drc completed successfully
report_drc: Time (s): cpu = 00:00:02 ; elapsed = 00:00:12 . Memory (MB): peak = 2932.297 ; gain = 0.000 ; free physical = 8190 ; free virtual = 14166
generate_parallel_reports: Time (s): cpu = 00:00:02 ; elapsed = 00:00:12 . Memory (MB): peak = 2932.297 ; gain = 0.000 ; free physical = 8190 ; free virtual = 14166
INFO: [Timing 38-480] Writing timing data to binary archive.
Wrote PlaceDB: Time (s): cpu = 00:00:00 ; elapsed = 00:00:00 . Memory (MB): peak = 2932.297 ; gain = 0.000 ; free physical = 8188 ; free virtual = 14164
Wrote PulsedLatchDB: Time (s): cpu = 00:00:00 ; elapsed = 00:00:00 . Memory (MB): peak = 2932.297 ; gain = 0.000 ; free physical = 8188 ; free virtual = 14164
Writing XDEF routing.
Write ShapeDB Complete: Time (s): cpu = 00:00:00.01 ; elapsed = 00:00:00 . Memory (MB): peak = 2932.297 ; gain = 0.000 ; free physical = 8188 ; free virtual = 14164
Writing XDEF routing logical nets.
Writing XDEF routing special nets.
Wrote RouteStorage: Time (s): cpu = 00:00:00.08 ; elapsed = 00:00:00.03 . Memory (MB): peak = 2932.297 ; gain = 0.000 ; free physical = 8188 ; free virtual = 14164
Wrote PlaceStorage: Time (s): cpu = 00:00:00 ; elapsed = 00:00:00 . Memory (MB): peak = 2932.297 ; gain = 0.000 ; free physical = 8188 ; free virtual = 14164
Wrote Netlist Cache: Time (s): cpu = 00:00:00 ; elapsed = 00:00:00 . Memory (MB): peak = 2932.297 ; gain = 0.000 ; free physical = 8188 ; free virtual = 14164
Wrote Device Cache: Time (s): cpu = 00:00:00.01 ; elapsed = 00:00:00 . Memory (MB): peak = 2932.297 ; gain = 0.000 ; free physical = 8188 ; free virtual = 14165
Write Physdb Complete: Time (s): cpu = 00:00:00.1 ; elapsed = 00:00:00.04 . Memory (MB): peak = 2932.297 ; gain = 0.000 ; free physical = 8188 ; free virtual = 14165
INFO: [Common 17-1381] The checkpoint '/home/chathupa/Desktop/dnn_opt/build/dnn_zedboard/dnn_zedboard.runs/impl_1/zedboard_top_opt.dcp' has been generated.
Command: place_design
Attempting to get a license for feature 'Implementation' and/or device 'xc7z020'
INFO: [Common 17-349] Got license for feature 'Implementation' and/or device 'xc7z020'
INFO: [Common 17-83] Releasing license: Implementation
INFO: [DRC 23-27] Running DRC with 8 threads
INFO: [Vivado_Tcl 4-198] DRC finished with 0 Errors
INFO: [Vivado_Tcl 4-199] Please refer to the DRC report (report_drc) for more information.
INFO: [Timing 38-35] Done setting XDC timing constraints.
Running DRC as a precondition to command place_design
INFO: [DRC 23-27] Running DRC with 8 threads
INFO: [Vivado_Tcl 4-198] DRC finished with 0 Errors
INFO: [Vivado_Tcl 4-199] Please refer to the DRC report (report_drc) for more information.
INFO: [Place 30-611] Multithreading enabled for place_design using a maximum of 8 CPUs

Starting Placer Task

Phase 1 Placer Initialization

Phase 1.1 Placer Initialization Netlist Sorting
Netlist sorting complete. Time (s): cpu = 00:00:00.01 ; elapsed = 00:00:00 . Memory (MB): peak = 2932.297 ; gain = 0.000 ; free physical = 8170 ; free virtual = 14162
Phase 1.1 Placer Initialization Netlist Sorting | Checksum: 1bfc867c2

Time (s): cpu = 00:00:00.01 ; elapsed = 00:00:00.01 . Memory (MB): peak = 2932.297 ; gain = 0.000 ; free physical = 8170 ; free virtual = 14162
Netlist sorting complete. Time (s): cpu = 00:00:00 ; elapsed = 00:00:00 . Memory (MB): peak = 2932.297 ; gain = 0.000 ; free physical = 8170 ; free virtual = 14162

Phase 1.2 IO Placement/ Clock Placement/ Build Placer Device
Phase 1.2 IO Placement/ Clock Placement/ Build Placer Device | Checksum: 11830abaf

Time (s): cpu = 00:00:00.72 ; elapsed = 00:00:00.52 . Memory (MB): peak = 2932.297 ; gain = 0.000 ; free physical = 8165 ; free virtual = 14163

Phase 1.3 Build Placer Netlist Model
Phase 1.3 Build Placer Netlist Model | Checksum: 1f2d15332

Time (s): cpu = 00:00:01 ; elapsed = 00:00:00.78 . Memory (MB): peak = 2971.340 ; gain = 39.043 ; free physical = 8157 ; free virtual = 14161

Phase 1.4 Constrain Clocks/Macros
Phase 1.4 Constrain Clocks/Macros | Checksum: 1f2d15332

Time (s): cpu = 00:00:01 ; elapsed = 00:00:00.79 . Memory (MB): peak = 2971.340 ; gain = 39.043 ; free physical = 8157 ; free virtual = 14161
Phase 1 Placer Initialization | Checksum: 1f2d15332

Time (s): cpu = 00:00:01 ; elapsed = 00:00:00.79 . Memory (MB): peak = 2971.340 ; gain = 39.043 ; free physical = 8157 ; free virtual = 14161

Phase 2 Global Placement

Phase 2.1 Floorplanning
Phase 2.1 Floorplanning | Checksum: 1387c89d9

Time (s): cpu = 00:00:02 ; elapsed = 00:00:01 . Memory (MB): peak = 2971.340 ; gain = 39.043 ; free physical = 8156 ; free virtual = 14161

Phase 2.2 Update Timing before SLR Path Opt
Phase 2.2 Update Timing before SLR Path Opt | Checksum: 19fbbfdc6

Time (s): cpu = 00:00:02 ; elapsed = 00:00:01 . Memory (MB): peak = 2971.340 ; gain = 39.043 ; free physical = 8155 ; free virtual = 14160

Phase 2.3 Post-Processing in Floorplanning
Phase 2.3 Post-Processing in Floorplanning | Checksum: 19fbbfdc6

Time (s): cpu = 00:00:02 ; elapsed = 00:00:01 . Memory (MB): peak = 2971.340 ; gain = 39.043 ; free physical = 8155 ; free virtual = 14160

Phase 2.4 Global Place Phase1
Phase 2.4 Global Place Phase1 | Checksum: 1401267b7

Time (s): cpu = 00:00:05 ; elapsed = 00:00:02 . Memory (MB): peak = 2971.340 ; gain = 39.043 ; free physical = 8124 ; free virtual = 14131

Phase 2.5 Global Place Phase2

Phase 2.5.1 UpdateTiming Before Physical Synthesis
Phase 2.5.1 UpdateTiming Before Physical Synthesis | Checksum: 144b8b208

Time (s): cpu = 00:00:06 ; elapsed = 00:00:02 . Memory (MB): peak = 2971.340 ; gain = 39.043 ; free physical = 8124 ; free virtual = 14131

Phase 2.5.2 Physical Synthesis In Placer
INFO: [Physopt 32-1035] Found 0 LUTNM shape to break, 24 LUT instances to create LUTNM shape
INFO: [Physopt 32-1044] Break lutnm for timing: one critical 0, two critical 0, total 0, new lutff created 0
INFO: [Physopt 32-1138] End 1 Pass. Optimized 8 nets or LUTs. Breaked 0 LUT, combined 8 existing LUTs and moved 0 existing LUT
INFO: [Physopt 32-65] No nets found for high-fanout optimization.
INFO: [Physopt 32-232] Optimized 0 net. Created 0 new instance.
INFO: [Physopt 32-775] End 1 Pass. Optimized 0 net or cell. Created 0 new cell, deleted 0 existing cell and moved 0 existing cell
INFO: [Physopt 32-670] No setup violation found.  DSP Register Optimization was not performed.
INFO: [Physopt 32-670] No setup violation found.  Shift Register to Pipeline Optimization was not performed.
INFO: [Physopt 32-670] No setup violation found.  Shift Register Optimization was not performed.
INFO: [Physopt 32-670] No setup violation found.  BRAM Register Optimization was not performed.
INFO: [Physopt 32-670] No setup violation found.  URAM Register Optimization was not performed.
INFO: [Physopt 32-949] No candidate nets found for dynamic/static region interface net replication
INFO: [Physopt 32-775] End 1 Pass. Optimized 0 net or cell. Created 0 new cell, deleted 0 existing cell and moved 0 existing cell
Netlist sorting complete. Time (s): cpu = 00:00:00 ; elapsed = 00:00:00 . Memory (MB): peak = 2971.340 ; gain = 0.000 ; free physical = 8115 ; free virtual = 14127

Summary of Physical Synthesis Optimizations
============================================


-----------------------------------------------------------------------------------------------------------------------------------------------------------
|  Optimization                                     |  Added Cells  |  Removed Cells  |  Optimized Cells/Nets  |  Dont Touch  |  Iterations  |  Elapsed   |
-----------------------------------------------------------------------------------------------------------------------------------------------------------
|  LUT Combining                                    |            0  |              8  |                     8  |           0  |           1  |  00:00:00  |
|  Retime                                           |            0  |              0  |                     0  |           0  |           1  |  00:00:00  |
|  Very High Fanout                                 |            0  |              0  |                     0  |           0  |           1  |  00:00:00  |
|  DSP Register                                     |            0  |              0  |                     0  |           0  |           0  |  00:00:00  |
|  Shift Register to Pipeline                       |            0  |              0  |                     0  |           0  |           0  |  00:00:00  |
|  Shift Register                                   |            0  |              0  |                     0  |           0  |           0  |  00:00:00  |
|  BRAM Register                                    |            0  |              0  |                     0  |           0  |           0  |  00:00:00  |
|  URAM Register                                    |            0  |              0  |                     0  |           0  |           0  |  00:00:00  |
|  Dynamic/Static Region Interface Net Replication  |            0  |              0  |                     0  |           0  |           1  |  00:00:00  |
|  Total                                            |            0  |              8  |                     8  |           0  |           4  |  00:00:00  |
-----------------------------------------------------------------------------------------------------------------------------------------------------------


Phase 2.5.2 Physical Synthesis In Placer | Checksum: f58ae643

Time (s): cpu = 00:00:06 ; elapsed = 00:00:03 . Memory (MB): peak = 2971.340 ; gain = 39.043 ; free physical = 8117 ; free virtual = 14129
Phase 2.5 Global Place Phase2 | Checksum: 8aaffe79

Time (s): cpu = 00:00:07 ; elapsed = 00:00:03 . Memory (MB): peak = 2971.340 ; gain = 39.043 ; free physical = 8116 ; free virtual = 14129
Phase 2 Global Placement | Checksum: 8aaffe79

Time (s): cpu = 00:00:07 ; elapsed = 00:00:03 . Memory (MB): peak = 2971.340 ; gain = 39.043 ; free physical = 8116 ; free virtual = 14129

Phase 3 Detail Placement

Phase 3.1 Commit Multi Column Macros
Phase 3.1 Commit Multi Column Macros | Checksum: c35524e3

Time (s): cpu = 00:00:07 ; elapsed = 00:00:03 . Memory (MB): peak = 2971.340 ; gain = 39.043 ; free physical = 8116 ; free virtual = 14129

Phase 3.2 Commit Most Macros & LUTRAMs
Phase 3.2 Commit Most Macros & LUTRAMs | Checksum: e3779467

Time (s): cpu = 00:00:07 ; elapsed = 00:00:03 . Memory (MB): peak = 2971.340 ; gain = 39.043 ; free physical = 8116 ; free virtual = 14129

Phase 3.3 Area Swap Optimization
Phase 3.3 Area Swap Optimization | Checksum: c3015ce7

Time (s): cpu = 00:00:07 ; elapsed = 00:00:03 . Memory (MB): peak = 2971.340 ; gain = 39.043 ; free physical = 8116 ; free virtual = 14129

Phase 3.4 Pipeline Register Optimization
Phase 3.4 Pipeline Register Optimization | Checksum: eee21f78

Time (s): cpu = 00:00:07 ; elapsed = 00:00:03 . Memory (MB): peak = 2971.340 ; gain = 39.043 ; free physical = 8116 ; free virtual = 14129

Phase 3.5 Small Shape Detail Placement
Phase 3.5 Small Shape Detail Placement | Checksum: 150ac764b

Time (s): cpu = 00:00:08 ; elapsed = 00:00:03 . Memory (MB): peak = 2971.340 ; gain = 39.043 ; free physical = 8116 ; free virtual = 14128

Phase 3.6 Re-assign LUT pins
Phase 3.6 Re-assign LUT pins | Checksum: 1a4d5bbd6

Time (s): cpu = 00:00:08 ; elapsed = 00:00:04 . Memory (MB): peak = 2971.340 ; gain = 39.043 ; free physical = 8116 ; free virtual = 14129

Phase 3.7 Pipeline Register Optimization
Phase 3.7 Pipeline Register Optimization | Checksum: 210f4fde9

Time (s): cpu = 00:00:08 ; elapsed = 00:00:04 . Memory (MB): peak = 2971.340 ; gain = 39.043 ; free physical = 8116 ; free virtual = 14129
Phase 3 Detail Placement | Checksum: 210f4fde9

Time (s): cpu = 00:00:08 ; elapsed = 00:00:04 . Memory (MB): peak = 2971.340 ; gain = 39.043 ; free physical = 8116 ; free virtual = 14129

Phase 4 Post Placement Optimization and Clean-Up

Phase 4.1 Post Commit Optimization
INFO: [Timing 38-35] Done setting XDC timing constraints.

Phase 4.1.1 Post Placement Optimization
Post Placement Optimization Initialization | Checksum: 1930f82fe

Phase 4.1.1.1 BUFG Insertion

Starting Physical Synthesis Task

Phase 1 Physical Synthesis Initialization
INFO: [Physopt 32-721] Multithreading enabled for phys_opt_design using a maximum of 8 CPUs
INFO: [Physopt 32-619] Estimated Timing Summary | WNS=4.707 | TNS=0.000 |
Phase 1 Physical Synthesis Initialization | Checksum: 19a44efed

Time (s): cpu = 00:00:00.04 ; elapsed = 00:00:00.01 . Memory (MB): peak = 2971.340 ; gain = 0.000 ; free physical = 8116 ; free virtual = 14129
INFO: [Place 46-56] BUFG insertion identified 0 candidate nets. Inserted BUFG: 0, Replicated BUFG Driver: 0, Skipped due to Placement/Routing Conflicts: 0, Skipped due to Timing Degradation: 0, Skipped due to netlist editing failed: 0.
Ending Physical Synthesis Task | Checksum: 2034af1a3

Time (s): cpu = 00:00:00.04 ; elapsed = 00:00:00.02 . Memory (MB): peak = 2971.340 ; gain = 0.000 ; free physical = 8116 ; free virtual = 14129
Phase 4.1.1.1 BUFG Insertion | Checksum: 1930f82fe

Time (s): cpu = 00:00:09 ; elapsed = 00:00:04 . Memory (MB): peak = 2971.340 ; gain = 39.043 ; free physical = 8116 ; free virtual = 14129

Phase 4.1.1.2 Post Placement Timing Optimization
INFO: [Place 30-746] Post Placement Timing Summary WNS=4.707. For the most accurate timing information please run report_timing.
Phase 4.1.1.2 Post Placement Timing Optimization | Checksum: 17aff8732

Time (s): cpu = 00:00:09 ; elapsed = 00:00:04 . Memory (MB): peak = 2971.340 ; gain = 39.043 ; free physical = 8116 ; free virtual = 14130

Time (s): cpu = 00:00:09 ; elapsed = 00:00:04 . Memory (MB): peak = 2971.340 ; gain = 39.043 ; free physical = 8116 ; free virtual = 14130
Phase 4.1 Post Commit Optimization | Checksum: 17aff8732

Time (s): cpu = 00:00:09 ; elapsed = 00:00:04 . Memory (MB): peak = 2971.340 ; gain = 39.043 ; free physical = 8116 ; free virtual = 14130

Phase 4.2 Post Placement Cleanup
Phase 4.2 Post Placement Cleanup | Checksum: 17aff8732

Time (s): cpu = 00:00:09 ; elapsed = 00:00:04 . Memory (MB): peak = 2971.340 ; gain = 39.043 ; free physical = 8116 ; free virtual = 14130

Phase 4.3 Placer Reporting

Phase 4.3.1 Print Estimated Congestion
INFO: [Place 30-612] Post-Placement Estimated Congestion 
 ____________________________________________________
|           | Global Congestion | Short Congestion  |
| Direction | Region Size       | Region Size       |
|___________|___________________|___________________|
|      North|                1x1|                1x1|
|___________|___________________|___________________|
|      South|                1x1|                1x1|
|___________|___________________|___________________|
|       East|                1x1|                1x1|
|___________|___________________|___________________|
|       West|                1x1|                1x1|
|___________|___________________|___________________|

Phase 4.3.1 Print Estimated Congestion | Checksum: 17aff8732

Time (s): cpu = 00:00:09 ; elapsed = 00:00:04 . Memory (MB): peak = 2971.340 ; gain = 39.043 ; free physical = 8116 ; free virtual = 14130
Phase 4.3 Placer Reporting | Checksum: 17aff8732

Time (s): cpu = 00:00:09 ; elapsed = 00:00:04 . Memory (MB): peak = 2971.340 ; gain = 39.043 ; free physical = 8116 ; free virtual = 14130

Phase 4.4 Final Placement Cleanup
Netlist sorting complete. Time (s): cpu = 00:00:00 ; elapsed = 00:00:00 . Memory (MB): peak = 2971.340 ; gain = 0.000 ; free physical = 8115 ; free virtual = 14129

Time (s): cpu = 00:00:09 ; elapsed = 00:00:04 . Memory (MB): peak = 2971.340 ; gain = 39.043 ; free physical = 8115 ; free virtual = 14129
Phase 4 Post Placement Optimization and Clean-Up | Checksum: 175c2849c

Time (s): cpu = 00:00:09 ; elapsed = 00:00:04 . Memory (MB): peak = 2971.340 ; gain = 39.043 ; free physical = 8115 ; free virtual = 14129
Ending Placer Task | Checksum: 14a052623

Time (s): cpu = 00:00:09 ; elapsed = 00:00:04 . Memory (MB): peak = 2971.340 ; gain = 39.043 ; free physical = 8115 ; free virtual = 14129
64 Infos, 0 Warnings, 0 Critical Warnings and 0 Errors encountered.
place_design completed successfully
INFO: [Vivado 12-24838] Running report commands "report_control_sets, report_io, report_utilization" in parallel.
Running report generation with 3 threads.
INFO: [Vivado 12-24828] Executing command : report_control_sets -verbose -file zedboard_top_control_sets_placed.rpt
report_control_sets: Time (s): cpu = 00:00:00.06 ; elapsed = 00:00:00.08 . Memory (MB): peak = 2971.340 ; gain = 0.000 ; free physical = 8115 ; free virtual = 14129
INFO: [Vivado 12-24828] Executing command : report_utilization -file zedboard_top_utilization_placed.rpt -pb zedboard_top_utilization_placed.pb
INFO: [Vivado 12-24828] Executing command : report_io -file zedboard_top_io_placed.rpt
report_io: Time (s): cpu = 00:00:00.18 ; elapsed = 00:00:00.22 . Memory (MB): peak = 2971.340 ; gain = 0.000 ; free physical = 8123 ; free virtual = 14138
INFO: [Timing 38-480] Writing timing data to binary archive.
Wrote PlaceDB: Time (s): cpu = 00:00:00 ; elapsed = 00:00:00 . Memory (MB): peak = 2971.340 ; gain = 0.000 ; free physical = 8123 ; free virtual = 14138
Wrote PulsedLatchDB: Time (s): cpu = 00:00:00 ; elapsed = 00:00:00 . Memory (MB): peak = 2971.340 ; gain = 0.000 ; free physical = 8123 ; free virtual = 14138
Writing XDEF routing.
Write ShapeDB Complete: Time (s): cpu = 00:00:00.01 ; elapsed = 00:00:00.01 . Memory (MB): peak = 2971.340 ; gain = 0.000 ; free physical = 8123 ; free virtual = 14138
Writing XDEF routing logical nets.
Writing XDEF routing special nets.
Wrote RouteStorage: Time (s): cpu = 00:00:00.07 ; elapsed = 00:00:00.02 . Memory (MB): peak = 2971.340 ; gain = 0.000 ; free physical = 8123 ; free virtual = 14138
Wrote PlaceStorage: Time (s): cpu = 00:00:00.05 ; elapsed = 00:00:00.03 . Memory (MB): peak = 2971.340 ; gain = 0.000 ; free physical = 8123 ; free virtual = 14138
Wrote Netlist Cache: Time (s): cpu = 00:00:00 ; elapsed = 00:00:00 . Memory (MB): peak = 2971.340 ; gain = 0.000 ; free physical = 8123 ; free virtual = 14138
Wrote Device Cache: Time (s): cpu = 00:00:00.02 ; elapsed = 00:00:00 . Memory (MB): peak = 2971.340 ; gain = 0.000 ; free physical = 8122 ; free virtual = 14139
Write Physdb Complete: Time (s): cpu = 00:00:00.14 ; elapsed = 00:00:00.05 . Memory (MB): peak = 2971.340 ; gain = 0.000 ; free physical = 8122 ; free virtual = 14139
INFO: [Common 17-1381] The checkpoint '/home/chathupa/Desktop/dnn_opt/build/dnn_zedboard/dnn_zedboard.runs/impl_1/zedboard_top_placed.dcp' has been generated.
Command: phys_opt_design
Attempting to get a license for feature 'Implementation' and/or device 'xc7z020'
INFO: [Common 17-349] Got license for feature 'Implementation' and/or device 'xc7z020'

Starting Initial Update Timing Task

Time (s): cpu = 00:00:00.29 ; elapsed = 00:00:00.06 . Memory (MB): peak = 2971.340 ; gain = 0.000 ; free physical = 8121 ; free virtual = 14137
INFO: [Vivado_Tcl 4-2279] Estimated Timing Summary | WNS= 4.707 | TNS= 0.000 | 
INFO: [Vivado_Tcl 4-383] Design worst setup slack (WNS) is greater than or equal to 0.000 ns. All physical synthesis setup optimizations will be skipped.
INFO: [Vivado_Tcl 4-232] No setup violation found. The netlist was not modified.
INFO: [Common 17-83] Releasing license: Implementation
75 Infos, 0 Warnings, 0 Critical Warnings and 0 Errors encountered.
phys_opt_design completed successfully
INFO: [Timing 38-480] Writing timing data to binary archive.
Wrote PlaceDB: Time (s): cpu = 00:00:00 ; elapsed = 00:00:00 . Memory (MB): peak = 2971.340 ; gain = 0.000 ; free physical = 8121 ; free virtual = 14137
Wrote PulsedLatchDB: Time (s): cpu = 00:00:00 ; elapsed = 00:00:00 . Memory (MB): peak = 2971.340 ; gain = 0.000 ; free physical = 8121 ; free virtual = 14137
Writing XDEF routing.
Write ShapeDB Complete: Time (s): cpu = 00:00:00.01 ; elapsed = 00:00:00.01 . Memory (MB): peak = 2971.340 ; gain = 0.000 ; free physical = 8121 ; free virtual = 14137
Writing XDEF routing logical nets.
Writing XDEF routing special nets.
Wrote RouteStorage: Time (s): cpu = 00:00:00.06 ; elapsed = 00:00:00.02 . Memory (MB): peak = 2971.340 ; gain = 0.000 ; free physical = 8121 ; free virtual = 14137
Wrote PlaceStorage: Time (s): cpu = 00:00:00.06 ; elapsed = 00:00:00.02 . Memory (MB): peak = 2971.340 ; gain = 0.000 ; free physical = 8121 ; free virtual = 14137
Wrote Netlist Cache: Time (s): cpu = 00:00:00 ; elapsed = 00:00:00 . Memory (MB): peak = 2971.340 ; gain = 0.000 ; free physical = 8121 ; free virtual = 14137
Wrote Device Cache: Time (s): cpu = 00:00:00.01 ; elapsed = 00:00:00.01 . Memory (MB): peak = 2971.340 ; gain = 0.000 ; free physical = 8121 ; free virtual = 14138
Write Physdb Complete: Time (s): cpu = 00:00:00.14 ; elapsed = 00:00:00.05 . Memory (MB): peak = 2971.340 ; gain = 0.000 ; free physical = 8121 ; free virtual = 14138
INFO: [Common 17-1381] The checkpoint '/home/chathupa/Desktop/dnn_opt/build/dnn_zedboard/dnn_zedboard.runs/impl_1/zedboard_top_physopt.dcp' has been generated.
Command: route_design
Attempting to get a license for feature 'Implementation' and/or device 'xc7z020'
INFO: [Common 17-349] Got license for feature 'Implementation' and/or device 'xc7z020'


Starting Routing Task
INFO: [Route 35-254] Multithreading enabled for route_design using a maximum of 8 CPUs

Phase 1 Build RT Design
Checksum: PlaceDB: 96d9e90b ConstDB: 0 ShapeSum: 9d31ca28 RouteDB: 15f972f0
Post Restoration Checksum: NetGraph: 7f2ef17e | NumContArr: 29987281 | Constraints: c2a8fa9d | Timing: c2a8fa9d
Phase 1 Build RT Design | Checksum: 22e195939

Time (s): cpu = 00:00:23 ; elapsed = 00:00:21 . Memory (MB): peak = 2971.340 ; gain = 0.000 ; free physical = 8114 ; free virtual = 14159

Phase 2 Router Initialization

Phase 2.1 Fix Topology Constraints
Phase 2.1 Fix Topology Constraints | Checksum: 22e195939

Time (s): cpu = 00:00:23 ; elapsed = 00:00:21 . Memory (MB): peak = 2971.340 ; gain = 0.000 ; free physical = 8114 ; free virtual = 14159

Phase 2.2 Pre Route Cleanup
Phase 2.2 Pre Route Cleanup | Checksum: 22e195939

Time (s): cpu = 00:00:23 ; elapsed = 00:00:21 . Memory (MB): peak = 2971.340 ; gain = 0.000 ; free physical = 8114 ; free virtual = 14159
 Number of Nodes with overlaps = 0

Phase 2.3 Update Timing
Phase 2.3 Update Timing | Checksum: 2f7499531

Time (s): cpu = 00:00:24 ; elapsed = 00:00:21 . Memory (MB): peak = 2971.340 ; gain = 0.000 ; free physical = 8109 ; free virtual = 14154
INFO: [Route 35-416] Intermediate Timing Summary | WNS=4.719  | TNS=0.000  | WHS=-0.194 | THS=-26.632|


Phase 2.4 Soft Constraint Pins - Fast Budgeting
Phase 2.4 Soft Constraint Pins - Fast Budgeting | Checksum: 34c8f4f85

Time (s): cpu = 00:00:24 ; elapsed = 00:00:21 . Memory (MB): peak = 2971.340 ; gain = 0.000 ; free physical = 8109 ; free virtual = 14154

Router Utilization Summary
  Global Vertical Routing Utilization    = 0 %
  Global Horizontal Routing Utilization  = 0 %
  Routable Net Status*
  *Does not include unroutable nets such as driverless and loadless.
  Run report_route_status for detailed report.
  Number of Failed Nets               = 514
    (Failed Nets is the sum of unrouted and partially routed nets)
  Number of Unrouted Nets             = 514
  Number of Partially Routed Nets     = 0
  Number of Node Overlaps             = 0

Phase 2 Router Initialization | Checksum: 27fa53113

Time (s): cpu = 00:00:25 ; elapsed = 00:00:21 . Memory (MB): peak = 2971.340 ; gain = 0.000 ; free physical = 8107 ; free virtual = 14152

Phase 3 Global Routing
Phase 3 Global Routing | Checksum: 27fa53113

Time (s): cpu = 00:00:25 ; elapsed = 00:00:21 . Memory (MB): peak = 2971.340 ; gain = 0.000 ; free physical = 8107 ; free virtual = 14152

Phase 4 Initial Routing

Phase 4.1 Initial Net Routing Pass
Phase 4.1 Initial Net Routing Pass | Checksum: 27ff0daed

Time (s): cpu = 00:00:25 ; elapsed = 00:00:21 . Memory (MB): peak = 2971.340 ; gain = 0.000 ; free physical = 8106 ; free virtual = 14152
Phase 4 Initial Routing | Checksum: 27ff0daed

Time (s): cpu = 00:00:25 ; elapsed = 00:00:21 . Memory (MB): peak = 2971.340 ; gain = 0.000 ; free physical = 8106 ; free virtual = 14152

Phase 5 Rip-up And Reroute

Phase 5.1 Global Iteration 0
 Number of Nodes with overlaps = 43
 Number of Nodes with overlaps = 0
INFO: [Route 35-416] Intermediate Timing Summary | WNS=4.444  | TNS=0.000  | WHS=N/A    | THS=N/A    |

Phase 5.1 Global Iteration 0 | Checksum: 1f70eeeee

Time (s): cpu = 00:00:26 ; elapsed = 00:00:22 . Memory (MB): peak = 2971.340 ; gain = 0.000 ; free physical = 8106 ; free virtual = 14152
Phase 5 Rip-up And Reroute | Checksum: 1f70eeeee

Time (s): cpu = 00:00:26 ; elapsed = 00:00:22 . Memory (MB): peak = 2971.340 ; gain = 0.000 ; free physical = 8106 ; free virtual = 14152

Phase 6 Delay and Skew Optimization

Phase 6.1 Delay CleanUp

Phase 6.1.1 Update Timing
Phase 6.1.1 Update Timing | Checksum: 239414328

Time (s): cpu = 00:00:26 ; elapsed = 00:00:22 . Memory (MB): peak = 2971.340 ; gain = 0.000 ; free physical = 8106 ; free virtual = 14152
INFO: [Route 35-416] Intermediate Timing Summary | WNS=4.559  | TNS=0.000  | WHS=N/A    | THS=N/A    |

Phase 6.1 Delay CleanUp | Checksum: 239414328

Time (s): cpu = 00:00:26 ; elapsed = 00:00:22 . Memory (MB): peak = 2971.340 ; gain = 0.000 ; free physical = 8106 ; free virtual = 14152

Phase 6.2 Clock Skew Optimization
Phase 6.2 Clock Skew Optimization | Checksum: 239414328

Time (s): cpu = 00:00:26 ; elapsed = 00:00:22 . Memory (MB): peak = 2971.340 ; gain = 0.000 ; free physical = 8106 ; free virtual = 14152
Phase 6 Delay and Skew Optimization | Checksum: 239414328

Time (s): cpu = 00:00:26 ; elapsed = 00:00:22 . Memory (MB): peak = 2971.340 ; gain = 0.000 ; free physical = 8106 ; free virtual = 14152

Phase 7 Post Hold Fix

Phase 7.1 Hold Fix Iter
INFO: [Route 35-416] Intermediate Timing Summary | WNS=4.559  | TNS=0.000  | WHS=0.091  | THS=0.000  |

Phase 7.1 Hold Fix Iter | Checksum: 2d12f4369

Time (s): cpu = 00:00:26 ; elapsed = 00:00:22 . Memory (MB): peak = 2971.340 ; gain = 0.000 ; free physical = 8106 ; free virtual = 14152
Phase 7 Post Hold Fix | Checksum: 2d12f4369

Time (s): cpu = 00:00:26 ; elapsed = 00:00:22 . Memory (MB): peak = 2971.340 ; gain = 0.000 ; free physical = 8106 ; free virtual = 14152

Phase 8 Route finalize

Router Utilization Summary
  Global Vertical Routing Utilization    = 0.0420938 %
  Global Horizontal Routing Utilization  = 0.0412441 %
  Routable Net Status*
  *Does not include unroutable nets such as driverless and loadless.
  Run report_route_status for detailed report.
  Number of Failed Nets               = 0
    (Failed Nets is the sum of unrouted and partially routed nets)
  Number of Unrouted Nets             = 0
  Number of Partially Routed Nets     = 0
  Number of Node Overlaps             = 0

Phase 8 Route finalize | Checksum: 2d12f4369

Time (s): cpu = 00:00:26 ; elapsed = 00:00:22 . Memory (MB): peak = 2971.340 ; gain = 0.000 ; free physical = 8106 ; free virtual = 14152

Phase 9 Verifying routed nets

 Verification completed successfully
Phase 9 Verifying routed nets | Checksum: 2d12f4369

Time (s): cpu = 00:00:26 ; elapsed = 00:00:22 . Memory (MB): peak = 2971.340 ; gain = 0.000 ; free physical = 8106 ; free virtual = 14152

Phase 10 Depositing Routes
Phase 10 Depositing Routes | Checksum: 2be4142ea

Time (s): cpu = 00:00:26 ; elapsed = 00:00:22 . Memory (MB): peak = 2971.340 ; gain = 0.000 ; free physical = 8106 ; free virtual = 14152

Phase 11 Post Process Routing
Phase 11 Post Process Routing | Checksum: 2be4142ea

Time (s): cpu = 00:00:26 ; elapsed = 00:00:22 . Memory (MB): peak = 2971.340 ; gain = 0.000 ; free physical = 8106 ; free virtual = 14152

Phase 12 Post Router Timing
INFO: [Route 35-57] Estimated Timing Summary | WNS=4.559  | TNS=0.000  | WHS=0.091  | THS=0.000  |

INFO: [Route 35-327] The final timing numbers are based on the router estimated timing analysis. For a complete and accurate timing signoff, please run report_timing_summary.
Phase 12 Post Router Timing | Checksum: 2be4142ea

Time (s): cpu = 00:00:26 ; elapsed = 00:00:22 . Memory (MB): peak = 2971.340 ; gain = 0.000 ; free physical = 8106 ; free virtual = 14152
Total Elapsed time in route_design: 21.66 secs

Phase 13 Post-Route Event Processing
Phase 13 Post-Route Event Processing | Checksum: 1b92c1614

Time (s): cpu = 00:00:26 ; elapsed = 00:00:22 . Memory (MB): peak = 2971.340 ; gain = 0.000 ; free physical = 8106 ; free virtual = 14152
INFO: [Route 35-16] Router Completed Successfully
Ending Routing Task | Checksum: 1b92c1614

Time (s): cpu = 00:00:26 ; elapsed = 00:00:22 . Memory (MB): peak = 2971.340 ; gain = 0.000 ; free physical = 8106 ; free virtual = 14152

Routing Is Done.
INFO: [Common 17-83] Releasing license: Implementation
87 Infos, 0 Warnings, 0 Critical Warnings and 0 Errors encountered.
route_design completed successfully
route_design: Time (s): cpu = 00:00:26 ; elapsed = 00:00:22 . Memory (MB): peak = 2971.340 ; gain = 0.000 ; free physical = 8106 ; free virtual = 14152
INFO: [Vivado 12-24828] Executing command : report_drc -file zedboard_top_drc_routed.rpt -pb zedboard_top_drc_routed.pb -rpx zedboard_top_drc_routed.rpx
Command: report_drc -file zedboard_top_drc_routed.rpt -pb zedboard_top_drc_routed.pb -rpx zedboard_top_drc_routed.rpx
INFO: [IP_Flow 19-1839] IP Catalog is up to date.
INFO: [DRC 23-27] Running DRC with 8 threads
INFO: [Vivado_Tcl 2-168] The results of DRC are in file /home/chathupa/Desktop/dnn_opt/build/dnn_zedboard/dnn_zedboard.runs/impl_1/zedboard_top_drc_routed.rpt.
report_drc completed successfully
INFO: [Vivado 12-24828] Executing command : report_methodology -file zedboard_top_methodology_drc_routed.rpt -pb zedboard_top_methodology_drc_routed.pb -rpx zedboard_top_methodology_drc_routed.rpx
Command: report_methodology -file zedboard_top_methodology_drc_routed.rpt -pb zedboard_top_methodology_drc_routed.pb -rpx zedboard_top_methodology_drc_routed.rpx
INFO: [Timing 38-35] Done setting XDC timing constraints.
INFO: [DRC 23-133] Running Methodology with 8 threads
INFO: [Vivado_Tcl 2-1520] The results of Report Methodology are in file /home/chathupa/Desktop/dnn_opt/build/dnn_zedboard/dnn_zedboard.runs/impl_1/zedboard_top_methodology_drc_routed.rpt.
report_methodology completed successfully
INFO: [Vivado 12-24828] Executing command : report_timing_summary -max_paths 10 -routable_nets -report_unconstrained -file zedboard_top_timing_summary_routed.rpt -pb zedboard_top_timing_summary_routed.pb -rpx zedboard_top_timing_summary_routed.rpx -warn_on_violation 
INFO: [Timing 38-35] Done setting XDC timing constraints.
INFO: [Timing 38-91] UpdateTimingParams: Speed grade: -1, Delay Type: min_max.
INFO: [Timing 38-191] Multithreading enabled for timing update using a maximum of 8 CPUs
INFO: [Vivado 12-24838] Running report commands "report_bus_skew, report_incremental_reuse, report_route_status" in parallel.
Running report generation with 3 threads.
INFO: [Vivado 12-24828] Executing command : report_route_status -file zedboard_top_route_status.rpt -pb zedboard_top_route_status.pb
INFO: [Vivado 12-24828] Executing command : report_incremental_reuse -file zedboard_top_incremental_reuse_routed.rpt
INFO: [Vivado_Tcl 4-1062] Incremental flow is disabled. No incremental reuse Info to report.
INFO: [Vivado 12-24828] Executing command : report_bus_skew -warn_on_violation -file zedboard_top_bus_skew_routed.rpt -pb zedboard_top_bus_skew_routed.pb -rpx zedboard_top_bus_skew_routed.rpx
INFO: [Timing 38-91] UpdateTimingParams: Speed grade: -1, Delay Type: min_max.
INFO: [Timing 38-191] Multithreading enabled for timing update using a maximum of 8 CPUs
INFO: [Vivado 12-24828] Executing command : report_power -file zedboard_top_power_routed.rpt -pb zedboard_top_power_summary_routed.pb -rpx zedboard_top_power_routed.rpx
Command: report_power -file zedboard_top_power_routed.rpt -pb zedboard_top_power_summary_routed.pb -rpx zedboard_top_power_routed.rpx
Running Vector-less Activity Propagation...

Finished Running Vector-less Activity Propagation
107 Infos, 0 Warnings, 0 Critical Warnings and 0 Errors encountered.
report_power completed successfully
INFO: [Vivado 12-24828] Executing command : report_clock_utilization -file zedboard_top_clock_utilization_routed.rpt
INFO: [Timing 38-480] Writing timing data to binary archive.
Wrote PlaceDB: Time (s): cpu = 00:00:00.01 ; elapsed = 00:00:00 . Memory (MB): peak = 2979.344 ; gain = 0.000 ; free physical = 8031 ; free virtual = 14088
Wrote PulsedLatchDB: Time (s): cpu = 00:00:00 ; elapsed = 00:00:00 . Memory (MB): peak = 2979.344 ; gain = 0.000 ; free physical = 8031 ; free virtual = 14088
Writing XDEF routing.
Write ShapeDB Complete: Time (s): cpu = 00:00:00.01 ; elapsed = 00:00:00 . Memory (MB): peak = 2979.344 ; gain = 0.000 ; free physical = 8031 ; free virtual = 14088
Writing XDEF routing logical nets.
Writing XDEF routing special nets.
Wrote RouteStorage: Time (s): cpu = 00:00:00.1 ; elapsed = 00:00:00.03 . Memory (MB): peak = 2979.344 ; gain = 0.000 ; free physical = 8030 ; free virtual = 14088
Wrote PlaceStorage: Time (s): cpu = 00:00:00.04 ; elapsed = 00:00:00.02 . Memory (MB): peak = 2979.344 ; gain = 0.000 ; free physical = 8030 ; free virtual = 14088
Wrote Netlist Cache: Time (s): cpu = 00:00:00 ; elapsed = 00:00:00 . Memory (MB): peak = 2979.344 ; gain = 0.000 ; free physical = 8030 ; free virtual = 14088
Wrote Device Cache: Time (s): cpu = 00:00:00.01 ; elapsed = 00:00:00.01 . Memory (MB): peak = 2979.344 ; gain = 0.000 ; free physical = 8029 ; free virtual = 14087
Write Physdb Complete: Time (s): cpu = 00:00:00.17 ; elapsed = 00:00:00.06 . Memory (MB): peak = 2979.344 ; gain = 0.000 ; free physical = 8029 ; free virtual = 14087
INFO: [Common 17-1381] The checkpoint '/home/chathupa/Desktop/dnn_opt/build/dnn_zedboard/dnn_zedboard.runs/impl_1/zedboard_top_routed.dcp' has been generated.
INFO: [Common 17-206] Exiting Vivado at Tue May 26 21:28:00 2026...
