Copyright 1986-2022 Xilinx, Inc. All Rights Reserved. Copyright 2022-2025 Advanced Micro Devices, Inc. All Rights Reserved.
---------------------------------------------------------------------------------------------------------------------------------------------
| Tool Version : Vivado v.2025.2 (lin64) Build 6299465 Fri Nov 14 12:34:56 MST 2025
| Date         : Tue May 26 21:27:58 2026
| Host         : chathupa-Nitro-AN515-55 running 64-bit Ubuntu 24.04.3 LTS
| Command      : report_drc -file zedboard_top_drc_routed.rpt -pb zedboard_top_drc_routed.pb -rpx zedboard_top_drc_routed.rpx
| Design       : zedboard_top
| Device       : xc7z020clg484-1
| Speed File   : -1
| Design State : Fully Routed
---------------------------------------------------------------------------------------------------------------------------------------------

Report DRC

Table of Contents
-----------------
1. REPORT SUMMARY
2. REPORT DETAILS

1. REPORT SUMMARY
-----------------
            Netlist: netlist
          Floorplan: design_1
      Design limits: <entire design considered>
           Ruledeck: default
             Max checks: <unlimited>
             Checks found: 1
+--------+----------+--------------------+--------+
| Rule   | Severity | Description        | Checks |
+--------+----------+--------------------+--------+
| ZPS7-1 | Warning  | PS7 block required | 1      |
+--------+----------+--------------------+--------+

2. REPORT DETAILS
-----------------
ZPS7-1#1 Warning
PS7 block required  
The PS7 cell must be used in this Zynq design in order to enable correct default configuration.
Related violations: <none>


